{"timestamp":"2026-01-30T09:41:33.501Z","level":"info","message":"Starting experiment: Academic Baseline"}
[2026-01-30T09:41:33.501Z] [INFO    ] Starting experiment: Academic Baseline
{"timestamp":"2026-01-30T09:41:33.501Z","level":"info","message":"Description: Canonical baseline configuration for paper reporting."}
[2026-01-30T09:41:33.501Z] [INFO    ] Description: Canonical baseline configuration for paper reporting.
{"timestamp":"2026-01-30T09:41:33.501Z","level":"info","message":"Total runs: 50 (50 per config)"}
[2026-01-30T09:41:33.501Z] [INFO    ] Total runs: 50 (50 per config)
{"timestamp":"2026-01-30T09:41:33.501Z","level":"info","message":"Workers: 4"}
[2026-01-30T09:41:33.501Z] [INFO    ] Workers: 4
{"timestamp":"2026-01-30T09:41:33.501Z","level":"info","message":"Output: results/paper/00-academic-baseline"}
[2026-01-30T09:41:33.501Z] [INFO    ] Output: results/paper/00-academic-baseline
{"timestamp":"2026-01-30T09:41:33.502Z","level":"info","message":"Experiment state changed to: running"}
[2026-01-30T09:41:33.502Z] [INFO    ] Experiment state changed to: running
{"timestamp":"2026-01-30T09:41:40.038Z","level":"progress","message":"Progress: 10% (5/50)","data":{"runsPerSecond":"0.76","eta":"58.8s"}}
[2026-01-30T09:41:40.038Z] [PROGRESS] Progress: 10% (5/50) {"runsPerSecond":"0.76","eta":"58.8s"}
{"timestamp":"2026-01-30T09:41:43.659Z","level":"progress","message":"Progress: 20% (10/50)","data":{"runsPerSecond":"0.98","eta":"40.6s"}}
[2026-01-30T09:41:43.659Z] [PROGRESS] Progress: 20% (10/50) {"runsPerSecond":"0.98","eta":"40.6s"}
{"timestamp":"2026-01-30T09:41:46.877Z","level":"progress","message":"Progress: 30% (15/50)","data":{"runsPerSecond":"1.12","eta":"31.2s"}}
[2026-01-30T09:41:46.877Z] [PROGRESS] Progress: 30% (15/50) {"runsPerSecond":"1.12","eta":"31.2s"}
{"timestamp":"2026-01-30T09:41:51.061Z","level":"progress","message":"Progress: 40% (20/50)","data":{"runsPerSecond":"1.14","eta":"26.3s"}}
[2026-01-30T09:41:51.061Z] [PROGRESS] Progress: 40% (20/50) {"runsPerSecond":"1.14","eta":"26.3s"}
{"timestamp":"2026-01-30T09:41:58.099Z","level":"progress","message":"Progress: 50% (25/50)","data":{"runsPerSecond":"1.02","eta":"24.6s"}}
[2026-01-30T09:41:58.099Z] [PROGRESS] Progress: 50% (25/50) {"runsPerSecond":"1.02","eta":"24.6s"}
{"timestamp":"2026-01-30T09:42:02.419Z","level":"progress","message":"Progress: 60% (30/50)","data":{"runsPerSecond":"1.04","eta":"19.3s"}}
[2026-01-30T09:42:02.419Z] [PROGRESS] Progress: 60% (30/50) {"runsPerSecond":"1.04","eta":"19.3s"}
{"timestamp":"2026-01-30T09:42:07.315Z","level":"progress","message":"Progress: 70% (35/50)","data":{"runsPerSecond":"1.04","eta":"14.5s"}}
[2026-01-30T09:42:07.315Z] [PROGRESS] Progress: 70% (35/50) {"runsPerSecond":"1.04","eta":"14.5s"}
{"timestamp":"2026-01-30T09:42:11.752Z","level":"progress","message":"Progress: 80% (40/50)","data":{"runsPerSecond":"1.05","eta":"9.6s"}}
[2026-01-30T09:42:11.752Z] [PROGRESS] Progress: 80% (40/50) {"runsPerSecond":"1.05","eta":"9.6s"}
{"timestamp":"2026-01-30T09:42:17.578Z","level":"progress","message":"Progress: 90% (45/50)","data":{"runsPerSecond":"1.02","eta":"4.9s"}}
[2026-01-30T09:42:17.578Z] [PROGRESS] Progress: 90% (45/50) {"runsPerSecond":"1.02","eta":"4.9s"}
{"timestamp":"2026-01-30T09:42:20.849Z","level":"progress","message":"Progress: 100% (50/50)","data":{"runsPerSecond":"1.06","eta":"unknown"}}
[2026-01-30T09:42:20.849Z] [PROGRESS] Progress: 100% (50/50) {"runsPerSecond":"1.06","eta":"unknown"}
{"timestamp":"2026-01-30T09:42:20.891Z","level":"info","message":"Exporting results..."}
[2026-01-30T09:42:20.891Z] [INFO    ] Exporting results...
{"timestamp":"2026-01-30T09:42:20.940Z","level":"info","message":"Experiment completed in 47.4s"}
[2026-01-30T09:42:20.940Z] [INFO    ] Experiment completed in 47.4s
{"timestamp":"2026-01-30T09:42:20.940Z","level":"info","message":"Total runs: 50"}
[2026-01-30T09:42:20.940Z] [INFO    ] Total runs: 50
{"timestamp":"2026-01-30T09:42:20.940Z","level":"info","message":"Successful: 50"}
[2026-01-30T09:42:20.940Z] [INFO    ] Successful: 50
{"timestamp":"2026-01-30T09:42:20.940Z","level":"info","message":"Failed: 0"}
[2026-01-30T09:42:20.940Z] [INFO    ] Failed: 0
{"timestamp":"2026-01-30T09:42:20.940Z","level":"metric","message":"Proposal Pass Rate: 0.0855 (std: 0.0282)"}
[2026-01-30T09:42:20.940Z] [METRIC  ] Proposal Pass Rate: 0.0855 (std: 0.0282)
{"timestamp":"2026-01-30T09:42:20.940Z","level":"metric","message":"Average Turnout: 0.0749 (std: 0.0085)"}
[2026-01-30T09:42:20.940Z] [METRIC  ] Average Turnout: 0.0749 (std: 0.0085)
{"timestamp":"2026-01-30T09:42:20.940Z","level":"metric","message":"Final Treasury: 11781.5358 (std: 462.1279)"}
[2026-01-30T09:42:20.940Z] [METRIC  ] Final Treasury: 11781.5358 (std: 462.1279)
{"timestamp":"2026-01-30T09:42:20.940Z","level":"metric","message":"Final Token Price: 2.4832 (std: 3.0537)"}
[2026-01-30T09:42:20.940Z] [METRIC  ] Final Token Price: 2.4832 (std: 3.0537)
{"timestamp":"2026-01-30T09:42:20.940Z","level":"metric","message":"Final Member Count: 210.0000 (std: 0.0000)"}
[2026-01-30T09:42:20.940Z] [METRIC  ] Final Member Count: 210.0000 (std: 0.0000)
{"timestamp":"2026-01-30T09:42:20.940Z","level":"metric","message":"Total Proposals: 204.3600 (std: 14.4402)"}
[2026-01-30T09:42:20.940Z] [METRIC  ] Total Proposals: 204.3600 (std: 14.4402)
{"timestamp":"2026-01-30T09:42:20.940Z","level":"metric","message":"Quorum Reach Rate: 0.3410 (std: 0.0440)"}
[2026-01-30T09:42:20.940Z] [METRIC  ] Quorum Reach Rate: 0.3410 (std: 0.0440)
{"timestamp":"2026-01-30T09:42:20.940Z","level":"metric","message":"Avg Margin of Victory: 0.5192 (std: 0.0289)"}
[2026-01-30T09:42:20.940Z] [METRIC  ] Avg Margin of Victory: 0.5192 (std: 0.0289)
{"timestamp":"2026-01-30T09:42:20.940Z","level":"metric","message":"Avg Time to Decision: 1024.2915 (std: 46.0354)"}
[2026-01-30T09:42:20.940Z] [METRIC  ] Avg Time to Decision: 1024.2915 (std: 46.0354)
{"timestamp":"2026-01-30T09:42:20.940Z","level":"metric","message":"Proposal Abandonment Rate: 0.0228 (std: 0.0096)"}
[2026-01-30T09:42:20.940Z] [METRIC  ] Proposal Abandonment Rate: 0.0228 (std: 0.0096)
{"timestamp":"2026-01-30T09:42:20.940Z","level":"metric","message":"Proposal Rejection Rate: 0.9145 (std: 0.0282)"}
[2026-01-30T09:42:20.940Z] [METRIC  ] Proposal Rejection Rate: 0.9145 (std: 0.0282)
{"timestamp":"2026-01-30T09:42:20.940Z","level":"metric","message":"Governance Overhead: 20.5306 (std: 2.2355)"}
[2026-01-30T09:42:20.940Z] [METRIC  ] Governance Overhead: 20.5306 (std: 2.2355)
{"timestamp":"2026-01-30T09:42:20.940Z","level":"metric","message":"Unique Voter Count: 206.0000 (std: 0.0000)"}
[2026-01-30T09:42:20.940Z] [METRIC  ] Unique Voter Count: 206.0000 (std: 0.0000)
{"timestamp":"2026-01-30T09:42:20.940Z","level":"metric","message":"Voter Participation Rate: 0.0955 (std: 0.0105)"}
[2026-01-30T09:42:20.940Z] [METRIC  ] Voter Participation Rate: 0.0955 (std: 0.0105)
{"timestamp":"2026-01-30T09:42:20.940Z","level":"metric","message":"Voter Concentration Gini: 0.2360 (std: 0.0169)"}
[2026-01-30T09:42:20.940Z] [METRIC  ] Voter Concentration Gini: 0.2360 (std: 0.0169)
{"timestamp":"2026-01-30T09:42:20.940Z","level":"metric","message":"Delegate Concentration: 0.3276 (std: 0.0165)"}
[2026-01-30T09:42:20.940Z] [METRIC  ] Delegate Concentration: 0.3276 (std: 0.0165)
{"timestamp":"2026-01-30T09:42:20.940Z","level":"metric","message":"Avg Votes Per Proposal: 20.0648 (std: 2.2090)"}
[2026-01-30T09:42:20.940Z] [METRIC  ] Avg Votes Per Proposal: 20.0648 (std: 2.2090)
{"timestamp":"2026-01-30T09:42:20.940Z","level":"metric","message":"Voter Retention Rate: 1.0000 (std: 0.0000)"}
[2026-01-30T09:42:20.940Z] [METRIC  ] Voter Retention Rate: 1.0000 (std: 0.0000)
{"timestamp":"2026-01-30T09:42:20.940Z","level":"metric","message":"Voting Power Utilization: 0.0749 (std: 0.0085)"}
[2026-01-30T09:42:20.940Z] [METRIC  ] Voting Power Utilization: 0.0749 (std: 0.0085)
{"timestamp":"2026-01-30T09:42:20.940Z","level":"metric","message":"Treasury Volatility: 0.1943 (std: 0.0204)"}
[2026-01-30T09:42:20.940Z] [METRIC  ] Treasury Volatility: 0.1943 (std: 0.0204)
{"timestamp":"2026-01-30T09:42:20.940Z","level":"metric","message":"Treasury Growth Rate: -0.7129 (std: 0.0177)"}
[2026-01-30T09:42:20.940Z] [METRIC  ] Treasury Growth Rate: -0.7129 (std: 0.0177)
{"timestamp":"2026-01-30T09:42:20.940Z","level":"metric","message":"Staking Participation: 0.1223 (std: 0.0054)"}
[2026-01-30T09:42:20.940Z] [METRIC  ] Staking Participation: 0.1223 (std: 0.0054)
{"timestamp":"2026-01-30T09:42:20.940Z","level":"metric","message":"Token Concentration Gini: 0.5521 (std: 0.0143)"}
[2026-01-30T09:42:20.940Z] [METRIC  ] Token Concentration Gini: 0.5521 (std: 0.0143)
{"timestamp":"2026-01-30T09:42:20.940Z","level":"metric","message":"Avg Member Wealth: 117.7807 (std: 4.9576)"}
[2026-01-30T09:42:20.940Z] [METRIC  ] Avg Member Wealth: 117.7807 (std: 4.9576)
{"timestamp":"2026-01-30T09:42:20.940Z","level":"metric","message":"Wealth Mobility: 0.4479 (std: 0.0143)"}
[2026-01-30T09:42:20.940Z] [METRIC  ] Wealth Mobility: 0.4479 (std: 0.0143)
{"timestamp":"2026-01-30T09:42:20.940Z","level":"metric","message":"Whale Influence: 0.4979 (std: 0.0292)"}
[2026-01-30T09:42:20.940Z] [METRIC  ] Whale Influence: 0.4979 (std: 0.0292)
{"timestamp":"2026-01-30T09:42:20.940Z","level":"metric","message":"Whale Proposal Rate: 0.0971 (std: 0.0236)"}
[2026-01-30T09:42:20.940Z] [METRIC  ] Whale Proposal Rate: 0.0971 (std: 0.0236)
{"timestamp":"2026-01-30T09:42:20.940Z","level":"metric","message":"Governance Capture Risk: 0.3424 (std: 0.0146)"}
[2026-01-30T09:42:20.940Z] [METRIC  ] Governance Capture Risk: 0.3424 (std: 0.0146)
{"timestamp":"2026-01-30T09:42:20.940Z","level":"metric","message":"Vote Buying Vulnerability: 88.4966 (std: 17.4233)"}
[2026-01-30T09:42:20.940Z] [METRIC  ] Vote Buying Vulnerability: 88.4966 (std: 17.4233)
{"timestamp":"2026-01-30T09:42:20.940Z","level":"metric","message":"Single Entity Control: 0.0404 (std: 0.0017)"}
[2026-01-30T09:42:20.940Z] [METRIC  ] Single Entity Control: 0.0404 (std: 0.0017)
{"timestamp":"2026-01-30T09:42:20.940Z","level":"metric","message":"Collusion Threshold: 0.1149 (std: 0.0214)"}
[2026-01-30T09:42:20.940Z] [METRIC  ] Collusion Threshold: 0.1149 (std: 0.0214)
{"timestamp":"2026-01-30T09:42:20.940Z","level":"metric","message":"Participation Trend: -0.0000 (std: 0.0001)"}
[2026-01-30T09:42:20.940Z] [METRIC  ] Participation Trend: -0.0000 (std: 0.0001)
{"timestamp":"2026-01-30T09:42:20.940Z","level":"metric","message":"Treasury Trend: -1.0380 (std: 0.3514)"}
[2026-01-30T09:42:20.940Z] [METRIC  ] Treasury Trend: -1.0380 (std: 0.3514)
{"timestamp":"2026-01-30T09:42:20.940Z","level":"metric","message":"Member Growth Rate: 0.0000 (std: 0.0000)"}
[2026-01-30T09:42:20.940Z] [METRIC  ] Member Growth Rate: 0.0000 (std: 0.0000)
{"timestamp":"2026-01-30T09:42:20.940Z","level":"metric","message":"Proposal Rate: 10.2180 (std: 0.7220)"}
[2026-01-30T09:42:20.940Z] [METRIC  ] Proposal Rate: 10.2180 (std: 0.7220)
{"timestamp":"2026-01-30T09:42:20.940Z","level":"metric","message":"Governance Activity Index: 0.0075 (std: 0.0010)"}
[2026-01-30T09:42:20.940Z] [METRIC  ] Governance Activity Index: 0.0075 (std: 0.0010)
{"timestamp":"2026-01-30T09:42:20.940Z","level":"metric","message":"Final Gini: 0.5521 (std: 0.0143)"}
[2026-01-30T09:42:20.940Z] [METRIC  ] Final Gini: 0.5521 (std: 0.0143)
{"timestamp":"2026-01-30T09:42:20.940Z","level":"metric","message":"Final Reputation Gini: 0.9755 (std: 0.0022)"}
[2026-01-30T09:42:20.940Z] [METRIC  ] Final Reputation Gini: 0.9755 (std: 0.0022)
{"timestamp":"2026-01-30T09:42:20.941Z","level":"info","message":"Experiment state changed to: completed"}
[2026-01-30T09:42:20.941Z] [INFO    ] Experiment state changed to: completed
