{"timestamp":"2026-01-30T10:02:26.261Z","level":"info","message":"Starting experiment: Inter-DAO Cooperation"}
[2026-01-30T10:02:26.261Z] [INFO    ] Starting experiment: Inter-DAO Cooperation
{"timestamp":"2026-01-30T10:02:26.261Z","level":"info","message":"Description: Study inter-DAO proposal success under governance and treasury asymmetries."}
[2026-01-30T10:02:26.261Z] [INFO    ] Description: Study inter-DAO proposal success under governance and treasury asymmetries.
{"timestamp":"2026-01-30T10:02:26.261Z","level":"info","message":"Total runs: 60 (60 per config)"}
[2026-01-30T10:02:26.261Z] [INFO    ] Total runs: 60 (60 per config)
{"timestamp":"2026-01-30T10:02:26.261Z","level":"info","message":"Workers: 8"}
[2026-01-30T10:02:26.261Z] [INFO    ] Workers: 8
{"timestamp":"2026-01-30T10:02:26.261Z","level":"info","message":"Output: results/paper/07-inter-dao-cooperation"}
[2026-01-30T10:02:26.261Z] [INFO    ] Output: results/paper/07-inter-dao-cooperation
{"timestamp":"2026-01-30T10:02:26.262Z","level":"info","message":"Experiment state changed to: running"}
[2026-01-30T10:02:26.262Z] [INFO    ] Experiment state changed to: running
{"timestamp":"2026-01-30T10:02:32.690Z","level":"progress","message":"Progress: 5% (15/300)","data":{"runsPerSecond":"2.33","eta":"2m 2s"}}
[2026-01-30T10:02:32.690Z] [PROGRESS] Progress: 5% (15/300) {"runsPerSecond":"2.33","eta":"2m 2s"}
{"timestamp":"2026-01-30T10:02:33.142Z","level":"progress","message":"Progress: 5% (16/300)","data":{"runsPerSecond":"2.33","eta":"2m 2s"}}
[2026-01-30T10:02:33.142Z] [PROGRESS] Progress: 5% (16/300) {"runsPerSecond":"2.33","eta":"2m 2s"}
{"timestamp":"2026-01-30T10:02:33.550Z","level":"progress","message":"Progress: 5% (17/300)","data":{"runsPerSecond":"2.33","eta":"2m 1s"}}
[2026-01-30T10:02:33.550Z] [PROGRESS] Progress: 5% (17/300) {"runsPerSecond":"2.33","eta":"2m 1s"}
{"timestamp":"2026-01-30T10:02:38.822Z","level":"progress","message":"Progress: 10% (30/300)","data":{"runsPerSecond":"2.39","eta":"1m 53s"}}
[2026-01-30T10:02:38.822Z] [PROGRESS] Progress: 10% (30/300) {"runsPerSecond":"2.39","eta":"1m 53s"}
{"timestamp":"2026-01-30T10:02:39.202Z","level":"progress","message":"Progress: 10% (31/300)","data":{"runsPerSecond":"2.40","eta":"1m 52s"}}
[2026-01-30T10:02:39.202Z] [PROGRESS] Progress: 10% (31/300) {"runsPerSecond":"2.40","eta":"1m 52s"}
{"timestamp":"2026-01-30T10:02:39.608Z","level":"progress","message":"Progress: 10% (32/300)","data":{"runsPerSecond":"2.40","eta":"1m 52s"}}
[2026-01-30T10:02:39.608Z] [PROGRESS] Progress: 10% (32/300) {"runsPerSecond":"2.40","eta":"1m 52s"}
{"timestamp":"2026-01-30T10:02:45.139Z","level":"progress","message":"Progress: 15% (45/300)","data":{"runsPerSecond":"2.38","eta":"1m 47s"}}
[2026-01-30T10:02:45.139Z] [PROGRESS] Progress: 15% (45/300) {"runsPerSecond":"2.38","eta":"1m 47s"}
{"timestamp":"2026-01-30T10:02:45.587Z","level":"progress","message":"Progress: 15% (46/300)","data":{"runsPerSecond":"2.38","eta":"1m 47s"}}
[2026-01-30T10:02:45.587Z] [PROGRESS] Progress: 15% (46/300) {"runsPerSecond":"2.38","eta":"1m 47s"}
{"timestamp":"2026-01-30T10:02:45.952Z","level":"progress","message":"Progress: 15% (47/300)","data":{"runsPerSecond":"2.39","eta":"1m 46s"}}
[2026-01-30T10:02:45.952Z] [PROGRESS] Progress: 15% (47/300) {"runsPerSecond":"2.39","eta":"1m 46s"}
{"timestamp":"2026-01-30T10:02:51.140Z","level":"progress","message":"Progress: 20% (60/300)","data":{"runsPerSecond":"2.41","eta":"1m 40s"}}
[2026-01-30T10:02:51.140Z] [PROGRESS] Progress: 20% (60/300) {"runsPerSecond":"2.41","eta":"1m 40s"}
{"timestamp":"2026-01-30T10:02:51.624Z","level":"progress","message":"Progress: 20% (61/300)","data":{"runsPerSecond":"2.41","eta":"1m 39s"}}
[2026-01-30T10:02:51.624Z] [PROGRESS] Progress: 20% (61/300) {"runsPerSecond":"2.41","eta":"1m 39s"}
{"timestamp":"2026-01-30T10:02:52.041Z","level":"progress","message":"Progress: 20% (62/300)","data":{"runsPerSecond":"2.41","eta":"1m 39s"}}
[2026-01-30T10:02:52.041Z] [PROGRESS] Progress: 20% (62/300) {"runsPerSecond":"2.41","eta":"1m 39s"}
{"timestamp":"2026-01-30T10:02:57.415Z","level":"progress","message":"Progress: 25% (75/300)","data":{"runsPerSecond":"2.41","eta":"1m 33s"}}
[2026-01-30T10:02:57.415Z] [PROGRESS] Progress: 25% (75/300) {"runsPerSecond":"2.41","eta":"1m 33s"}
{"timestamp":"2026-01-30T10:02:57.828Z","level":"progress","message":"Progress: 25% (76/300)","data":{"runsPerSecond":"2.41","eta":"1m 33s"}}
[2026-01-30T10:02:57.828Z] [PROGRESS] Progress: 25% (76/300) {"runsPerSecond":"2.41","eta":"1m 33s"}
{"timestamp":"2026-01-30T10:02:58.209Z","level":"progress","message":"Progress: 25% (77/300)","data":{"runsPerSecond":"2.41","eta":"1m 33s"}}
[2026-01-30T10:02:58.209Z] [PROGRESS] Progress: 25% (77/300) {"runsPerSecond":"2.41","eta":"1m 33s"}
{"timestamp":"2026-01-30T10:03:03.677Z","level":"progress","message":"Progress: 30% (90/300)","data":{"runsPerSecond":"2.41","eta":"1m 27s"}}
[2026-01-30T10:03:03.677Z] [PROGRESS] Progress: 30% (90/300) {"runsPerSecond":"2.41","eta":"1m 27s"}
{"timestamp":"2026-01-30T10:03:04.200Z","level":"progress","message":"Progress: 30% (91/300)","data":{"runsPerSecond":"2.40","eta":"1m 27s"}}
[2026-01-30T10:03:04.200Z] [PROGRESS] Progress: 30% (91/300) {"runsPerSecond":"2.40","eta":"1m 27s"}
{"timestamp":"2026-01-30T10:03:04.762Z","level":"progress","message":"Progress: 30% (92/300)","data":{"runsPerSecond":"2.39","eta":"1m 27s"}}
[2026-01-30T10:03:04.762Z] [PROGRESS] Progress: 30% (92/300) {"runsPerSecond":"2.39","eta":"1m 27s"}
{"timestamp":"2026-01-30T10:03:10.342Z","level":"progress","message":"Progress: 35% (105/300)","data":{"runsPerSecond":"2.38","eta":"1m 22s"}}
[2026-01-30T10:03:10.342Z] [PROGRESS] Progress: 35% (105/300) {"runsPerSecond":"2.38","eta":"1m 22s"}
{"timestamp":"2026-01-30T10:03:10.771Z","level":"progress","message":"Progress: 35% (106/300)","data":{"runsPerSecond":"2.38","eta":"1m 21s"}}
[2026-01-30T10:03:10.771Z] [PROGRESS] Progress: 35% (106/300) {"runsPerSecond":"2.38","eta":"1m 21s"}
{"timestamp":"2026-01-30T10:03:11.150Z","level":"progress","message":"Progress: 35% (107/300)","data":{"runsPerSecond":"2.38","eta":"1m 21s"}}
[2026-01-30T10:03:11.150Z] [PROGRESS] Progress: 35% (107/300) {"runsPerSecond":"2.38","eta":"1m 21s"}
{"timestamp":"2026-01-30T10:03:16.773Z","level":"progress","message":"Progress: 40% (120/300)","data":{"runsPerSecond":"2.38","eta":"1m 16s"}}
[2026-01-30T10:03:16.773Z] [PROGRESS] Progress: 40% (120/300) {"runsPerSecond":"2.38","eta":"1m 16s"}
{"timestamp":"2026-01-30T10:03:17.136Z","level":"progress","message":"Progress: 40% (121/300)","data":{"runsPerSecond":"2.38","eta":"1m 15s"}}
[2026-01-30T10:03:17.136Z] [PROGRESS] Progress: 40% (121/300) {"runsPerSecond":"2.38","eta":"1m 15s"}
{"timestamp":"2026-01-30T10:03:17.503Z","level":"progress","message":"Progress: 40% (122/300)","data":{"runsPerSecond":"2.38","eta":"1m 15s"}}
[2026-01-30T10:03:17.503Z] [PROGRESS] Progress: 40% (122/300) {"runsPerSecond":"2.38","eta":"1m 15s"}
{"timestamp":"2026-01-30T10:03:22.728Z","level":"progress","message":"Progress: 45% (135/300)","data":{"runsPerSecond":"2.39","eta":"1m 9s"}}
[2026-01-30T10:03:22.728Z] [PROGRESS] Progress: 45% (135/300) {"runsPerSecond":"2.39","eta":"1m 9s"}
{"timestamp":"2026-01-30T10:03:23.102Z","level":"progress","message":"Progress: 45% (136/300)","data":{"runsPerSecond":"2.39","eta":"1m 9s"}}
[2026-01-30T10:03:23.102Z] [PROGRESS] Progress: 45% (136/300) {"runsPerSecond":"2.39","eta":"1m 9s"}
{"timestamp":"2026-01-30T10:03:23.473Z","level":"progress","message":"Progress: 45% (137/300)","data":{"runsPerSecond":"2.39","eta":"1m 8s"}}
[2026-01-30T10:03:23.473Z] [PROGRESS] Progress: 45% (137/300) {"runsPerSecond":"2.39","eta":"1m 8s"}
{"timestamp":"2026-01-30T10:03:28.541Z","level":"progress","message":"Progress: 50% (150/300)","data":{"runsPerSecond":"2.41","eta":"1m 2s"}}
[2026-01-30T10:03:28.541Z] [PROGRESS] Progress: 50% (150/300) {"runsPerSecond":"2.41","eta":"1m 2s"}
{"timestamp":"2026-01-30T10:03:28.953Z","level":"progress","message":"Progress: 50% (151/300)","data":{"runsPerSecond":"2.41","eta":"1m 2s"}}
[2026-01-30T10:03:28.953Z] [PROGRESS] Progress: 50% (151/300) {"runsPerSecond":"2.41","eta":"1m 2s"}
{"timestamp":"2026-01-30T10:03:29.351Z","level":"progress","message":"Progress: 50% (152/300)","data":{"runsPerSecond":"2.41","eta":"1m 1s"}}
[2026-01-30T10:03:29.351Z] [PROGRESS] Progress: 50% (152/300) {"runsPerSecond":"2.41","eta":"1m 1s"}
{"timestamp":"2026-01-30T10:03:34.456Z","level":"progress","message":"Progress: 55% (165/300)","data":{"runsPerSecond":"2.42","eta":"55.8s"}}
[2026-01-30T10:03:34.456Z] [PROGRESS] Progress: 55% (165/300) {"runsPerSecond":"2.42","eta":"55.8s"}
{"timestamp":"2026-01-30T10:03:34.862Z","level":"progress","message":"Progress: 55% (166/300)","data":{"runsPerSecond":"2.42","eta":"55.4s"}}
[2026-01-30T10:03:34.862Z] [PROGRESS] Progress: 55% (166/300) {"runsPerSecond":"2.42","eta":"55.4s"}
{"timestamp":"2026-01-30T10:03:35.220Z","level":"progress","message":"Progress: 55% (167/300)","data":{"runsPerSecond":"2.42","eta":"54.9s"}}
[2026-01-30T10:03:35.220Z] [PROGRESS] Progress: 55% (167/300) {"runsPerSecond":"2.42","eta":"54.9s"}
{"timestamp":"2026-01-30T10:03:40.308Z","level":"progress","message":"Progress: 60% (180/300)","data":{"runsPerSecond":"2.43","eta":"49.4s"}}
[2026-01-30T10:03:40.308Z] [PROGRESS] Progress: 60% (180/300) {"runsPerSecond":"2.43","eta":"49.4s"}
{"timestamp":"2026-01-30T10:03:40.749Z","level":"progress","message":"Progress: 60% (181/300)","data":{"runsPerSecond":"2.43","eta":"49.0s"}}
[2026-01-30T10:03:40.749Z] [PROGRESS] Progress: 60% (181/300) {"runsPerSecond":"2.43","eta":"49.0s"}
{"timestamp":"2026-01-30T10:03:41.169Z","level":"progress","message":"Progress: 60% (182/300)","data":{"runsPerSecond":"2.43","eta":"48.6s"}}
[2026-01-30T10:03:41.169Z] [PROGRESS] Progress: 60% (182/300) {"runsPerSecond":"2.43","eta":"48.6s"}
{"timestamp":"2026-01-30T10:03:47.195Z","level":"progress","message":"Progress: 65% (195/300)","data":{"runsPerSecond":"2.41","eta":"43.6s"}}
[2026-01-30T10:03:47.195Z] [PROGRESS] Progress: 65% (195/300) {"runsPerSecond":"2.41","eta":"43.6s"}
{"timestamp":"2026-01-30T10:03:47.643Z","level":"progress","message":"Progress: 65% (196/300)","data":{"runsPerSecond":"2.41","eta":"43.2s"}}
[2026-01-30T10:03:47.643Z] [PROGRESS] Progress: 65% (196/300) {"runsPerSecond":"2.41","eta":"43.2s"}
{"timestamp":"2026-01-30T10:03:48.058Z","level":"progress","message":"Progress: 65% (197/300)","data":{"runsPerSecond":"2.41","eta":"42.8s"}}
[2026-01-30T10:03:48.058Z] [PROGRESS] Progress: 65% (197/300) {"runsPerSecond":"2.41","eta":"42.8s"}
{"timestamp":"2026-01-30T10:03:54.022Z","level":"progress","message":"Progress: 70% (210/300)","data":{"runsPerSecond":"2.39","eta":"37.6s"}}
[2026-01-30T10:03:54.022Z] [PROGRESS] Progress: 70% (210/300) {"runsPerSecond":"2.39","eta":"37.6s"}
{"timestamp":"2026-01-30T10:03:54.477Z","level":"progress","message":"Progress: 70% (211/300)","data":{"runsPerSecond":"2.39","eta":"37.2s"}}
[2026-01-30T10:03:54.477Z] [PROGRESS] Progress: 70% (211/300) {"runsPerSecond":"2.39","eta":"37.2s"}
{"timestamp":"2026-01-30T10:03:54.927Z","level":"progress","message":"Progress: 70% (212/300)","data":{"runsPerSecond":"2.39","eta":"36.8s"}}
[2026-01-30T10:03:54.927Z] [PROGRESS] Progress: 70% (212/300) {"runsPerSecond":"2.39","eta":"36.8s"}
{"timestamp":"2026-01-30T10:04:00.977Z","level":"progress","message":"Progress: 75% (225/300)","data":{"runsPerSecond":"2.38","eta":"31.6s"}}
[2026-01-30T10:04:00.977Z] [PROGRESS] Progress: 75% (225/300) {"runsPerSecond":"2.38","eta":"31.6s"}
{"timestamp":"2026-01-30T10:04:01.409Z","level":"progress","message":"Progress: 75% (226/300)","data":{"runsPerSecond":"2.38","eta":"31.2s"}}
[2026-01-30T10:04:01.409Z] [PROGRESS] Progress: 75% (226/300) {"runsPerSecond":"2.38","eta":"31.2s"}
{"timestamp":"2026-01-30T10:04:01.856Z","level":"progress","message":"Progress: 75% (227/300)","data":{"runsPerSecond":"2.37","eta":"30.7s"}}
[2026-01-30T10:04:01.856Z] [PROGRESS] Progress: 75% (227/300) {"runsPerSecond":"2.37","eta":"30.7s"}
{"timestamp":"2026-01-30T10:04:07.846Z","level":"progress","message":"Progress: 80% (240/300)","data":{"runsPerSecond":"2.36","eta":"25.4s"}}
[2026-01-30T10:04:07.846Z] [PROGRESS] Progress: 80% (240/300) {"runsPerSecond":"2.36","eta":"25.4s"}
{"timestamp":"2026-01-30T10:04:08.253Z","level":"progress","message":"Progress: 80% (241/300)","data":{"runsPerSecond":"2.36","eta":"25.0s"}}
[2026-01-30T10:04:08.253Z] [PROGRESS] Progress: 80% (241/300) {"runsPerSecond":"2.36","eta":"25.0s"}
{"timestamp":"2026-01-30T10:04:08.633Z","level":"progress","message":"Progress: 80% (242/300)","data":{"runsPerSecond":"2.36","eta":"24.5s"}}
[2026-01-30T10:04:08.633Z] [PROGRESS] Progress: 80% (242/300) {"runsPerSecond":"2.36","eta":"24.5s"}
{"timestamp":"2026-01-30T10:04:13.967Z","level":"progress","message":"Progress: 85% (255/300)","data":{"runsPerSecond":"2.37","eta":"19.0s"}}
[2026-01-30T10:04:13.967Z] [PROGRESS] Progress: 85% (255/300) {"runsPerSecond":"2.37","eta":"19.0s"}
{"timestamp":"2026-01-30T10:04:14.374Z","level":"progress","message":"Progress: 85% (256/300)","data":{"runsPerSecond":"2.37","eta":"18.6s"}}
[2026-01-30T10:04:14.374Z] [PROGRESS] Progress: 85% (256/300) {"runsPerSecond":"2.37","eta":"18.6s"}
{"timestamp":"2026-01-30T10:04:14.724Z","level":"progress","message":"Progress: 85% (257/300)","data":{"runsPerSecond":"2.37","eta":"18.1s"}}
[2026-01-30T10:04:14.724Z] [PROGRESS] Progress: 85% (257/300) {"runsPerSecond":"2.37","eta":"18.1s"}
{"timestamp":"2026-01-30T10:04:19.669Z","level":"progress","message":"Progress: 90% (270/300)","data":{"runsPerSecond":"2.38","eta":"12.6s"}}
[2026-01-30T10:04:19.669Z] [PROGRESS] Progress: 90% (270/300) {"runsPerSecond":"2.38","eta":"12.6s"}
{"timestamp":"2026-01-30T10:04:20.020Z","level":"progress","message":"Progress: 90% (271/300)","data":{"runsPerSecond":"2.38","eta":"12.2s"}}
[2026-01-30T10:04:20.020Z] [PROGRESS] Progress: 90% (271/300) {"runsPerSecond":"2.38","eta":"12.2s"}
{"timestamp":"2026-01-30T10:04:20.410Z","level":"progress","message":"Progress: 90% (272/300)","data":{"runsPerSecond":"2.38","eta":"11.8s"}}
[2026-01-30T10:04:20.410Z] [PROGRESS] Progress: 90% (272/300) {"runsPerSecond":"2.38","eta":"11.8s"}
{"timestamp":"2026-01-30T10:04:25.531Z","level":"progress","message":"Progress: 95% (285/300)","data":{"runsPerSecond":"2.39","eta":"6.3s"}}
[2026-01-30T10:04:25.531Z] [PROGRESS] Progress: 95% (285/300) {"runsPerSecond":"2.39","eta":"6.3s"}
{"timestamp":"2026-01-30T10:04:25.988Z","level":"progress","message":"Progress: 95% (286/300)","data":{"runsPerSecond":"2.39","eta":"5.9s"}}
[2026-01-30T10:04:25.988Z] [PROGRESS] Progress: 95% (286/300) {"runsPerSecond":"2.39","eta":"5.9s"}
{"timestamp":"2026-01-30T10:04:26.362Z","level":"progress","message":"Progress: 95% (287/300)","data":{"runsPerSecond":"2.39","eta":"5.4s"}}
[2026-01-30T10:04:26.362Z] [PROGRESS] Progress: 95% (287/300) {"runsPerSecond":"2.39","eta":"5.4s"}
{"timestamp":"2026-01-30T10:04:31.152Z","level":"progress","message":"Progress: 100% (300/300)","data":{"runsPerSecond":"2.40","eta":"unknown"}}
[2026-01-30T10:04:31.152Z] [PROGRESS] Progress: 100% (300/300) {"runsPerSecond":"2.40","eta":"unknown"}
{"timestamp":"2026-01-30T10:04:31.211Z","level":"info","message":"Exporting results..."}
[2026-01-30T10:04:31.211Z] [INFO    ] Exporting results...
{"timestamp":"2026-01-30T10:04:31.414Z","level":"info","message":"Experiment completed in 2m 5s"}
[2026-01-30T10:04:31.414Z] [INFO    ] Experiment completed in 2m 5s
{"timestamp":"2026-01-30T10:04:31.414Z","level":"info","message":"Total runs: 300"}
[2026-01-30T10:04:31.414Z] [INFO    ] Total runs: 300
{"timestamp":"2026-01-30T10:04:31.414Z","level":"info","message":"Successful: 300"}
[2026-01-30T10:04:31.414Z] [INFO    ] Successful: 300
{"timestamp":"2026-01-30T10:04:31.414Z","level":"info","message":"Failed: 0"}
[2026-01-30T10:04:31.414Z] [INFO    ] Failed: 0
{"timestamp":"2026-01-30T10:04:31.414Z","level":"metric","message":"[homogeneous-governance] ecosystem.Inter-DAO Proposal Count: 51.0000 (std: 7.1307)"}
[2026-01-30T10:04:31.414Z] [METRIC  ] [homogeneous-governance] ecosystem.Inter-DAO Proposal Count: 51.0000 (std: 7.1307)
{"timestamp":"2026-01-30T10:04:31.414Z","level":"metric","message":"[homogeneous-governance] ecosystem.Inter-DAO Proposal Success Rate: 0.2265 (std: 0.0597)"}
[2026-01-30T10:04:31.414Z] [METRIC  ] [homogeneous-governance] ecosystem.Inter-DAO Proposal Success Rate: 0.2265 (std: 0.0597)
{"timestamp":"2026-01-30T10:04:31.414Z","level":"metric","message":"[homogeneous-governance] ecosystem.Collaboration Proposal Rate: 0.2557 (std: 0.0695)"}
[2026-01-30T10:04:31.414Z] [METRIC  ] [homogeneous-governance] ecosystem.Collaboration Proposal Rate: 0.2557 (std: 0.0695)
{"timestamp":"2026-01-30T10:04:31.414Z","level":"metric","message":"[homogeneous-governance] ecosystem.Treaty Proposal Rate: 0.2540 (std: 0.0595)"}
[2026-01-30T10:04:31.414Z] [METRIC  ] [homogeneous-governance] ecosystem.Treaty Proposal Rate: 0.2540 (std: 0.0595)
{"timestamp":"2026-01-30T10:04:31.414Z","level":"metric","message":"[homogeneous-governance] ecosystem.Resource Sharing Rate: 0.2440 (std: 0.0686)"}
[2026-01-30T10:04:31.414Z] [METRIC  ] [homogeneous-governance] ecosystem.Resource Sharing Rate: 0.2440 (std: 0.0686)
{"timestamp":"2026-01-30T10:04:31.414Z","level":"metric","message":"[homogeneous-governance] ecosystem.Joint Venture Rate: 0.2464 (std: 0.0628)"}
[2026-01-30T10:04:31.414Z] [METRIC  ] [homogeneous-governance] ecosystem.Joint Venture Rate: 0.2464 (std: 0.0628)
{"timestamp":"2026-01-30T10:04:31.414Z","level":"metric","message":"[homogeneous-governance] ecosystem.Inter-DAO Voting Participation: 88.0548 (std: 3.0395)"}
[2026-01-30T10:04:31.414Z] [METRIC  ] [homogeneous-governance] ecosystem.Inter-DAO Voting Participation: 88.0548 (std: 3.0395)
{"timestamp":"2026-01-30T10:04:31.414Z","level":"metric","message":"[homogeneous-governance] ecosystem.Cross-DAO Approval Alignment: 0.5499 (std: 0.0707)"}
[2026-01-30T10:04:31.414Z] [METRIC  ] [homogeneous-governance] ecosystem.Cross-DAO Approval Alignment: 0.5499 (std: 0.0707)
{"timestamp":"2026-01-30T10:04:31.414Z","level":"metric","message":"[homogeneous-governance] ecosystem.Total Shared Budget: 183090.8803 (std: 81040.5226)"}
[2026-01-30T10:04:31.414Z] [METRIC  ] [homogeneous-governance] ecosystem.Total Shared Budget: 183090.8803 (std: 81040.5226)
{"timestamp":"2026-01-30T10:04:31.414Z","level":"metric","message":"[homogeneous-governance] ecosystem.Resource Flow Volume: 36239.8302 (std: 27019.9001)"}
[2026-01-30T10:04:31.414Z] [METRIC  ] [homogeneous-governance] ecosystem.Resource Flow Volume: 36239.8302 (std: 27019.9001)
{"timestamp":"2026-01-30T10:04:31.414Z","level":"metric","message":"[homogeneous-governance] ecosystem.Ecosystem Treasury Total: 26715.8587 (std: 6000.8528)"}
[2026-01-30T10:04:31.414Z] [METRIC  ] [homogeneous-governance] ecosystem.Ecosystem Treasury Total: 26715.8587 (std: 6000.8528)
{"timestamp":"2026-01-30T10:04:31.414Z","level":"metric","message":"[homogeneous-governance] dao-1.Proposal Pass Rate: 0.0348 (std: 0.0461)"}
[2026-01-30T10:04:31.414Z] [METRIC  ] [homogeneous-governance] dao-1.Proposal Pass Rate: 0.0348 (std: 0.0461)
{"timestamp":"2026-01-30T10:04:31.414Z","level":"metric","message":"[homogeneous-governance] dao-2.Proposal Pass Rate: 0.0505 (std: 0.0559)"}
[2026-01-30T10:04:31.414Z] [METRIC  ] [homogeneous-governance] dao-2.Proposal Pass Rate: 0.0505 (std: 0.0559)
{"timestamp":"2026-01-30T10:04:31.414Z","level":"metric","message":"[homogeneous-governance] dao-3.Proposal Pass Rate: 0.0472 (std: 0.0640)"}
[2026-01-30T10:04:31.414Z] [METRIC  ] [homogeneous-governance] dao-3.Proposal Pass Rate: 0.0472 (std: 0.0640)
{"timestamp":"2026-01-30T10:04:31.414Z","level":"metric","message":"[homogeneous-governance] dao-1.Voter Participation Rate: 0.1015 (std: 0.0386)"}
[2026-01-30T10:04:31.414Z] [METRIC  ] [homogeneous-governance] dao-1.Voter Participation Rate: 0.1015 (std: 0.0386)
{"timestamp":"2026-01-30T10:04:31.414Z","level":"metric","message":"[homogeneous-governance] dao-2.Voter Participation Rate: 0.0937 (std: 0.0357)"}
[2026-01-30T10:04:31.414Z] [METRIC  ] [homogeneous-governance] dao-2.Voter Participation Rate: 0.0937 (std: 0.0357)
{"timestamp":"2026-01-30T10:04:31.414Z","level":"metric","message":"[homogeneous-governance] dao-3.Voter Participation Rate: 0.0957 (std: 0.0415)"}
[2026-01-30T10:04:31.414Z] [METRIC  ] [homogeneous-governance] dao-3.Voter Participation Rate: 0.0957 (std: 0.0415)
{"timestamp":"2026-01-30T10:04:31.414Z","level":"metric","message":"[homogeneous-governance] dao-1.Final Treasury: 8439.3212 (std: 4986.1898)"}
[2026-01-30T10:04:31.414Z] [METRIC  ] [homogeneous-governance] dao-1.Final Treasury: 8439.3212 (std: 4986.1898)
{"timestamp":"2026-01-30T10:04:31.414Z","level":"metric","message":"[homogeneous-governance] dao-2.Final Treasury: 8706.8863 (std: 4719.1845)"}
[2026-01-30T10:04:31.414Z] [METRIC  ] [homogeneous-governance] dao-2.Final Treasury: 8706.8863 (std: 4719.1845)
{"timestamp":"2026-01-30T10:04:31.414Z","level":"metric","message":"[homogeneous-governance] dao-3.Final Treasury: 9569.6512 (std: 4142.2861)"}
[2026-01-30T10:04:31.414Z] [METRIC  ] [homogeneous-governance] dao-3.Final Treasury: 9569.6512 (std: 4142.2861)
{"timestamp":"2026-01-30T10:04:31.414Z","level":"metric","message":"[homogeneous-governance] dao-1.Treasury Growth Rate: -0.1755 (std: 0.0367)"}
[2026-01-30T10:04:31.414Z] [METRIC  ] [homogeneous-governance] dao-1.Treasury Growth Rate: -0.1755 (std: 0.0367)
{"timestamp":"2026-01-30T10:04:31.414Z","level":"metric","message":"[homogeneous-governance] dao-2.Treasury Growth Rate: -0.1736 (std: 0.0347)"}
[2026-01-30T10:04:31.414Z] [METRIC  ] [homogeneous-governance] dao-2.Treasury Growth Rate: -0.1736 (std: 0.0347)
{"timestamp":"2026-01-30T10:04:31.414Z","level":"metric","message":"[homogeneous-governance] dao-3.Treasury Growth Rate: -0.1675 (std: 0.0303)"}
[2026-01-30T10:04:31.414Z] [METRIC  ] [homogeneous-governance] dao-3.Treasury Growth Rate: -0.1675 (std: 0.0303)
{"timestamp":"2026-01-30T10:04:31.414Z","level":"metric","message":"[heterogeneous-governance] ecosystem.Inter-DAO Proposal Count: 50.9000 (std: 7.5323)"}
[2026-01-30T10:04:31.414Z] [METRIC  ] [heterogeneous-governance] ecosystem.Inter-DAO Proposal Count: 50.9000 (std: 7.5323)
{"timestamp":"2026-01-30T10:04:31.414Z","level":"metric","message":"[heterogeneous-governance] ecosystem.Inter-DAO Proposal Success Rate: 0.2367 (std: 0.0775)"}
[2026-01-30T10:04:31.414Z] [METRIC  ] [heterogeneous-governance] ecosystem.Inter-DAO Proposal Success Rate: 0.2367 (std: 0.0775)
{"timestamp":"2026-01-30T10:04:31.414Z","level":"metric","message":"[heterogeneous-governance] ecosystem.Collaboration Proposal Rate: 0.2616 (std: 0.0640)"}
[2026-01-30T10:04:31.414Z] [METRIC  ] [heterogeneous-governance] ecosystem.Collaboration Proposal Rate: 0.2616 (std: 0.0640)
{"timestamp":"2026-01-30T10:04:31.414Z","level":"metric","message":"[heterogeneous-governance] ecosystem.Treaty Proposal Rate: 0.2429 (std: 0.0614)"}
[2026-01-30T10:04:31.414Z] [METRIC  ] [heterogeneous-governance] ecosystem.Treaty Proposal Rate: 0.2429 (std: 0.0614)
{"timestamp":"2026-01-30T10:04:31.414Z","level":"metric","message":"[heterogeneous-governance] ecosystem.Resource Sharing Rate: 0.2466 (std: 0.0558)"}
[2026-01-30T10:04:31.414Z] [METRIC  ] [heterogeneous-governance] ecosystem.Resource Sharing Rate: 0.2466 (std: 0.0558)
{"timestamp":"2026-01-30T10:04:31.414Z","level":"metric","message":"[heterogeneous-governance] ecosystem.Joint Venture Rate: 0.2488 (std: 0.0609)"}
[2026-01-30T10:04:31.414Z] [METRIC  ] [heterogeneous-governance] ecosystem.Joint Venture Rate: 0.2488 (std: 0.0609)
{"timestamp":"2026-01-30T10:04:31.414Z","level":"metric","message":"[heterogeneous-governance] ecosystem.Inter-DAO Voting Participation: 90.9861 (std: 2.8861)"}
[2026-01-30T10:04:31.414Z] [METRIC  ] [heterogeneous-governance] ecosystem.Inter-DAO Voting Participation: 90.9861 (std: 2.8861)
{"timestamp":"2026-01-30T10:04:31.414Z","level":"metric","message":"[heterogeneous-governance] ecosystem.Cross-DAO Approval Alignment: 0.5462 (std: 0.0705)"}
[2026-01-30T10:04:31.414Z] [METRIC  ] [heterogeneous-governance] ecosystem.Cross-DAO Approval Alignment: 0.5462 (std: 0.0705)
{"timestamp":"2026-01-30T10:04:31.414Z","level":"metric","message":"[heterogeneous-governance] ecosystem.Total Shared Budget: 182672.1311 (std: 89423.2225)"}
[2026-01-30T10:04:31.414Z] [METRIC  ] [heterogeneous-governance] ecosystem.Total Shared Budget: 182672.1311 (std: 89423.2225)
{"timestamp":"2026-01-30T10:04:31.414Z","level":"metric","message":"[heterogeneous-governance] ecosystem.Resource Flow Volume: 37140.1901 (std: 20187.7086)"}
[2026-01-30T10:04:31.414Z] [METRIC  ] [heterogeneous-governance] ecosystem.Resource Flow Volume: 37140.1901 (std: 20187.7086)
{"timestamp":"2026-01-30T10:04:31.414Z","level":"metric","message":"[heterogeneous-governance] ecosystem.Ecosystem Treasury Total: 27303.6251 (std: 6039.3686)"}
[2026-01-30T10:04:31.414Z] [METRIC  ] [heterogeneous-governance] ecosystem.Ecosystem Treasury Total: 27303.6251 (std: 6039.3686)
{"timestamp":"2026-01-30T10:04:31.414Z","level":"metric","message":"[heterogeneous-governance] dao-majority.Proposal Pass Rate: 0.0457 (std: 0.0541)"}
[2026-01-30T10:04:31.414Z] [METRIC  ] [heterogeneous-governance] dao-majority.Proposal Pass Rate: 0.0457 (std: 0.0541)
{"timestamp":"2026-01-30T10:04:31.414Z","level":"metric","message":"[heterogeneous-governance] dao-supermajority.Proposal Pass Rate: 0.0435 (std: 0.0459)"}
[2026-01-30T10:04:31.414Z] [METRIC  ] [heterogeneous-governance] dao-supermajority.Proposal Pass Rate: 0.0435 (std: 0.0459)
{"timestamp":"2026-01-30T10:04:31.415Z","level":"metric","message":"[heterogeneous-governance] dao-quadratic.Proposal Pass Rate: 0.0477 (std: 0.0610)"}
[2026-01-30T10:04:31.415Z] [METRIC  ] [heterogeneous-governance] dao-quadratic.Proposal Pass Rate: 0.0477 (std: 0.0610)
{"timestamp":"2026-01-30T10:04:31.415Z","level":"metric","message":"[heterogeneous-governance] dao-majority.Voter Participation Rate: 0.0904 (std: 0.0343)"}
[2026-01-30T10:04:31.415Z] [METRIC  ] [heterogeneous-governance] dao-majority.Voter Participation Rate: 0.0904 (std: 0.0343)
{"timestamp":"2026-01-30T10:04:31.415Z","level":"metric","message":"[heterogeneous-governance] dao-supermajority.Voter Participation Rate: 0.0933 (std: 0.0346)"}
[2026-01-30T10:04:31.415Z] [METRIC  ] [heterogeneous-governance] dao-supermajority.Voter Participation Rate: 0.0933 (std: 0.0346)
{"timestamp":"2026-01-30T10:04:31.415Z","level":"metric","message":"[heterogeneous-governance] dao-quadratic.Voter Participation Rate: 0.0884 (std: 0.0355)"}
[2026-01-30T10:04:31.415Z] [METRIC  ] [heterogeneous-governance] dao-quadratic.Voter Participation Rate: 0.0884 (std: 0.0355)
{"timestamp":"2026-01-30T10:04:31.415Z","level":"metric","message":"[heterogeneous-governance] dao-majority.Final Treasury: 9630.0217 (std: 4168.1311)"}
[2026-01-30T10:04:31.415Z] [METRIC  ] [heterogeneous-governance] dao-majority.Final Treasury: 9630.0217 (std: 4168.1311)
{"timestamp":"2026-01-30T10:04:31.415Z","level":"metric","message":"[heterogeneous-governance] dao-supermajority.Final Treasury: 8114.7390 (std: 5017.0234)"}
[2026-01-30T10:04:31.415Z] [METRIC  ] [heterogeneous-governance] dao-supermajority.Final Treasury: 8114.7390 (std: 5017.0234)
{"timestamp":"2026-01-30T10:04:31.415Z","level":"metric","message":"[heterogeneous-governance] dao-quadratic.Final Treasury: 9558.8644 (std: 4177.0739)"}
[2026-01-30T10:04:31.415Z] [METRIC  ] [heterogeneous-governance] dao-quadratic.Final Treasury: 9558.8644 (std: 4177.0739)
{"timestamp":"2026-01-30T10:04:31.415Z","level":"metric","message":"[heterogeneous-governance] dao-majority.Treasury Growth Rate: -0.1665 (std: 0.0304)"}
[2026-01-30T10:04:31.415Z] [METRIC  ] [heterogeneous-governance] dao-majority.Treasury Growth Rate: -0.1665 (std: 0.0304)
{"timestamp":"2026-01-30T10:04:31.415Z","level":"metric","message":"[heterogeneous-governance] dao-supermajority.Treasury Growth Rate: -0.1778 (std: 0.0367)"}
[2026-01-30T10:04:31.415Z] [METRIC  ] [heterogeneous-governance] dao-supermajority.Treasury Growth Rate: -0.1778 (std: 0.0367)
{"timestamp":"2026-01-30T10:04:31.415Z","level":"metric","message":"[heterogeneous-governance] dao-quadratic.Treasury Growth Rate: -0.1671 (std: 0.0307)"}
[2026-01-30T10:04:31.415Z] [METRIC  ] [heterogeneous-governance] dao-quadratic.Treasury Growth Rate: -0.1671 (std: 0.0307)
{"timestamp":"2026-01-30T10:04:31.415Z","level":"metric","message":"[asymmetric-treasury] ecosystem.Inter-DAO Proposal Count: 49.1833 (std: 6.7460)"}
[2026-01-30T10:04:31.415Z] [METRIC  ] [asymmetric-treasury] ecosystem.Inter-DAO Proposal Count: 49.1833 (std: 6.7460)
{"timestamp":"2026-01-30T10:04:31.415Z","level":"metric","message":"[asymmetric-treasury] ecosystem.Inter-DAO Proposal Success Rate: 0.2199 (std: 0.0598)"}
[2026-01-30T10:04:31.415Z] [METRIC  ] [asymmetric-treasury] ecosystem.Inter-DAO Proposal Success Rate: 0.2199 (std: 0.0598)
{"timestamp":"2026-01-30T10:04:31.415Z","level":"metric","message":"[asymmetric-treasury] ecosystem.Collaboration Proposal Rate: 0.2526 (std: 0.0765)"}
[2026-01-30T10:04:31.415Z] [METRIC  ] [asymmetric-treasury] ecosystem.Collaboration Proposal Rate: 0.2526 (std: 0.0765)
{"timestamp":"2026-01-30T10:04:31.415Z","level":"metric","message":"[asymmetric-treasury] ecosystem.Treaty Proposal Rate: 0.2611 (std: 0.0711)"}
[2026-01-30T10:04:31.415Z] [METRIC  ] [asymmetric-treasury] ecosystem.Treaty Proposal Rate: 0.2611 (std: 0.0711)
{"timestamp":"2026-01-30T10:04:31.415Z","level":"metric","message":"[asymmetric-treasury] ecosystem.Resource Sharing Rate: 0.2478 (std: 0.0657)"}
[2026-01-30T10:04:31.415Z] [METRIC  ] [asymmetric-treasury] ecosystem.Resource Sharing Rate: 0.2478 (std: 0.0657)
{"timestamp":"2026-01-30T10:04:31.415Z","level":"metric","message":"[asymmetric-treasury] ecosystem.Joint Venture Rate: 0.2385 (std: 0.0683)"}
[2026-01-30T10:04:31.415Z] [METRIC  ] [asymmetric-treasury] ecosystem.Joint Venture Rate: 0.2385 (std: 0.0683)
{"timestamp":"2026-01-30T10:04:31.415Z","level":"metric","message":"[asymmetric-treasury] ecosystem.Inter-DAO Voting Participation: 94.0801 (std: 3.6625)"}
[2026-01-30T10:04:31.415Z] [METRIC  ] [asymmetric-treasury] ecosystem.Inter-DAO Voting Participation: 94.0801 (std: 3.6625)
{"timestamp":"2026-01-30T10:04:31.415Z","level":"metric","message":"[asymmetric-treasury] ecosystem.Cross-DAO Approval Alignment: 0.5459 (std: 0.0794)"}
[2026-01-30T10:04:31.415Z] [METRIC  ] [asymmetric-treasury] ecosystem.Cross-DAO Approval Alignment: 0.5459 (std: 0.0794)
{"timestamp":"2026-01-30T10:04:31.415Z","level":"metric","message":"[asymmetric-treasury] ecosystem.Total Shared Budget: 164410.4344 (std: 71791.9850)"}
[2026-01-30T10:04:31.415Z] [METRIC  ] [asymmetric-treasury] ecosystem.Total Shared Budget: 164410.4344 (std: 71791.9850)
{"timestamp":"2026-01-30T10:04:31.415Z","level":"metric","message":"[asymmetric-treasury] ecosystem.Resource Flow Volume: 32579.3807 (std: 22380.9654)"}
[2026-01-30T10:04:31.415Z] [METRIC  ] [asymmetric-treasury] ecosystem.Resource Flow Volume: 32579.3807 (std: 22380.9654)
{"timestamp":"2026-01-30T10:04:31.415Z","level":"metric","message":"[asymmetric-treasury] ecosystem.Ecosystem Treasury Total: 25552.1140 (std: 6777.1445)"}
[2026-01-30T10:04:31.415Z] [METRIC  ] [asymmetric-treasury] ecosystem.Ecosystem Treasury Total: 25552.1140 (std: 6777.1445)
{"timestamp":"2026-01-30T10:04:31.415Z","level":"metric","message":"[asymmetric-treasury] dao-wealthy.Proposal Pass Rate: 0.0573 (std: 0.0413)"}
[2026-01-30T10:04:31.415Z] [METRIC  ] [asymmetric-treasury] dao-wealthy.Proposal Pass Rate: 0.0573 (std: 0.0413)
{"timestamp":"2026-01-30T10:04:31.415Z","level":"metric","message":"[asymmetric-treasury] dao-medium.Proposal Pass Rate: 0.0402 (std: 0.0518)"}
[2026-01-30T10:04:31.415Z] [METRIC  ] [asymmetric-treasury] dao-medium.Proposal Pass Rate: 0.0402 (std: 0.0518)
{"timestamp":"2026-01-30T10:04:31.415Z","level":"metric","message":"[asymmetric-treasury] dao-small.Proposal Pass Rate: 0.0403 (std: 0.0686)"}
[2026-01-30T10:04:31.415Z] [METRIC  ] [asymmetric-treasury] dao-small.Proposal Pass Rate: 0.0403 (std: 0.0686)
{"timestamp":"2026-01-30T10:04:31.415Z","level":"metric","message":"[asymmetric-treasury] dao-wealthy.Voter Participation Rate: 0.1079 (std: 0.0320)"}
[2026-01-30T10:04:31.415Z] [METRIC  ] [asymmetric-treasury] dao-wealthy.Voter Participation Rate: 0.1079 (std: 0.0320)
{"timestamp":"2026-01-30T10:04:31.415Z","level":"metric","message":"[asymmetric-treasury] dao-medium.Voter Participation Rate: 0.0987 (std: 0.0395)"}
[2026-01-30T10:04:31.415Z] [METRIC  ] [asymmetric-treasury] dao-medium.Voter Participation Rate: 0.0987 (std: 0.0395)
{"timestamp":"2026-01-30T10:04:31.415Z","level":"metric","message":"[asymmetric-treasury] dao-small.Voter Participation Rate: 0.0992 (std: 0.0554)"}
[2026-01-30T10:04:31.415Z] [METRIC  ] [asymmetric-treasury] dao-small.Voter Participation Rate: 0.0992 (std: 0.0554)
{"timestamp":"2026-01-30T10:04:31.415Z","level":"metric","message":"[asymmetric-treasury] dao-wealthy.Final Treasury: 10755.3072 (std: 3623.2357)"}
[2026-01-30T10:04:31.415Z] [METRIC  ] [asymmetric-treasury] dao-wealthy.Final Treasury: 10755.3072 (std: 3623.2357)
{"timestamp":"2026-01-30T10:04:31.415Z","level":"metric","message":"[asymmetric-treasury] dao-medium.Final Treasury: 8639.5575 (std: 4746.1313)"}
[2026-01-30T10:04:31.415Z] [METRIC  ] [asymmetric-treasury] dao-medium.Final Treasury: 8639.5575 (std: 4746.1313)
{"timestamp":"2026-01-30T10:04:31.415Z","level":"metric","message":"[asymmetric-treasury] dao-small.Final Treasury: 6157.2494 (std: 5085.6095)"}
[2026-01-30T10:04:31.415Z] [METRIC  ] [asymmetric-treasury] dao-small.Final Treasury: 6157.2494 (std: 5085.6095)
{"timestamp":"2026-01-30T10:04:31.415Z","level":"metric","message":"[asymmetric-treasury] dao-wealthy.Treasury Growth Rate: -0.7609 (std: 0.0076)"}
[2026-01-30T10:04:31.415Z] [METRIC  ] [asymmetric-treasury] dao-wealthy.Treasury Growth Rate: -0.7609 (std: 0.0076)
{"timestamp":"2026-01-30T10:04:31.415Z","level":"metric","message":"[asymmetric-treasury] dao-medium.Treasury Growth Rate: -0.1751 (std: 0.0349)"}
[2026-01-30T10:04:31.415Z] [METRIC  ] [asymmetric-treasury] dao-medium.Treasury Growth Rate: -0.1751 (std: 0.0349)
{"timestamp":"2026-01-30T10:04:31.415Z","level":"metric","message":"[asymmetric-treasury] dao-small.Treasury Growth Rate: 0.6258 (std: 0.0753)"}
[2026-01-30T10:04:31.415Z] [METRIC  ] [asymmetric-treasury] dao-small.Treasury Growth Rate: 0.6258 (std: 0.0753)
{"timestamp":"2026-01-30T10:04:31.415Z","level":"metric","message":"[specialized-daos] ecosystem.Inter-DAO Proposal Count: 74.6167 (std: 7.4472)"}
[2026-01-30T10:04:31.415Z] [METRIC  ] [specialized-daos] ecosystem.Inter-DAO Proposal Count: 74.6167 (std: 7.4472)
{"timestamp":"2026-01-30T10:04:31.415Z","level":"metric","message":"[specialized-daos] ecosystem.Inter-DAO Proposal Success Rate: 0.2324 (std: 0.0525)"}
[2026-01-30T10:04:31.415Z] [METRIC  ] [specialized-daos] ecosystem.Inter-DAO Proposal Success Rate: 0.2324 (std: 0.0525)
{"timestamp":"2026-01-30T10:04:31.415Z","level":"metric","message":"[specialized-daos] ecosystem.Collaboration Proposal Rate: 0.2465 (std: 0.0524)"}
[2026-01-30T10:04:31.415Z] [METRIC  ] [specialized-daos] ecosystem.Collaboration Proposal Rate: 0.2465 (std: 0.0524)
{"timestamp":"2026-01-30T10:04:31.415Z","level":"metric","message":"[specialized-daos] ecosystem.Treaty Proposal Rate: 0.2608 (std: 0.0531)"}
[2026-01-30T10:04:31.415Z] [METRIC  ] [specialized-daos] ecosystem.Treaty Proposal Rate: 0.2608 (std: 0.0531)
{"timestamp":"2026-01-30T10:04:31.415Z","level":"metric","message":"[specialized-daos] ecosystem.Resource Sharing Rate: 0.2442 (std: 0.0487)"}
[2026-01-30T10:04:31.415Z] [METRIC  ] [specialized-daos] ecosystem.Resource Sharing Rate: 0.2442 (std: 0.0487)
{"timestamp":"2026-01-30T10:04:31.415Z","level":"metric","message":"[specialized-daos] ecosystem.Joint Venture Rate: 0.2485 (std: 0.0419)"}
[2026-01-30T10:04:31.415Z] [METRIC  ] [specialized-daos] ecosystem.Joint Venture Rate: 0.2485 (std: 0.0419)
{"timestamp":"2026-01-30T10:04:31.415Z","level":"metric","message":"[specialized-daos] ecosystem.Inter-DAO Voting Participation: 102.1982 (std: 7.5717)"}
[2026-01-30T10:04:31.415Z] [METRIC  ] [specialized-daos] ecosystem.Inter-DAO Voting Participation: 102.1982 (std: 7.5717)
{"timestamp":"2026-01-30T10:04:31.415Z","level":"metric","message":"[specialized-daos] ecosystem.Cross-DAO Approval Alignment: 0.5527 (std: 0.0589)"}
[2026-01-30T10:04:31.415Z] [METRIC  ] [specialized-daos] ecosystem.Cross-DAO Approval Alignment: 0.5527 (std: 0.0589)
{"timestamp":"2026-01-30T10:04:31.415Z","level":"metric","message":"[specialized-daos] ecosystem.Total Shared Budget: 249535.8407 (std: 88479.1978)"}
[2026-01-30T10:04:31.415Z] [METRIC  ] [specialized-daos] ecosystem.Total Shared Budget: 249535.8407 (std: 88479.1978)
{"timestamp":"2026-01-30T10:04:31.415Z","level":"metric","message":"[specialized-daos] ecosystem.Resource Flow Volume: 55997.5773 (std: 30020.2696)"}
[2026-01-30T10:04:31.415Z] [METRIC  ] [specialized-daos] ecosystem.Resource Flow Volume: 55997.5773 (std: 30020.2696)
{"timestamp":"2026-01-30T10:04:31.415Z","level":"metric","message":"[specialized-daos] ecosystem.Ecosystem Treasury Total: 27769.2110 (std: 6558.6395)"}
[2026-01-30T10:04:31.415Z] [METRIC  ] [specialized-daos] ecosystem.Ecosystem Treasury Total: 27769.2110 (std: 6558.6395)
{"timestamp":"2026-01-30T10:04:31.415Z","level":"metric","message":"[specialized-daos] dao-dev.Proposal Pass Rate: 0.0334 (std: 0.0407)"}
[2026-01-30T10:04:31.415Z] [METRIC  ] [specialized-daos] dao-dev.Proposal Pass Rate: 0.0334 (std: 0.0407)
{"timestamp":"2026-01-30T10:04:31.415Z","level":"metric","message":"[specialized-daos] dao-invest.Proposal Pass Rate: 0.0852 (std: 0.0741)"}
[2026-01-30T10:04:31.415Z] [METRIC  ] [specialized-daos] dao-invest.Proposal Pass Rate: 0.0852 (std: 0.0741)
{"timestamp":"2026-01-30T10:04:31.415Z","level":"metric","message":"[specialized-daos] dao-community.Proposal Pass Rate: 0.0352 (std: 0.0519)"}
[2026-01-30T10:04:31.415Z] [METRIC  ] [specialized-daos] dao-community.Proposal Pass Rate: 0.0352 (std: 0.0519)
{"timestamp":"2026-01-30T10:04:31.415Z","level":"metric","message":"[specialized-daos] dao-dev.Voter Participation Rate: 0.0957 (std: 0.0338)"}
[2026-01-30T10:04:31.415Z] [METRIC  ] [specialized-daos] dao-dev.Voter Participation Rate: 0.0957 (std: 0.0338)
{"timestamp":"2026-01-30T10:04:31.415Z","level":"metric","message":"[specialized-daos] dao-invest.Voter Participation Rate: 0.0982 (std: 0.0283)"}
[2026-01-30T10:04:31.415Z] [METRIC  ] [specialized-daos] dao-invest.Voter Participation Rate: 0.0982 (std: 0.0283)
{"timestamp":"2026-01-30T10:04:31.415Z","level":"metric","message":"[specialized-daos] dao-community.Voter Participation Rate: 0.1176 (std: 0.0487)"}
[2026-01-30T10:04:31.415Z] [METRIC  ] [specialized-daos] dao-community.Voter Participation Rate: 0.1176 (std: 0.0487)
{"timestamp":"2026-01-30T10:04:31.415Z","level":"metric","message":"[specialized-daos] dao-dev.Final Treasury: 9512.4975 (std: 4364.9032)"}
[2026-01-30T10:04:31.415Z] [METRIC  ] [specialized-daos] dao-dev.Final Treasury: 9512.4975 (std: 4364.9032)
{"timestamp":"2026-01-30T10:04:31.415Z","level":"metric","message":"[specialized-daos] dao-invest.Final Treasury: 10269.5541 (std: 3830.1312)"}
[2026-01-30T10:04:31.415Z] [METRIC  ] [specialized-daos] dao-invest.Final Treasury: 10269.5541 (std: 3830.1312)
{"timestamp":"2026-01-30T10:04:31.415Z","level":"metric","message":"[specialized-daos] dao-community.Final Treasury: 7987.1594 (std: 5137.4256)"}
[2026-01-30T10:04:31.415Z] [METRIC  ] [specialized-daos] dao-community.Final Treasury: 7987.1594 (std: 5137.4256)
{"timestamp":"2026-01-30T10:04:31.415Z","level":"metric","message":"[specialized-daos] dao-dev.Treasury Growth Rate: -0.1663 (std: 0.0321)"}
[2026-01-30T10:04:31.415Z] [METRIC  ] [specialized-daos] dao-dev.Treasury Growth Rate: -0.1663 (std: 0.0321)
{"timestamp":"2026-01-30T10:04:31.415Z","level":"metric","message":"[specialized-daos] dao-invest.Treasury Growth Rate: -0.4843 (std: 0.0173)"}
[2026-01-30T10:04:31.415Z] [METRIC  ] [specialized-daos] dao-invest.Treasury Growth Rate: -0.4843 (std: 0.0173)
{"timestamp":"2026-01-30T10:04:31.415Z","level":"metric","message":"[specialized-daos] dao-community.Treasury Growth Rate: -0.0584 (std: 0.0432)"}
[2026-01-30T10:04:31.415Z] [METRIC  ] [specialized-daos] dao-community.Treasury Growth Rate: -0.0584 (std: 0.0432)
{"timestamp":"2026-01-30T10:04:31.415Z","level":"metric","message":"[isolated-daos] ecosystem.Inter-DAO Proposal Count: 0.0000 (std: 0.0000)"}
[2026-01-30T10:04:31.415Z] [METRIC  ] [isolated-daos] ecosystem.Inter-DAO Proposal Count: 0.0000 (std: 0.0000)
{"timestamp":"2026-01-30T10:04:31.415Z","level":"metric","message":"[isolated-daos] ecosystem.Inter-DAO Proposal Success Rate: 0.0000 (std: 0.0000)"}
[2026-01-30T10:04:31.415Z] [METRIC  ] [isolated-daos] ecosystem.Inter-DAO Proposal Success Rate: 0.0000 (std: 0.0000)
{"timestamp":"2026-01-30T10:04:31.415Z","level":"metric","message":"[isolated-daos] ecosystem.Collaboration Proposal Rate: 0.0000 (std: 0.0000)"}
[2026-01-30T10:04:31.415Z] [METRIC  ] [isolated-daos] ecosystem.Collaboration Proposal Rate: 0.0000 (std: 0.0000)
{"timestamp":"2026-01-30T10:04:31.415Z","level":"metric","message":"[isolated-daos] ecosystem.Treaty Proposal Rate: 0.0000 (std: 0.0000)"}
[2026-01-30T10:04:31.415Z] [METRIC  ] [isolated-daos] ecosystem.Treaty Proposal Rate: 0.0000 (std: 0.0000)
{"timestamp":"2026-01-30T10:04:31.415Z","level":"metric","message":"[isolated-daos] ecosystem.Resource Sharing Rate: 0.0000 (std: 0.0000)"}
[2026-01-30T10:04:31.415Z] [METRIC  ] [isolated-daos] ecosystem.Resource Sharing Rate: 0.0000 (std: 0.0000)
{"timestamp":"2026-01-30T10:04:31.415Z","level":"metric","message":"[isolated-daos] ecosystem.Joint Venture Rate: 0.0000 (std: 0.0000)"}
[2026-01-30T10:04:31.415Z] [METRIC  ] [isolated-daos] ecosystem.Joint Venture Rate: 0.0000 (std: 0.0000)
{"timestamp":"2026-01-30T10:04:31.415Z","level":"metric","message":"[isolated-daos] ecosystem.Inter-DAO Voting Participation: 0.0000 (std: 0.0000)"}
[2026-01-30T10:04:31.415Z] [METRIC  ] [isolated-daos] ecosystem.Inter-DAO Voting Participation: 0.0000 (std: 0.0000)
{"timestamp":"2026-01-30T10:04:31.415Z","level":"metric","message":"[isolated-daos] ecosystem.Cross-DAO Approval Alignment: 0.0000 (std: 0.0000)"}
[2026-01-30T10:04:31.415Z] [METRIC  ] [isolated-daos] ecosystem.Cross-DAO Approval Alignment: 0.0000 (std: 0.0000)
{"timestamp":"2026-01-30T10:04:31.415Z","level":"metric","message":"[isolated-daos] ecosystem.Total Shared Budget: 0.0000 (std: 0.0000)"}
[2026-01-30T10:04:31.415Z] [METRIC  ] [isolated-daos] ecosystem.Total Shared Budget: 0.0000 (std: 0.0000)
{"timestamp":"2026-01-30T10:04:31.415Z","level":"metric","message":"[isolated-daos] ecosystem.Resource Flow Volume: 0.0000 (std: 0.0000)"}
[2026-01-30T10:04:31.415Z] [METRIC  ] [isolated-daos] ecosystem.Resource Flow Volume: 0.0000 (std: 0.0000)
{"timestamp":"2026-01-30T10:04:31.415Z","level":"metric","message":"[isolated-daos] ecosystem.Ecosystem Treasury Total: 35868.4385 (std: 395.6861)"}
[2026-01-30T10:04:31.415Z] [METRIC  ] [isolated-daos] ecosystem.Ecosystem Treasury Total: 35868.4385 (std: 395.6861)
{"timestamp":"2026-01-30T10:04:31.415Z","level":"metric","message":"[isolated-daos] iso-1.Proposal Pass Rate: 0.0598 (std: 0.0646)"}
[2026-01-30T10:04:31.415Z] [METRIC  ] [isolated-daos] iso-1.Proposal Pass Rate: 0.0598 (std: 0.0646)
{"timestamp":"2026-01-30T10:04:31.415Z","level":"metric","message":"[isolated-daos] iso-2.Proposal Pass Rate: 0.0449 (std: 0.0515)"}
[2026-01-30T10:04:31.415Z] [METRIC  ] [isolated-daos] iso-2.Proposal Pass Rate: 0.0449 (std: 0.0515)
{"timestamp":"2026-01-30T10:04:31.415Z","level":"metric","message":"[isolated-daos] iso-3.Proposal Pass Rate: 0.0463 (std: 0.0483)"}
[2026-01-30T10:04:31.415Z] [METRIC  ] [isolated-daos] iso-3.Proposal Pass Rate: 0.0463 (std: 0.0483)
{"timestamp":"2026-01-30T10:04:31.415Z","level":"metric","message":"[isolated-daos] iso-1.Voter Participation Rate: 0.1034 (std: 0.0358)"}
[2026-01-30T10:04:31.415Z] [METRIC  ] [isolated-daos] iso-1.Voter Participation Rate: 0.1034 (std: 0.0358)
{"timestamp":"2026-01-30T10:04:31.415Z","level":"metric","message":"[isolated-daos] iso-2.Voter Participation Rate: 0.0987 (std: 0.0371)"}
[2026-01-30T10:04:31.415Z] [METRIC  ] [isolated-daos] iso-2.Voter Participation Rate: 0.0987 (std: 0.0371)
{"timestamp":"2026-01-30T10:04:31.415Z","level":"metric","message":"[isolated-daos] iso-3.Voter Participation Rate: 0.1017 (std: 0.0403)"}
[2026-01-30T10:04:31.415Z] [METRIC  ] [isolated-daos] iso-3.Voter Participation Rate: 0.1017 (std: 0.0403)
{"timestamp":"2026-01-30T10:04:31.415Z","level":"metric","message":"[isolated-daos] iso-1.Final Treasury: 11984.4247 (std: 18.1794)"}
[2026-01-30T10:04:31.415Z] [METRIC  ] [isolated-daos] iso-1.Final Treasury: 11984.4247 (std: 18.1794)
{"timestamp":"2026-01-30T10:04:31.415Z","level":"metric","message":"[isolated-daos] iso-2.Final Treasury: 11925.7744 (std: 326.0056)"}
[2026-01-30T10:04:31.415Z] [METRIC  ] [isolated-daos] iso-2.Final Treasury: 11925.7744 (std: 326.0056)
{"timestamp":"2026-01-30T10:04:31.415Z","level":"metric","message":"[isolated-daos] iso-3.Final Treasury: 11958.2394 (std: 235.5594)"}
[2026-01-30T10:04:31.415Z] [METRIC  ] [isolated-daos] iso-3.Final Treasury: 11958.2394 (std: 235.5594)
{"timestamp":"2026-01-30T10:04:31.415Z","level":"metric","message":"[isolated-daos] iso-1.Treasury Growth Rate: -0.1496 (std: 0.0009)"}
[2026-01-30T10:04:31.415Z] [METRIC  ] [isolated-daos] iso-1.Treasury Growth Rate: -0.1496 (std: 0.0009)
{"timestamp":"2026-01-30T10:04:31.415Z","level":"metric","message":"[isolated-daos] iso-2.Treasury Growth Rate: -0.1499 (std: 0.0025)"}
[2026-01-30T10:04:31.415Z] [METRIC  ] [isolated-daos] iso-2.Treasury Growth Rate: -0.1499 (std: 0.0025)
{"timestamp":"2026-01-30T10:04:31.415Z","level":"metric","message":"[isolated-daos] iso-3.Treasury Growth Rate: -0.1498 (std: 0.0020)"}
[2026-01-30T10:04:31.415Z] [METRIC  ] [isolated-daos] iso-3.Treasury Growth Rate: -0.1498 (std: 0.0020)
{"timestamp":"2026-01-30T10:04:31.415Z","level":"info","message":"Experiment state changed to: completed"}
[2026-01-30T10:04:31.415Z] [INFO    ] Experiment state changed to: completed
