{"timestamp":"2026-02-18T03:16:41.596Z","level":"info","message":"Starting experiment: Voting Mechanism Comparison"}
[2026-02-18T03:16:41.596Z] [INFO    ] Starting experiment: Voting Mechanism Comparison
{"timestamp":"2026-02-18T03:16:41.597Z","level":"info","message":"Description: Compares majority, quadratic, and conviction voting across quorum levels (RQ3)."}
[2026-02-18T03:16:41.597Z] [INFO    ] Description: Compares majority, quadratic, and conviction voting across quorum levels (RQ3).
{"timestamp":"2026-02-18T03:16:41.597Z","level":"info","message":"Total runs: 12 (2 per config)"}
[2026-02-18T03:16:41.597Z] [INFO    ] Total runs: 12 (2 per config)
{"timestamp":"2026-02-18T03:16:41.597Z","level":"info","message":"Workers: 4"}
[2026-02-18T03:16:41.597Z] [INFO    ] Workers: 4
{"timestamp":"2026-02-18T03:16:41.597Z","level":"info","message":"Output: results/paper/09-voting-mechanisms"}
[2026-02-18T03:16:41.597Z] [INFO    ] Output: results/paper/09-voting-mechanisms
{"timestamp":"2026-02-18T03:16:41.597Z","level":"info","message":"Sweep parameter: undefined"}
[2026-02-18T03:16:41.597Z] [INFO    ] Sweep parameter: undefined
{"timestamp":"2026-02-18T03:16:41.607Z","level":"info","message":"Experiment state changed to: running"}
[2026-02-18T03:16:41.607Z] [INFO    ] Experiment state changed to: running
{"timestamp":"2026-02-18T03:16:53.538Z","level":"progress","message":"Progress: 25% (3/12)","data":{"runsPerSecond":"0.25","eta":"35.8s"}}
[2026-02-18T03:16:53.538Z] [PROGRESS] Progress: 25% (3/12) {"runsPerSecond":"0.25","eta":"35.8s"}
{"timestamp":"2026-02-18T03:17:06.609Z","level":"progress","message":"Progress: 50% (6/12)","data":{"runsPerSecond":"0.24","eta":"25.0s"}}
[2026-02-18T03:17:06.609Z] [PROGRESS] Progress: 50% (6/12) {"runsPerSecond":"0.24","eta":"25.0s"}
{"timestamp":"2026-02-18T03:17:20.050Z","level":"progress","message":"Progress: 75% (9/12)","data":{"runsPerSecond":"0.23","eta":"12.8s"}}
[2026-02-18T03:17:20.050Z] [PROGRESS] Progress: 75% (9/12) {"runsPerSecond":"0.23","eta":"12.8s"}
{"timestamp":"2026-02-18T03:17:26.196Z","level":"progress","message":"Progress: 100% (12/12)","data":{"runsPerSecond":"0.27","eta":"unknown"}}
[2026-02-18T03:17:26.196Z] [PROGRESS] Progress: 100% (12/12) {"runsPerSecond":"0.27","eta":"unknown"}
{"timestamp":"2026-02-18T03:17:26.276Z","level":"info","message":"Exporting results..."}
[2026-02-18T03:17:26.276Z] [INFO    ] Exporting results...
{"timestamp":"2026-02-18T03:17:26.298Z","level":"info","message":"Experiment completed in 44.7s"}
[2026-02-18T03:17:26.298Z] [INFO    ] Experiment completed in 44.7s
{"timestamp":"2026-02-18T03:17:26.298Z","level":"info","message":"Total runs: 12"}
[2026-02-18T03:17:26.298Z] [INFO    ] Total runs: 12
{"timestamp":"2026-02-18T03:17:26.298Z","level":"info","message":"Successful: 12"}
[2026-02-18T03:17:26.298Z] [INFO    ] Successful: 12
{"timestamp":"2026-02-18T03:17:26.298Z","level":"info","message":"Failed: 0"}
[2026-02-18T03:17:26.298Z] [INFO    ] Failed: 0
{"timestamp":"2026-02-18T03:17:26.298Z","level":"metric","message":"[governance_rule=majority_quorumPercentage=0.08] Proposal Pass Rate: 0.9792 (std: 0.0295)"}
[2026-02-18T03:17:26.298Z] [METRIC  ] [governance_rule=majority_quorumPercentage=0.08] Proposal Pass Rate: 0.9792 (std: 0.0295)
{"timestamp":"2026-02-18T03:17:26.298Z","level":"metric","message":"[governance_rule=majority_quorumPercentage=0.08] Average Turnout: 0.2392 (std: 0.0121)"}
[2026-02-18T03:17:26.298Z] [METRIC  ] [governance_rule=majority_quorumPercentage=0.08] Average Turnout: 0.2392 (std: 0.0121)
{"timestamp":"2026-02-18T03:17:26.298Z","level":"metric","message":"[governance_rule=majority_quorumPercentage=0.08] Final Gini: 0.4109 (std: 0.0255)"}
[2026-02-18T03:17:26.298Z] [METRIC  ] [governance_rule=majority_quorumPercentage=0.08] Final Gini: 0.4109 (std: 0.0255)
{"timestamp":"2026-02-18T03:17:26.298Z","level":"metric","message":"[governance_rule=majority_quorumPercentage=0.08] Final Reputation Gini: 0.9824 (std: 0.0067)"}
[2026-02-18T03:17:26.298Z] [METRIC  ] [governance_rule=majority_quorumPercentage=0.08] Final Reputation Gini: 0.9824 (std: 0.0067)
{"timestamp":"2026-02-18T03:17:26.298Z","level":"metric","message":"[governance_rule=majority_quorumPercentage=0.08] Whale Influence: 0.2708 (std: 0.0053)"}
[2026-02-18T03:17:26.298Z] [METRIC  ] [governance_rule=majority_quorumPercentage=0.08] Whale Influence: 0.2708 (std: 0.0053)
{"timestamp":"2026-02-18T03:17:26.298Z","level":"metric","message":"[governance_rule=majority_quorumPercentage=0.08] Governance Capture Risk: 0.2622 (std: 0.0154)"}
[2026-02-18T03:17:26.298Z] [METRIC  ] [governance_rule=majority_quorumPercentage=0.08] Governance Capture Risk: 0.2622 (std: 0.0154)
{"timestamp":"2026-02-18T03:17:26.298Z","level":"metric","message":"[governance_rule=majority_quorumPercentage=0.08] Avg Margin of Victory: 0.5159 (std: 0.0260)"}
[2026-02-18T03:17:26.298Z] [METRIC  ] [governance_rule=majority_quorumPercentage=0.08] Avg Margin of Victory: 0.5159 (std: 0.0260)
{"timestamp":"2026-02-18T03:17:26.298Z","level":"metric","message":"[governance_rule=majority_quorumPercentage=0.08] Voter Participation Rate: 0.2190 (std: 0.0033)"}
[2026-02-18T03:17:26.298Z] [METRIC  ] [governance_rule=majority_quorumPercentage=0.08] Voter Participation Rate: 0.2190 (std: 0.0033)
{"timestamp":"2026-02-18T03:17:26.298Z","level":"metric","message":"[governance_rule=majority_quorumPercentage=0.08] Delegate Concentration: 0.2535 (std: 0.0081)"}
[2026-02-18T03:17:26.298Z] [METRIC  ] [governance_rule=majority_quorumPercentage=0.08] Delegate Concentration: 0.2535 (std: 0.0081)
{"timestamp":"2026-02-18T03:17:26.298Z","level":"metric","message":"[governance_rule=majority_quorumPercentage=0.08] Quorum Reach Rate: 1.0000 (std: 0.0000)"}
[2026-02-18T03:17:26.298Z] [METRIC  ] [governance_rule=majority_quorumPercentage=0.08] Quorum Reach Rate: 1.0000 (std: 0.0000)
{"timestamp":"2026-02-18T03:17:26.298Z","level":"metric","message":"[governance_rule=majority_quorumPercentage=0.08] Voter Concentration Gini: 0.4172 (std: 0.0117)"}
[2026-02-18T03:17:26.298Z] [METRIC  ] [governance_rule=majority_quorumPercentage=0.08] Voter Concentration Gini: 0.4172 (std: 0.0117)
{"timestamp":"2026-02-18T03:17:26.298Z","level":"metric","message":"[governance_rule=majority_quorumPercentage=0.08] Token Concentration Gini: 0.4109 (std: 0.0255)"}
[2026-02-18T03:17:26.298Z] [METRIC  ] [governance_rule=majority_quorumPercentage=0.08] Token Concentration Gini: 0.4109 (std: 0.0255)
{"timestamp":"2026-02-18T03:17:26.298Z","level":"metric","message":"[governance_rule=majority_quorumPercentage=0.08] Single Entity Control: 0.0175 (std: 0.0011)"}
[2026-02-18T03:17:26.298Z] [METRIC  ] [governance_rule=majority_quorumPercentage=0.08] Single Entity Control: 0.0175 (std: 0.0011)
{"timestamp":"2026-02-18T03:17:26.298Z","level":"metric","message":"[governance_rule=majority_quorumPercentage=0.08] Collusion Threshold: 0.3457 (std: 0.0070)"}
[2026-02-18T03:17:26.298Z] [METRIC  ] [governance_rule=majority_quorumPercentage=0.08] Collusion Threshold: 0.3457 (std: 0.0070)
{"timestamp":"2026-02-18T03:17:26.298Z","level":"metric","message":"[governance_rule=majority_quorumPercentage=0.08] Final Treasury: 12049.3804 (std: 0.6213)"}
[2026-02-18T03:17:26.298Z] [METRIC  ] [governance_rule=majority_quorumPercentage=0.08] Final Treasury: 12049.3804 (std: 0.6213)
{"timestamp":"2026-02-18T03:17:26.298Z","level":"metric","message":"[governance_rule=majority_quorumPercentage=0.08] Treasury Volatility: 0.2273 (std: 0.0414)"}
[2026-02-18T03:17:26.298Z] [METRIC  ] [governance_rule=majority_quorumPercentage=0.08] Treasury Volatility: 0.2273 (std: 0.0414)
{"timestamp":"2026-02-18T03:17:26.298Z","level":"metric","message":"[governance_rule=majority_quorumPercentage=0.04] Proposal Pass Rate: 0.9902 (std: 0.0139)"}
[2026-02-18T03:17:26.298Z] [METRIC  ] [governance_rule=majority_quorumPercentage=0.04] Proposal Pass Rate: 0.9902 (std: 0.0139)
{"timestamp":"2026-02-18T03:17:26.298Z","level":"metric","message":"[governance_rule=majority_quorumPercentage=0.04] Average Turnout: 0.2188 (std: 0.0163)"}
[2026-02-18T03:17:26.298Z] [METRIC  ] [governance_rule=majority_quorumPercentage=0.04] Average Turnout: 0.2188 (std: 0.0163)
{"timestamp":"2026-02-18T03:17:26.298Z","level":"metric","message":"[governance_rule=majority_quorumPercentage=0.04] Final Gini: 0.4576 (std: 0.0756)"}
[2026-02-18T03:17:26.298Z] [METRIC  ] [governance_rule=majority_quorumPercentage=0.04] Final Gini: 0.4576 (std: 0.0756)
{"timestamp":"2026-02-18T03:17:26.298Z","level":"metric","message":"[governance_rule=majority_quorumPercentage=0.04] Final Reputation Gini: 0.9862 (std: 0.0012)"}
[2026-02-18T03:17:26.298Z] [METRIC  ] [governance_rule=majority_quorumPercentage=0.04] Final Reputation Gini: 0.9862 (std: 0.0012)
{"timestamp":"2026-02-18T03:17:26.298Z","level":"metric","message":"[governance_rule=majority_quorumPercentage=0.04] Whale Influence: 0.2767 (std: 0.0026)"}
[2026-02-18T03:17:26.298Z] [METRIC  ] [governance_rule=majority_quorumPercentage=0.04] Whale Influence: 0.2767 (std: 0.0026)
{"timestamp":"2026-02-18T03:17:26.298Z","level":"metric","message":"[governance_rule=majority_quorumPercentage=0.04] Governance Capture Risk: 0.2718 (std: 0.0025)"}
[2026-02-18T03:17:26.298Z] [METRIC  ] [governance_rule=majority_quorumPercentage=0.04] Governance Capture Risk: 0.2718 (std: 0.0025)
{"timestamp":"2026-02-18T03:17:26.298Z","level":"metric","message":"[governance_rule=majority_quorumPercentage=0.04] Avg Margin of Victory: 0.5497 (std: 0.0286)"}
[2026-02-18T03:17:26.298Z] [METRIC  ] [governance_rule=majority_quorumPercentage=0.04] Avg Margin of Victory: 0.5497 (std: 0.0286)
{"timestamp":"2026-02-18T03:17:26.298Z","level":"metric","message":"[governance_rule=majority_quorumPercentage=0.04] Voter Participation Rate: 0.2257 (std: 0.0244)"}
[2026-02-18T03:17:26.298Z] [METRIC  ] [governance_rule=majority_quorumPercentage=0.04] Voter Participation Rate: 0.2257 (std: 0.0244)
{"timestamp":"2026-02-18T03:17:26.298Z","level":"metric","message":"[governance_rule=majority_quorumPercentage=0.04] Delegate Concentration: 0.2735 (std: 0.0013)"}
[2026-02-18T03:17:26.298Z] [METRIC  ] [governance_rule=majority_quorumPercentage=0.04] Delegate Concentration: 0.2735 (std: 0.0013)
{"timestamp":"2026-02-18T03:17:26.298Z","level":"metric","message":"[governance_rule=majority_quorumPercentage=0.04] Quorum Reach Rate: 1.0000 (std: 0.0000)"}
[2026-02-18T03:17:26.298Z] [METRIC  ] [governance_rule=majority_quorumPercentage=0.04] Quorum Reach Rate: 1.0000 (std: 0.0000)
{"timestamp":"2026-02-18T03:17:26.298Z","level":"metric","message":"[governance_rule=majority_quorumPercentage=0.04] Voter Concentration Gini: 0.4107 (std: 0.0077)"}
[2026-02-18T03:17:26.298Z] [METRIC  ] [governance_rule=majority_quorumPercentage=0.04] Voter Concentration Gini: 0.4107 (std: 0.0077)
{"timestamp":"2026-02-18T03:17:26.298Z","level":"metric","message":"[governance_rule=majority_quorumPercentage=0.04] Token Concentration Gini: 0.4579 (std: 0.0756)"}
[2026-02-18T03:17:26.298Z] [METRIC  ] [governance_rule=majority_quorumPercentage=0.04] Token Concentration Gini: 0.4579 (std: 0.0756)
{"timestamp":"2026-02-18T03:17:26.298Z","level":"metric","message":"[governance_rule=majority_quorumPercentage=0.04] Single Entity Control: 0.0188 (std: 0.0016)"}
[2026-02-18T03:17:26.298Z] [METRIC  ] [governance_rule=majority_quorumPercentage=0.04] Single Entity Control: 0.0188 (std: 0.0016)
{"timestamp":"2026-02-18T03:17:26.298Z","level":"metric","message":"[governance_rule=majority_quorumPercentage=0.04] Collusion Threshold: 0.3296 (std: 0.0227)"}
[2026-02-18T03:17:26.298Z] [METRIC  ] [governance_rule=majority_quorumPercentage=0.04] Collusion Threshold: 0.3296 (std: 0.0227)
{"timestamp":"2026-02-18T03:17:26.298Z","level":"metric","message":"[governance_rule=majority_quorumPercentage=0.04] Final Treasury: 10657.0182 (std: 161.6977)"}
[2026-02-18T03:17:26.298Z] [METRIC  ] [governance_rule=majority_quorumPercentage=0.04] Final Treasury: 10657.0182 (std: 161.6977)
{"timestamp":"2026-02-18T03:17:26.298Z","level":"metric","message":"[governance_rule=majority_quorumPercentage=0.04] Treasury Volatility: 0.2330 (std: 0.0128)"}
[2026-02-18T03:17:26.298Z] [METRIC  ] [governance_rule=majority_quorumPercentage=0.04] Treasury Volatility: 0.2330 (std: 0.0128)
{"timestamp":"2026-02-18T03:17:26.298Z","level":"metric","message":"[governance_rule=quadratic_quorumPercentage=0.08] Proposal Pass Rate: 0.9764 (std: 0.0020)"}
[2026-02-18T03:17:26.298Z] [METRIC  ] [governance_rule=quadratic_quorumPercentage=0.08] Proposal Pass Rate: 0.9764 (std: 0.0020)
{"timestamp":"2026-02-18T03:17:26.298Z","level":"metric","message":"[governance_rule=quadratic_quorumPercentage=0.08] Average Turnout: 0.2205 (std: 0.0031)"}
[2026-02-18T03:17:26.298Z] [METRIC  ] [governance_rule=quadratic_quorumPercentage=0.08] Average Turnout: 0.2205 (std: 0.0031)
{"timestamp":"2026-02-18T03:17:26.298Z","level":"metric","message":"[governance_rule=quadratic_quorumPercentage=0.08] Final Gini: 0.4598 (std: 0.0236)"}
[2026-02-18T03:17:26.298Z] [METRIC  ] [governance_rule=quadratic_quorumPercentage=0.08] Final Gini: 0.4598 (std: 0.0236)
{"timestamp":"2026-02-18T03:17:26.298Z","level":"metric","message":"[governance_rule=quadratic_quorumPercentage=0.08] Final Reputation Gini: 0.9808 (std: 0.0034)"}
[2026-02-18T03:17:26.298Z] [METRIC  ] [governance_rule=quadratic_quorumPercentage=0.08] Final Reputation Gini: 0.9808 (std: 0.0034)
{"timestamp":"2026-02-18T03:17:26.298Z","level":"metric","message":"[governance_rule=quadratic_quorumPercentage=0.08] Whale Influence: 0.2606 (std: 0.0176)"}
[2026-02-18T03:17:26.298Z] [METRIC  ] [governance_rule=quadratic_quorumPercentage=0.08] Whale Influence: 0.2606 (std: 0.0176)
{"timestamp":"2026-02-18T03:17:26.298Z","level":"metric","message":"[governance_rule=quadratic_quorumPercentage=0.08] Governance Capture Risk: 0.2574 (std: 0.0105)"}
[2026-02-18T03:17:26.298Z] [METRIC  ] [governance_rule=quadratic_quorumPercentage=0.08] Governance Capture Risk: 0.2574 (std: 0.0105)
{"timestamp":"2026-02-18T03:17:26.298Z","level":"metric","message":"[governance_rule=quadratic_quorumPercentage=0.08] Avg Margin of Victory: 0.6295 (std: 0.0108)"}
[2026-02-18T03:17:26.298Z] [METRIC  ] [governance_rule=quadratic_quorumPercentage=0.08] Avg Margin of Victory: 0.6295 (std: 0.0108)
{"timestamp":"2026-02-18T03:17:26.298Z","level":"metric","message":"[governance_rule=quadratic_quorumPercentage=0.08] Voter Participation Rate: 0.2286 (std: 0.0087)"}
[2026-02-18T03:17:26.298Z] [METRIC  ] [governance_rule=quadratic_quorumPercentage=0.08] Voter Participation Rate: 0.2286 (std: 0.0087)
{"timestamp":"2026-02-18T03:17:26.298Z","level":"metric","message":"[governance_rule=quadratic_quorumPercentage=0.08] Delegate Concentration: 0.2551 (std: 0.0172)"}
[2026-02-18T03:17:26.298Z] [METRIC  ] [governance_rule=quadratic_quorumPercentage=0.08] Delegate Concentration: 0.2551 (std: 0.0172)
{"timestamp":"2026-02-18T03:17:26.298Z","level":"metric","message":"[governance_rule=quadratic_quorumPercentage=0.08] Quorum Reach Rate: 1.0000 (std: 0.0000)"}
[2026-02-18T03:17:26.298Z] [METRIC  ] [governance_rule=quadratic_quorumPercentage=0.08] Quorum Reach Rate: 1.0000 (std: 0.0000)
{"timestamp":"2026-02-18T03:17:26.298Z","level":"metric","message":"[governance_rule=quadratic_quorumPercentage=0.08] Voter Concentration Gini: 0.4040 (std: 0.0049)"}
[2026-02-18T03:17:26.298Z] [METRIC  ] [governance_rule=quadratic_quorumPercentage=0.08] Voter Concentration Gini: 0.4040 (std: 0.0049)
{"timestamp":"2026-02-18T03:17:26.298Z","level":"metric","message":"[governance_rule=quadratic_quorumPercentage=0.08] Token Concentration Gini: 0.4597 (std: 0.0231)"}
[2026-02-18T03:17:26.298Z] [METRIC  ] [governance_rule=quadratic_quorumPercentage=0.08] Token Concentration Gini: 0.4597 (std: 0.0231)
{"timestamp":"2026-02-18T03:17:26.298Z","level":"metric","message":"[governance_rule=quadratic_quorumPercentage=0.08] Single Entity Control: 0.0178 (std: 0.0020)"}
[2026-02-18T03:17:26.298Z] [METRIC  ] [governance_rule=quadratic_quorumPercentage=0.08] Single Entity Control: 0.0178 (std: 0.0020)
{"timestamp":"2026-02-18T03:17:26.298Z","level":"metric","message":"[governance_rule=quadratic_quorumPercentage=0.08] Collusion Threshold: 0.3358 (std: 0.0140)"}
[2026-02-18T03:17:26.298Z] [METRIC  ] [governance_rule=quadratic_quorumPercentage=0.08] Collusion Threshold: 0.3358 (std: 0.0140)
{"timestamp":"2026-02-18T03:17:26.298Z","level":"metric","message":"[governance_rule=quadratic_quorumPercentage=0.08] Final Treasury: 11360.7951 (std: 974.6294)"}
[2026-02-18T03:17:26.298Z] [METRIC  ] [governance_rule=quadratic_quorumPercentage=0.08] Final Treasury: 11360.7951 (std: 974.6294)
{"timestamp":"2026-02-18T03:17:26.298Z","level":"metric","message":"[governance_rule=quadratic_quorumPercentage=0.08] Treasury Volatility: 0.2293 (std: 0.0031)"}
[2026-02-18T03:17:26.298Z] [METRIC  ] [governance_rule=quadratic_quorumPercentage=0.08] Treasury Volatility: 0.2293 (std: 0.0031)
{"timestamp":"2026-02-18T03:17:26.298Z","level":"metric","message":"[governance_rule=quadratic_quorumPercentage=0.04] Proposal Pass Rate: 0.9896 (std: 0.0147)"}
[2026-02-18T03:17:26.298Z] [METRIC  ] [governance_rule=quadratic_quorumPercentage=0.04] Proposal Pass Rate: 0.9896 (std: 0.0147)
{"timestamp":"2026-02-18T03:17:26.298Z","level":"metric","message":"[governance_rule=quadratic_quorumPercentage=0.04] Average Turnout: 0.2235 (std: 0.0186)"}
[2026-02-18T03:17:26.298Z] [METRIC  ] [governance_rule=quadratic_quorumPercentage=0.04] Average Turnout: 0.2235 (std: 0.0186)
{"timestamp":"2026-02-18T03:17:26.298Z","level":"metric","message":"[governance_rule=quadratic_quorumPercentage=0.04] Final Gini: 0.4640 (std: 0.0495)"}
[2026-02-18T03:17:26.298Z] [METRIC  ] [governance_rule=quadratic_quorumPercentage=0.04] Final Gini: 0.4640 (std: 0.0495)
{"timestamp":"2026-02-18T03:17:26.299Z","level":"metric","message":"[governance_rule=quadratic_quorumPercentage=0.04] Final Reputation Gini: 0.9876 (std: 0.0021)"}
[2026-02-18T03:17:26.299Z] [METRIC  ] [governance_rule=quadratic_quorumPercentage=0.04] Final Reputation Gini: 0.9876 (std: 0.0021)
{"timestamp":"2026-02-18T03:17:26.299Z","level":"metric","message":"[governance_rule=quadratic_quorumPercentage=0.04] Whale Influence: 0.2802 (std: 0.0030)"}
[2026-02-18T03:17:26.299Z] [METRIC  ] [governance_rule=quadratic_quorumPercentage=0.04] Whale Influence: 0.2802 (std: 0.0030)
{"timestamp":"2026-02-18T03:17:26.299Z","level":"metric","message":"[governance_rule=quadratic_quorumPercentage=0.04] Governance Capture Risk: 0.2740 (std: 0.0012)"}
[2026-02-18T03:17:26.299Z] [METRIC  ] [governance_rule=quadratic_quorumPercentage=0.04] Governance Capture Risk: 0.2740 (std: 0.0012)
{"timestamp":"2026-02-18T03:17:26.299Z","level":"metric","message":"[governance_rule=quadratic_quorumPercentage=0.04] Avg Margin of Victory: 0.5822 (std: 0.0033)"}
[2026-02-18T03:17:26.299Z] [METRIC  ] [governance_rule=quadratic_quorumPercentage=0.04] Avg Margin of Victory: 0.5822 (std: 0.0033)
{"timestamp":"2026-02-18T03:17:26.299Z","level":"metric","message":"[governance_rule=quadratic_quorumPercentage=0.04] Voter Participation Rate: 0.2282 (std: 0.0126)"}
[2026-02-18T03:17:26.299Z] [METRIC  ] [governance_rule=quadratic_quorumPercentage=0.04] Voter Participation Rate: 0.2282 (std: 0.0126)
{"timestamp":"2026-02-18T03:17:26.299Z","level":"metric","message":"[governance_rule=quadratic_quorumPercentage=0.04] Delegate Concentration: 0.2710 (std: 0.0035)"}
[2026-02-18T03:17:26.299Z] [METRIC  ] [governance_rule=quadratic_quorumPercentage=0.04] Delegate Concentration: 0.2710 (std: 0.0035)
{"timestamp":"2026-02-18T03:17:26.299Z","level":"metric","message":"[governance_rule=quadratic_quorumPercentage=0.04] Quorum Reach Rate: 1.0000 (std: 0.0000)"}
[2026-02-18T03:17:26.299Z] [METRIC  ] [governance_rule=quadratic_quorumPercentage=0.04] Quorum Reach Rate: 1.0000 (std: 0.0000)
{"timestamp":"2026-02-18T03:17:26.299Z","level":"metric","message":"[governance_rule=quadratic_quorumPercentage=0.04] Voter Concentration Gini: 0.4063 (std: 0.0091)"}
[2026-02-18T03:17:26.299Z] [METRIC  ] [governance_rule=quadratic_quorumPercentage=0.04] Voter Concentration Gini: 0.4063 (std: 0.0091)
{"timestamp":"2026-02-18T03:17:26.299Z","level":"metric","message":"[governance_rule=quadratic_quorumPercentage=0.04] Token Concentration Gini: 0.4642 (std: 0.0494)"}
[2026-02-18T03:17:26.299Z] [METRIC  ] [governance_rule=quadratic_quorumPercentage=0.04] Token Concentration Gini: 0.4642 (std: 0.0494)
{"timestamp":"2026-02-18T03:17:26.299Z","level":"metric","message":"[governance_rule=quadratic_quorumPercentage=0.04] Single Entity Control: 0.0195 (std: 0.0026)"}
[2026-02-18T03:17:26.299Z] [METRIC  ] [governance_rule=quadratic_quorumPercentage=0.04] Single Entity Control: 0.0195 (std: 0.0026)
{"timestamp":"2026-02-18T03:17:26.299Z","level":"metric","message":"[governance_rule=quadratic_quorumPercentage=0.04] Collusion Threshold: 0.3333 (std: 0.0140)"}
[2026-02-18T03:17:26.299Z] [METRIC  ] [governance_rule=quadratic_quorumPercentage=0.04] Collusion Threshold: 0.3333 (std: 0.0140)
{"timestamp":"2026-02-18T03:17:26.299Z","level":"metric","message":"[governance_rule=quadratic_quorumPercentage=0.04] Final Treasury: 10897.9755 (std: 709.1698)"}
[2026-02-18T03:17:26.299Z] [METRIC  ] [governance_rule=quadratic_quorumPercentage=0.04] Final Treasury: 10897.9755 (std: 709.1698)
{"timestamp":"2026-02-18T03:17:26.299Z","level":"metric","message":"[governance_rule=quadratic_quorumPercentage=0.04] Treasury Volatility: 0.2498 (std: 0.0255)"}
[2026-02-18T03:17:26.299Z] [METRIC  ] [governance_rule=quadratic_quorumPercentage=0.04] Treasury Volatility: 0.2498 (std: 0.0255)
{"timestamp":"2026-02-18T03:17:26.299Z","level":"metric","message":"[governance_rule=conviction_quorumPercentage=0.08] Proposal Pass Rate: 1.0000 (std: 0.0000)"}
[2026-02-18T03:17:26.299Z] [METRIC  ] [governance_rule=conviction_quorumPercentage=0.08] Proposal Pass Rate: 1.0000 (std: 0.0000)
{"timestamp":"2026-02-18T03:17:26.299Z","level":"metric","message":"[governance_rule=conviction_quorumPercentage=0.08] Average Turnout: 0.2339 (std: 0.0070)"}
[2026-02-18T03:17:26.299Z] [METRIC  ] [governance_rule=conviction_quorumPercentage=0.08] Average Turnout: 0.2339 (std: 0.0070)
{"timestamp":"2026-02-18T03:17:26.299Z","level":"metric","message":"[governance_rule=conviction_quorumPercentage=0.08] Final Gini: 0.4513 (std: 0.0119)"}
[2026-02-18T03:17:26.299Z] [METRIC  ] [governance_rule=conviction_quorumPercentage=0.08] Final Gini: 0.4513 (std: 0.0119)
{"timestamp":"2026-02-18T03:17:26.299Z","level":"metric","message":"[governance_rule=conviction_quorumPercentage=0.08] Final Reputation Gini: 0.9868 (std: 0.0014)"}
[2026-02-18T03:17:26.299Z] [METRIC  ] [governance_rule=conviction_quorumPercentage=0.08] Final Reputation Gini: 0.9868 (std: 0.0014)
{"timestamp":"2026-02-18T03:17:26.299Z","level":"metric","message":"[governance_rule=conviction_quorumPercentage=0.08] Whale Influence: 0.2587 (std: 0.0113)"}
[2026-02-18T03:17:26.299Z] [METRIC  ] [governance_rule=conviction_quorumPercentage=0.08] Whale Influence: 0.2587 (std: 0.0113)
{"timestamp":"2026-02-18T03:17:26.299Z","level":"metric","message":"[governance_rule=conviction_quorumPercentage=0.08] Governance Capture Risk: 0.2708 (std: 0.0029)"}
[2026-02-18T03:17:26.299Z] [METRIC  ] [governance_rule=conviction_quorumPercentage=0.08] Governance Capture Risk: 0.2708 (std: 0.0029)
{"timestamp":"2026-02-18T03:17:26.299Z","level":"metric","message":"[governance_rule=conviction_quorumPercentage=0.08] Avg Margin of Victory: 0.5379 (std: 0.0231)"}
[2026-02-18T03:17:26.299Z] [METRIC  ] [governance_rule=conviction_quorumPercentage=0.08] Avg Margin of Victory: 0.5379 (std: 0.0231)
{"timestamp":"2026-02-18T03:17:26.299Z","level":"metric","message":"[governance_rule=conviction_quorumPercentage=0.08] Voter Participation Rate: 0.2378 (std: 0.0058)"}
[2026-02-18T03:17:26.299Z] [METRIC  ] [governance_rule=conviction_quorumPercentage=0.08] Voter Participation Rate: 0.2378 (std: 0.0058)
{"timestamp":"2026-02-18T03:17:26.299Z","level":"metric","message":"[governance_rule=conviction_quorumPercentage=0.08] Delegate Concentration: 0.2621 (std: 0.0090)"}
[2026-02-18T03:17:26.299Z] [METRIC  ] [governance_rule=conviction_quorumPercentage=0.08] Delegate Concentration: 0.2621 (std: 0.0090)
{"timestamp":"2026-02-18T03:17:26.299Z","level":"metric","message":"[governance_rule=conviction_quorumPercentage=0.08] Quorum Reach Rate: 0.7738 (std: 0.0703)"}
[2026-02-18T03:17:26.299Z] [METRIC  ] [governance_rule=conviction_quorumPercentage=0.08] Quorum Reach Rate: 0.7738 (std: 0.0703)
{"timestamp":"2026-02-18T03:17:26.299Z","level":"metric","message":"[governance_rule=conviction_quorumPercentage=0.08] Voter Concentration Gini: 0.4083 (std: 0.0047)"}
[2026-02-18T03:17:26.299Z] [METRIC  ] [governance_rule=conviction_quorumPercentage=0.08] Voter Concentration Gini: 0.4083 (std: 0.0047)
{"timestamp":"2026-02-18T03:17:26.299Z","level":"metric","message":"[governance_rule=conviction_quorumPercentage=0.08] Token Concentration Gini: 0.4514 (std: 0.0119)"}
[2026-02-18T03:17:26.299Z] [METRIC  ] [governance_rule=conviction_quorumPercentage=0.08] Token Concentration Gini: 0.4514 (std: 0.0119)
{"timestamp":"2026-02-18T03:17:26.299Z","level":"metric","message":"[governance_rule=conviction_quorumPercentage=0.08] Single Entity Control: 0.0168 (std: 0.0007)"}
[2026-02-18T03:17:26.299Z] [METRIC  ] [governance_rule=conviction_quorumPercentage=0.08] Single Entity Control: 0.0168 (std: 0.0007)
{"timestamp":"2026-02-18T03:17:26.299Z","level":"metric","message":"[governance_rule=conviction_quorumPercentage=0.08] Collusion Threshold: 0.3358 (std: 0.0105)"}
[2026-02-18T03:17:26.299Z] [METRIC  ] [governance_rule=conviction_quorumPercentage=0.08] Collusion Threshold: 0.3358 (std: 0.0105)
{"timestamp":"2026-02-18T03:17:26.299Z","level":"metric","message":"[governance_rule=conviction_quorumPercentage=0.08] Final Treasury: 11471.0929 (std: 820.6356)"}
[2026-02-18T03:17:26.299Z] [METRIC  ] [governance_rule=conviction_quorumPercentage=0.08] Final Treasury: 11471.0929 (std: 820.6356)
{"timestamp":"2026-02-18T03:17:26.299Z","level":"metric","message":"[governance_rule=conviction_quorumPercentage=0.08] Treasury Volatility: 0.2362 (std: 0.0039)"}
[2026-02-18T03:17:26.299Z] [METRIC  ] [governance_rule=conviction_quorumPercentage=0.08] Treasury Volatility: 0.2362 (std: 0.0039)
{"timestamp":"2026-02-18T03:17:26.299Z","level":"metric","message":"[governance_rule=conviction_quorumPercentage=0.04] Proposal Pass Rate: 1.0000 (std: 0.0000)"}
[2026-02-18T03:17:26.299Z] [METRIC  ] [governance_rule=conviction_quorumPercentage=0.04] Proposal Pass Rate: 1.0000 (std: 0.0000)
{"timestamp":"2026-02-18T03:17:26.299Z","level":"metric","message":"[governance_rule=conviction_quorumPercentage=0.04] Average Turnout: 0.2264 (std: 0.0088)"}
[2026-02-18T03:17:26.299Z] [METRIC  ] [governance_rule=conviction_quorumPercentage=0.04] Average Turnout: 0.2264 (std: 0.0088)
{"timestamp":"2026-02-18T03:17:26.299Z","level":"metric","message":"[governance_rule=conviction_quorumPercentage=0.04] Final Gini: 0.4419 (std: 0.0168)"}
[2026-02-18T03:17:26.299Z] [METRIC  ] [governance_rule=conviction_quorumPercentage=0.04] Final Gini: 0.4419 (std: 0.0168)
{"timestamp":"2026-02-18T03:17:26.299Z","level":"metric","message":"[governance_rule=conviction_quorumPercentage=0.04] Final Reputation Gini: 0.9788 (std: 0.0001)"}
[2026-02-18T03:17:26.299Z] [METRIC  ] [governance_rule=conviction_quorumPercentage=0.04] Final Reputation Gini: 0.9788 (std: 0.0001)
{"timestamp":"2026-02-18T03:17:26.299Z","level":"metric","message":"[governance_rule=conviction_quorumPercentage=0.04] Whale Influence: 0.2706 (std: 0.0051)"}
[2026-02-18T03:17:26.299Z] [METRIC  ] [governance_rule=conviction_quorumPercentage=0.04] Whale Influence: 0.2706 (std: 0.0051)
{"timestamp":"2026-02-18T03:17:26.299Z","level":"metric","message":"[governance_rule=conviction_quorumPercentage=0.04] Governance Capture Risk: 0.2677 (std: 0.0098)"}
[2026-02-18T03:17:26.299Z] [METRIC  ] [governance_rule=conviction_quorumPercentage=0.04] Governance Capture Risk: 0.2677 (std: 0.0098)
{"timestamp":"2026-02-18T03:17:26.299Z","level":"metric","message":"[governance_rule=conviction_quorumPercentage=0.04] Avg Margin of Victory: 0.5900 (std: 0.0474)"}
[2026-02-18T03:17:26.299Z] [METRIC  ] [governance_rule=conviction_quorumPercentage=0.04] Avg Margin of Victory: 0.5900 (std: 0.0474)
{"timestamp":"2026-02-18T03:17:26.299Z","level":"metric","message":"[governance_rule=conviction_quorumPercentage=0.04] Voter Participation Rate: 0.2321 (std: 0.0091)"}
[2026-02-18T03:17:26.299Z] [METRIC  ] [governance_rule=conviction_quorumPercentage=0.04] Voter Participation Rate: 0.2321 (std: 0.0091)
{"timestamp":"2026-02-18T03:17:26.299Z","level":"metric","message":"[governance_rule=conviction_quorumPercentage=0.04] Delegate Concentration: 0.2718 (std: 0.0130)"}
[2026-02-18T03:17:26.299Z] [METRIC  ] [governance_rule=conviction_quorumPercentage=0.04] Delegate Concentration: 0.2718 (std: 0.0130)
{"timestamp":"2026-02-18T03:17:26.299Z","level":"metric","message":"[governance_rule=conviction_quorumPercentage=0.04] Quorum Reach Rate: 0.6821 (std: 0.0059)"}
[2026-02-18T03:17:26.299Z] [METRIC  ] [governance_rule=conviction_quorumPercentage=0.04] Quorum Reach Rate: 0.6821 (std: 0.0059)
{"timestamp":"2026-02-18T03:17:26.299Z","level":"metric","message":"[governance_rule=conviction_quorumPercentage=0.04] Voter Concentration Gini: 0.4080 (std: 0.0045)"}
[2026-02-18T03:17:26.299Z] [METRIC  ] [governance_rule=conviction_quorumPercentage=0.04] Voter Concentration Gini: 0.4080 (std: 0.0045)
{"timestamp":"2026-02-18T03:17:26.299Z","level":"metric","message":"[governance_rule=conviction_quorumPercentage=0.04] Token Concentration Gini: 0.4419 (std: 0.0170)"}
[2026-02-18T03:17:26.299Z] [METRIC  ] [governance_rule=conviction_quorumPercentage=0.04] Token Concentration Gini: 0.4419 (std: 0.0170)
{"timestamp":"2026-02-18T03:17:26.299Z","level":"metric","message":"[governance_rule=conviction_quorumPercentage=0.04] Single Entity Control: 0.0173 (std: 0.0002)"}
[2026-02-18T03:17:26.299Z] [METRIC  ] [governance_rule=conviction_quorumPercentage=0.04] Single Entity Control: 0.0173 (std: 0.0002)
{"timestamp":"2026-02-18T03:17:26.299Z","level":"metric","message":"[governance_rule=conviction_quorumPercentage=0.04] Collusion Threshold: 0.3395 (std: 0.0017)"}
[2026-02-18T03:17:26.299Z] [METRIC  ] [governance_rule=conviction_quorumPercentage=0.04] Collusion Threshold: 0.3395 (std: 0.0017)
{"timestamp":"2026-02-18T03:17:26.299Z","level":"metric","message":"[governance_rule=conviction_quorumPercentage=0.04] Final Treasury: 12049.9071 (std: 2.6097)"}
[2026-02-18T03:17:26.299Z] [METRIC  ] [governance_rule=conviction_quorumPercentage=0.04] Final Treasury: 12049.9071 (std: 2.6097)
{"timestamp":"2026-02-18T03:17:26.299Z","level":"metric","message":"[governance_rule=conviction_quorumPercentage=0.04] Treasury Volatility: 0.2243 (std: 0.0246)"}
[2026-02-18T03:17:26.299Z] [METRIC  ] [governance_rule=conviction_quorumPercentage=0.04] Treasury Volatility: 0.2243 (std: 0.0246)
{"timestamp":"2026-02-18T03:17:26.300Z","level":"info","message":"Experiment state changed to: completed"}
[2026-02-18T03:17:26.300Z] [INFO    ] Experiment state changed to: completed
{"timestamp":"2026-02-18T05:42:11.318Z","level":"info","message":"Starting experiment: Voting Mechanism Comparison"}
[2026-02-18T05:42:11.318Z] [INFO    ] Starting experiment: Voting Mechanism Comparison
{"timestamp":"2026-02-18T05:42:11.318Z","level":"info","message":"Description: Compares majority, quadratic, and conviction voting across quorum levels (RQ3)."}
[2026-02-18T05:42:11.318Z] [INFO    ] Description: Compares majority, quadratic, and conviction voting across quorum levels (RQ3).
{"timestamp":"2026-02-18T05:42:11.318Z","level":"info","message":"Total runs: 180 (30 per config)"}
[2026-02-18T05:42:11.318Z] [INFO    ] Total runs: 180 (30 per config)
{"timestamp":"2026-02-18T05:42:11.318Z","level":"info","message":"Workers: 4"}
[2026-02-18T05:42:11.318Z] [INFO    ] Workers: 4
{"timestamp":"2026-02-18T05:42:11.318Z","level":"info","message":"Output: results/paper/09-voting-mechanisms"}
[2026-02-18T05:42:11.318Z] [INFO    ] Output: results/paper/09-voting-mechanisms
{"timestamp":"2026-02-18T05:42:11.318Z","level":"info","message":"Sweep parameter: undefined"}
[2026-02-18T05:42:11.318Z] [INFO    ] Sweep parameter: undefined
{"timestamp":"2026-02-18T05:42:11.334Z","level":"info","message":"Experiment state changed to: running"}
[2026-02-18T05:42:11.334Z] [INFO    ] Experiment state changed to: running
{"timestamp":"2026-02-18T05:42:46.126Z","level":"progress","message":"Progress: 5% (9/180)","data":{"runsPerSecond":"0.26","eta":"11m 1s"}}
[2026-02-18T05:42:46.126Z] [PROGRESS] Progress: 5% (9/180) {"runsPerSecond":"0.26","eta":"11m 1s"}
{"timestamp":"2026-02-18T05:42:46.206Z","level":"progress","message":"Progress: 5% (10/180)","data":{"runsPerSecond":"0.29","eta":"9m 53s"}}
[2026-02-18T05:42:46.206Z] [PROGRESS] Progress: 5% (10/180) {"runsPerSecond":"0.29","eta":"9m 53s"}
{"timestamp":"2026-02-18T05:43:10.628Z","level":"progress","message":"Progress: 10% (18/180)","data":{"runsPerSecond":"0.30","eta":"8m 54s"}}
[2026-02-18T05:43:10.628Z] [PROGRESS] Progress: 10% (18/180) {"runsPerSecond":"0.30","eta":"8m 54s"}
{"timestamp":"2026-02-18T05:43:10.711Z","level":"progress","message":"Progress: 10% (19/180)","data":{"runsPerSecond":"0.32","eta":"8m 23s"}}
[2026-02-18T05:43:10.711Z] [PROGRESS] Progress: 10% (19/180) {"runsPerSecond":"0.32","eta":"8m 23s"}
{"timestamp":"2026-02-18T05:43:32.768Z","level":"progress","message":"Progress: 15% (27/180)","data":{"runsPerSecond":"0.33","eta":"7m 41s"}}
[2026-02-18T05:43:32.768Z] [PROGRESS] Progress: 15% (27/180) {"runsPerSecond":"0.33","eta":"7m 41s"}
{"timestamp":"2026-02-18T05:43:34.321Z","level":"progress","message":"Progress: 15% (28/180)","data":{"runsPerSecond":"0.34","eta":"7m 30s"}}
[2026-02-18T05:43:34.321Z] [PROGRESS] Progress: 15% (28/180) {"runsPerSecond":"0.34","eta":"7m 30s"}
{"timestamp":"2026-02-18T05:43:55.106Z","level":"progress","message":"Progress: 20% (36/180)","data":{"runsPerSecond":"0.35","eta":"6m 55s"}}
[2026-02-18T05:43:55.106Z] [PROGRESS] Progress: 20% (36/180) {"runsPerSecond":"0.35","eta":"6m 55s"}
{"timestamp":"2026-02-18T05:44:01.673Z","level":"progress","message":"Progress: 20% (37/180)","data":{"runsPerSecond":"0.34","eta":"7m 6s"}}
[2026-02-18T05:44:01.673Z] [PROGRESS] Progress: 20% (37/180) {"runsPerSecond":"0.34","eta":"7m 6s"}
{"timestamp":"2026-02-18T05:44:21.749Z","level":"progress","message":"Progress: 25% (45/180)","data":{"runsPerSecond":"0.35","eta":"6m 31s"}}
[2026-02-18T05:44:21.749Z] [PROGRESS] Progress: 25% (45/180) {"runsPerSecond":"0.35","eta":"6m 31s"}
{"timestamp":"2026-02-18T05:44:26.151Z","level":"progress","message":"Progress: 25% (46/180)","data":{"runsPerSecond":"0.34","eta":"6m 33s"}}
[2026-02-18T05:44:26.151Z] [PROGRESS] Progress: 25% (46/180) {"runsPerSecond":"0.34","eta":"6m 33s"}
{"timestamp":"2026-02-18T05:44:46.178Z","level":"progress","message":"Progress: 30% (54/180)","data":{"runsPerSecond":"0.35","eta":"6m 1s"}}
[2026-02-18T05:44:46.178Z] [PROGRESS] Progress: 30% (54/180) {"runsPerSecond":"0.35","eta":"6m 1s"}
{"timestamp":"2026-02-18T05:44:51.588Z","level":"progress","message":"Progress: 30% (55/180)","data":{"runsPerSecond":"0.34","eta":"6m 4s"}}
[2026-02-18T05:44:51.588Z] [PROGRESS] Progress: 30% (55/180) {"runsPerSecond":"0.34","eta":"6m 4s"}
{"timestamp":"2026-02-18T05:45:12.069Z","level":"progress","message":"Progress: 35% (63/180)","data":{"runsPerSecond":"0.35","eta":"5m 36s"}}
[2026-02-18T05:45:12.069Z] [PROGRESS] Progress: 35% (63/180) {"runsPerSecond":"0.35","eta":"5m 36s"}
{"timestamp":"2026-02-18T05:45:14.831Z","level":"progress","message":"Progress: 35% (64/180)","data":{"runsPerSecond":"0.35","eta":"5m 33s"}}
[2026-02-18T05:45:14.831Z] [PROGRESS] Progress: 35% (64/180) {"runsPerSecond":"0.35","eta":"5m 33s"}
{"timestamp":"2026-02-18T05:45:35.077Z","level":"progress","message":"Progress: 40% (72/180)","data":{"runsPerSecond":"0.35","eta":"5m 6s"}}
[2026-02-18T05:45:35.077Z] [PROGRESS] Progress: 40% (72/180) {"runsPerSecond":"0.35","eta":"5m 6s"}
{"timestamp":"2026-02-18T05:45:36.915Z","level":"progress","message":"Progress: 40% (73/180)","data":{"runsPerSecond":"0.36","eta":"5m 1s"}}
[2026-02-18T05:45:36.915Z] [PROGRESS] Progress: 40% (73/180) {"runsPerSecond":"0.36","eta":"5m 1s"}
{"timestamp":"2026-02-18T05:45:58.284Z","level":"progress","message":"Progress: 45% (81/180)","data":{"runsPerSecond":"0.36","eta":"4m 37s"}}
[2026-02-18T05:45:58.284Z] [PROGRESS] Progress: 45% (81/180) {"runsPerSecond":"0.36","eta":"4m 37s"}
{"timestamp":"2026-02-18T05:46:01.405Z","level":"progress","message":"Progress: 45% (82/180)","data":{"runsPerSecond":"0.36","eta":"4m 35s"}}
[2026-02-18T05:46:01.405Z] [PROGRESS] Progress: 45% (82/180) {"runsPerSecond":"0.36","eta":"4m 35s"}
{"timestamp":"2026-02-18T05:46:23.067Z","level":"progress","message":"Progress: 50% (90/180)","data":{"runsPerSecond":"0.36","eta":"4m 12s"}}
[2026-02-18T05:46:23.067Z] [PROGRESS] Progress: 50% (90/180) {"runsPerSecond":"0.36","eta":"4m 12s"}
{"timestamp":"2026-02-18T05:46:23.604Z","level":"progress","message":"Progress: 50% (91/180)","data":{"runsPerSecond":"0.36","eta":"4m 7s"}}
[2026-02-18T05:46:23.604Z] [PROGRESS] Progress: 50% (91/180) {"runsPerSecond":"0.36","eta":"4m 7s"}
{"timestamp":"2026-02-18T05:46:43.036Z","level":"progress","message":"Progress: 55% (99/180)","data":{"runsPerSecond":"0.36","eta":"3m 42s"}}
[2026-02-18T05:46:43.036Z] [PROGRESS] Progress: 55% (99/180) {"runsPerSecond":"0.36","eta":"3m 42s"}
{"timestamp":"2026-02-18T05:46:47.341Z","level":"progress","message":"Progress: 55% (100/180)","data":{"runsPerSecond":"0.36","eta":"3m 41s"}}
[2026-02-18T05:46:47.341Z] [PROGRESS] Progress: 55% (100/180) {"runsPerSecond":"0.36","eta":"3m 41s"}
{"timestamp":"2026-02-18T05:47:06.263Z","level":"progress","message":"Progress: 60% (108/180)","data":{"runsPerSecond":"0.37","eta":"3m 17s"}}
[2026-02-18T05:47:06.263Z] [PROGRESS] Progress: 60% (108/180) {"runsPerSecond":"0.37","eta":"3m 17s"}
{"timestamp":"2026-02-18T05:47:07.771Z","level":"progress","message":"Progress: 60% (109/180)","data":{"runsPerSecond":"0.37","eta":"3m 13s"}}
[2026-02-18T05:47:07.771Z] [PROGRESS] Progress: 60% (109/180) {"runsPerSecond":"0.37","eta":"3m 13s"}
{"timestamp":"2026-02-18T05:47:29.243Z","level":"progress","message":"Progress: 65% (117/180)","data":{"runsPerSecond":"0.37","eta":"2m 51s"}}
[2026-02-18T05:47:29.243Z] [PROGRESS] Progress: 65% (117/180) {"runsPerSecond":"0.37","eta":"2m 51s"}
{"timestamp":"2026-02-18T05:47:34.370Z","level":"progress","message":"Progress: 65% (118/180)","data":{"runsPerSecond":"0.37","eta":"2m 50s"}}
[2026-02-18T05:47:34.370Z] [PROGRESS] Progress: 65% (118/180) {"runsPerSecond":"0.37","eta":"2m 50s"}
{"timestamp":"2026-02-18T05:47:52.797Z","level":"progress","message":"Progress: 70% (126/180)","data":{"runsPerSecond":"0.37","eta":"2m 26s"}}
[2026-02-18T05:47:52.797Z] [PROGRESS] Progress: 70% (126/180) {"runsPerSecond":"0.37","eta":"2m 26s"}
{"timestamp":"2026-02-18T05:47:54.897Z","level":"progress","message":"Progress: 70% (127/180)","data":{"runsPerSecond":"0.37","eta":"2m 23s"}}
[2026-02-18T05:47:54.897Z] [PROGRESS] Progress: 70% (127/180) {"runsPerSecond":"0.37","eta":"2m 23s"}
{"timestamp":"2026-02-18T05:48:15.237Z","level":"progress","message":"Progress: 75% (135/180)","data":{"runsPerSecond":"0.37","eta":"2m 1s"}}
[2026-02-18T05:48:15.237Z] [PROGRESS] Progress: 75% (135/180) {"runsPerSecond":"0.37","eta":"2m 1s"}
{"timestamp":"2026-02-18T05:48:16.141Z","level":"progress","message":"Progress: 75% (136/180)","data":{"runsPerSecond":"0.37","eta":"1m 58s"}}
[2026-02-18T05:48:16.141Z] [PROGRESS] Progress: 75% (136/180) {"runsPerSecond":"0.37","eta":"1m 58s"}
{"timestamp":"2026-02-18T05:48:34.954Z","level":"progress","message":"Progress: 80% (144/180)","data":{"runsPerSecond":"0.38","eta":"1m 36s"}}
[2026-02-18T05:48:34.954Z] [PROGRESS] Progress: 80% (144/180) {"runsPerSecond":"0.38","eta":"1m 36s"}
{"timestamp":"2026-02-18T05:48:36.714Z","level":"progress","message":"Progress: 80% (145/180)","data":{"runsPerSecond":"0.38","eta":"1m 33s"}}
[2026-02-18T05:48:36.714Z] [PROGRESS] Progress: 80% (145/180) {"runsPerSecond":"0.38","eta":"1m 33s"}
{"timestamp":"2026-02-18T05:48:57.699Z","level":"progress","message":"Progress: 85% (153/180)","data":{"runsPerSecond":"0.38","eta":"1m 12s"}}
[2026-02-18T05:48:57.699Z] [PROGRESS] Progress: 85% (153/180) {"runsPerSecond":"0.38","eta":"1m 12s"}
{"timestamp":"2026-02-18T05:48:58.167Z","level":"progress","message":"Progress: 85% (154/180)","data":{"runsPerSecond":"0.38","eta":"1m 9s"}}
[2026-02-18T05:48:58.167Z] [PROGRESS] Progress: 85% (154/180) {"runsPerSecond":"0.38","eta":"1m 9s"}
{"timestamp":"2026-02-18T05:49:16.974Z","level":"progress","message":"Progress: 90% (162/180)","data":{"runsPerSecond":"0.38","eta":"47.3s"}}
[2026-02-18T05:49:16.974Z] [PROGRESS] Progress: 90% (162/180) {"runsPerSecond":"0.38","eta":"47.3s"}
{"timestamp":"2026-02-18T05:49:23.638Z","level":"progress","message":"Progress: 90% (163/180)","data":{"runsPerSecond":"0.38","eta":"45.1s"}}
[2026-02-18T05:49:23.638Z] [PROGRESS] Progress: 90% (163/180) {"runsPerSecond":"0.38","eta":"45.1s"}
{"timestamp":"2026-02-18T05:49:43.189Z","level":"progress","message":"Progress: 95% (171/180)","data":{"runsPerSecond":"0.38","eta":"23.8s"}}
[2026-02-18T05:49:43.189Z] [PROGRESS] Progress: 95% (171/180) {"runsPerSecond":"0.38","eta":"23.8s"}
{"timestamp":"2026-02-18T05:49:47.639Z","level":"progress","message":"Progress: 95% (172/180)","data":{"runsPerSecond":"0.38","eta":"21.2s"}}
[2026-02-18T05:49:47.639Z] [PROGRESS] Progress: 95% (172/180) {"runsPerSecond":"0.38","eta":"21.2s"}
{"timestamp":"2026-02-18T05:50:07.593Z","level":"progress","message":"Progress: 100% (180/180)","data":{"runsPerSecond":"0.38","eta":"unknown"}}
[2026-02-18T05:50:07.593Z] [PROGRESS] Progress: 100% (180/180) {"runsPerSecond":"0.38","eta":"unknown"}
{"timestamp":"2026-02-18T05:50:07.642Z","level":"info","message":"Exporting results..."}
[2026-02-18T05:50:07.642Z] [INFO    ] Exporting results...
{"timestamp":"2026-02-18T05:50:07.753Z","level":"info","message":"Experiment completed in 7m 56s"}
[2026-02-18T05:50:07.753Z] [INFO    ] Experiment completed in 7m 56s
{"timestamp":"2026-02-18T05:50:07.753Z","level":"info","message":"Total runs: 180"}
[2026-02-18T05:50:07.753Z] [INFO    ] Total runs: 180
{"timestamp":"2026-02-18T05:50:07.753Z","level":"info","message":"Successful: 180"}
[2026-02-18T05:50:07.753Z] [INFO    ] Successful: 180
{"timestamp":"2026-02-18T05:50:07.753Z","level":"info","message":"Failed: 0"}
[2026-02-18T05:50:07.753Z] [INFO    ] Failed: 0
{"timestamp":"2026-02-18T05:50:07.753Z","level":"metric","message":"[governance_rule=majority_quorumPercentage=0.04] Proposal Pass Rate: 0.9718 (std: 0.0204)"}
[2026-02-18T05:50:07.753Z] [METRIC  ] [governance_rule=majority_quorumPercentage=0.04] Proposal Pass Rate: 0.9718 (std: 0.0204)
{"timestamp":"2026-02-18T05:50:07.753Z","level":"metric","message":"[governance_rule=majority_quorumPercentage=0.04] Average Turnout: 0.2259 (std: 0.0093)"}
[2026-02-18T05:50:07.753Z] [METRIC  ] [governance_rule=majority_quorumPercentage=0.04] Average Turnout: 0.2259 (std: 0.0093)
{"timestamp":"2026-02-18T05:50:07.753Z","level":"metric","message":"[governance_rule=majority_quorumPercentage=0.04] Final Gini: 0.4532 (std: 0.0343)"}
[2026-02-18T05:50:07.753Z] [METRIC  ] [governance_rule=majority_quorumPercentage=0.04] Final Gini: 0.4532 (std: 0.0343)
{"timestamp":"2026-02-18T05:50:07.753Z","level":"metric","message":"[governance_rule=majority_quorumPercentage=0.04] Final Reputation Gini: 0.9829 (std: 0.0040)"}
[2026-02-18T05:50:07.753Z] [METRIC  ] [governance_rule=majority_quorumPercentage=0.04] Final Reputation Gini: 0.9829 (std: 0.0040)
{"timestamp":"2026-02-18T05:50:07.753Z","level":"metric","message":"[governance_rule=majority_quorumPercentage=0.04] Whale Influence: 0.2691 (std: 0.0120)"}
[2026-02-18T05:50:07.753Z] [METRIC  ] [governance_rule=majority_quorumPercentage=0.04] Whale Influence: 0.2691 (std: 0.0120)
{"timestamp":"2026-02-18T05:50:07.753Z","level":"metric","message":"[governance_rule=majority_quorumPercentage=0.04] Governance Capture Risk: 0.2664 (std: 0.0125)"}
[2026-02-18T05:50:07.753Z] [METRIC  ] [governance_rule=majority_quorumPercentage=0.04] Governance Capture Risk: 0.2664 (std: 0.0125)
{"timestamp":"2026-02-18T05:50:07.753Z","level":"metric","message":"[governance_rule=majority_quorumPercentage=0.04] Avg Margin of Victory: 0.5286 (std: 0.0425)"}
[2026-02-18T05:50:07.753Z] [METRIC  ] [governance_rule=majority_quorumPercentage=0.04] Avg Margin of Victory: 0.5286 (std: 0.0425)
{"timestamp":"2026-02-18T05:50:07.753Z","level":"metric","message":"[governance_rule=majority_quorumPercentage=0.04] Voter Participation Rate: 0.2332 (std: 0.0107)"}
[2026-02-18T05:50:07.753Z] [METRIC  ] [governance_rule=majority_quorumPercentage=0.04] Voter Participation Rate: 0.2332 (std: 0.0107)
{"timestamp":"2026-02-18T05:50:07.753Z","level":"metric","message":"[governance_rule=majority_quorumPercentage=0.04] Delegate Concentration: 0.2656 (std: 0.0112)"}
[2026-02-18T05:50:07.753Z] [METRIC  ] [governance_rule=majority_quorumPercentage=0.04] Delegate Concentration: 0.2656 (std: 0.0112)
{"timestamp":"2026-02-18T05:50:07.753Z","level":"metric","message":"[governance_rule=majority_quorumPercentage=0.04] Quorum Reach Rate: 1.0000 (std: 0.0000)"}
[2026-02-18T05:50:07.753Z] [METRIC  ] [governance_rule=majority_quorumPercentage=0.04] Quorum Reach Rate: 1.0000 (std: 0.0000)
{"timestamp":"2026-02-18T05:50:07.753Z","level":"metric","message":"[governance_rule=majority_quorumPercentage=0.04] Voter Concentration Gini: 0.4053 (std: 0.0139)"}
[2026-02-18T05:50:07.753Z] [METRIC  ] [governance_rule=majority_quorumPercentage=0.04] Voter Concentration Gini: 0.4053 (std: 0.0139)
{"timestamp":"2026-02-18T05:50:07.753Z","level":"metric","message":"[governance_rule=majority_quorumPercentage=0.04] Token Concentration Gini: 0.4532 (std: 0.0343)"}
[2026-02-18T05:50:07.753Z] [METRIC  ] [governance_rule=majority_quorumPercentage=0.04] Token Concentration Gini: 0.4532 (std: 0.0343)
{"timestamp":"2026-02-18T05:50:07.753Z","level":"metric","message":"[governance_rule=majority_quorumPercentage=0.04] Single Entity Control: 0.0181 (std: 0.0014)"}
[2026-02-18T05:50:07.753Z] [METRIC  ] [governance_rule=majority_quorumPercentage=0.04] Single Entity Control: 0.0181 (std: 0.0014)
{"timestamp":"2026-02-18T05:50:07.753Z","level":"metric","message":"[governance_rule=majority_quorumPercentage=0.04] Collusion Threshold: 0.3360 (std: 0.0105)"}
[2026-02-18T05:50:07.753Z] [METRIC  ] [governance_rule=majority_quorumPercentage=0.04] Collusion Threshold: 0.3360 (std: 0.0105)
{"timestamp":"2026-02-18T05:50:07.753Z","level":"metric","message":"[governance_rule=majority_quorumPercentage=0.04] Final Treasury: 11445.4086 (std: 531.1142)"}
[2026-02-18T05:50:07.753Z] [METRIC  ] [governance_rule=majority_quorumPercentage=0.04] Final Treasury: 11445.4086 (std: 531.1142)
{"timestamp":"2026-02-18T05:50:07.753Z","level":"metric","message":"[governance_rule=majority_quorumPercentage=0.04] Treasury Volatility: 0.2333 (std: 0.0214)"}
[2026-02-18T05:50:07.753Z] [METRIC  ] [governance_rule=majority_quorumPercentage=0.04] Treasury Volatility: 0.2333 (std: 0.0214)
{"timestamp":"2026-02-18T05:50:07.753Z","level":"metric","message":"[governance_rule=majority_quorumPercentage=0.08] Proposal Pass Rate: 0.9763 (std: 0.0194)"}
[2026-02-18T05:50:07.753Z] [METRIC  ] [governance_rule=majority_quorumPercentage=0.08] Proposal Pass Rate: 0.9763 (std: 0.0194)
{"timestamp":"2026-02-18T05:50:07.753Z","level":"metric","message":"[governance_rule=majority_quorumPercentage=0.08] Average Turnout: 0.2273 (std: 0.0090)"}
[2026-02-18T05:50:07.753Z] [METRIC  ] [governance_rule=majority_quorumPercentage=0.08] Average Turnout: 0.2273 (std: 0.0090)
{"timestamp":"2026-02-18T05:50:07.753Z","level":"metric","message":"[governance_rule=majority_quorumPercentage=0.08] Final Gini: 0.4444 (std: 0.0341)"}
[2026-02-18T05:50:07.753Z] [METRIC  ] [governance_rule=majority_quorumPercentage=0.08] Final Gini: 0.4444 (std: 0.0341)
{"timestamp":"2026-02-18T05:50:07.753Z","level":"metric","message":"[governance_rule=majority_quorumPercentage=0.08] Final Reputation Gini: 0.9826 (std: 0.0042)"}
[2026-02-18T05:50:07.753Z] [METRIC  ] [governance_rule=majority_quorumPercentage=0.08] Final Reputation Gini: 0.9826 (std: 0.0042)
{"timestamp":"2026-02-18T05:50:07.753Z","level":"metric","message":"[governance_rule=majority_quorumPercentage=0.08] Whale Influence: 0.2700 (std: 0.0104)"}
[2026-02-18T05:50:07.753Z] [METRIC  ] [governance_rule=majority_quorumPercentage=0.08] Whale Influence: 0.2700 (std: 0.0104)
{"timestamp":"2026-02-18T05:50:07.753Z","level":"metric","message":"[governance_rule=majority_quorumPercentage=0.08] Governance Capture Risk: 0.2669 (std: 0.0140)"}
[2026-02-18T05:50:07.753Z] [METRIC  ] [governance_rule=majority_quorumPercentage=0.08] Governance Capture Risk: 0.2669 (std: 0.0140)
{"timestamp":"2026-02-18T05:50:07.753Z","level":"metric","message":"[governance_rule=majority_quorumPercentage=0.08] Avg Margin of Victory: 0.5440 (std: 0.0525)"}
[2026-02-18T05:50:07.753Z] [METRIC  ] [governance_rule=majority_quorumPercentage=0.08] Avg Margin of Victory: 0.5440 (std: 0.0525)
{"timestamp":"2026-02-18T05:50:07.753Z","level":"metric","message":"[governance_rule=majority_quorumPercentage=0.08] Voter Participation Rate: 0.2303 (std: 0.0124)"}
[2026-02-18T05:50:07.753Z] [METRIC  ] [governance_rule=majority_quorumPercentage=0.08] Voter Participation Rate: 0.2303 (std: 0.0124)
{"timestamp":"2026-02-18T05:50:07.753Z","level":"metric","message":"[governance_rule=majority_quorumPercentage=0.08] Delegate Concentration: 0.2647 (std: 0.0127)"}
[2026-02-18T05:50:07.753Z] [METRIC  ] [governance_rule=majority_quorumPercentage=0.08] Delegate Concentration: 0.2647 (std: 0.0127)
{"timestamp":"2026-02-18T05:50:07.753Z","level":"metric","message":"[governance_rule=majority_quorumPercentage=0.08] Quorum Reach Rate: 0.9980 (std: 0.0060)"}
[2026-02-18T05:50:07.753Z] [METRIC  ] [governance_rule=majority_quorumPercentage=0.08] Quorum Reach Rate: 0.9980 (std: 0.0060)
{"timestamp":"2026-02-18T05:50:07.753Z","level":"metric","message":"[governance_rule=majority_quorumPercentage=0.08] Voter Concentration Gini: 0.4018 (std: 0.0149)"}
[2026-02-18T05:50:07.753Z] [METRIC  ] [governance_rule=majority_quorumPercentage=0.08] Voter Concentration Gini: 0.4018 (std: 0.0149)
{"timestamp":"2026-02-18T05:50:07.753Z","level":"metric","message":"[governance_rule=majority_quorumPercentage=0.08] Token Concentration Gini: 0.4445 (std: 0.0340)"}
[2026-02-18T05:50:07.753Z] [METRIC  ] [governance_rule=majority_quorumPercentage=0.08] Token Concentration Gini: 0.4445 (std: 0.0340)
{"timestamp":"2026-02-18T05:50:07.753Z","level":"metric","message":"[governance_rule=majority_quorumPercentage=0.08] Single Entity Control: 0.0188 (std: 0.0022)"}
[2026-02-18T05:50:07.753Z] [METRIC  ] [governance_rule=majority_quorumPercentage=0.08] Single Entity Control: 0.0188 (std: 0.0022)
{"timestamp":"2026-02-18T05:50:07.753Z","level":"metric","message":"[governance_rule=majority_quorumPercentage=0.08] Collusion Threshold: 0.3384 (std: 0.0121)"}
[2026-02-18T05:50:07.753Z] [METRIC  ] [governance_rule=majority_quorumPercentage=0.08] Collusion Threshold: 0.3384 (std: 0.0121)
{"timestamp":"2026-02-18T05:50:07.754Z","level":"metric","message":"[governance_rule=majority_quorumPercentage=0.08] Final Treasury: 11648.0980 (std: 531.5324)"}
[2026-02-18T05:50:07.754Z] [METRIC  ] [governance_rule=majority_quorumPercentage=0.08] Final Treasury: 11648.0980 (std: 531.5324)
{"timestamp":"2026-02-18T05:50:07.754Z","level":"metric","message":"[governance_rule=majority_quorumPercentage=0.08] Treasury Volatility: 0.2387 (std: 0.0179)"}
[2026-02-18T05:50:07.754Z] [METRIC  ] [governance_rule=majority_quorumPercentage=0.08] Treasury Volatility: 0.2387 (std: 0.0179)
{"timestamp":"2026-02-18T05:50:07.754Z","level":"metric","message":"[governance_rule=quadratic_quorumPercentage=0.04] Proposal Pass Rate: 0.9979 (std: 0.0063)"}
[2026-02-18T05:50:07.754Z] [METRIC  ] [governance_rule=quadratic_quorumPercentage=0.04] Proposal Pass Rate: 0.9979 (std: 0.0063)
{"timestamp":"2026-02-18T05:50:07.754Z","level":"metric","message":"[governance_rule=quadratic_quorumPercentage=0.04] Average Turnout: 0.2233 (std: 0.0085)"}
[2026-02-18T05:50:07.754Z] [METRIC  ] [governance_rule=quadratic_quorumPercentage=0.04] Average Turnout: 0.2233 (std: 0.0085)
{"timestamp":"2026-02-18T05:50:07.754Z","level":"metric","message":"[governance_rule=quadratic_quorumPercentage=0.04] Final Gini: 0.4538 (std: 0.0304)"}
[2026-02-18T05:50:07.754Z] [METRIC  ] [governance_rule=quadratic_quorumPercentage=0.04] Final Gini: 0.4538 (std: 0.0304)
{"timestamp":"2026-02-18T05:50:07.754Z","level":"metric","message":"[governance_rule=quadratic_quorumPercentage=0.04] Final Reputation Gini: 0.9822 (std: 0.0043)"}
[2026-02-18T05:50:07.754Z] [METRIC  ] [governance_rule=quadratic_quorumPercentage=0.04] Final Reputation Gini: 0.9822 (std: 0.0043)
{"timestamp":"2026-02-18T05:50:07.754Z","level":"metric","message":"[governance_rule=quadratic_quorumPercentage=0.04] Whale Influence: 0.2714 (std: 0.0099)"}
[2026-02-18T05:50:07.754Z] [METRIC  ] [governance_rule=quadratic_quorumPercentage=0.04] Whale Influence: 0.2714 (std: 0.0099)
{"timestamp":"2026-02-18T05:50:07.754Z","level":"metric","message":"[governance_rule=quadratic_quorumPercentage=0.04] Governance Capture Risk: 0.2654 (std: 0.0102)"}
[2026-02-18T05:50:07.754Z] [METRIC  ] [governance_rule=quadratic_quorumPercentage=0.04] Governance Capture Risk: 0.2654 (std: 0.0102)
{"timestamp":"2026-02-18T05:50:07.754Z","level":"metric","message":"[governance_rule=quadratic_quorumPercentage=0.04] Avg Margin of Victory: 0.6331 (std: 0.0474)"}
[2026-02-18T05:50:07.754Z] [METRIC  ] [governance_rule=quadratic_quorumPercentage=0.04] Avg Margin of Victory: 0.6331 (std: 0.0474)
{"timestamp":"2026-02-18T05:50:07.754Z","level":"metric","message":"[governance_rule=quadratic_quorumPercentage=0.04] Voter Participation Rate: 0.2306 (std: 0.0114)"}
[2026-02-18T05:50:07.754Z] [METRIC  ] [governance_rule=quadratic_quorumPercentage=0.04] Voter Participation Rate: 0.2306 (std: 0.0114)
{"timestamp":"2026-02-18T05:50:07.754Z","level":"metric","message":"[governance_rule=quadratic_quorumPercentage=0.04] Delegate Concentration: 0.2660 (std: 0.0089)"}
[2026-02-18T05:50:07.754Z] [METRIC  ] [governance_rule=quadratic_quorumPercentage=0.04] Delegate Concentration: 0.2660 (std: 0.0089)
{"timestamp":"2026-02-18T05:50:07.754Z","level":"metric","message":"[governance_rule=quadratic_quorumPercentage=0.04] Quorum Reach Rate: 0.9978 (std: 0.0066)"}
[2026-02-18T05:50:07.754Z] [METRIC  ] [governance_rule=quadratic_quorumPercentage=0.04] Quorum Reach Rate: 0.9978 (std: 0.0066)
{"timestamp":"2026-02-18T05:50:07.754Z","level":"metric","message":"[governance_rule=quadratic_quorumPercentage=0.04] Voter Concentration Gini: 0.4050 (std: 0.0193)"}
[2026-02-18T05:50:07.754Z] [METRIC  ] [governance_rule=quadratic_quorumPercentage=0.04] Voter Concentration Gini: 0.4050 (std: 0.0193)
{"timestamp":"2026-02-18T05:50:07.754Z","level":"metric","message":"[governance_rule=quadratic_quorumPercentage=0.04] Token Concentration Gini: 0.4539 (std: 0.0304)"}
[2026-02-18T05:50:07.754Z] [METRIC  ] [governance_rule=quadratic_quorumPercentage=0.04] Token Concentration Gini: 0.4539 (std: 0.0304)
{"timestamp":"2026-02-18T05:50:07.754Z","level":"metric","message":"[governance_rule=quadratic_quorumPercentage=0.04] Single Entity Control: 0.0191 (std: 0.0014)"}
[2026-02-18T05:50:07.754Z] [METRIC  ] [governance_rule=quadratic_quorumPercentage=0.04] Single Entity Control: 0.0191 (std: 0.0014)
{"timestamp":"2026-02-18T05:50:07.754Z","level":"metric","message":"[governance_rule=quadratic_quorumPercentage=0.04] Collusion Threshold: 0.3363 (std: 0.0092)"}
[2026-02-18T05:50:07.754Z] [METRIC  ] [governance_rule=quadratic_quorumPercentage=0.04] Collusion Threshold: 0.3363 (std: 0.0092)
{"timestamp":"2026-02-18T05:50:07.754Z","level":"metric","message":"[governance_rule=quadratic_quorumPercentage=0.04] Final Treasury: 11642.6900 (std: 505.0019)"}
[2026-02-18T05:50:07.754Z] [METRIC  ] [governance_rule=quadratic_quorumPercentage=0.04] Final Treasury: 11642.6900 (std: 505.0019)
{"timestamp":"2026-02-18T05:50:07.754Z","level":"metric","message":"[governance_rule=quadratic_quorumPercentage=0.04] Treasury Volatility: 0.2270 (std: 0.0193)"}
[2026-02-18T05:50:07.754Z] [METRIC  ] [governance_rule=quadratic_quorumPercentage=0.04] Treasury Volatility: 0.2270 (std: 0.0193)
{"timestamp":"2026-02-18T05:50:07.754Z","level":"metric","message":"[governance_rule=quadratic_quorumPercentage=0.08] Proposal Pass Rate: 0.9983 (std: 0.0054)"}
[2026-02-18T05:50:07.754Z] [METRIC  ] [governance_rule=quadratic_quorumPercentage=0.08] Proposal Pass Rate: 0.9983 (std: 0.0054)
{"timestamp":"2026-02-18T05:50:07.754Z","level":"metric","message":"[governance_rule=quadratic_quorumPercentage=0.08] Average Turnout: 0.2250 (std: 0.0092)"}
[2026-02-18T05:50:07.754Z] [METRIC  ] [governance_rule=quadratic_quorumPercentage=0.08] Average Turnout: 0.2250 (std: 0.0092)
{"timestamp":"2026-02-18T05:50:07.754Z","level":"metric","message":"[governance_rule=quadratic_quorumPercentage=0.08] Final Gini: 0.4468 (std: 0.0247)"}
[2026-02-18T05:50:07.754Z] [METRIC  ] [governance_rule=quadratic_quorumPercentage=0.08] Final Gini: 0.4468 (std: 0.0247)
{"timestamp":"2026-02-18T05:50:07.754Z","level":"metric","message":"[governance_rule=quadratic_quorumPercentage=0.08] Final Reputation Gini: 0.9824 (std: 0.0047)"}
[2026-02-18T05:50:07.754Z] [METRIC  ] [governance_rule=quadratic_quorumPercentage=0.08] Final Reputation Gini: 0.9824 (std: 0.0047)
{"timestamp":"2026-02-18T05:50:07.754Z","level":"metric","message":"[governance_rule=quadratic_quorumPercentage=0.08] Whale Influence: 0.2700 (std: 0.0131)"}
[2026-02-18T05:50:07.754Z] [METRIC  ] [governance_rule=quadratic_quorumPercentage=0.08] Whale Influence: 0.2700 (std: 0.0131)
{"timestamp":"2026-02-18T05:50:07.754Z","level":"metric","message":"[governance_rule=quadratic_quorumPercentage=0.08] Governance Capture Risk: 0.2667 (std: 0.0140)"}
[2026-02-18T05:50:07.754Z] [METRIC  ] [governance_rule=quadratic_quorumPercentage=0.08] Governance Capture Risk: 0.2667 (std: 0.0140)
{"timestamp":"2026-02-18T05:50:07.754Z","level":"metric","message":"[governance_rule=quadratic_quorumPercentage=0.08] Avg Margin of Victory: 0.6264 (std: 0.0549)"}
[2026-02-18T05:50:07.754Z] [METRIC  ] [governance_rule=quadratic_quorumPercentage=0.08] Avg Margin of Victory: 0.6264 (std: 0.0549)
{"timestamp":"2026-02-18T05:50:07.754Z","level":"metric","message":"[governance_rule=quadratic_quorumPercentage=0.08] Voter Participation Rate: 0.2293 (std: 0.0107)"}
[2026-02-18T05:50:07.754Z] [METRIC  ] [governance_rule=quadratic_quorumPercentage=0.08] Voter Participation Rate: 0.2293 (std: 0.0107)
{"timestamp":"2026-02-18T05:50:07.754Z","level":"metric","message":"[governance_rule=quadratic_quorumPercentage=0.08] Delegate Concentration: 0.2657 (std: 0.0126)"}
[2026-02-18T05:50:07.754Z] [METRIC  ] [governance_rule=quadratic_quorumPercentage=0.08] Delegate Concentration: 0.2657 (std: 0.0126)
{"timestamp":"2026-02-18T05:50:07.754Z","level":"metric","message":"[governance_rule=quadratic_quorumPercentage=0.08] Quorum Reach Rate: 0.9949 (std: 0.0122)"}
[2026-02-18T05:50:07.754Z] [METRIC  ] [governance_rule=quadratic_quorumPercentage=0.08] Quorum Reach Rate: 0.9949 (std: 0.0122)
{"timestamp":"2026-02-18T05:50:07.754Z","level":"metric","message":"[governance_rule=quadratic_quorumPercentage=0.08] Voter Concentration Gini: 0.4061 (std: 0.0189)"}
[2026-02-18T05:50:07.754Z] [METRIC  ] [governance_rule=quadratic_quorumPercentage=0.08] Voter Concentration Gini: 0.4061 (std: 0.0189)
{"timestamp":"2026-02-18T05:50:07.754Z","level":"metric","message":"[governance_rule=quadratic_quorumPercentage=0.08] Token Concentration Gini: 0.4467 (std: 0.0248)"}
[2026-02-18T05:50:07.754Z] [METRIC  ] [governance_rule=quadratic_quorumPercentage=0.08] Token Concentration Gini: 0.4467 (std: 0.0248)
{"timestamp":"2026-02-18T05:50:07.754Z","level":"metric","message":"[governance_rule=quadratic_quorumPercentage=0.08] Single Entity Control: 0.0188 (std: 0.0019)"}
[2026-02-18T05:50:07.754Z] [METRIC  ] [governance_rule=quadratic_quorumPercentage=0.08] Single Entity Control: 0.0188 (std: 0.0019)
{"timestamp":"2026-02-18T05:50:07.754Z","level":"metric","message":"[governance_rule=quadratic_quorumPercentage=0.08] Collusion Threshold: 0.3379 (std: 0.0091)"}
[2026-02-18T05:50:07.754Z] [METRIC  ] [governance_rule=quadratic_quorumPercentage=0.08] Collusion Threshold: 0.3379 (std: 0.0091)
{"timestamp":"2026-02-18T05:50:07.754Z","level":"metric","message":"[governance_rule=quadratic_quorumPercentage=0.08] Final Treasury: 11622.5793 (std: 573.0338)"}
[2026-02-18T05:50:07.754Z] [METRIC  ] [governance_rule=quadratic_quorumPercentage=0.08] Final Treasury: 11622.5793 (std: 573.0338)
{"timestamp":"2026-02-18T05:50:07.754Z","level":"metric","message":"[governance_rule=quadratic_quorumPercentage=0.08] Treasury Volatility: 0.2317 (std: 0.0187)"}
[2026-02-18T05:50:07.754Z] [METRIC  ] [governance_rule=quadratic_quorumPercentage=0.08] Treasury Volatility: 0.2317 (std: 0.0187)
{"timestamp":"2026-02-18T05:50:07.754Z","level":"metric","message":"[governance_rule=conviction_quorumPercentage=0.04] Proposal Pass Rate: 0.9960 (std: 0.0097)"}
[2026-02-18T05:50:07.754Z] [METRIC  ] [governance_rule=conviction_quorumPercentage=0.04] Proposal Pass Rate: 0.9960 (std: 0.0097)
{"timestamp":"2026-02-18T05:50:07.754Z","level":"metric","message":"[governance_rule=conviction_quorumPercentage=0.04] Average Turnout: 0.2244 (std: 0.0087)"}
[2026-02-18T05:50:07.754Z] [METRIC  ] [governance_rule=conviction_quorumPercentage=0.04] Average Turnout: 0.2244 (std: 0.0087)
{"timestamp":"2026-02-18T05:50:07.754Z","level":"metric","message":"[governance_rule=conviction_quorumPercentage=0.04] Final Gini: 0.4524 (std: 0.0334)"}
[2026-02-18T05:50:07.754Z] [METRIC  ] [governance_rule=conviction_quorumPercentage=0.04] Final Gini: 0.4524 (std: 0.0334)
{"timestamp":"2026-02-18T05:50:07.754Z","level":"metric","message":"[governance_rule=conviction_quorumPercentage=0.04] Final Reputation Gini: 0.9814 (std: 0.0037)"}
[2026-02-18T05:50:07.754Z] [METRIC  ] [governance_rule=conviction_quorumPercentage=0.04] Final Reputation Gini: 0.9814 (std: 0.0037)
{"timestamp":"2026-02-18T05:50:07.754Z","level":"metric","message":"[governance_rule=conviction_quorumPercentage=0.04] Whale Influence: 0.2665 (std: 0.0106)"}
[2026-02-18T05:50:07.754Z] [METRIC  ] [governance_rule=conviction_quorumPercentage=0.04] Whale Influence: 0.2665 (std: 0.0106)
{"timestamp":"2026-02-18T05:50:07.754Z","level":"metric","message":"[governance_rule=conviction_quorumPercentage=0.04] Governance Capture Risk: 0.2652 (std: 0.0112)"}
[2026-02-18T05:50:07.754Z] [METRIC  ] [governance_rule=conviction_quorumPercentage=0.04] Governance Capture Risk: 0.2652 (std: 0.0112)
{"timestamp":"2026-02-18T05:50:07.754Z","level":"metric","message":"[governance_rule=conviction_quorumPercentage=0.04] Avg Margin of Victory: 0.6113 (std: 0.0544)"}
[2026-02-18T05:50:07.754Z] [METRIC  ] [governance_rule=conviction_quorumPercentage=0.04] Avg Margin of Victory: 0.6113 (std: 0.0544)
{"timestamp":"2026-02-18T05:50:07.754Z","level":"metric","message":"[governance_rule=conviction_quorumPercentage=0.04] Voter Participation Rate: 0.2314 (std: 0.0127)"}
[2026-02-18T05:50:07.754Z] [METRIC  ] [governance_rule=conviction_quorumPercentage=0.04] Voter Participation Rate: 0.2314 (std: 0.0127)
{"timestamp":"2026-02-18T05:50:07.754Z","level":"metric","message":"[governance_rule=conviction_quorumPercentage=0.04] Delegate Concentration: 0.2646 (std: 0.0116)"}
[2026-02-18T05:50:07.754Z] [METRIC  ] [governance_rule=conviction_quorumPercentage=0.04] Delegate Concentration: 0.2646 (std: 0.0116)
{"timestamp":"2026-02-18T05:50:07.754Z","level":"metric","message":"[governance_rule=conviction_quorumPercentage=0.04] Quorum Reach Rate: 0.6933 (std: 0.0660)"}
[2026-02-18T05:50:07.754Z] [METRIC  ] [governance_rule=conviction_quorumPercentage=0.04] Quorum Reach Rate: 0.6933 (std: 0.0660)
{"timestamp":"2026-02-18T05:50:07.754Z","level":"metric","message":"[governance_rule=conviction_quorumPercentage=0.04] Voter Concentration Gini: 0.4075 (std: 0.0225)"}
[2026-02-18T05:50:07.754Z] [METRIC  ] [governance_rule=conviction_quorumPercentage=0.04] Voter Concentration Gini: 0.4075 (std: 0.0225)
{"timestamp":"2026-02-18T05:50:07.754Z","level":"metric","message":"[governance_rule=conviction_quorumPercentage=0.04] Token Concentration Gini: 0.4525 (std: 0.0333)"}
[2026-02-18T05:50:07.754Z] [METRIC  ] [governance_rule=conviction_quorumPercentage=0.04] Token Concentration Gini: 0.4525 (std: 0.0333)
{"timestamp":"2026-02-18T05:50:07.754Z","level":"metric","message":"[governance_rule=conviction_quorumPercentage=0.04] Single Entity Control: 0.0194 (std: 0.0032)"}
[2026-02-18T05:50:07.754Z] [METRIC  ] [governance_rule=conviction_quorumPercentage=0.04] Single Entity Control: 0.0194 (std: 0.0032)
{"timestamp":"2026-02-18T05:50:07.754Z","level":"metric","message":"[governance_rule=conviction_quorumPercentage=0.04] Collusion Threshold: 0.3372 (std: 0.0120)"}
[2026-02-18T05:50:07.754Z] [METRIC  ] [governance_rule=conviction_quorumPercentage=0.04] Collusion Threshold: 0.3372 (std: 0.0120)
{"timestamp":"2026-02-18T05:50:07.754Z","level":"metric","message":"[governance_rule=conviction_quorumPercentage=0.04] Final Treasury: 11622.0791 (std: 509.2938)"}
[2026-02-18T05:50:07.754Z] [METRIC  ] [governance_rule=conviction_quorumPercentage=0.04] Final Treasury: 11622.0791 (std: 509.2938)
{"timestamp":"2026-02-18T05:50:07.754Z","level":"metric","message":"[governance_rule=conviction_quorumPercentage=0.04] Treasury Volatility: 0.2339 (std: 0.0196)"}
[2026-02-18T05:50:07.754Z] [METRIC  ] [governance_rule=conviction_quorumPercentage=0.04] Treasury Volatility: 0.2339 (std: 0.0196)
{"timestamp":"2026-02-18T05:50:07.754Z","level":"metric","message":"[governance_rule=conviction_quorumPercentage=0.08] Proposal Pass Rate: 0.9926 (std: 0.0120)"}
[2026-02-18T05:50:07.754Z] [METRIC  ] [governance_rule=conviction_quorumPercentage=0.08] Proposal Pass Rate: 0.9926 (std: 0.0120)
{"timestamp":"2026-02-18T05:50:07.754Z","level":"metric","message":"[governance_rule=conviction_quorumPercentage=0.08] Average Turnout: 0.2263 (std: 0.0073)"}
[2026-02-18T05:50:07.754Z] [METRIC  ] [governance_rule=conviction_quorumPercentage=0.08] Average Turnout: 0.2263 (std: 0.0073)
{"timestamp":"2026-02-18T05:50:07.754Z","level":"metric","message":"[governance_rule=conviction_quorumPercentage=0.08] Final Gini: 0.4528 (std: 0.0329)"}
[2026-02-18T05:50:07.754Z] [METRIC  ] [governance_rule=conviction_quorumPercentage=0.08] Final Gini: 0.4528 (std: 0.0329)
{"timestamp":"2026-02-18T05:50:07.754Z","level":"metric","message":"[governance_rule=conviction_quorumPercentage=0.08] Final Reputation Gini: 0.9835 (std: 0.0040)"}
[2026-02-18T05:50:07.754Z] [METRIC  ] [governance_rule=conviction_quorumPercentage=0.08] Final Reputation Gini: 0.9835 (std: 0.0040)
{"timestamp":"2026-02-18T05:50:07.754Z","level":"metric","message":"[governance_rule=conviction_quorumPercentage=0.08] Whale Influence: 0.2691 (std: 0.0150)"}
[2026-02-18T05:50:07.754Z] [METRIC  ] [governance_rule=conviction_quorumPercentage=0.08] Whale Influence: 0.2691 (std: 0.0150)
{"timestamp":"2026-02-18T05:50:07.754Z","level":"metric","message":"[governance_rule=conviction_quorumPercentage=0.08] Governance Capture Risk: 0.2652 (std: 0.0143)"}
[2026-02-18T05:50:07.754Z] [METRIC  ] [governance_rule=conviction_quorumPercentage=0.08] Governance Capture Risk: 0.2652 (std: 0.0143)
{"timestamp":"2026-02-18T05:50:07.754Z","level":"metric","message":"[governance_rule=conviction_quorumPercentage=0.08] Avg Margin of Victory: 0.5835 (std: 0.0491)"}
[2026-02-18T05:50:07.754Z] [METRIC  ] [governance_rule=conviction_quorumPercentage=0.08] Avg Margin of Victory: 0.5835 (std: 0.0491)
{"timestamp":"2026-02-18T05:50:07.754Z","level":"metric","message":"[governance_rule=conviction_quorumPercentage=0.08] Voter Participation Rate: 0.2339 (std: 0.0120)"}
[2026-02-18T05:50:07.754Z] [METRIC  ] [governance_rule=conviction_quorumPercentage=0.08] Voter Participation Rate: 0.2339 (std: 0.0120)
{"timestamp":"2026-02-18T05:50:07.754Z","level":"metric","message":"[governance_rule=conviction_quorumPercentage=0.08] Delegate Concentration: 0.2648 (std: 0.0150)"}
[2026-02-18T05:50:07.754Z] [METRIC  ] [governance_rule=conviction_quorumPercentage=0.08] Delegate Concentration: 0.2648 (std: 0.0150)
{"timestamp":"2026-02-18T05:50:07.754Z","level":"metric","message":"[governance_rule=conviction_quorumPercentage=0.08] Quorum Reach Rate: 0.7098 (std: 0.0555)"}
[2026-02-18T05:50:07.754Z] [METRIC  ] [governance_rule=conviction_quorumPercentage=0.08] Quorum Reach Rate: 0.7098 (std: 0.0555)
{"timestamp":"2026-02-18T05:50:07.754Z","level":"metric","message":"[governance_rule=conviction_quorumPercentage=0.08] Voter Concentration Gini: 0.4053 (std: 0.0135)"}
[2026-02-18T05:50:07.754Z] [METRIC  ] [governance_rule=conviction_quorumPercentage=0.08] Voter Concentration Gini: 0.4053 (std: 0.0135)
{"timestamp":"2026-02-18T05:50:07.754Z","level":"metric","message":"[governance_rule=conviction_quorumPercentage=0.08] Token Concentration Gini: 0.4530 (std: 0.0329)"}
[2026-02-18T05:50:07.754Z] [METRIC  ] [governance_rule=conviction_quorumPercentage=0.08] Token Concentration Gini: 0.4530 (std: 0.0329)
{"timestamp":"2026-02-18T05:50:07.754Z","level":"metric","message":"[governance_rule=conviction_quorumPercentage=0.08] Single Entity Control: 0.0187 (std: 0.0016)"}
[2026-02-18T05:50:07.754Z] [METRIC  ] [governance_rule=conviction_quorumPercentage=0.08] Single Entity Control: 0.0187 (std: 0.0016)
{"timestamp":"2026-02-18T05:50:07.754Z","level":"metric","message":"[governance_rule=conviction_quorumPercentage=0.08] Collusion Threshold: 0.3362 (std: 0.0115)"}
[2026-02-18T05:50:07.754Z] [METRIC  ] [governance_rule=conviction_quorumPercentage=0.08] Collusion Threshold: 0.3362 (std: 0.0115)
{"timestamp":"2026-02-18T05:50:07.754Z","level":"metric","message":"[governance_rule=conviction_quorumPercentage=0.08] Final Treasury: 11417.8973 (std: 553.2681)"}
[2026-02-18T05:50:07.754Z] [METRIC  ] [governance_rule=conviction_quorumPercentage=0.08] Final Treasury: 11417.8973 (std: 553.2681)
{"timestamp":"2026-02-18T05:50:07.754Z","level":"metric","message":"[governance_rule=conviction_quorumPercentage=0.08] Treasury Volatility: 0.2303 (std: 0.0227)"}
[2026-02-18T05:50:07.754Z] [METRIC  ] [governance_rule=conviction_quorumPercentage=0.08] Treasury Volatility: 0.2303 (std: 0.0227)
{"timestamp":"2026-02-18T05:50:07.755Z","level":"info","message":"Experiment state changed to: completed"}
[2026-02-18T05:50:07.755Z] [INFO    ] Experiment state changed to: completed
