\BOOKMARK [1][-]{section.1}{\376\377\000I\000n\000t\000r\000o\000d\000u\000c\000t\000i\000o\000n}{}% 1
\BOOKMARK [2][-]{subsection.1.1}{\376\377\000M\000o\000t\000i\000v\000a\000t\000i\000o\000n}{section.1}% 2
\BOOKMARK [2][-]{subsection.1.2}{\376\377\000R\000e\000s\000e\000a\000r\000c\000h\000\040\000Q\000u\000e\000s\000t\000i\000o\000n}{section.1}% 3
\BOOKMARK [2][-]{subsection.1.3}{\376\377\000A\000p\000p\000r\000o\000a\000c\000h}{section.1}% 4
\BOOKMARK [2][-]{subsection.1.4}{\376\377\000C\000o\000n\000t\000r\000i\000b\000u\000t\000i\000o\000n\000s}{section.1}% 5
\BOOKMARK [2][-]{subsection.1.5}{\376\377\000P\000a\000p\000e\000r\000\040\000O\000r\000g\000a\000n\000i\000z\000a\000t\000i\000o\000n}{section.1}% 6
\BOOKMARK [1][-]{section.2}{\376\377\000B\000a\000c\000k\000g\000r\000o\000u\000n\000d\000\040\000\046\000\040\000R\000e\000l\000a\000t\000e\000d\000\040\000W\000o\000r\000k}{}% 7
\BOOKMARK [2][-]{subsection.2.1}{\376\377\000P\000a\000r\000t\000i\000c\000i\000p\000a\000t\000i\000o\000n\000\040\000C\000h\000a\000l\000l\000e\000n\000g\000e\000s\000\040\000i\000n\000\040\000D\000A\000O\000s}{section.2}% 8
\BOOKMARK [2][-]{subsection.2.2}{\376\377\000Q\000u\000o\000r\000u\000m\000\040\000D\000e\000s\000i\000g\000n\000\040\000i\000n\000\040\000P\000r\000a\000c\000t\000i\000c\000e}{section.2}% 9
\BOOKMARK [2][-]{subsection.2.3}{\376\377\000V\000o\000t\000e\000r\000\040\000F\000a\000t\000i\000g\000u\000e}{section.2}% 10
\BOOKMARK [2][-]{subsection.2.4}{\376\377\000T\000h\000e\000o\000r\000e\000t\000i\000c\000a\000l\000\040\000F\000o\000u\000n\000d\000a\000t\000i\000o\000n\000s}{section.2}% 11
\BOOKMARK [3][-]{subsubsection.2.4.1}{\376\377\000R\000a\000t\000i\000o\000n\000a\000l\000\040\000V\000o\000t\000e\000r\000\040\000M\000o\000d\000e\000l\000s}{subsection.2.4}% 12
\BOOKMARK [3][-]{subsubsection.2.4.2}{\376\377\000B\000o\000u\000n\000d\000e\000d\000\040\000R\000a\000t\000i\000o\000n\000a\000l\000i\000t\000y}{subsection.2.4}% 13
\BOOKMARK [3][-]{subsubsection.2.4.3}{\376\377\000M\000u\000l\000t\000i\000-\000A\000g\000e\000n\000t\000\040\000S\000y\000s\000t\000e\000m\000s}{subsection.2.4}% 14
\BOOKMARK [2][-]{subsection.2.5}{\376\377\000P\000r\000i\000o\000r\000\040\000S\000i\000m\000u\000l\000a\000t\000i\000o\000n\000\040\000W\000o\000r\000k}{section.2}% 15
\BOOKMARK [1][-]{section.3}{\376\377\000T\000h\000e\000o\000r\000e\000t\000i\000c\000a\000l\000\040\000F\000r\000a\000m\000e\000w\000o\000r\000k}{}% 16
\BOOKMARK [2][-]{subsection.3.1}{\376\377\000P\000a\000r\000t\000i\000c\000i\000p\000a\000t\000i\000o\000n\000\040\000M\000o\000d\000e\000l}{section.3}% 17
\BOOKMARK [3][-]{subsubsection.3.1.1}{\376\377\000A\000g\000e\000n\000t\000\040\000P\000a\000r\000t\000i\000c\000i\000p\000a\000t\000i\000o\000n\000\040\000D\000e\000c\000i\000s\000i\000o\000n}{subsection.3.1}% 18
\BOOKMARK [3][-]{subsubsection.3.1.2}{\376\377\000F\000a\000t\000i\000g\000u\000e\000\040\000D\000y\000n\000a\000m\000i\000c\000s}{subsection.3.1}% 19
\BOOKMARK [2][-]{subsection.3.2}{\376\377\000A\000g\000g\000r\000e\000g\000a\000t\000e\000\040\000P\000a\000r\000t\000i\000c\000i\000p\000a\000t\000i\000o\000n}{section.3}% 20
\BOOKMARK [2][-]{subsection.3.3}{\376\377\000Q\000u\000o\000r\000u\000m\000\040\000A\000c\000h\000i\000e\000v\000e\000m\000e\000n\000t}{section.3}% 21
\BOOKMARK [2][-]{subsection.3.4}{\376\377\000T\000h\000e\000o\000r\000e\000t\000i\000c\000a\000l\000\040\000P\000r\000e\000d\000i\000c\000t\000i\000o\000n\000s}{section.3}% 22
\BOOKMARK [3][-]{subsubsection.3.4.1}{\376\377\000P\000r\000e\000d\000i\000c\000t\000i\000o\000n\000\040\0001\000:\000\040\000Q\000u\000o\000r\000u\000m\000-\000T\000u\000r\000n\000o\000u\000t\000\040\000S\000e\000n\000s\000i\000t\000i\000v\000i\000t\000y}{subsection.3.4}% 23
\BOOKMARK [3][-]{subsubsection.3.4.2}{\376\377\000P\000r\000e\000d\000i\000c\000t\000i\000o\000n\000\040\0002\000:\000\040\000F\000a\000t\000i\000g\000u\000e\000-\000I\000n\000d\000u\000c\000e\000d\000\040\000D\000e\000c\000a\000y}{subsection.3.4}% 24
\BOOKMARK [3][-]{subsubsection.3.4.3}{\376\377\000P\000r\000e\000d\000i\000c\000t\000i\000o\000n\000\040\0003\000:\000\040\000H\000e\000t\000e\000r\000o\000g\000e\000n\000e\000i\000t\000y\000\040\000A\000m\000p\000l\000i\000f\000i\000c\000a\000t\000i\000o\000n}{subsection.3.4}% 25
\BOOKMARK [2][-]{subsection.3.5}{\376\377\000C\000a\000l\000i\000b\000r\000a\000t\000i\000o\000n\000\040\000T\000a\000r\000g\000e\000t\000\040\000F\000r\000a\000m\000e\000w\000o\000r\000k}{section.3}% 26
\BOOKMARK [1][-]{section.4}{\376\377\000S\000i\000m\000u\000l\000a\000t\000i\000o\000n\000\040\000A\000r\000c\000h\000i\000t\000e\000c\000t\000u\000r\000e}{}% 27
\BOOKMARK [2][-]{subsection.4.1}{\376\377\000S\000y\000s\000t\000e\000m\000\040\000O\000v\000e\000r\000v\000i\000e\000w}{section.4}% 28
\BOOKMARK [2][-]{subsection.4.2}{\376\377\000A\000g\000e\000n\000t\000\040\000I\000m\000p\000l\000e\000m\000e\000n\000t\000a\000t\000i\000o\000n}{section.4}% 29
\BOOKMARK [3][-]{subsubsection.4.2.1}{\376\377\000A\000g\000e\000n\000t\000\040\000T\000y\000p\000e\000s}{subsection.4.2}% 30
\BOOKMARK [3][-]{subsubsection.4.2.2}{\376\377\000P\000a\000r\000t\000i\000c\000i\000p\000a\000t\000i\000o\000n\000\040\000D\000e\000c\000i\000s\000i\000o\000n}{subsection.4.2}% 31
\BOOKMARK [2][-]{subsection.4.3}{\376\377\000G\000o\000v\000e\000r\000n\000a\000n\000c\000e\000\040\000M\000e\000c\000h\000a\000n\000i\000c\000s}{section.4}% 32
\BOOKMARK [3][-]{subsubsection.4.3.1}{\376\377\000P\000r\000o\000p\000o\000s\000a\000l\000\040\000L\000i\000f\000e\000c\000y\000c\000l\000e}{subsection.4.3}% 33
\BOOKMARK [3][-]{subsubsection.4.3.2}{\376\377\000Q\000u\000o\000r\000u\000m\000\040\000C\000o\000n\000f\000i\000g\000u\000r\000a\000t\000i\000o\000n}{subsection.4.3}% 34
\BOOKMARK [2][-]{subsection.4.4}{\376\377\000M\000e\000t\000r\000i\000c\000s\000\040\000C\000o\000l\000l\000e\000c\000t\000i\000o\000n}{section.4}% 35
\BOOKMARK [2][-]{subsection.4.5}{\376\377\000S\000i\000m\000u\000l\000a\000t\000i\000o\000n\000\040\000L\000o\000o\000p}{section.4}% 36
\BOOKMARK [2][-]{subsection.4.6}{\376\377\000R\000e\000p\000r\000o\000d\000u\000c\000i\000b\000i\000l\000i\000t\000y}{section.4}% 37
\BOOKMARK [1][-]{section.5}{\376\377\000E\000x\000p\000e\000r\000i\000m\000e\000n\000t\000a\000l\000\040\000M\000e\000t\000h\000o\000d\000o\000l\000o\000g\000y}{}% 38
\BOOKMARK [2][-]{subsection.5.1}{\376\377\000E\000x\000p\000e\000r\000i\000m\000e\000n\000t\000a\000l\000\040\000D\000e\000s\000i\000g\000n}{section.5}% 39
\BOOKMARK [2][-]{subsection.5.2}{\376\377\000E\000x\000p\000e\000r\000i\000m\000e\000n\000t\000\040\0000\0001\000:\000\040\000P\000a\000r\000t\000i\000c\000i\000p\000a\000t\000i\000o\000n\000\040\000C\000a\000l\000i\000b\000r\000a\000t\000i\000o\000n}{section.5}% 40
\BOOKMARK [3][-]{subsubsection.5.2.1}{\376\377\000O\000b\000j\000e\000c\000t\000i\000v\000e}{subsection.5.2}% 41
\BOOKMARK [3][-]{subsubsection.5.2.2}{\376\377\000P\000a\000r\000a\000m\000e\000t\000e\000r\000\040\000G\000r\000i\000d}{subsection.5.2}% 42
\BOOKMARK [3][-]{subsubsection.5.2.3}{\376\377\000H\000y\000p\000o\000t\000h\000e\000s\000e\000s}{subsection.5.2}% 43
\BOOKMARK [2][-]{subsection.5.3}{\376\377\000E\000x\000p\000e\000r\000i\000m\000e\000n\000t\000\040\0000\0003\000:\000\040\000Q\000u\000o\000r\000u\000m\000\040\000S\000e\000n\000s\000i\000t\000i\000v\000i\000t\000y}{section.5}% 44
\BOOKMARK [3][-]{subsubsection.5.3.1}{\376\377\000O\000b\000j\000e\000c\000t\000i\000v\000e}{subsection.5.3}% 45
\BOOKMARK [3][-]{subsubsection.5.3.2}{\376\377\000P\000a\000r\000a\000m\000e\000t\000e\000r\000\040\000S\000w\000e\000e\000p}{subsection.5.3}% 46
\BOOKMARK [3][-]{subsubsection.5.3.3}{\376\377\000H\000y\000p\000o\000t\000h\000e\000s\000e\000s}{subsection.5.3}% 47
\BOOKMARK [2][-]{subsection.5.4}{\376\377\000B\000a\000s\000e\000l\000i\000n\000e\000\040\000C\000o\000n\000f\000i\000g\000u\000r\000a\000t\000i\000o\000n}{section.5}% 48
\BOOKMARK [2][-]{subsection.5.5}{\376\377\000M\000e\000t\000r\000i\000c\000s}{section.5}% 49
\BOOKMARK [2][-]{subsection.5.6}{\376\377\000S\000t\000a\000t\000i\000s\000t\000i\000c\000a\000l\000\040\000A\000n\000a\000l\000y\000s\000i\000s}{section.5}% 50
\BOOKMARK [3][-]{subsubsection.5.6.1}{\376\377\000S\000u\000m\000m\000a\000r\000y\000\040\000S\000t\000a\000t\000i\000s\000t\000i\000c\000s}{subsection.5.6}% 51
\BOOKMARK [3][-]{subsubsection.5.6.2}{\376\377\000H\000y\000p\000o\000t\000h\000e\000s\000i\000s\000\040\000T\000e\000s\000t\000i\000n\000g}{subsection.5.6}% 52
\BOOKMARK [3][-]{subsubsection.5.6.3}{\376\377\000E\000f\000f\000e\000c\000t\000\040\000S\000i\000z\000e}{subsection.5.6}% 53
\BOOKMARK [2][-]{subsection.5.7}{\376\377\000V\000a\000l\000i\000d\000a\000t\000i\000o\000n}{section.5}% 54
\BOOKMARK [3][-]{subsubsection.5.7.1}{\376\377\000I\000n\000t\000e\000r\000n\000a\000l\000\040\000V\000a\000l\000i\000d\000i\000t\000y}{subsection.5.7}% 55
\BOOKMARK [3][-]{subsubsection.5.7.2}{\376\377\000E\000x\000t\000e\000r\000n\000a\000l\000\040\000V\000a\000l\000i\000d\000i\000t\000y}{subsection.5.7}% 56
\BOOKMARK [1][-]{section.6}{\376\377\000R\000e\000s\000u\000l\000t\000s}{}% 57
\BOOKMARK [2][-]{subsection.6.1}{\376\377\000O\000v\000e\000r\000v\000i\000e\000w}{section.6}% 58
\BOOKMARK [2][-]{subsection.6.2}{\376\377\000E\000x\000p\000e\000r\000i\000m\000e\000n\000t\000\040\0000\0001\000:\000\040\000P\000a\000r\000t\000i\000c\000i\000p\000a\000t\000i\000o\000n\000\040\000C\000a\000l\000i\000b\000r\000a\000t\000i\000o\000n}{section.6}% 59
\BOOKMARK [3][-]{subsubsection.6.2.1}{\376\377\000T\000u\000r\000n\000o\000u\000t\000\040\000v\000s\000.\000\040\000P\000a\000r\000t\000i\000c\000i\000p\000a\000t\000i\000o\000n\000\040\000T\000a\000r\000g\000e\000t\000s}{subsection.6.2}% 60
\BOOKMARK [3][-]{subsubsection.6.2.2}{\376\377\000V\000o\000t\000e\000r\000\040\000R\000e\000t\000e\000n\000t\000i\000o\000n}{subsection.6.2}% 61
\BOOKMARK [3][-]{subsubsection.6.2.3}{\376\377\000I\000n\000c\000e\000n\000t\000i\000v\000e\000\040\000E\000f\000f\000e\000c\000t\000s}{subsection.6.2}% 62
\BOOKMARK [2][-]{subsection.6.3}{\376\377\000E\000x\000p\000e\000r\000i\000m\000e\000n\000t\000\040\0000\0003\000:\000\040\000Q\000u\000o\000r\000u\000m\000\040\000S\000e\000n\000s\000i\000t\000i\000v\000i\000t\000y}{section.6}% 63
\BOOKMARK [3][-]{subsubsection.6.3.1}{\376\377\000Q\000u\000o\000r\000u\000m\000-\000P\000a\000s\000s\000\040\000R\000a\000t\000e\000\040\000C\000u\000r\000v\000e}{subsection.6.3}% 64
\BOOKMARK [3][-]{subsubsection.6.3.2}{\376\377\000F\000a\000t\000i\000g\000u\000e\000\040\000U\000n\000d\000e\000r\000\040\000H\000i\000g\000h\000\040\000Q\000u\000o\000r\000u\000m}{subsection.6.3}% 65
\BOOKMARK [2][-]{subsection.6.4}{\376\377\000H\000y\000p\000o\000t\000h\000e\000s\000i\000s\000\040\000E\000v\000a\000l\000u\000a\000t\000i\000o\000n}{section.6}% 66
\BOOKMARK [2][-]{subsection.6.5}{\376\377\000K\000e\000y\000\040\000F\000i\000n\000d\000i\000n\000g\000s}{section.6}% 67
\BOOKMARK [1][-]{section.7}{\376\377\000D\000i\000s\000c\000u\000s\000s\000i\000o\000n}{}% 68
\BOOKMARK [2][-]{subsection.7.1}{\376\377\000I\000n\000t\000e\000r\000p\000r\000e\000t\000a\000t\000i\000o\000n\000\040\000o\000f\000\040\000R\000e\000s\000u\000l\000t\000s}{section.7}% 69
\BOOKMARK [3][-]{subsubsection.7.1.1}{\376\377\000T\000h\000e\000\040\000P\000a\000r\000t\000i\000c\000i\000p\000a\000t\000i\000o\000n\000\040\000C\000a\000p\000a\000c\000i\000t\000y\000\040\000C\000e\000i\000l\000i\000n\000g}{subsection.7.1}% 70
\BOOKMARK [3][-]{subsubsection.7.1.2}{\376\377\000T\000h\000e\000\040\000F\000a\000t\000i\000g\000u\000e\000\040\000T\000a\000x}{subsection.7.1}% 71
\BOOKMARK [3][-]{subsubsection.7.1.3}{\376\377\000H\000e\000t\000e\000r\000o\000g\000e\000n\000e\000i\000t\000y\000\040\000a\000n\000d\000\040\000C\000o\000n\000c\000e\000n\000t\000r\000a\000t\000i\000o\000n}{subsection.7.1}% 72
\BOOKMARK [2][-]{subsection.7.2}{\376\377\000C\000o\000m\000p\000a\000r\000i\000s\000o\000n\000\040\000w\000i\000t\000h\000\040\000E\000m\000p\000i\000r\000i\000c\000a\000l\000\040\000D\000a\000t\000a}{section.7}% 73
\BOOKMARK [2][-]{subsection.7.3}{\376\377\000T\000h\000e\000o\000r\000e\000t\000i\000c\000a\000l\000\040\000I\000m\000p\000l\000i\000c\000a\000t\000i\000o\000n\000s}{section.7}% 74
\BOOKMARK [3][-]{subsubsection.7.3.1}{\376\377\000B\000o\000u\000n\000d\000e\000d\000\040\000R\000a\000t\000i\000o\000n\000a\000l\000i\000t\000y\000\040\000i\000n\000\040\000P\000r\000a\000c\000t\000i\000c\000e}{subsection.7.3}% 75
\BOOKMARK [3][-]{subsubsection.7.3.2}{\376\377\000Q\000u\000o\000r\000u\000m\000\040\000a\000s\000\040\000C\000o\000o\000r\000d\000i\000n\000a\000t\000i\000o\000n\000\040\000D\000e\000v\000i\000c\000e}{subsection.7.3}% 76
\BOOKMARK [2][-]{subsection.7.4}{\376\377\000P\000r\000a\000c\000t\000i\000c\000a\000l\000\040\000R\000e\000c\000o\000m\000m\000e\000n\000d\000a\000t\000i\000o\000n\000s}{section.7}% 77
\BOOKMARK [2][-]{subsection.7.5}{\376\377\000L\000i\000m\000i\000t\000a\000t\000i\000o\000n\000s}{section.7}% 78
\BOOKMARK [3][-]{subsubsection.7.5.1}{\376\377\000M\000o\000d\000e\000l\000\040\000S\000i\000m\000p\000l\000i\000f\000i\000c\000a\000t\000i\000o\000n\000s}{subsection.7.5}% 79
\BOOKMARK [3][-]{subsubsection.7.5.2}{\376\377\000I\000n\000c\000e\000n\000t\000i\000v\000e\000\040\000A\000b\000s\000t\000r\000a\000c\000t\000i\000o\000n}{subsection.7.5}% 80
\BOOKMARK [3][-]{subsubsection.7.5.3}{\376\377\000N\000o\000\040\000L\000e\000a\000r\000n\000i\000n\000g}{subsection.7.5}% 81
\BOOKMARK [2][-]{subsection.7.6}{\376\377\000F\000u\000t\000u\000r\000e\000\040\000W\000o\000r\000k}{section.7}% 82
\BOOKMARK [1][-]{section.8}{\376\377\000C\000o\000n\000c\000l\000u\000s\000i\000o\000n}{}% 83
\BOOKMARK [2][-]{subsection.8.1}{\376\377\000S\000u\000m\000m\000a\000r\000y}{section.8}% 84
\BOOKMARK [2][-]{subsection.8.2}{\376\377\000C\000o\000n\000t\000r\000i\000b\000u\000t\000i\000o\000n\000s}{section.8}% 85
\BOOKMARK [2][-]{subsection.8.3}{\376\377\000I\000m\000p\000l\000i\000c\000a\000t\000i\000o\000n\000s}{section.8}% 86
\BOOKMARK [2][-]{subsection.8.4}{\376\377\000C\000l\000o\000s\000i\000n\000g\000\040\000R\000e\000m\000a\000r\000k\000s}{section.8}% 87
