\BOOKMARK [1][-]{section.1}{\376\377\000I\000n\000t\000r\000o\000d\000u\000c\000t\000i\000o\000n}{}% 1
\BOOKMARK [2][-]{subsection.1.1}{\376\377\000M\000o\000t\000i\000v\000a\000t\000i\000o\000n}{section.1}% 2
\BOOKMARK [2][-]{subsection.1.2}{\376\377\000R\000e\000s\000e\000a\000r\000c\000h\000\040\000Q\000u\000e\000s\000t\000i\000o\000n}{section.1}% 3
\BOOKMARK [2][-]{subsection.1.3}{\376\377\000C\000o\000o\000p\000e\000r\000a\000t\000i\000o\000n\000\040\000M\000e\000c\000h\000a\000n\000i\000s\000m\000s}{section.1}% 4
\BOOKMARK [3][-]{subsubsection.1.3.1}{\376\377\000J\000o\000i\000n\000t\000\040\000P\000r\000o\000p\000o\000s\000a\000l\000s}{subsection.1.3}% 5
\BOOKMARK [3][-]{subsubsection.1.3.2}{\376\377\000R\000e\000s\000o\000u\000r\000c\000e\000\040\000P\000o\000o\000l\000i\000n\000g}{subsection.1.3}% 6
\BOOKMARK [3][-]{subsubsection.1.3.3}{\376\377\000C\000r\000o\000s\000s\000-\000D\000A\000O\000\040\000V\000o\000t\000i\000n\000g}{subsection.1.3}% 7
\BOOKMARK [3][-]{subsubsection.1.3.4}{\376\377\000D\000e\000l\000e\000g\000a\000t\000i\000o\000n\000\040\000N\000e\000t\000w\000o\000r\000k\000s}{subsection.1.3}% 8
\BOOKMARK [2][-]{subsection.1.4}{\376\377\000C\000o\000n\000t\000r\000i\000b\000u\000t\000i\000o\000n\000s}{section.1}% 9
\BOOKMARK [2][-]{subsection.1.5}{\376\377\000P\000a\000p\000e\000r\000\040\000O\000r\000g\000a\000n\000i\000z\000a\000t\000i\000o\000n}{section.1}% 10
\BOOKMARK [1][-]{section.2}{\376\377\000B\000a\000c\000k\000g\000r\000o\000u\000n\000d\000\040\000\046\000\040\000R\000e\000l\000a\000t\000e\000d\000\040\000W\000o\000r\000k}{}% 11
\BOOKMARK [2][-]{subsection.2.1}{\376\377\000I\000n\000t\000e\000r\000-\000D\000A\000O\000\040\000C\000o\000o\000p\000e\000r\000a\000t\000i\000o\000n\000\040\000i\000n\000\040\000P\000r\000a\000c\000t\000i\000c\000e}{section.2}% 12
\BOOKMARK [3][-]{subsubsection.2.1.1}{\376\377\000P\000r\000o\000t\000o\000c\000o\000l\000\040\000P\000a\000r\000t\000n\000e\000r\000s\000h\000i\000p\000s}{subsection.2.1}% 13
\BOOKMARK [3][-]{subsubsection.2.1.2}{\376\377\000G\000r\000a\000n\000t\000s\000\040\000C\000o\000o\000r\000d\000i\000n\000a\000t\000i\000o\000n}{subsection.2.1}% 14
\BOOKMARK [3][-]{subsubsection.2.1.3}{\376\377\000S\000t\000a\000n\000d\000a\000r\000d\000\040\000S\000e\000t\000t\000i\000n\000g}{subsection.2.1}% 15
\BOOKMARK [2][-]{subsection.2.2}{\376\377\000C\000h\000a\000l\000l\000e\000n\000g\000e\000s\000\040\000o\000f\000\040\000C\000o\000o\000p\000e\000r\000a\000t\000i\000o\000n}{section.2}% 16
\BOOKMARK [3][-]{subsubsection.2.2.1}{\376\377\000P\000r\000e\000f\000e\000r\000e\000n\000c\000e\000\040\000D\000i\000v\000e\000r\000g\000e\000n\000c\000e}{subsection.2.2}% 17
\BOOKMARK [3][-]{subsubsection.2.2.2}{\376\377\000C\000o\000o\000r\000d\000i\000n\000a\000t\000i\000o\000n\000\040\000C\000o\000s\000t\000s}{subsection.2.2}% 18
\BOOKMARK [3][-]{subsubsection.2.2.3}{\376\377\000F\000r\000e\000e\000\040\000R\000i\000d\000i\000n\000g}{subsection.2.2}% 19
\BOOKMARK [2][-]{subsection.2.3}{\376\377\000T\000h\000e\000o\000r\000e\000t\000i\000c\000a\000l\000\040\000F\000o\000u\000n\000d\000a\000t\000i\000o\000n\000s}{section.2}% 20
\BOOKMARK [3][-]{subsubsection.2.3.1}{\376\377\000C\000o\000l\000l\000e\000c\000t\000i\000v\000e\000\040\000A\000c\000t\000i\000o\000n\000\040\000T\000h\000e\000o\000r\000y}{subsection.2.3}% 21
\BOOKMARK [3][-]{subsubsection.2.3.2}{\376\377\000C\000o\000m\000m\000o\000n\000s\000\040\000G\000o\000v\000e\000r\000n\000a\000n\000c\000e}{subsection.2.3}% 22
\BOOKMARK [3][-]{subsubsection.2.3.3}{\376\377\000C\000o\000a\000l\000i\000t\000i\000o\000n\000\040\000F\000o\000r\000m\000a\000t\000i\000o\000n}{subsection.2.3}% 23
\BOOKMARK [2][-]{subsection.2.4}{\376\377\000P\000r\000i\000o\000r\000\040\000W\000o\000r\000k}{section.2}% 24
\BOOKMARK [1][-]{section.3}{\376\377\000T\000h\000e\000o\000r\000e\000t\000i\000c\000a\000l\000\040\000F\000r\000a\000m\000e\000w\000o\000r\000k}{}% 25
\BOOKMARK [2][-]{subsection.3.1}{\376\377\000M\000u\000l\000t\000i\000-\000D\000A\000O\000\040\000S\000y\000s\000t\000e\000m\000\040\000M\000o\000d\000e\000l}{section.3}% 26
\BOOKMARK [3][-]{subsubsection.3.1.1}{\376\377\000D\000A\000O\000\040\000N\000e\000t\000w\000o\000r\000k}{subsection.3.1}% 27
\BOOKMARK [3][-]{subsubsection.3.1.2}{\376\377\000O\000v\000e\000r\000l\000a\000p\000p\000i\000n\000g\000\040\000M\000e\000m\000b\000e\000r\000s\000h\000i\000p}{subsection.3.1}% 28
\BOOKMARK [2][-]{subsection.3.2}{\376\377\000J\000o\000i\000n\000t\000\040\000P\000r\000o\000p\000o\000s\000a\000l\000\040\000M\000o\000d\000e\000l}{section.3}% 29
\BOOKMARK [3][-]{subsubsection.3.2.1}{\376\377\000I\000n\000t\000e\000r\000-\000D\000A\000O\000\040\000P\000r\000o\000p\000o\000s\000a\000l\000s}{subsection.3.2}% 30
\BOOKMARK [3][-]{subsubsection.3.2.2}{\376\377\000R\000e\000s\000o\000u\000r\000c\000e\000\040\000C\000o\000n\000t\000r\000i\000b\000u\000t\000i\000o\000n}{subsection.3.2}% 31
\BOOKMARK [2][-]{subsection.3.3}{\376\377\000C\000o\000o\000p\000e\000r\000a\000t\000i\000o\000n\000\040\000B\000e\000n\000e\000f\000i\000t\000\040\000M\000o\000d\000e\000l}{section.3}% 32
\BOOKMARK [3][-]{subsubsection.3.3.1}{\376\377\000S\000u\000r\000p\000l\000u\000s\000\040\000f\000r\000o\000m\000\040\000C\000o\000o\000p\000e\000r\000a\000t\000i\000o\000n}{subsection.3.3}% 33
\BOOKMARK [3][-]{subsubsection.3.3.2}{\376\377\000S\000u\000r\000p\000l\000u\000s\000\040\000D\000i\000v\000i\000s\000i\000o\000n}{subsection.3.3}% 34
\BOOKMARK [2][-]{subsection.3.4}{\376\377\000C\000o\000o\000p\000e\000r\000a\000t\000i\000o\000n\000\040\000S\000c\000e\000n\000a\000r\000i\000o\000s}{section.3}% 35
\BOOKMARK [3][-]{subsubsection.3.4.1}{\376\377\000H\000o\000m\000o\000g\000e\000n\000e\000o\000u\000s\000\040\000D\000A\000O\000s}{subsection.3.4}% 36
\BOOKMARK [3][-]{subsubsection.3.4.2}{\376\377\000H\000e\000t\000e\000r\000o\000g\000e\000n\000e\000o\000u\000s\000\040\000D\000A\000O\000s}{subsection.3.4}% 37
\BOOKMARK [3][-]{subsubsection.3.4.3}{\376\377\000A\000s\000y\000m\000m\000e\000t\000r\000i\000c\000\040\000R\000e\000l\000a\000t\000i\000o\000n\000s\000h\000i\000p\000s}{subsection.3.4}% 38
\BOOKMARK [2][-]{subsection.3.5}{\376\377\000C\000o\000o\000p\000e\000r\000a\000t\000i\000o\000n\000\040\000S\000t\000a\000b\000i\000l\000i\000t\000y}{section.3}% 39
\BOOKMARK [3][-]{subsubsection.3.5.1}{\376\377\000I\000n\000d\000i\000v\000i\000d\000u\000a\000l\000\040\000R\000a\000t\000i\000o\000n\000a\000l\000i\000t\000y}{subsection.3.5}% 40
\BOOKMARK [3][-]{subsubsection.3.5.2}{\376\377\000C\000o\000a\000l\000i\000t\000i\000o\000n\000\040\000S\000t\000a\000b\000i\000l\000i\000t\000y}{subsection.3.5}% 41
\BOOKMARK [2][-]{subsection.3.6}{\376\377\000T\000h\000e\000o\000r\000e\000t\000i\000c\000a\000l\000\040\000P\000r\000e\000d\000i\000c\000t\000i\000o\000n\000s}{section.3}% 42
\BOOKMARK [3][-]{subsubsection.3.6.1}{\376\377\000P\000r\000e\000d\000i\000c\000t\000i\000o\000n\000\040\0001\000:\000\040\000C\000o\000m\000p\000l\000e\000m\000e\000n\000t\000a\000r\000i\000t\000y\000\040\000D\000r\000i\000v\000e\000s\000\040\000S\000u\000r\000p\000l\000u\000s}{subsection.3.6}% 43
\BOOKMARK [3][-]{subsubsection.3.6.2}{\376\377\000P\000r\000e\000d\000i\000c\000t\000i\000o\000n\000\040\0002\000:\000\040\000S\000i\000z\000e\000\040\000A\000s\000y\000m\000m\000e\000t\000r\000y\000\040\000R\000e\000q\000u\000i\000r\000e\000s\000\040\000F\000a\000i\000r\000n\000e\000s\000s}{subsection.3.6}% 44
\BOOKMARK [3][-]{subsubsection.3.6.3}{\376\377\000P\000r\000e\000d\000i\000c\000t\000i\000o\000n\000\040\0003\000:\000\040\000O\000v\000e\000r\000l\000a\000p\000p\000i\000n\000g\000\040\000M\000e\000m\000b\000e\000r\000s\000h\000i\000p\000\040\000F\000a\000c\000i\000l\000i\000t\000a\000t\000e\000s\000\040\000C\000o\000o\000p\000e\000r\000a\000t\000i\000o\000n}{subsection.3.6}% 45
\BOOKMARK [1][-]{section.4}{\376\377\000S\000i\000m\000u\000l\000a\000t\000i\000o\000n\000\040\000A\000r\000c\000h\000i\000t\000e\000c\000t\000u\000r\000e}{}% 46
\BOOKMARK [2][-]{subsection.4.1}{\376\377\000S\000y\000s\000t\000e\000m\000\040\000O\000v\000e\000r\000v\000i\000e\000w}{section.4}% 47
\BOOKMARK [2][-]{subsection.4.2}{\376\377\000M\000u\000l\000t\000i\000-\000D\000A\000O\000\040\000I\000m\000p\000l\000e\000m\000e\000n\000t\000a\000t\000i\000o\000n}{section.4}% 48
\BOOKMARK [3][-]{subsubsection.4.2.1}{\376\377\000D\000A\000O\000\040\000C\000i\000t\000y\000\040\000M\000o\000d\000e\000l}{subsection.4.2}% 49
\BOOKMARK [3][-]{subsubsection.4.2.2}{\376\377\000A\000g\000e\000n\000t\000\040\000M\000e\000m\000b\000e\000r\000s\000h\000i\000p\000\040\000M\000o\000d\000e\000l}{subsection.4.2}% 50
\BOOKMARK [2][-]{subsection.4.3}{\376\377\000I\000n\000t\000e\000r\000-\000D\000A\000O\000\040\000P\000r\000o\000p\000o\000s\000a\000l\000\040\000I\000m\000p\000l\000e\000m\000e\000n\000t\000a\000t\000i\000o\000n}{section.4}% 51
\BOOKMARK [2][-]{subsection.4.4}{\376\377\000C\000o\000o\000p\000e\000r\000a\000t\000i\000o\000n\000\040\000S\000c\000e\000n\000a\000r\000i\000o\000\040\000C\000o\000n\000f\000i\000g\000u\000r\000a\000t\000i\000o\000n}{section.4}% 52
\BOOKMARK [2][-]{subsection.4.5}{\376\377\000R\000e\000s\000o\000u\000r\000c\000e\000\040\000F\000l\000o\000w\000\040\000I\000m\000p\000l\000e\000m\000e\000n\000t\000a\000t\000i\000o\000n}{section.4}% 53
\BOOKMARK [2][-]{subsection.4.6}{\376\377\000M\000e\000t\000r\000i\000c\000s\000\040\000C\000o\000l\000l\000e\000c\000t\000i\000o\000n}{section.4}% 54
\BOOKMARK [1][-]{section.5}{\376\377\000E\000x\000p\000e\000r\000i\000m\000e\000n\000t\000a\000l\000\040\000M\000e\000t\000h\000o\000d\000o\000l\000o\000g\000y}{}% 55
\BOOKMARK [2][-]{subsection.5.1}{\376\377\000E\000x\000p\000e\000r\000i\000m\000e\000n\000t\000a\000l\000\040\000D\000e\000s\000i\000g\000n}{section.5}% 56
\BOOKMARK [2][-]{subsection.5.2}{\376\377\000S\000c\000e\000n\000a\000r\000i\000o\000\040\000D\000e\000t\000a\000i\000l\000s}{section.5}% 57
\BOOKMARK [3][-]{subsubsection.5.2.1}{\376\377\000S\000c\000e\000n\000a\000r\000i\000o\000\040\0001\000:\000\040\000H\000o\000m\000o\000g\000e\000n\000e\000o\000u\000s\000\040\000D\000A\000O\000s}{subsection.5.2}% 58
\BOOKMARK [3][-]{subsubsection.5.2.2}{\376\377\000S\000c\000e\000n\000a\000r\000i\000o\000\040\0002\000:\000\040\000H\000e\000t\000e\000r\000o\000g\000e\000n\000e\000o\000u\000s\000\040\000D\000A\000O\000s}{subsection.5.2}% 59
\BOOKMARK [3][-]{subsubsection.5.2.3}{\376\377\000S\000c\000e\000n\000a\000r\000i\000o\000\040\0003\000:\000\040\000A\000s\000y\000m\000m\000e\000t\000r\000i\000c\000\040\000P\000a\000i\000r}{subsection.5.2}% 60
\BOOKMARK [3][-]{subsubsection.5.2.4}{\376\377\000S\000c\000e\000n\000a\000r\000i\000o\000\040\0004\000:\000\040\000H\000u\000b\000-\000S\000p\000o\000k\000e}{subsection.5.2}% 61
\BOOKMARK [3][-]{subsubsection.5.2.5}{\376\377\000S\000c\000e\000n\000a\000r\000i\000o\000\040\0005\000:\000\040\000C\000o\000m\000p\000e\000t\000i\000t\000i\000v\000e\000\040\000C\000o\000o\000p\000e\000r\000a\000t\000i\000o\000n}{subsection.5.2}% 62
\BOOKMARK [2][-]{subsection.5.3}{\376\377\000C\000o\000o\000p\000e\000r\000a\000t\000i\000o\000n\000\040\000M\000e\000c\000h\000a\000n\000i\000s\000m\000s\000\040\000T\000e\000s\000t\000e\000d}{section.5}% 63
\BOOKMARK [2][-]{subsection.5.4}{\376\377\000H\000y\000p\000o\000t\000h\000e\000s\000e\000s}{section.5}% 64
\BOOKMARK [2][-]{subsection.5.5}{\376\377\000M\000e\000t\000r\000i\000c\000s}{section.5}% 65
\BOOKMARK [2][-]{subsection.5.6}{\376\377\000S\000t\000a\000t\000i\000s\000t\000i\000c\000a\000l\000\040\000A\000n\000a\000l\000y\000s\000i\000s}{section.5}% 66
\BOOKMARK [3][-]{subsubsection.5.6.1}{\376\377\000S\000c\000e\000n\000a\000r\000i\000o\000\040\000C\000o\000m\000p\000a\000r\000i\000s\000o\000n}{subsection.5.6}% 67
\BOOKMARK [3][-]{subsubsection.5.6.2}{\376\377\000M\000e\000c\000h\000a\000n\000i\000s\000m\000\040\000E\000f\000f\000e\000c\000t\000i\000v\000e\000n\000e\000s\000s}{subsection.5.6}% 68
\BOOKMARK [3][-]{subsubsection.5.6.3}{\376\377\000C\000o\000r\000r\000e\000l\000a\000t\000i\000o\000n\000\040\000A\000n\000a\000l\000y\000s\000i\000s}{subsection.5.6}% 69
\BOOKMARK [1][-]{section.6}{\376\377\000R\000e\000s\000u\000l\000t\000s}{}% 70
\BOOKMARK [2][-]{subsection.6.1}{\376\377\000O\000v\000e\000r\000v\000i\000e\000w}{section.6}% 71
\BOOKMARK [2][-]{subsection.6.2}{\376\377\000C\000o\000o\000p\000e\000r\000a\000t\000i\000o\000n\000\040\000S\000u\000c\000c\000e\000s\000s\000\040\000b\000y\000\040\000S\000c\000e\000n\000a\000r\000i\000o}{section.6}% 72
\BOOKMARK [2][-]{subsection.6.3}{\376\377\000S\000u\000r\000p\000l\000u\000s\000\040\000G\000e\000n\000e\000r\000a\000t\000i\000o\000n}{section.6}% 73
\BOOKMARK [3][-]{subsubsection.6.3.1}{\376\377\000C\000o\000m\000p\000l\000e\000m\000e\000n\000t\000a\000r\000i\000t\000y\000\040\000E\000f\000f\000e\000c\000t\000s}{subsection.6.3}% 74
\BOOKMARK [2][-]{subsection.6.4}{\376\377\000F\000a\000i\000r\000n\000e\000s\000s\000\040\000M\000e\000c\000h\000a\000n\000i\000s\000m\000\040\000C\000o\000m\000p\000a\000r\000i\000s\000o\000n}{section.6}% 75
\BOOKMARK [3][-]{subsubsection.6.4.1}{\376\377\000A\000s\000y\000m\000m\000e\000t\000r\000i\000c\000\040\000S\000c\000e\000n\000a\000r\000i\000o\000\040\000A\000n\000a\000l\000y\000s\000i\000s}{subsection.6.4}% 76
\BOOKMARK [2][-]{subsection.6.5}{\376\377\000H\000u\000b\000-\000S\000p\000o\000k\000e\000\040\000C\000o\000o\000r\000d\000i\000n\000a\000t\000i\000o\000n}{section.6}% 77
\BOOKMARK [2][-]{subsection.6.6}{\376\377\000M\000e\000m\000b\000e\000r\000s\000h\000i\000p\000\040\000O\000v\000e\000r\000l\000a\000p\000\040\000E\000f\000f\000e\000c\000t\000s}{section.6}% 78
\BOOKMARK [2][-]{subsection.6.7}{\376\377\000H\000y\000p\000o\000t\000h\000e\000s\000i\000s\000\040\000E\000v\000a\000l\000u\000a\000t\000i\000o\000n}{section.6}% 79
\BOOKMARK [2][-]{subsection.6.8}{\376\377\000K\000e\000y\000\040\000F\000i\000n\000d\000i\000n\000g\000s}{section.6}% 80
\BOOKMARK [1][-]{section.7}{\376\377\000D\000i\000s\000c\000u\000s\000s\000i\000o\000n}{}% 81
\BOOKMARK [2][-]{subsection.7.1}{\376\377\000I\000n\000t\000e\000r\000p\000r\000e\000t\000a\000t\000i\000o\000n\000\040\000o\000f\000\040\000R\000e\000s\000u\000l\000t\000s}{section.7}% 82
\BOOKMARK [3][-]{subsubsection.7.1.1}{\376\377\000T\000h\000e\000\040\000C\000o\000m\000p\000l\000e\000m\000e\000n\000t\000a\000r\000i\000t\000y\000\040\000P\000a\000r\000a\000d\000o\000x}{subsection.7.1}% 83
\BOOKMARK [3][-]{subsubsection.7.1.2}{\376\377\000F\000a\000i\000r\000n\000e\000s\000s\000\040\000a\000s\000\040\000I\000n\000f\000r\000a\000s\000t\000r\000u\000c\000t\000u\000r\000e}{subsection.7.1}% 84
\BOOKMARK [3][-]{subsubsection.7.1.3}{\376\377\000T\000h\000e\000\040\000H\000u\000b\000\040\000A\000d\000v\000a\000n\000t\000a\000g\000e}{subsection.7.1}% 85
\BOOKMARK [2][-]{subsection.7.2}{\376\377\000D\000e\000s\000i\000g\000n\000\040\000P\000r\000i\000n\000c\000i\000p\000l\000e\000s\000\040\000f\000o\000r\000\040\000I\000n\000t\000e\000r\000-\000D\000A\000O\000\040\000C\000o\000o\000p\000e\000r\000a\000t\000i\000o\000n}{section.7}% 86
\BOOKMARK [2][-]{subsection.7.3}{\376\377\000C\000o\000m\000p\000a\000r\000i\000s\000o\000n\000\040\000w\000i\000t\000h\000\040\000R\000e\000a\000l\000\040\000I\000n\000t\000e\000r\000-\000D\000A\000O\000\040\000C\000o\000o\000p\000e\000r\000a\000t\000i\000o\000n}{section.7}% 87
\BOOKMARK [3][-]{subsubsection.7.3.1}{\376\377\000P\000r\000o\000t\000o\000c\000o\000l\000\040\000G\000u\000i\000l\000d}{subsection.7.3}% 88
\BOOKMARK [3][-]{subsubsection.7.3.2}{\376\377\000M\000e\000t\000a\000g\000o\000v\000e\000r\000n\000a\000n\000c\000e}{subsection.7.3}% 89
\BOOKMARK [3][-]{subsubsection.7.3.3}{\376\377\000G\000i\000t\000c\000o\000i\000n\000\040\000G\000r\000a\000n\000t\000s}{subsection.7.3}% 90
\BOOKMARK [2][-]{subsection.7.4}{\376\377\000L\000i\000m\000i\000t\000a\000t\000i\000o\000n\000s}{section.7}% 91
\BOOKMARK [3][-]{subsubsection.7.4.1}{\376\377\000S\000i\000m\000p\000l\000i\000f\000i\000e\000d\000\040\000P\000r\000e\000f\000e\000r\000e\000n\000c\000e\000\040\000M\000o\000d\000e\000l}{subsection.7.4}% 92
\BOOKMARK [3][-]{subsubsection.7.4.2}{\376\377\000N\000o\000\040\000R\000e\000p\000e\000a\000t\000e\000d\000\040\000G\000a\000m\000e\000\040\000D\000y\000n\000a\000m\000i\000c\000s}{subsection.7.4}% 93
\BOOKMARK [3][-]{subsubsection.7.4.3}{\376\377\000E\000x\000o\000g\000e\000n\000o\000u\000s\000\040\000C\000o\000o\000p\000e\000r\000a\000t\000i\000o\000n\000\040\000O\000p\000p\000o\000r\000t\000u\000n\000i\000t\000i\000e\000s}{subsection.7.4}% 94
\BOOKMARK [2][-]{subsection.7.5}{\376\377\000F\000u\000t\000u\000r\000e\000\040\000W\000o\000r\000k}{section.7}% 95
\BOOKMARK [1][-]{section.8}{\376\377\000C\000o\000n\000c\000l\000u\000s\000i\000o\000n}{}% 96
\BOOKMARK [2][-]{subsection.8.1}{\376\377\000S\000u\000m\000m\000a\000r\000y}{section.8}% 97
\BOOKMARK [2][-]{subsection.8.2}{\376\377\000C\000o\000n\000t\000r\000i\000b\000u\000t\000i\000o\000n\000s}{section.8}% 98
\BOOKMARK [2][-]{subsection.8.3}{\376\377\000P\000r\000a\000c\000t\000i\000c\000a\000l\000\040\000R\000e\000c\000o\000m\000m\000e\000n\000d\000a\000t\000i\000o\000n\000s}{section.8}% 99
\BOOKMARK [2][-]{subsection.8.4}{\376\377\000I\000m\000p\000l\000i\000c\000a\000t\000i\000o\000n\000s}{section.8}% 100
\BOOKMARK [2][-]{subsection.8.5}{\376\377\000C\000l\000o\000s\000i\000n\000g\000\040\000R\000e\000m\000a\000r\000k\000s}{section.8}% 101
