\BOOKMARK [1][-]{section.1}{\376\377\000I\000n\000t\000r\000o\000d\000u\000c\000t\000i\000o\000n}{}% 1
\BOOKMARK [2][-]{subsection.1.1}{\376\377\000M\000o\000t\000i\000v\000a\000t\000i\000o\000n}{section.1}% 2
\BOOKMARK [2][-]{subsection.1.2}{\376\377\000R\000e\000s\000e\000a\000r\000c\000h\000\040\000Q\000u\000e\000s\000t\000i\000o\000n}{section.1}% 3
\BOOKMARK [2][-]{subsection.1.3}{\376\377\000T\000r\000e\000a\000s\000u\000r\000y\000\040\000P\000o\000l\000i\000c\000y\000\040\000D\000i\000m\000e\000n\000s\000i\000o\000n\000s}{section.1}% 4
\BOOKMARK [3][-]{subsubsection.1.3.1}{\376\377\000B\000u\000f\000f\000e\000r\000\040\000F\000r\000a\000c\000t\000i\000o\000n\000s}{subsection.1.3}% 5
\BOOKMARK [3][-]{subsubsection.1.3.2}{\376\377\000E\000m\000e\000r\000g\000e\000n\000c\000y\000\040\000T\000o\000p\000-\000U\000p\000s}{subsection.1.3}% 6
\BOOKMARK [3][-]{subsubsection.1.3.3}{\376\377\000S\000p\000e\000n\000d\000i\000n\000g\000\040\000L\000i\000m\000i\000t\000s}{subsection.1.3}% 7
\BOOKMARK [2][-]{subsection.1.4}{\376\377\000C\000o\000n\000t\000r\000i\000b\000u\000t\000i\000o\000n\000s}{section.1}% 8
\BOOKMARK [2][-]{subsection.1.5}{\376\377\000P\000a\000p\000e\000r\000\040\000O\000r\000g\000a\000n\000i\000z\000a\000t\000i\000o\000n}{section.1}% 9
\BOOKMARK [1][-]{section.2}{\376\377\000B\000a\000c\000k\000g\000r\000o\000u\000n\000d\000\040\000\046\000\040\000R\000e\000l\000a\000t\000e\000d\000\040\000W\000o\000r\000k}{}% 10
\BOOKMARK [2][-]{subsection.2.1}{\376\377\000D\000A\000O\000\040\000T\000r\000e\000a\000s\000u\000r\000i\000e\000s\000\040\000i\000n\000\040\000P\000r\000a\000c\000t\000i\000c\000e}{section.2}% 11
\BOOKMARK [3][-]{subsubsection.2.1.1}{\376\377\000T\000r\000e\000a\000s\000u\000r\000y\000\040\000C\000o\000m\000p\000o\000s\000i\000t\000i\000o\000n}{subsection.2.1}% 12
\BOOKMARK [3][-]{subsubsection.2.1.2}{\376\377\000T\000r\000e\000a\000s\000u\000r\000y\000\040\000U\000s\000e\000s}{subsection.2.1}% 13
\BOOKMARK [3][-]{subsubsection.2.1.3}{\376\377\000H\000i\000s\000t\000o\000r\000i\000c\000a\000l\000\040\000C\000h\000a\000l\000l\000e\000n\000g\000e\000s}{subsection.2.1}% 14
\BOOKMARK [2][-]{subsection.2.2}{\376\377\000E\000x\000i\000s\000t\000i\000n\000g\000\040\000T\000r\000e\000a\000s\000u\000r\000y\000\040\000P\000r\000a\000c\000t\000i\000c\000e\000s}{section.2}% 15
\BOOKMARK [3][-]{subsubsection.2.2.1}{\376\377\000C\000o\000m\000p\000o\000u\000n\000d}{subsection.2.2}% 16
\BOOKMARK [3][-]{subsubsection.2.2.2}{\376\377\000U\000n\000i\000s\000w\000a\000p}{subsection.2.2}% 17
\BOOKMARK [3][-]{subsubsection.2.2.3}{\376\377\000O\000p\000t\000i\000m\000i\000s\000m}{subsection.2.2}% 18
\BOOKMARK [3][-]{subsubsection.2.2.4}{\376\377\000M\000a\000k\000e\000r\000D\000A\000O}{subsection.2.2}% 19
\BOOKMARK [2][-]{subsection.2.3}{\376\377\000T\000h\000e\000o\000r\000e\000t\000i\000c\000a\000l\000\040\000F\000o\000u\000n\000d\000a\000t\000i\000o\000n\000s}{section.2}% 20
\BOOKMARK [3][-]{subsubsection.2.3.1}{\376\377\000C\000o\000r\000p\000o\000r\000a\000t\000e\000\040\000F\000i\000n\000a\000n\000c\000e\000\040\000P\000a\000r\000a\000l\000l\000e\000l\000s}{subsection.2.3}% 21
\BOOKMARK [3][-]{subsubsection.2.3.2}{\376\377\000R\000e\000s\000e\000r\000v\000e\000\040\000A\000d\000e\000q\000u\000a\000c\000y}{subsection.2.3}% 22
\BOOKMARK [2][-]{subsection.2.4}{\376\377\000R\000e\000l\000a\000t\000e\000d\000\040\000W\000o\000r\000k}{section.2}% 23
\BOOKMARK [1][-]{section.3}{\376\377\000T\000h\000e\000o\000r\000e\000t\000i\000c\000a\000l\000\040\000F\000r\000a\000m\000e\000w\000o\000r\000k}{}% 24
\BOOKMARK [2][-]{subsection.3.1}{\376\377\000T\000r\000e\000a\000s\000u\000r\000y\000\040\000D\000y\000n\000a\000m\000i\000c\000s\000\040\000M\000o\000d\000e\000l}{section.3}% 25
\BOOKMARK [3][-]{subsubsection.3.1.1}{\376\377\000T\000r\000e\000a\000s\000u\000r\000y\000\040\000S\000t\000a\000t\000e}{subsection.3.1}% 26
\BOOKMARK [3][-]{subsubsection.3.1.2}{\376\377\000B\000u\000f\000f\000e\000r\000\040\000M\000e\000c\000h\000a\000n\000i\000c\000s}{subsection.3.1}% 27
\BOOKMARK [3][-]{subsubsection.3.1.3}{\376\377\000E\000m\000e\000r\000g\000e\000n\000c\000y\000\040\000T\000o\000p\000-\000U\000p}{subsection.3.1}% 28
\BOOKMARK [2][-]{subsection.3.2}{\376\377\000R\000e\000s\000i\000l\000i\000e\000n\000c\000e\000\040\000M\000e\000t\000r\000i\000c\000s}{section.3}% 29
\BOOKMARK [3][-]{subsubsection.3.2.1}{\376\377\000T\000r\000e\000a\000s\000u\000r\000y\000\040\000V\000o\000l\000a\000t\000i\000l\000i\000t\000y}{subsection.3.2}% 30
\BOOKMARK [3][-]{subsubsection.3.2.2}{\376\377\000D\000r\000a\000w\000d\000o\000w\000n\000\040\000R\000i\000s\000k}{subsection.3.2}% 31
\BOOKMARK [3][-]{subsubsection.3.2.3}{\376\377\000R\000u\000n\000w\000a\000y}{subsection.3.2}% 32
\BOOKMARK [3][-]{subsubsection.3.2.4}{\376\377\000B\000u\000f\000f\000e\000r\000\040\000C\000o\000v\000e\000r\000a\000g\000e}{subsection.3.2}% 33
\BOOKMARK [2][-]{subsection.3.3}{\376\377\000T\000r\000a\000d\000e\000o\000f\000f\000\040\000A\000n\000a\000l\000y\000s\000i\000s}{section.3}% 34
\BOOKMARK [3][-]{subsubsection.3.3.1}{\376\377\000R\000e\000s\000i\000l\000i\000e\000n\000c\000e\000\040\000v\000s\000.\000\040\000E\000f\000f\000i\000c\000i\000e\000n\000c\000y}{subsection.3.3}% 35
\BOOKMARK [3][-]{subsubsection.3.3.2}{\376\377\000S\000p\000e\000n\000d\000i\000n\000g\000\040\000L\000i\000m\000i\000t\000s\000\040\000v\000s\000.\000\040\000O\000p\000e\000r\000a\000t\000i\000o\000n\000a\000l\000\040\000F\000l\000e\000x\000i\000b\000i\000l\000i\000t\000y}{subsection.3.3}% 36
\BOOKMARK [2][-]{subsection.3.4}{\376\377\000T\000h\000e\000o\000r\000e\000t\000i\000c\000a\000l\000\040\000P\000r\000e\000d\000i\000c\000t\000i\000o\000n\000s}{section.3}% 37
\BOOKMARK [3][-]{subsubsection.3.4.1}{\376\377\000P\000r\000e\000d\000i\000c\000t\000i\000o\000n\000\040\0001\000:\000\040\000B\000u\000f\000f\000e\000r\000-\000V\000o\000l\000a\000t\000i\000l\000i\000t\000y\000\040\000R\000e\000l\000a\000t\000i\000o\000n\000s\000h\000i\000p}{subsection.3.4}% 38
\BOOKMARK [3][-]{subsubsection.3.4.2}{\376\377\000P\000r\000e\000d\000i\000c\000t\000i\000o\000n\000\040\0002\000:\000\040\000S\000p\000e\000n\000d\000i\000n\000g\000\040\000L\000i\000m\000i\000t\000-\000R\000u\000n\000w\000a\000y\000\040\000R\000e\000l\000a\000t\000i\000o\000n\000s\000h\000i\000p}{subsection.3.4}% 39
\BOOKMARK [3][-]{subsubsection.3.4.3}{\376\377\000P\000r\000e\000d\000i\000c\000t\000i\000o\000n\000\040\0003\000:\000\040\000T\000o\000p\000-\000U\000p\000\040\000E\000f\000f\000e\000c\000t\000i\000v\000e\000n\000e\000s\000s}{subsection.3.4}% 40
\BOOKMARK [2][-]{subsection.3.5}{\376\377\000M\000a\000r\000k\000e\000t\000\040\000C\000o\000n\000d\000i\000t\000i\000o\000n\000\040\000M\000o\000d\000e\000l\000i\000n\000g}{section.3}% 41
\BOOKMARK [1][-]{section.4}{\376\377\000S\000i\000m\000u\000l\000a\000t\000i\000o\000n\000\040\000A\000r\000c\000h\000i\000t\000e\000c\000t\000u\000r\000e}{}% 42
\BOOKMARK [2][-]{subsection.4.1}{\376\377\000S\000y\000s\000t\000e\000m\000\040\000O\000v\000e\000r\000v\000i\000e\000w}{section.4}% 43
\BOOKMARK [2][-]{subsection.4.2}{\376\377\000T\000r\000e\000a\000s\000u\000r\000y\000\040\000I\000m\000p\000l\000e\000m\000e\000n\000t\000a\000t\000i\000o\000n}{section.4}% 44
\BOOKMARK [3][-]{subsubsection.4.2.1}{\376\377\000T\000r\000e\000a\000s\000u\000r\000y\000\040\000S\000t\000a\000t\000e}{subsection.4.2}% 45
\BOOKMARK [3][-]{subsubsection.4.2.2}{\376\377\000I\000n\000f\000l\000o\000w\000/\000O\000u\000t\000f\000l\000o\000w\000\040\000P\000r\000o\000c\000e\000s\000s\000i\000n\000g}{subsection.4.2}% 46
\BOOKMARK [2][-]{subsection.4.3}{\376\377\000B\000u\000f\000f\000e\000r\000\040\000P\000o\000l\000i\000c\000y\000\040\000I\000m\000p\000l\000e\000m\000e\000n\000t\000a\000t\000i\000o\000n}{section.4}% 47
\BOOKMARK [3][-]{subsubsection.4.3.1}{\376\377\000S\000t\000a\000t\000i\000c\000\040\000B\000u\000f\000f\000e\000r}{subsection.4.3}% 48
\BOOKMARK [3][-]{subsubsection.4.3.2}{\376\377\000D\000y\000n\000a\000m\000i\000c\000\040\000B\000u\000f\000f\000e\000r}{subsection.4.3}% 49
\BOOKMARK [2][-]{subsection.4.4}{\376\377\000E\000m\000e\000r\000g\000e\000n\000c\000y\000\040\000T\000o\000p\000-\000U\000p\000\040\000I\000m\000p\000l\000e\000m\000e\000n\000t\000a\000t\000i\000o\000n}{section.4}% 50
\BOOKMARK [2][-]{subsection.4.5}{\376\377\000M\000a\000r\000k\000e\000t\000\040\000S\000i\000m\000u\000l\000a\000t\000i\000o\000n}{section.4}% 51
\BOOKMARK [2][-]{subsection.4.6}{\376\377\000M\000e\000t\000r\000i\000c\000s\000\040\000C\000o\000l\000l\000e\000c\000t\000i\000o\000n}{section.4}% 52
\BOOKMARK [1][-]{section.5}{\376\377\000E\000x\000p\000e\000r\000i\000m\000e\000n\000t\000a\000l\000\040\000M\000e\000t\000h\000o\000d\000o\000l\000o\000g\000y}{}% 53
\BOOKMARK [2][-]{subsection.5.1}{\376\377\000E\000x\000p\000e\000r\000i\000m\000e\000n\000t\000a\000l\000\040\000D\000e\000s\000i\000g\000n}{section.5}% 54
\BOOKMARK [2][-]{subsection.5.2}{\376\377\000P\000a\000r\000a\000m\000e\000t\000e\000r\000\040\000S\000e\000l\000e\000c\000t\000i\000o\000n}{section.5}% 55
\BOOKMARK [3][-]{subsubsection.5.2.1}{\376\377\000B\000u\000f\000f\000e\000r\000\040\000F\000r\000a\000c\000t\000i\000o\000n\000\040\000L\000e\000v\000e\000l\000s}{subsection.5.2}% 56
\BOOKMARK [3][-]{subsubsection.5.2.2}{\376\377\000S\000p\000e\000n\000d\000i\000n\000g\000\040\000L\000i\000m\000i\000t\000\040\000L\000e\000v\000e\000l\000s}{subsection.5.2}% 57
\BOOKMARK [3][-]{subsubsection.5.2.3}{\376\377\000T\000o\000p\000-\000U\000p\000\040\000M\000o\000d\000e\000s}{subsection.5.2}% 58
\BOOKMARK [2][-]{subsection.5.3}{\376\377\000M\000a\000r\000k\000e\000t\000\040\000C\000o\000n\000d\000i\000t\000i\000o\000n\000s}{section.5}% 59
\BOOKMARK [2][-]{subsection.5.4}{\376\377\000B\000a\000s\000e\000l\000i\000n\000e\000\040\000C\000o\000n\000f\000i\000g\000u\000r\000a\000t\000i\000o\000n}{section.5}% 60
\BOOKMARK [2][-]{subsection.5.5}{\376\377\000H\000y\000p\000o\000t\000h\000e\000s\000e\000s}{section.5}% 61
\BOOKMARK [2][-]{subsection.5.6}{\376\377\000M\000e\000t\000r\000i\000c\000s}{section.5}% 62
\BOOKMARK [2][-]{subsection.5.7}{\376\377\000S\000t\000a\000t\000i\000s\000t\000i\000c\000a\000l\000\040\000A\000n\000a\000l\000y\000s\000i\000s}{section.5}% 63
\BOOKMARK [3][-]{subsubsection.5.7.1}{\376\377\000R\000e\000g\000r\000e\000s\000s\000i\000o\000n\000\040\000A\000n\000a\000l\000y\000s\000i\000s}{subsection.5.7}% 64
\BOOKMARK [3][-]{subsubsection.5.7.2}{\376\377\000R\000e\000g\000i\000m\000e\000-\000C\000o\000n\000d\000i\000t\000i\000o\000n\000a\000l\000\040\000A\000n\000a\000l\000y\000s\000i\000s}{subsection.5.7}% 65
\BOOKMARK [3][-]{subsubsection.5.7.3}{\376\377\000S\000u\000r\000v\000i\000v\000a\000l\000\040\000A\000n\000a\000l\000y\000s\000i\000s}{subsection.5.7}% 66
\BOOKMARK [1][-]{section.6}{\376\377\000R\000e\000s\000u\000l\000t\000s}{}% 67
\BOOKMARK [2][-]{subsection.6.1}{\376\377\000O\000v\000e\000r\000v\000i\000e\000w}{section.6}% 68
\BOOKMARK [2][-]{subsection.6.2}{\376\377\000B\000u\000f\000f\000e\000r\000\040\000F\000r\000a\000c\000t\000i\000o\000n\000\040\000E\000f\000f\000e\000c\000t\000s}{section.6}% 69
\BOOKMARK [3][-]{subsubsection.6.2.1}{\376\377\000V\000o\000l\000a\000t\000i\000l\000i\000t\000y\000\040\000R\000e\000d\000u\000c\000t\000i\000o\000n}{subsection.6.2}% 70
\BOOKMARK [3][-]{subsubsection.6.2.2}{\376\377\000E\000f\000f\000i\000c\000i\000e\000n\000c\000y\000\040\000T\000r\000a\000d\000e\000o\000f\000f}{subsection.6.2}% 71
\BOOKMARK [2][-]{subsection.6.3}{\376\377\000S\000p\000e\000n\000d\000i\000n\000g\000\040\000L\000i\000m\000i\000t\000\040\000E\000f\000f\000e\000c\000t\000s}{section.6}% 72
\BOOKMARK [3][-]{subsubsection.6.3.1}{\376\377\000R\000u\000n\000w\000a\000y\000\040\000E\000x\000t\000e\000n\000s\000i\000o\000n}{subsection.6.3}% 73
\BOOKMARK [2][-]{subsection.6.4}{\376\377\000E\000m\000e\000r\000g\000e\000n\000c\000y\000\040\000T\000o\000p\000-\000U\000p\000\040\000E\000f\000f\000e\000c\000t\000s}{section.6}% 74
\BOOKMARK [3][-]{subsubsection.6.4.1}{\376\377\000D\000r\000a\000w\000d\000o\000w\000n\000\040\000M\000i\000t\000i\000g\000a\000t\000i\000o\000n}{subsection.6.4}% 75
\BOOKMARK [2][-]{subsection.6.5}{\376\377\000M\000a\000r\000k\000e\000t\000\040\000R\000e\000g\000i\000m\000e\000\040\000I\000n\000t\000e\000r\000a\000c\000t\000i\000o\000n\000s}{section.6}% 76
\BOOKMARK [2][-]{subsection.6.6}{\376\377\000H\000y\000p\000o\000t\000h\000e\000s\000i\000s\000\040\000E\000v\000a\000l\000u\000a\000t\000i\000o\000n}{section.6}% 77
\BOOKMARK [2][-]{subsection.6.7}{\376\377\000K\000e\000y\000\040\000F\000i\000n\000d\000i\000n\000g\000s}{section.6}% 78
\BOOKMARK [1][-]{section.7}{\376\377\000D\000i\000s\000c\000u\000s\000s\000i\000o\000n}{}% 79
\BOOKMARK [2][-]{subsection.7.1}{\376\377\000I\000n\000t\000e\000r\000p\000r\000e\000t\000a\000t\000i\000o\000n\000\040\000o\000f\000\040\000R\000e\000s\000u\000l\000t\000s}{section.7}% 80
\BOOKMARK [3][-]{subsubsection.7.1.1}{\376\377\000T\000h\000e\000\040\0001\0000\000-\0002\0000\000\045\000\040\000B\000u\000f\000f\000e\000r\000\040\000S\000w\000e\000e\000t\000\040\000S\000p\000o\000t}{subsection.7.1}% 81
\BOOKMARK [3][-]{subsubsection.7.1.2}{\376\377\000S\000p\000e\000n\000d\000i\000n\000g\000\040\000L\000i\000m\000i\000t\000s\000:\000\040\000S\000u\000s\000t\000a\000i\000n\000a\000b\000i\000l\000i\000t\000y\000\040\000v\000s\000.\000\040\000A\000g\000i\000l\000i\000t\000y}{subsection.7.1}% 82
\BOOKMARK [3][-]{subsubsection.7.1.3}{\376\377\000E\000m\000e\000r\000g\000e\000n\000c\000y\000\040\000M\000e\000c\000h\000a\000n\000i\000s\000m\000s\000\040\000a\000s\000\040\000I\000n\000s\000u\000r\000a\000n\000c\000e}{subsection.7.1}% 83
\BOOKMARK [2][-]{subsection.7.2}{\376\377\000P\000o\000l\000i\000c\000y\000\040\000D\000e\000s\000i\000g\000n\000\040\000F\000r\000a\000m\000e\000w\000o\000r\000k}{section.7}% 84
\BOOKMARK [3][-]{subsubsection.7.2.1}{\376\377\000T\000i\000e\000r\000\040\0001\000:\000\040\000B\000a\000s\000e\000l\000i\000n\000e\000\040\000P\000o\000l\000i\000c\000i\000e\000s}{subsection.7.2}% 85
\BOOKMARK [3][-]{subsubsection.7.2.2}{\376\377\000T\000i\000e\000r\000\040\0002\000:\000\040\000M\000a\000r\000k\000e\000t\000-\000A\000d\000a\000p\000t\000i\000v\000e}{subsection.7.2}% 86
\BOOKMARK [3][-]{subsubsection.7.2.3}{\376\377\000T\000i\000e\000r\000\040\0003\000:\000\040\000S\000t\000r\000a\000t\000e\000g\000i\000c\000\040\000R\000e\000s\000e\000r\000v\000e\000s}{subsection.7.2}% 87
\BOOKMARK [2][-]{subsection.7.3}{\376\377\000C\000o\000m\000p\000a\000r\000i\000s\000o\000n\000\040\000w\000i\000t\000h\000\040\000R\000e\000a\000l\000\040\000P\000r\000a\000c\000t\000i\000c\000e\000s}{section.7}% 88
\BOOKMARK [3][-]{subsubsection.7.3.1}{\376\377\000M\000a\000k\000e\000r\000D\000A\000O}{subsection.7.3}% 89
\BOOKMARK [3][-]{subsubsection.7.3.2}{\376\377\000O\000p\000t\000i\000m\000i\000s\000m}{subsection.7.3}% 90
\BOOKMARK [3][-]{subsubsection.7.3.3}{\376\377\000M\000o\000s\000t\000\040\000D\000A\000O\000s}{subsection.7.3}% 91
\BOOKMARK [2][-]{subsection.7.4}{\376\377\000L\000i\000m\000i\000t\000a\000t\000i\000o\000n\000s}{section.7}% 92
\BOOKMARK [3][-]{subsubsection.7.4.1}{\376\377\000S\000i\000m\000p\000l\000i\000f\000i\000e\000d\000\040\000M\000a\000r\000k\000e\000t\000\040\000M\000o\000d\000e\000l}{subsection.7.4}% 93
\BOOKMARK [3][-]{subsubsection.7.4.2}{\376\377\000E\000x\000o\000g\000e\000n\000o\000u\000s\000\040\000R\000e\000v\000e\000n\000u\000e}{subsection.7.4}% 94
\BOOKMARK [3][-]{subsubsection.7.4.3}{\376\377\000N\000o\000\040\000S\000t\000r\000a\000t\000e\000g\000i\000c\000\040\000B\000e\000h\000a\000v\000i\000o\000r}{subsection.7.4}% 95
\BOOKMARK [2][-]{subsection.7.5}{\376\377\000F\000u\000t\000u\000r\000e\000\040\000W\000o\000r\000k}{section.7}% 96
\BOOKMARK [1][-]{section.8}{\376\377\000C\000o\000n\000c\000l\000u\000s\000i\000o\000n}{}% 97
\BOOKMARK [2][-]{subsection.8.1}{\376\377\000S\000u\000m\000m\000a\000r\000y}{section.8}% 98
\BOOKMARK [2][-]{subsection.8.2}{\376\377\000C\000o\000n\000t\000r\000i\000b\000u\000t\000i\000o\000n\000s}{section.8}% 99
\BOOKMARK [2][-]{subsection.8.3}{\376\377\000P\000r\000a\000c\000t\000i\000c\000a\000l\000\040\000R\000e\000c\000o\000m\000m\000e\000n\000d\000a\000t\000i\000o\000n\000s}{section.8}% 100
\BOOKMARK [2][-]{subsection.8.4}{\376\377\000I\000m\000p\000l\000i\000c\000a\000t\000i\000o\000n\000s}{section.8}% 101
\BOOKMARK [2][-]{subsection.8.5}{\376\377\000C\000l\000o\000s\000i\000n\000g\000\040\000R\000e\000m\000a\000r\000k\000s}{section.8}% 102
