\BOOKMARK [1][-]{section.1}{\376\377\000I\000n\000t\000r\000o\000d\000u\000c\000t\000i\000o\000n}{}% 1
\BOOKMARK [2][-]{subsection.1.1}{\376\377\000M\000o\000t\000i\000v\000a\000t\000i\000o\000n}{section.1}% 2
\BOOKMARK [2][-]{subsection.1.2}{\376\377\000C\000o\000n\000t\000r\000i\000b\000u\000t\000i\000o\000n\000s}{section.1}% 3
\BOOKMARK [2][-]{subsection.1.3}{\376\377\000R\000e\000s\000e\000a\000r\000c\000h\000\040\000Q\000u\000e\000s\000t\000i\000o\000n\000s}{section.1}% 4
\BOOKMARK [2][-]{subsection.1.4}{\376\377\000P\000a\000p\000e\000r\000\040\000O\000r\000g\000a\000n\000i\000z\000a\000t\000i\000o\000n}{section.1}% 5
\BOOKMARK [1][-]{section.2}{\376\377\000B\000a\000c\000k\000g\000r\000o\000u\000n\000d\000\040\000\046\000\040\000R\000e\000l\000a\000t\000e\000d\000\040\000W\000o\000r\000k}{}% 6
\BOOKMARK [2][-]{subsection.2.1}{\376\377\000D\000e\000c\000e\000n\000t\000r\000a\000l\000i\000z\000e\000d\000\040\000A\000u\000t\000o\000n\000o\000m\000o\000u\000s\000\040\000O\000r\000g\000a\000n\000i\000z\000a\000t\000i\000o\000n\000s}{section.2}% 7
\BOOKMARK [2][-]{subsection.2.2}{\376\377\000M\000u\000l\000t\000i\000-\000A\000g\000e\000n\000t\000\040\000S\000y\000s\000t\000e\000m\000s}{section.2}% 8
\BOOKMARK [2][-]{subsection.2.3}{\376\377\000M\000e\000c\000h\000a\000n\000i\000s\000m\000\040\000D\000e\000s\000i\000g\000n}{section.2}% 9
\BOOKMARK [2][-]{subsection.2.4}{\376\377\000C\000o\000m\000p\000u\000t\000a\000t\000i\000o\000n\000a\000l\000\040\000S\000o\000c\000i\000a\000l\000\040\000C\000h\000o\000i\000c\000e}{section.2}% 10
\BOOKMARK [2][-]{subsection.2.5}{\376\377\000A\000g\000e\000n\000t\000-\000B\000a\000s\000e\000d\000\040\000M\000o\000d\000e\000l\000i\000n\000g\000\040\000i\000n\000\040\000E\000c\000o\000n\000o\000m\000i\000c\000s}{section.2}% 11
\BOOKMARK [2][-]{subsection.2.6}{\376\377\000P\000r\000i\000o\000r\000\040\000D\000A\000O\000\040\000S\000i\000m\000u\000l\000a\000t\000i\000o\000n\000\040\000W\000o\000r\000k}{section.2}% 12
\BOOKMARK [1][-]{section.3}{\376\377\000T\000h\000e\000o\000r\000e\000t\000i\000c\000a\000l\000\040\000F\000r\000a\000m\000e\000w\000o\000r\000k}{}% 13
\BOOKMARK [2][-]{subsection.3.1}{\376\377\000F\000o\000r\000m\000a\000l\000\040\000M\000o\000d\000e\000l}{section.3}% 14
\BOOKMARK [3][-]{subsubsection.3.1.1}{\376\377\000D\000A\000O\000\040\000D\000e\000f\000i\000n\000i\000t\000i\000o\000n}{subsection.3.1}% 15
\BOOKMARK [3][-]{subsubsection.3.1.2}{\376\377\000A\000g\000e\000n\000t\000\040\000M\000o\000d\000e\000l}{subsection.3.1}% 16
\BOOKMARK [3][-]{subsubsection.3.1.3}{\376\377\000P\000r\000o\000p\000o\000s\000a\000l\000\040\000L\000i\000f\000e\000c\000y\000c\000l\000e}{subsection.3.1}% 17
\BOOKMARK [2][-]{subsection.3.2}{\376\377\000V\000o\000t\000i\000n\000g\000\040\000M\000e\000c\000h\000a\000n\000i\000s\000m\000s}{section.3}% 18
\BOOKMARK [3][-]{subsubsection.3.2.1}{\376\377\000T\000o\000k\000e\000n\000-\000W\000e\000i\000g\000h\000t\000e\000d\000\040\000V\000o\000t\000i\000n\000g}{subsection.3.2}% 19
\BOOKMARK [3][-]{subsubsection.3.2.2}{\376\377\000Q\000u\000a\000d\000r\000a\000t\000i\000c\000\040\000V\000o\000t\000i\000n\000g}{subsection.3.2}% 20
\BOOKMARK [3][-]{subsubsection.3.2.3}{\376\377\000C\000o\000n\000v\000i\000c\000t\000i\000o\000n\000\040\000V\000o\000t\000i\000n\000g}{subsection.3.2}% 21
\BOOKMARK [2][-]{subsection.3.3}{\376\377\000E\000q\000u\000i\000l\000i\000b\000r\000i\000u\000m\000\040\000C\000o\000n\000c\000e\000p\000t\000s}{section.3}% 22
\BOOKMARK [3][-]{subsubsection.3.3.1}{\376\377\000P\000a\000r\000t\000i\000c\000i\000p\000a\000t\000i\000o\000n\000\040\000E\000q\000u\000i\000l\000i\000b\000r\000i\000u\000m}{subsection.3.3}% 23
\BOOKMARK [3][-]{subsubsection.3.3.2}{\376\377\000D\000e\000l\000e\000g\000a\000t\000i\000o\000n\000\040\000E\000q\000u\000i\000l\000i\000b\000r\000i\000u\000m}{subsection.3.3}% 24
\BOOKMARK [2][-]{subsection.3.4}{\376\377\000K\000e\000y\000\040\000T\000h\000e\000o\000r\000e\000t\000i\000c\000a\000l\000\040\000P\000r\000e\000d\000i\000c\000t\000i\000o\000n\000s}{section.3}% 25
\BOOKMARK [1][-]{section.4}{\376\377\000S\000i\000m\000u\000l\000a\000t\000i\000o\000n\000\040\000A\000r\000c\000h\000i\000t\000e\000c\000t\000u\000r\000e}{}% 26
\BOOKMARK [2][-]{subsection.4.1}{\376\377\000S\000y\000s\000t\000e\000m\000\040\000O\000v\000e\000r\000v\000i\000e\000w}{section.4}% 27
\BOOKMARK [2][-]{subsection.4.2}{\376\377\000A\000g\000e\000n\000t\000\040\000I\000m\000p\000l\000e\000m\000e\000n\000t\000a\000t\000i\000o\000n}{section.4}% 28
\BOOKMARK [3][-]{subsubsection.4.2.1}{\376\377\000A\000g\000e\000n\000t\000\040\000T\000y\000p\000e\000s}{subsection.4.2}% 29
\BOOKMARK [2][-]{subsection.4.3}{\376\377\000G\000o\000v\000e\000r\000n\000a\000n\000c\000e\000\040\000M\000e\000c\000h\000a\000n\000i\000s\000m\000s}{section.4}% 30
\BOOKMARK [3][-]{subsubsection.4.3.1}{\376\377\000V\000o\000t\000i\000n\000g\000\040\000S\000y\000s\000t\000e\000m\000s}{subsection.4.3}% 31
\BOOKMARK [3][-]{subsubsection.4.3.2}{\376\377\000Q\000u\000o\000r\000u\000m\000\040\000M\000e\000c\000h\000a\000n\000i\000s\000m\000s}{subsection.4.3}% 32
\BOOKMARK [2][-]{subsection.4.4}{\376\377\000S\000i\000m\000u\000l\000a\000t\000i\000o\000n\000\040\000L\000o\000o\000p}{section.4}% 33
\BOOKMARK [2][-]{subsection.4.5}{\376\377\000R\000e\000p\000r\000o\000d\000u\000c\000i\000b\000i\000l\000i\000t\000y\000\040\000F\000e\000a\000t\000u\000r\000e\000s}{section.4}% 34
\BOOKMARK [2][-]{subsection.4.6}{\376\377\000I\000m\000p\000l\000e\000m\000e\000n\000t\000a\000t\000i\000o\000n}{section.4}% 35
\BOOKMARK [1][-]{section.5}{\376\377\000E\000x\000p\000e\000r\000i\000m\000e\000n\000t\000a\000l\000\040\000M\000e\000t\000h\000o\000d\000o\000l\000o\000g\000y}{}% 36
\BOOKMARK [2][-]{subsection.5.1}{\376\377\000E\000x\000p\000e\000r\000i\000m\000e\000n\000t\000a\000l\000\040\000D\000e\000s\000i\000g\000n}{section.5}% 37
\BOOKMARK [3][-]{subsubsection.5.1.1}{\376\377\000P\000a\000r\000a\000m\000e\000t\000e\000r\000\040\000S\000w\000e\000e\000p\000s}{subsection.5.1}% 38
\BOOKMARK [3][-]{subsubsection.5.1.2}{\376\377\000B\000a\000s\000e\000l\000i\000n\000e\000\040\000C\000o\000n\000f\000i\000g\000u\000r\000a\000t\000i\000o\000n}{subsection.5.1}% 39
\BOOKMARK [2][-]{subsection.5.2}{\376\377\000M\000e\000t\000r\000i\000c\000s}{section.5}% 40
\BOOKMARK [3][-]{subsubsection.5.2.1}{\376\377\000P\000r\000i\000m\000a\000r\000y\000\040\000M\000e\000t\000r\000i\000c\000s}{subsection.5.2}% 41
\BOOKMARK [3][-]{subsubsection.5.2.2}{\376\377\000S\000e\000c\000o\000n\000d\000a\000r\000y\000\040\000M\000e\000t\000r\000i\000c\000s}{subsection.5.2}% 42
\BOOKMARK [2][-]{subsection.5.3}{\376\377\000S\000t\000a\000t\000i\000s\000t\000i\000c\000a\000l\000\040\000A\000n\000a\000l\000y\000s\000i\000s}{section.5}% 43
\BOOKMARK [3][-]{subsubsection.5.3.1}{\376\377\000S\000u\000m\000m\000a\000r\000y\000\040\000S\000t\000a\000t\000i\000s\000t\000i\000c\000s}{subsection.5.3}% 44
\BOOKMARK [3][-]{subsubsection.5.3.2}{\376\377\000H\000y\000p\000o\000t\000h\000e\000s\000i\000s\000\040\000T\000e\000s\000t\000i\000n\000g}{subsection.5.3}% 45
\BOOKMARK [3][-]{subsubsection.5.3.3}{\376\377\000E\000f\000f\000e\000c\000t\000\040\000S\000i\000z\000e}{subsection.5.3}% 46
\BOOKMARK [2][-]{subsection.5.4}{\376\377\000V\000a\000l\000i\000d\000a\000t\000i\000o\000n}{section.5}% 47
\BOOKMARK [3][-]{subsubsection.5.4.1}{\376\377\000I\000n\000t\000e\000r\000n\000a\000l\000\040\000V\000a\000l\000i\000d\000i\000t\000y}{subsection.5.4}% 48
\BOOKMARK [3][-]{subsubsection.5.4.2}{\376\377\000E\000x\000t\000e\000r\000n\000a\000l\000\040\000V\000a\000l\000i\000d\000i\000t\000y}{subsection.5.4}% 49
\BOOKMARK [2][-]{subsection.5.5}{\376\377\000C\000o\000m\000p\000u\000t\000a\000t\000i\000o\000n\000a\000l\000\040\000R\000e\000s\000o\000u\000r\000c\000e\000s}{section.5}% 50
\BOOKMARK [1][-]{section.6}{\376\377\000R\000e\000s\000u\000l\000t\000s}{}% 51
\BOOKMARK [2][-]{subsection.6.1}{\376\377\000O\000v\000e\000r\000v\000i\000e\000w}{section.6}% 52
\BOOKMARK [2][-]{subsection.6.2}{\376\377\000R\000Q\0001\000:\000\040\000P\000a\000r\000t\000i\000c\000i\000p\000a\000t\000i\000o\000n\000\040\000D\000y\000n\000a\000m\000i\000c\000s}{section.6}% 53
\BOOKMARK [3][-]{subsubsection.6.2.1}{\376\377\000F\000i\000n\000d\000i\000n\000g\000s}{subsection.6.2}% 54
\BOOKMARK [2][-]{subsection.6.3}{\376\377\000R\000Q\0002\000:\000\040\000G\000o\000v\000e\000r\000n\000a\000n\000c\000e\000\040\000C\000a\000p\000t\000u\000r\000e\000\040\000M\000i\000t\000i\000g\000a\000t\000i\000o\000n}{section.6}% 55
\BOOKMARK [3][-]{subsubsection.6.3.1}{\376\377\000F\000i\000n\000d\000i\000n\000g\000s}{subsection.6.3}% 56
\BOOKMARK [2][-]{subsection.6.4}{\376\377\000B\000a\000s\000e\000l\000i\000n\000e\000\040\000a\000n\000d\000\040\000R\000o\000b\000u\000s\000t\000n\000e\000s\000s}{section.6}% 57
\BOOKMARK [1][-]{section.7}{\376\377\000D\000i\000s\000c\000u\000s\000s\000i\000o\000n}{}% 58
\BOOKMARK [2][-]{subsection.7.1}{\376\377\000I\000n\000t\000e\000r\000p\000r\000e\000t\000a\000t\000i\000o\000n\000\040\000o\000f\000\040\000R\000e\000s\000u\000l\000t\000s}{section.7}% 59
\BOOKMARK [3][-]{subsubsection.7.1.1}{\376\377\000Q\000u\000o\000r\000u\000m\000\040\000D\000e\000s\000i\000g\000n\000\040\000I\000m\000p\000l\000i\000c\000a\000t\000i\000o\000n\000s}{subsection.7.1}% 60
\BOOKMARK [3][-]{subsubsection.7.1.2}{\376\377\000S\000c\000a\000l\000e\000\040\000C\000o\000n\000s\000i\000d\000e\000r\000a\000t\000i\000o\000n\000s}{subsection.7.1}% 61
\BOOKMARK [3][-]{subsubsection.7.1.3}{\376\377\000V\000o\000t\000i\000n\000g\000\040\000M\000e\000c\000h\000a\000n\000i\000s\000m\000\040\000T\000r\000a\000d\000e\000-\000o\000f\000f\000s}{subsection.7.1}% 62
\BOOKMARK [2][-]{subsection.7.2}{\376\377\000T\000h\000e\000o\000r\000e\000t\000i\000c\000a\000l\000\040\000C\000o\000n\000t\000r\000i\000b\000u\000t\000i\000o\000n\000s}{section.7}% 63
\BOOKMARK [2][-]{subsection.7.3}{\376\377\000P\000r\000a\000c\000t\000i\000c\000a\000l\000\040\000I\000m\000p\000l\000i\000c\000a\000t\000i\000o\000n\000s}{section.7}% 64
\BOOKMARK [2][-]{subsection.7.4}{\376\377\000C\000o\000n\000n\000e\000c\000t\000i\000o\000n\000\040\000t\000o\000\040\000R\000e\000a\000l\000-\000W\000o\000r\000l\000d\000\040\000D\000A\000O\000s}{section.7}% 65
\BOOKMARK [1][-]{section.8}{\376\377\000L\000i\000m\000i\000t\000a\000t\000i\000o\000n\000s\000\040\000\046\000\040\000F\000u\000t\000u\000r\000e\000\040\000W\000o\000r\000k}{}% 66
\BOOKMARK [2][-]{subsection.8.1}{\376\377\000L\000i\000m\000i\000t\000a\000t\000i\000o\000n\000s}{section.8}% 67
\BOOKMARK [3][-]{subsubsection.8.1.1}{\376\377\000M\000o\000d\000e\000l\000\040\000S\000i\000m\000p\000l\000i\000f\000i\000c\000a\000t\000i\000o\000n\000s}{subsection.8.1}% 68
\BOOKMARK [3][-]{subsubsection.8.1.2}{\376\377\000M\000e\000c\000h\000a\000n\000i\000s\000m\000\040\000C\000o\000v\000e\000r\000a\000g\000e}{subsection.8.1}% 69
\BOOKMARK [3][-]{subsubsection.8.1.3}{\376\377\000V\000a\000l\000i\000d\000a\000t\000i\000o\000n\000\040\000C\000o\000n\000s\000t\000r\000a\000i\000n\000t\000s}{subsection.8.1}% 70
\BOOKMARK [3][-]{subsubsection.8.1.4}{\376\377\000C\000o\000m\000p\000u\000t\000a\000t\000i\000o\000n\000a\000l\000\040\000C\000o\000n\000s\000t\000r\000a\000i\000n\000t\000s}{subsection.8.1}% 71
\BOOKMARK [2][-]{subsection.8.2}{\376\377\000F\000u\000t\000u\000r\000e\000\040\000W\000o\000r\000k}{section.8}% 72
\BOOKMARK [3][-]{subsubsection.8.2.1}{\376\377\000N\000e\000a\000r\000-\000T\000e\000r\000m\000\040\000E\000x\000t\000e\000n\000s\000i\000o\000n\000s}{subsection.8.2}% 73
\BOOKMARK [3][-]{subsubsection.8.2.2}{\376\377\000M\000e\000d\000i\000u\000m\000-\000T\000e\000r\000m\000\040\000G\000o\000a\000l\000s}{subsection.8.2}% 74
\BOOKMARK [3][-]{subsubsection.8.2.3}{\376\377\000L\000o\000n\000g\000-\000T\000e\000r\000m\000\040\000V\000i\000s\000i\000o\000n}{subsection.8.2}% 75
\BOOKMARK [2][-]{subsection.8.3}{\376\377\000O\000p\000e\000n\000\040\000Q\000u\000e\000s\000t\000i\000o\000n\000s}{section.8}% 76
\BOOKMARK [1][-]{section.9}{\376\377\000C\000o\000n\000c\000l\000u\000s\000i\000o\000n}{}% 77
\BOOKMARK [2][-]{subsection.9.1}{\376\377\000S\000u\000m\000m\000a\000r\000y}{section.9}% 78
\BOOKMARK [2][-]{subsection.9.2}{\376\377\000C\000o\000n\000t\000r\000i\000b\000u\000t\000i\000o\000n\000s}{section.9}% 79
\BOOKMARK [2][-]{subsection.9.3}{\376\377\000I\000m\000p\000l\000i\000c\000a\000t\000i\000o\000n\000s}{section.9}% 80
\BOOKMARK [2][-]{subsection.9.4}{\376\377\000C\000l\000o\000s\000i\000n\000g\000\040\000R\000e\000m\000a\000r\000k\000s}{section.9}% 81
\BOOKMARK [1][-]{appendix.A}{\376\377\000E\000x\000p\000e\000r\000i\000m\000e\000n\000t\000\040\000C\000o\000n\000f\000i\000g\000u\000r\000a\000t\000i\000o\000n\000s}{}% 82
\BOOKMARK [1][-]{appendix.B}{\376\377\000S\000t\000a\000t\000i\000s\000t\000i\000c\000a\000l\000\040\000A\000n\000a\000l\000y\000s\000i\000s\000\040\000D\000e\000t\000a\000i\000l\000s}{}% 83
\BOOKMARK [2][-]{subsection.B.1}{\376\377\000D\000e\000s\000c\000r\000i\000p\000t\000i\000v\000e\000\040\000S\000t\000a\000t\000i\000s\000t\000i\000c\000s}{appendix.B}% 84
\BOOKMARK [2][-]{subsection.B.2}{\376\377\000R\000e\000g\000r\000e\000s\000s\000i\000o\000n\000\040\000R\000e\000s\000u\000l\000t\000s}{appendix.B}% 85
\BOOKMARK [2][-]{subsection.B.3}{\376\377\000A\000N\000O\000V\000A\000\040\000T\000a\000b\000l\000e\000s}{appendix.B}% 86
\BOOKMARK [2][-]{subsection.B.4}{\376\377\000E\000f\000f\000e\000c\000t\000\040\000S\000i\000z\000e\000s}{appendix.B}% 87
\BOOKMARK [1][-]{appendix.C}{\376\377\000R\000e\000p\000r\000o\000d\000u\000c\000i\000b\000i\000l\000i\000t\000y\000\040\000M\000a\000n\000i\000f\000e\000s\000t}{}% 88
\BOOKMARK [2][-]{subsection.C.1}{\376\377\000S\000o\000f\000t\000w\000a\000r\000e\000\040\000E\000n\000v\000i\000r\000o\000n\000m\000e\000n\000t}{appendix.C}% 89
\BOOKMARK [2][-]{subsection.C.2}{\376\377\000R\000a\000n\000d\000o\000m\000\040\000S\000e\000e\000d\000s\000\040\000U\000s\000e\000d}{appendix.C}% 90
\BOOKMARK [2][-]{subsection.C.3}{\376\377\000C\000o\000n\000f\000i\000g\000u\000r\000a\000t\000i\000o\000n\000\040\000H\000a\000s\000h\000e\000s}{appendix.C}% 91
\BOOKMARK [2][-]{subsection.C.4}{\376\377\000R\000e\000s\000u\000l\000t\000s\000\040\000V\000e\000r\000i\000f\000i\000c\000a\000t\000i\000o\000n}{appendix.C}% 92
\BOOKMARK [1][-]{appendix.D}{\376\377\000R\000Q\000\040\000C\000h\000e\000c\000k\000l\000i\000s\000t}{}% 93
\BOOKMARK [2][-]{subsection.D.1}{\376\377\000R\000Q\0001\000\040\000P\000a\000r\000t\000i\000c\000i\000p\000a\000t\000i\000o\000n\000\040\000d\000y\000n\000a\000m\000i\000c\000s}{appendix.D}% 94
\BOOKMARK [2][-]{subsection.D.2}{\376\377\000R\000Q\0002\000\040\000G\000o\000v\000e\000r\000n\000a\000n\000c\000e\000\040\000c\000a\000p\000t\000u\000r\000e\000\040\000m\000i\000t\000i\000g\000a\000t\000i\000o\000n}{appendix.D}% 95
\BOOKMARK [2][-]{subsection.D.3}{\376\377\000B\000a\000s\000e\000l\000i\000n\000e\000\040\000+\000\040\000r\000o\000b\000u\000s\000t\000n\000e\000s\000s\000\040\000\050\000s\000u\000p\000p\000o\000r\000t\000i\000n\000g\000\051}{appendix.D}% 96
