{"timestamp":"2026-01-30T09:54:56.864Z","level":"info","message":"Starting experiment: Proposal Pipeline Effects"}
[2026-01-30T09:54:56.864Z] [INFO    ] Starting experiment: Proposal Pipeline Effects
{"timestamp":"2026-01-30T09:54:56.864Z","level":"info","message":"Description: Vary temp-check duration and fast-track rules to assess pipeline impact."}
[2026-01-30T09:54:56.864Z] [INFO    ] Description: Vary temp-check duration and fast-track rules to assess pipeline impact.
{"timestamp":"2026-01-30T09:54:56.864Z","level":"info","message":"Total runs: 270 (30 per config)"}
[2026-01-30T09:54:56.864Z] [INFO    ] Total runs: 270 (30 per config)
{"timestamp":"2026-01-30T09:54:56.864Z","level":"info","message":"Workers: 4"}
[2026-01-30T09:54:56.864Z] [INFO    ] Workers: 4
{"timestamp":"2026-01-30T09:54:56.864Z","level":"info","message":"Output: results/paper/05-proposal-pipeline"}
[2026-01-30T09:54:56.864Z] [INFO    ] Output: results/paper/05-proposal-pipeline
{"timestamp":"2026-01-30T09:54:56.864Z","level":"info","message":"Sweep parameter: undefined"}
[2026-01-30T09:54:56.864Z] [INFO    ] Sweep parameter: undefined
{"timestamp":"2026-01-30T09:54:56.864Z","level":"info","message":"Experiment state changed to: running"}
[2026-01-30T09:54:56.864Z] [INFO    ] Experiment state changed to: running
{"timestamp":"2026-01-30T09:55:09.541Z","level":"progress","message":"Progress: 5% (14/270)","data":{"runsPerSecond":"1.10","eta":"3m 52s"}}
[2026-01-30T09:55:09.541Z] [PROGRESS] Progress: 5% (14/270) {"runsPerSecond":"1.10","eta":"3m 52s"}
{"timestamp":"2026-01-30T09:55:10.045Z","level":"progress","message":"Progress: 5% (15/270)","data":{"runsPerSecond":"1.14","eta":"3m 44s"}}
[2026-01-30T09:55:10.045Z] [PROGRESS] Progress: 5% (15/270) {"runsPerSecond":"1.14","eta":"3m 44s"}
{"timestamp":"2026-01-30T09:55:10.147Z","level":"progress","message":"Progress: 5% (16/270)","data":{"runsPerSecond":"1.20","eta":"3m 31s"}}
[2026-01-30T09:55:10.147Z] [PROGRESS] Progress: 5% (16/270) {"runsPerSecond":"1.20","eta":"3m 31s"}
{"timestamp":"2026-01-30T09:55:19.944Z","level":"progress","message":"Progress: 10% (27/270)","data":{"runsPerSecond":"1.17","eta":"3m 28s"}}
[2026-01-30T09:55:19.944Z] [PROGRESS] Progress: 10% (27/270) {"runsPerSecond":"1.17","eta":"3m 28s"}
{"timestamp":"2026-01-30T09:55:20.255Z","level":"progress","message":"Progress: 10% (28/270)","data":{"runsPerSecond":"1.20","eta":"3m 22s"}}
[2026-01-30T09:55:20.255Z] [PROGRESS] Progress: 10% (28/270) {"runsPerSecond":"1.20","eta":"3m 22s"}
{"timestamp":"2026-01-30T09:55:22.025Z","level":"progress","message":"Progress: 10% (29/270)","data":{"runsPerSecond":"1.15","eta":"3m 29s"}}
[2026-01-30T09:55:22.025Z] [PROGRESS] Progress: 10% (29/270) {"runsPerSecond":"1.15","eta":"3m 29s"}
{"timestamp":"2026-01-30T09:55:32.353Z","level":"progress","message":"Progress: 15% (41/270)","data":{"runsPerSecond":"1.16","eta":"3m 18s"}}
[2026-01-30T09:55:32.353Z] [PROGRESS] Progress: 15% (41/270) {"runsPerSecond":"1.16","eta":"3m 18s"}
{"timestamp":"2026-01-30T09:55:33.416Z","level":"progress","message":"Progress: 15% (42/270)","data":{"runsPerSecond":"1.15","eta":"3m 18s"}}
[2026-01-30T09:55:33.416Z] [PROGRESS] Progress: 15% (42/270) {"runsPerSecond":"1.15","eta":"3m 18s"}
{"timestamp":"2026-01-30T09:55:34.566Z","level":"progress","message":"Progress: 15% (43/270)","data":{"runsPerSecond":"1.14","eta":"3m 19s"}}
[2026-01-30T09:55:34.566Z] [PROGRESS] Progress: 15% (43/270) {"runsPerSecond":"1.14","eta":"3m 19s"}
{"timestamp":"2026-01-30T09:55:44.602Z","level":"progress","message":"Progress: 20% (54/270)","data":{"runsPerSecond":"1.13","eta":"3m 11s"}}
[2026-01-30T09:55:44.602Z] [PROGRESS] Progress: 20% (54/270) {"runsPerSecond":"1.13","eta":"3m 11s"}
{"timestamp":"2026-01-30T09:55:45.797Z","level":"progress","message":"Progress: 20% (55/270)","data":{"runsPerSecond":"1.12","eta":"3m 11s"}}
[2026-01-30T09:55:45.797Z] [PROGRESS] Progress: 20% (55/270) {"runsPerSecond":"1.12","eta":"3m 11s"}
{"timestamp":"2026-01-30T09:55:47.005Z","level":"progress","message":"Progress: 20% (56/270)","data":{"runsPerSecond":"1.12","eta":"3m 12s"}}
[2026-01-30T09:55:47.005Z] [PROGRESS] Progress: 20% (56/270) {"runsPerSecond":"1.12","eta":"3m 12s"}
{"timestamp":"2026-01-30T09:55:58.505Z","level":"progress","message":"Progress: 25% (68/270)","data":{"runsPerSecond":"1.10","eta":"3m 3s"}}
[2026-01-30T09:55:58.505Z] [PROGRESS] Progress: 25% (68/270) {"runsPerSecond":"1.10","eta":"3m 3s"}
{"timestamp":"2026-01-30T09:55:59.010Z","level":"progress","message":"Progress: 25% (69/270)","data":{"runsPerSecond":"1.11","eta":"3m 1s"}}
[2026-01-30T09:55:59.010Z] [PROGRESS] Progress: 25% (69/270) {"runsPerSecond":"1.11","eta":"3m 1s"}
{"timestamp":"2026-01-30T09:55:59.516Z","level":"progress","message":"Progress: 25% (70/270)","data":{"runsPerSecond":"1.12","eta":"2m 59s"}}
[2026-01-30T09:55:59.516Z] [PROGRESS] Progress: 25% (70/270) {"runsPerSecond":"1.12","eta":"2m 59s"}
{"timestamp":"2026-01-30T09:56:08.969Z","level":"progress","message":"Progress: 30% (81/270)","data":{"runsPerSecond":"1.12","eta":"2m 48s"}}
[2026-01-30T09:56:08.969Z] [PROGRESS] Progress: 30% (81/270) {"runsPerSecond":"1.12","eta":"2m 48s"}
{"timestamp":"2026-01-30T09:56:09.604Z","level":"progress","message":"Progress: 30% (82/270)","data":{"runsPerSecond":"1.13","eta":"2m 47s"}}
[2026-01-30T09:56:09.604Z] [PROGRESS] Progress: 30% (82/270) {"runsPerSecond":"1.13","eta":"2m 47s"}
{"timestamp":"2026-01-30T09:56:10.632Z","level":"progress","message":"Progress: 30% (83/270)","data":{"runsPerSecond":"1.13","eta":"2m 46s"}}
[2026-01-30T09:56:10.632Z] [PROGRESS] Progress: 30% (83/270) {"runsPerSecond":"1.13","eta":"2m 46s"}
{"timestamp":"2026-01-30T09:56:21.103Z","level":"progress","message":"Progress: 35% (95/270)","data":{"runsPerSecond":"1.13","eta":"2m 35s"}}
[2026-01-30T09:56:21.103Z] [PROGRESS] Progress: 35% (95/270) {"runsPerSecond":"1.13","eta":"2m 35s"}
{"timestamp":"2026-01-30T09:56:21.957Z","level":"progress","message":"Progress: 35% (96/270)","data":{"runsPerSecond":"1.13","eta":"2m 34s"}}
[2026-01-30T09:56:21.957Z] [PROGRESS] Progress: 35% (96/270) {"runsPerSecond":"1.13","eta":"2m 34s"}
{"timestamp":"2026-01-30T09:56:22.052Z","level":"progress","message":"Progress: 35% (97/270)","data":{"runsPerSecond":"1.14","eta":"2m 32s"}}
[2026-01-30T09:56:22.052Z] [PROGRESS] Progress: 35% (97/270) {"runsPerSecond":"1.14","eta":"2m 32s"}
{"timestamp":"2026-01-30T09:56:30.918Z","level":"progress","message":"Progress: 40% (108/270)","data":{"runsPerSecond":"1.15","eta":"2m 21s"}}
[2026-01-30T09:56:30.918Z] [PROGRESS] Progress: 40% (108/270) {"runsPerSecond":"1.15","eta":"2m 21s"}
{"timestamp":"2026-01-30T09:56:31.361Z","level":"progress","message":"Progress: 40% (109/270)","data":{"runsPerSecond":"1.15","eta":"2m 20s"}}
[2026-01-30T09:56:31.361Z] [PROGRESS] Progress: 40% (109/270) {"runsPerSecond":"1.15","eta":"2m 20s"}
{"timestamp":"2026-01-30T09:56:31.500Z","level":"progress","message":"Progress: 40% (110/270)","data":{"runsPerSecond":"1.16","eta":"2m 18s"}}
[2026-01-30T09:56:31.500Z] [PROGRESS] Progress: 40% (110/270) {"runsPerSecond":"1.16","eta":"2m 18s"}
{"timestamp":"2026-01-30T09:56:41.059Z","level":"progress","message":"Progress: 45% (122/270)","data":{"runsPerSecond":"1.17","eta":"2m 6s"}}
[2026-01-30T09:56:41.059Z] [PROGRESS] Progress: 45% (122/270) {"runsPerSecond":"1.17","eta":"2m 6s"}
{"timestamp":"2026-01-30T09:56:42.715Z","level":"progress","message":"Progress: 45% (123/270)","data":{"runsPerSecond":"1.16","eta":"2m 7s"}}
[2026-01-30T09:56:42.715Z] [PROGRESS] Progress: 45% (123/270) {"runsPerSecond":"1.16","eta":"2m 7s"}
{"timestamp":"2026-01-30T09:56:43.667Z","level":"progress","message":"Progress: 45% (124/270)","data":{"runsPerSecond":"1.16","eta":"2m 6s"}}
[2026-01-30T09:56:43.667Z] [PROGRESS] Progress: 45% (124/270) {"runsPerSecond":"1.16","eta":"2m 6s"}
{"timestamp":"2026-01-30T09:56:52.975Z","level":"progress","message":"Progress: 50% (135/270)","data":{"runsPerSecond":"1.16","eta":"1m 56s"}}
[2026-01-30T09:56:52.975Z] [PROGRESS] Progress: 50% (135/270) {"runsPerSecond":"1.16","eta":"1m 56s"}
{"timestamp":"2026-01-30T09:56:54.172Z","level":"progress","message":"Progress: 50% (136/270)","data":{"runsPerSecond":"1.16","eta":"1m 56s"}}
[2026-01-30T09:56:54.172Z] [PROGRESS] Progress: 50% (136/270) {"runsPerSecond":"1.16","eta":"1m 56s"}
{"timestamp":"2026-01-30T09:56:54.203Z","level":"progress","message":"Progress: 50% (137/270)","data":{"runsPerSecond":"1.17","eta":"1m 54s"}}
[2026-01-30T09:56:54.203Z] [PROGRESS] Progress: 50% (137/270) {"runsPerSecond":"1.17","eta":"1m 54s"}
{"timestamp":"2026-01-30T09:57:03.671Z","level":"progress","message":"Progress: 55% (149/270)","data":{"runsPerSecond":"1.18","eta":"1m 43s"}}
[2026-01-30T09:57:03.671Z] [PROGRESS] Progress: 55% (149/270) {"runsPerSecond":"1.18","eta":"1m 43s"}
{"timestamp":"2026-01-30T09:57:03.981Z","level":"progress","message":"Progress: 55% (150/270)","data":{"runsPerSecond":"1.18","eta":"1m 42s"}}
[2026-01-30T09:57:03.981Z] [PROGRESS] Progress: 55% (150/270) {"runsPerSecond":"1.18","eta":"1m 42s"}
{"timestamp":"2026-01-30T09:57:05.039Z","level":"progress","message":"Progress: 55% (151/270)","data":{"runsPerSecond":"1.18","eta":"1m 41s"}}
[2026-01-30T09:57:05.039Z] [PROGRESS] Progress: 55% (151/270) {"runsPerSecond":"1.18","eta":"1m 41s"}
{"timestamp":"2026-01-30T09:57:12.855Z","level":"progress","message":"Progress: 60% (162/270)","data":{"runsPerSecond":"1.19","eta":"1m 31s"}}
[2026-01-30T09:57:12.855Z] [PROGRESS] Progress: 60% (162/270) {"runsPerSecond":"1.19","eta":"1m 31s"}
{"timestamp":"2026-01-30T09:57:13.828Z","level":"progress","message":"Progress: 60% (163/270)","data":{"runsPerSecond":"1.19","eta":"1m 30s"}}
[2026-01-30T09:57:13.828Z] [PROGRESS] Progress: 60% (163/270) {"runsPerSecond":"1.19","eta":"1m 30s"}
{"timestamp":"2026-01-30T09:57:14.717Z","level":"progress","message":"Progress: 60% (164/270)","data":{"runsPerSecond":"1.19","eta":"1m 29s"}}
[2026-01-30T09:57:14.717Z] [PROGRESS] Progress: 60% (164/270) {"runsPerSecond":"1.19","eta":"1m 29s"}
{"timestamp":"2026-01-30T09:57:23.220Z","level":"progress","message":"Progress: 65% (176/270)","data":{"runsPerSecond":"1.20","eta":"1m 18s"}}
[2026-01-30T09:57:23.220Z] [PROGRESS] Progress: 65% (176/270) {"runsPerSecond":"1.20","eta":"1m 18s"}
{"timestamp":"2026-01-30T09:57:24.117Z","level":"progress","message":"Progress: 65% (177/270)","data":{"runsPerSecond":"1.20","eta":"1m 17s"}}
[2026-01-30T09:57:24.117Z] [PROGRESS] Progress: 65% (177/270) {"runsPerSecond":"1.20","eta":"1m 17s"}
{"timestamp":"2026-01-30T09:57:24.610Z","level":"progress","message":"Progress: 65% (178/270)","data":{"runsPerSecond":"1.20","eta":"1m 16s"}}
[2026-01-30T09:57:24.610Z] [PROGRESS] Progress: 65% (178/270) {"runsPerSecond":"1.20","eta":"1m 16s"}
{"timestamp":"2026-01-30T09:57:33.553Z","level":"progress","message":"Progress: 70% (189/270)","data":{"runsPerSecond":"1.21","eta":"1m 7s"}}
[2026-01-30T09:57:33.553Z] [PROGRESS] Progress: 70% (189/270) {"runsPerSecond":"1.21","eta":"1m 7s"}
{"timestamp":"2026-01-30T09:57:33.838Z","level":"progress","message":"Progress: 70% (190/270)","data":{"runsPerSecond":"1.21","eta":"1m 6s"}}
[2026-01-30T09:57:33.838Z] [PROGRESS] Progress: 70% (190/270) {"runsPerSecond":"1.21","eta":"1m 6s"}
{"timestamp":"2026-01-30T09:57:34.744Z","level":"progress","message":"Progress: 70% (191/270)","data":{"runsPerSecond":"1.21","eta":"1m 5s"}}
[2026-01-30T09:57:34.744Z] [PROGRESS] Progress: 70% (191/270) {"runsPerSecond":"1.21","eta":"1m 5s"}
{"timestamp":"2026-01-30T09:57:43.498Z","level":"progress","message":"Progress: 75% (203/270)","data":{"runsPerSecond":"1.22","eta":"55.0s"}}
[2026-01-30T09:57:43.498Z] [PROGRESS] Progress: 75% (203/270) {"runsPerSecond":"1.22","eta":"55.0s"}
{"timestamp":"2026-01-30T09:57:44.589Z","level":"progress","message":"Progress: 75% (204/270)","data":{"runsPerSecond":"1.22","eta":"54.3s"}}
[2026-01-30T09:57:44.589Z] [PROGRESS] Progress: 75% (204/270) {"runsPerSecond":"1.22","eta":"54.3s"}
{"timestamp":"2026-01-30T09:57:45.709Z","level":"progress","message":"Progress: 75% (205/270)","data":{"runsPerSecond":"1.21","eta":"53.5s"}}
[2026-01-30T09:57:45.709Z] [PROGRESS] Progress: 75% (205/270) {"runsPerSecond":"1.21","eta":"53.5s"}
{"timestamp":"2026-01-30T09:57:54.035Z","level":"progress","message":"Progress: 80% (216/270)","data":{"runsPerSecond":"1.22","eta":"44.3s"}}
[2026-01-30T09:57:54.035Z] [PROGRESS] Progress: 80% (216/270) {"runsPerSecond":"1.22","eta":"44.3s"}
{"timestamp":"2026-01-30T09:57:54.691Z","level":"progress","message":"Progress: 80% (217/270)","data":{"runsPerSecond":"1.22","eta":"43.4s"}}
[2026-01-30T09:57:54.691Z] [PROGRESS] Progress: 80% (217/270) {"runsPerSecond":"1.22","eta":"43.4s"}
{"timestamp":"2026-01-30T09:57:55.072Z","level":"progress","message":"Progress: 80% (218/270)","data":{"runsPerSecond":"1.22","eta":"42.5s"}}
[2026-01-30T09:57:55.072Z] [PROGRESS] Progress: 80% (218/270) {"runsPerSecond":"1.22","eta":"42.5s"}
{"timestamp":"2026-01-30T09:58:04.552Z","level":"progress","message":"Progress: 85% (230/270)","data":{"runsPerSecond":"1.23","eta":"32.6s"}}
[2026-01-30T09:58:04.552Z] [PROGRESS] Progress: 85% (230/270) {"runsPerSecond":"1.23","eta":"32.6s"}
{"timestamp":"2026-01-30T09:58:04.702Z","level":"progress","message":"Progress: 85% (231/270)","data":{"runsPerSecond":"1.23","eta":"31.7s"}}
[2026-01-30T09:58:04.702Z] [PROGRESS] Progress: 85% (231/270) {"runsPerSecond":"1.23","eta":"31.7s"}
{"timestamp":"2026-01-30T09:58:06.424Z","level":"progress","message":"Progress: 85% (232/270)","data":{"runsPerSecond":"1.22","eta":"31.0s"}}
[2026-01-30T09:58:06.424Z] [PROGRESS] Progress: 85% (232/270) {"runsPerSecond":"1.22","eta":"31.0s"}
{"timestamp":"2026-01-30T09:58:14.342Z","level":"progress","message":"Progress: 90% (243/270)","data":{"runsPerSecond":"1.23","eta":"21.9s"}}
[2026-01-30T09:58:14.342Z] [PROGRESS] Progress: 90% (243/270) {"runsPerSecond":"1.23","eta":"21.9s"}
{"timestamp":"2026-01-30T09:58:15.673Z","level":"progress","message":"Progress: 90% (244/270)","data":{"runsPerSecond":"1.23","eta":"21.2s"}}
[2026-01-30T09:58:15.673Z] [PROGRESS] Progress: 90% (244/270) {"runsPerSecond":"1.23","eta":"21.2s"}
{"timestamp":"2026-01-30T09:58:16.581Z","level":"progress","message":"Progress: 90% (245/270)","data":{"runsPerSecond":"1.23","eta":"20.4s"}}
[2026-01-30T09:58:16.581Z] [PROGRESS] Progress: 90% (245/270) {"runsPerSecond":"1.23","eta":"20.4s"}
{"timestamp":"2026-01-30T09:58:25.940Z","level":"progress","message":"Progress: 95% (257/270)","data":{"runsPerSecond":"1.23","eta":"10.6s"}}
[2026-01-30T09:58:25.940Z] [PROGRESS] Progress: 95% (257/270) {"runsPerSecond":"1.23","eta":"10.6s"}
{"timestamp":"2026-01-30T09:58:26.875Z","level":"progress","message":"Progress: 95% (258/270)","data":{"runsPerSecond":"1.23","eta":"9.8s"}}
[2026-01-30T09:58:26.875Z] [PROGRESS] Progress: 95% (258/270) {"runsPerSecond":"1.23","eta":"9.8s"}
{"timestamp":"2026-01-30T09:58:26.968Z","level":"progress","message":"Progress: 95% (259/270)","data":{"runsPerSecond":"1.23","eta":"8.9s"}}
[2026-01-30T09:58:26.968Z] [PROGRESS] Progress: 95% (259/270) {"runsPerSecond":"1.23","eta":"8.9s"}
{"timestamp":"2026-01-30T09:58:35.959Z","level":"progress","message":"Progress: 100% (270/270)","data":{"runsPerSecond":"1.23","eta":"unknown"}}
[2026-01-30T09:58:35.959Z] [PROGRESS] Progress: 100% (270/270) {"runsPerSecond":"1.23","eta":"unknown"}
{"timestamp":"2026-01-30T09:58:36.000Z","level":"info","message":"Exporting results..."}
[2026-01-30T09:58:36.000Z] [INFO    ] Exporting results...
{"timestamp":"2026-01-30T09:58:36.177Z","level":"info","message":"Experiment completed in 3m 39s"}
[2026-01-30T09:58:36.177Z] [INFO    ] Experiment completed in 3m 39s
{"timestamp":"2026-01-30T09:58:36.177Z","level":"info","message":"Total runs: 270"}
[2026-01-30T09:58:36.177Z] [INFO    ] Total runs: 270
{"timestamp":"2026-01-30T09:58:36.177Z","level":"info","message":"Successful: 270"}
[2026-01-30T09:58:36.177Z] [INFO    ] Successful: 270
{"timestamp":"2026-01-30T09:58:36.177Z","level":"info","message":"Failed: 0"}
[2026-01-30T09:58:36.177Z] [INFO    ] Failed: 0
{"timestamp":"2026-01-30T09:58:36.177Z","level":"metric","message":"[proposal_temp_check_fraction=0_proposal_fast_track_min_steps=0] Proposal Pass Rate: 0.5160 (std: 0.0372)"}
[2026-01-30T09:58:36.177Z] [METRIC  ] [proposal_temp_check_fraction=0_proposal_fast_track_min_steps=0] Proposal Pass Rate: 0.5160 (std: 0.0372)
{"timestamp":"2026-01-30T09:58:36.178Z","level":"metric","message":"[proposal_temp_check_fraction=0_proposal_fast_track_min_steps=0] Quorum Reach Rate: 0.9819 (std: 0.0103)"}
[2026-01-30T09:58:36.178Z] [METRIC  ] [proposal_temp_check_fraction=0_proposal_fast_track_min_steps=0] Quorum Reach Rate: 0.9819 (std: 0.0103)
{"timestamp":"2026-01-30T09:58:36.178Z","level":"metric","message":"[proposal_temp_check_fraction=0_proposal_fast_track_min_steps=0] Avg Time to Decision: 1029.7668 (std: 49.7534)"}
[2026-01-30T09:58:36.178Z] [METRIC  ] [proposal_temp_check_fraction=0_proposal_fast_track_min_steps=0] Avg Time to Decision: 1029.7668 (std: 49.7534)
{"timestamp":"2026-01-30T09:58:36.178Z","level":"metric","message":"[proposal_temp_check_fraction=0_proposal_fast_track_min_steps=0] Proposal Abandonment Rate: 0.0208 (std: 0.0090)"}
[2026-01-30T09:58:36.178Z] [METRIC  ] [proposal_temp_check_fraction=0_proposal_fast_track_min_steps=0] Proposal Abandonment Rate: 0.0208 (std: 0.0090)
{"timestamp":"2026-01-30T09:58:36.178Z","level":"metric","message":"[proposal_temp_check_fraction=0_proposal_fast_track_min_steps=0] Proposal Rejection Rate: 0.4840 (std: 0.0372)"}
[2026-01-30T09:58:36.178Z] [METRIC  ] [proposal_temp_check_fraction=0_proposal_fast_track_min_steps=0] Proposal Rejection Rate: 0.4840 (std: 0.0372)
{"timestamp":"2026-01-30T09:58:36.178Z","level":"metric","message":"[proposal_temp_check_fraction=0_proposal_fast_track_min_steps=0] Governance Overhead: 39.8146 (std: 0.7865)"}
[2026-01-30T09:58:36.178Z] [METRIC  ] [proposal_temp_check_fraction=0_proposal_fast_track_min_steps=0] Governance Overhead: 39.8146 (std: 0.7865)
{"timestamp":"2026-01-30T09:58:36.178Z","level":"metric","message":"[proposal_temp_check_fraction=0_proposal_fast_track_min_steps=0] Average Turnout: 0.1286 (std: 0.0048)"}
[2026-01-30T09:58:36.178Z] [METRIC  ] [proposal_temp_check_fraction=0_proposal_fast_track_min_steps=0] Average Turnout: 0.1286 (std: 0.0048)
{"timestamp":"2026-01-30T09:58:36.178Z","level":"metric","message":"[proposal_temp_check_fraction=0_proposal_fast_track_min_steps=0] Avg Margin of Victory: 0.3101 (std: 0.0179)"}
[2026-01-30T09:58:36.178Z] [METRIC  ] [proposal_temp_check_fraction=0_proposal_fast_track_min_steps=0] Avg Margin of Victory: 0.3101 (std: 0.0179)
{"timestamp":"2026-01-30T09:58:36.178Z","level":"metric","message":"[proposal_temp_check_fraction=0_proposal_fast_track_min_steps=0] Proposal Rate: 9.9100 (std: 0.6412)"}
[2026-01-30T09:58:36.178Z] [METRIC  ] [proposal_temp_check_fraction=0_proposal_fast_track_min_steps=0] Proposal Rate: 9.9100 (std: 0.6412)
{"timestamp":"2026-01-30T09:58:36.178Z","level":"metric","message":"[proposal_temp_check_fraction=0_proposal_fast_track_min_steps=0] Total Proposals: 198.2000 (std: 12.8235)"}
[2026-01-30T09:58:36.178Z] [METRIC  ] [proposal_temp_check_fraction=0_proposal_fast_track_min_steps=0] Total Proposals: 198.2000 (std: 12.8235)
{"timestamp":"2026-01-30T09:58:36.178Z","level":"metric","message":"[proposal_temp_check_fraction=0_proposal_fast_track_min_steps=6] Proposal Pass Rate: 0.5255 (std: 0.0422)"}
[2026-01-30T09:58:36.178Z] [METRIC  ] [proposal_temp_check_fraction=0_proposal_fast_track_min_steps=6] Proposal Pass Rate: 0.5255 (std: 0.0422)
{"timestamp":"2026-01-30T09:58:36.178Z","level":"metric","message":"[proposal_temp_check_fraction=0_proposal_fast_track_min_steps=6] Quorum Reach Rate: 0.9760 (std: 0.0104)"}
[2026-01-30T09:58:36.178Z] [METRIC  ] [proposal_temp_check_fraction=0_proposal_fast_track_min_steps=6] Quorum Reach Rate: 0.9760 (std: 0.0104)
{"timestamp":"2026-01-30T09:58:36.178Z","level":"metric","message":"[proposal_temp_check_fraction=0_proposal_fast_track_min_steps=6] Avg Time to Decision: 1016.7869 (std: 40.3777)"}
[2026-01-30T09:58:36.178Z] [METRIC  ] [proposal_temp_check_fraction=0_proposal_fast_track_min_steps=6] Avg Time to Decision: 1016.7869 (std: 40.3777)
{"timestamp":"2026-01-30T09:58:36.178Z","level":"metric","message":"[proposal_temp_check_fraction=0_proposal_fast_track_min_steps=6] Proposal Abandonment Rate: 0.0230 (std: 0.0082)"}
[2026-01-30T09:58:36.178Z] [METRIC  ] [proposal_temp_check_fraction=0_proposal_fast_track_min_steps=6] Proposal Abandonment Rate: 0.0230 (std: 0.0082)
{"timestamp":"2026-01-30T09:58:36.178Z","level":"metric","message":"[proposal_temp_check_fraction=0_proposal_fast_track_min_steps=6] Proposal Rejection Rate: 0.4745 (std: 0.0422)"}
[2026-01-30T09:58:36.178Z] [METRIC  ] [proposal_temp_check_fraction=0_proposal_fast_track_min_steps=6] Proposal Rejection Rate: 0.4745 (std: 0.0422)
{"timestamp":"2026-01-30T09:58:36.178Z","level":"metric","message":"[proposal_temp_check_fraction=0_proposal_fast_track_min_steps=6] Governance Overhead: 40.0640 (std: 0.6676)"}
[2026-01-30T09:58:36.178Z] [METRIC  ] [proposal_temp_check_fraction=0_proposal_fast_track_min_steps=6] Governance Overhead: 40.0640 (std: 0.6676)
{"timestamp":"2026-01-30T09:58:36.178Z","level":"metric","message":"[proposal_temp_check_fraction=0_proposal_fast_track_min_steps=6] Average Turnout: 0.1285 (std: 0.0052)"}
[2026-01-30T09:58:36.178Z] [METRIC  ] [proposal_temp_check_fraction=0_proposal_fast_track_min_steps=6] Average Turnout: 0.1285 (std: 0.0052)
{"timestamp":"2026-01-30T09:58:36.178Z","level":"metric","message":"[proposal_temp_check_fraction=0_proposal_fast_track_min_steps=6] Avg Margin of Victory: 0.3157 (std: 0.0164)"}
[2026-01-30T09:58:36.178Z] [METRIC  ] [proposal_temp_check_fraction=0_proposal_fast_track_min_steps=6] Avg Margin of Victory: 0.3157 (std: 0.0164)
{"timestamp":"2026-01-30T09:58:36.178Z","level":"metric","message":"[proposal_temp_check_fraction=0_proposal_fast_track_min_steps=6] Proposal Rate: 10.2983 (std: 0.5867)"}
[2026-01-30T09:58:36.178Z] [METRIC  ] [proposal_temp_check_fraction=0_proposal_fast_track_min_steps=6] Proposal Rate: 10.2983 (std: 0.5867)
{"timestamp":"2026-01-30T09:58:36.178Z","level":"metric","message":"[proposal_temp_check_fraction=0_proposal_fast_track_min_steps=6] Total Proposals: 205.9667 (std: 11.7341)"}
[2026-01-30T09:58:36.178Z] [METRIC  ] [proposal_temp_check_fraction=0_proposal_fast_track_min_steps=6] Total Proposals: 205.9667 (std: 11.7341)
{"timestamp":"2026-01-30T09:58:36.178Z","level":"metric","message":"[proposal_temp_check_fraction=0_proposal_fast_track_min_steps=12] Proposal Pass Rate: 0.5239 (std: 0.0397)"}
[2026-01-30T09:58:36.178Z] [METRIC  ] [proposal_temp_check_fraction=0_proposal_fast_track_min_steps=12] Proposal Pass Rate: 0.5239 (std: 0.0397)
{"timestamp":"2026-01-30T09:58:36.178Z","level":"metric","message":"[proposal_temp_check_fraction=0_proposal_fast_track_min_steps=12] Quorum Reach Rate: 0.9767 (std: 0.0112)"}
[2026-01-30T09:58:36.178Z] [METRIC  ] [proposal_temp_check_fraction=0_proposal_fast_track_min_steps=12] Quorum Reach Rate: 0.9767 (std: 0.0112)
{"timestamp":"2026-01-30T09:58:36.178Z","level":"metric","message":"[proposal_temp_check_fraction=0_proposal_fast_track_min_steps=12] Avg Time to Decision: 1023.3356 (std: 45.6569)"}
[2026-01-30T09:58:36.178Z] [METRIC  ] [proposal_temp_check_fraction=0_proposal_fast_track_min_steps=12] Avg Time to Decision: 1023.3356 (std: 45.6569)
{"timestamp":"2026-01-30T09:58:36.178Z","level":"metric","message":"[proposal_temp_check_fraction=0_proposal_fast_track_min_steps=12] Proposal Abandonment Rate: 0.0209 (std: 0.0102)"}
[2026-01-30T09:58:36.178Z] [METRIC  ] [proposal_temp_check_fraction=0_proposal_fast_track_min_steps=12] Proposal Abandonment Rate: 0.0209 (std: 0.0102)
{"timestamp":"2026-01-30T09:58:36.178Z","level":"metric","message":"[proposal_temp_check_fraction=0_proposal_fast_track_min_steps=12] Proposal Rejection Rate: 0.4761 (std: 0.0397)"}
[2026-01-30T09:58:36.178Z] [METRIC  ] [proposal_temp_check_fraction=0_proposal_fast_track_min_steps=12] Proposal Rejection Rate: 0.4761 (std: 0.0397)
{"timestamp":"2026-01-30T09:58:36.178Z","level":"metric","message":"[proposal_temp_check_fraction=0_proposal_fast_track_min_steps=12] Governance Overhead: 39.9460 (std: 0.8563)"}
[2026-01-30T09:58:36.178Z] [METRIC  ] [proposal_temp_check_fraction=0_proposal_fast_track_min_steps=12] Governance Overhead: 39.9460 (std: 0.8563)
{"timestamp":"2026-01-30T09:58:36.178Z","level":"metric","message":"[proposal_temp_check_fraction=0_proposal_fast_track_min_steps=12] Average Turnout: 0.1269 (std: 0.0056)"}
[2026-01-30T09:58:36.178Z] [METRIC  ] [proposal_temp_check_fraction=0_proposal_fast_track_min_steps=12] Average Turnout: 0.1269 (std: 0.0056)
{"timestamp":"2026-01-30T09:58:36.178Z","level":"metric","message":"[proposal_temp_check_fraction=0_proposal_fast_track_min_steps=12] Avg Margin of Victory: 0.3214 (std: 0.0225)"}
[2026-01-30T09:58:36.178Z] [METRIC  ] [proposal_temp_check_fraction=0_proposal_fast_track_min_steps=12] Avg Margin of Victory: 0.3214 (std: 0.0225)
{"timestamp":"2026-01-30T09:58:36.178Z","level":"metric","message":"[proposal_temp_check_fraction=0_proposal_fast_track_min_steps=12] Proposal Rate: 10.2650 (std: 0.6569)"}
[2026-01-30T09:58:36.178Z] [METRIC  ] [proposal_temp_check_fraction=0_proposal_fast_track_min_steps=12] Proposal Rate: 10.2650 (std: 0.6569)
{"timestamp":"2026-01-30T09:58:36.178Z","level":"metric","message":"[proposal_temp_check_fraction=0_proposal_fast_track_min_steps=12] Total Proposals: 205.3000 (std: 13.1389)"}
[2026-01-30T09:58:36.178Z] [METRIC  ] [proposal_temp_check_fraction=0_proposal_fast_track_min_steps=12] Total Proposals: 205.3000 (std: 13.1389)
{"timestamp":"2026-01-30T09:58:36.178Z","level":"metric","message":"[proposal_temp_check_fraction=0.25_proposal_fast_track_min_steps=0] Proposal Pass Rate: 0.0199 (std: 0.0099)"}
[2026-01-30T09:58:36.178Z] [METRIC  ] [proposal_temp_check_fraction=0.25_proposal_fast_track_min_steps=0] Proposal Pass Rate: 0.0199 (std: 0.0099)
{"timestamp":"2026-01-30T09:58:36.178Z","level":"metric","message":"[proposal_temp_check_fraction=0.25_proposal_fast_track_min_steps=0] Quorum Reach Rate: 0.2529 (std: 0.0371)"}
[2026-01-30T09:58:36.178Z] [METRIC  ] [proposal_temp_check_fraction=0.25_proposal_fast_track_min_steps=0] Quorum Reach Rate: 0.2529 (std: 0.0371)
{"timestamp":"2026-01-30T09:58:36.178Z","level":"metric","message":"[proposal_temp_check_fraction=0.25_proposal_fast_track_min_steps=0] Avg Time to Decision: 1017.5495 (std: 44.4093)"}
[2026-01-30T09:58:36.178Z] [METRIC  ] [proposal_temp_check_fraction=0.25_proposal_fast_track_min_steps=0] Avg Time to Decision: 1017.5495 (std: 44.4093)
{"timestamp":"2026-01-30T09:58:36.178Z","level":"metric","message":"[proposal_temp_check_fraction=0.25_proposal_fast_track_min_steps=0] Proposal Abandonment Rate: 0.0199 (std: 0.0091)"}
[2026-01-30T09:58:36.178Z] [METRIC  ] [proposal_temp_check_fraction=0.25_proposal_fast_track_min_steps=0] Proposal Abandonment Rate: 0.0199 (std: 0.0091)
{"timestamp":"2026-01-30T09:58:36.178Z","level":"metric","message":"[proposal_temp_check_fraction=0.25_proposal_fast_track_min_steps=0] Proposal Rejection Rate: 0.9801 (std: 0.0099)"}
[2026-01-30T09:58:36.178Z] [METRIC  ] [proposal_temp_check_fraction=0.25_proposal_fast_track_min_steps=0] Proposal Rejection Rate: 0.9801 (std: 0.0099)
{"timestamp":"2026-01-30T09:58:36.178Z","level":"metric","message":"[proposal_temp_check_fraction=0.25_proposal_fast_track_min_steps=0] Governance Overhead: 17.8366 (std: 2.7271)"}
[2026-01-30T09:58:36.178Z] [METRIC  ] [proposal_temp_check_fraction=0.25_proposal_fast_track_min_steps=0] Governance Overhead: 17.8366 (std: 2.7271)
{"timestamp":"2026-01-30T09:58:36.178Z","level":"metric","message":"[proposal_temp_check_fraction=0.25_proposal_fast_track_min_steps=0] Average Turnout: 0.0660 (std: 0.0091)"}
[2026-01-30T09:58:36.178Z] [METRIC  ] [proposal_temp_check_fraction=0.25_proposal_fast_track_min_steps=0] Average Turnout: 0.0660 (std: 0.0091)
{"timestamp":"2026-01-30T09:58:36.178Z","level":"metric","message":"[proposal_temp_check_fraction=0.25_proposal_fast_track_min_steps=0] Avg Margin of Victory: 0.5417 (std: 0.0288)"}
[2026-01-30T09:58:36.178Z] [METRIC  ] [proposal_temp_check_fraction=0.25_proposal_fast_track_min_steps=0] Avg Margin of Victory: 0.5417 (std: 0.0288)
{"timestamp":"2026-01-30T09:58:36.178Z","level":"metric","message":"[proposal_temp_check_fraction=0.25_proposal_fast_track_min_steps=0] Proposal Rate: 10.2550 (std: 0.7912)"}
[2026-01-30T09:58:36.178Z] [METRIC  ] [proposal_temp_check_fraction=0.25_proposal_fast_track_min_steps=0] Proposal Rate: 10.2550 (std: 0.7912)
{"timestamp":"2026-01-30T09:58:36.178Z","level":"metric","message":"[proposal_temp_check_fraction=0.25_proposal_fast_track_min_steps=0] Total Proposals: 205.1000 (std: 15.8231)"}
[2026-01-30T09:58:36.178Z] [METRIC  ] [proposal_temp_check_fraction=0.25_proposal_fast_track_min_steps=0] Total Proposals: 205.1000 (std: 15.8231)
{"timestamp":"2026-01-30T09:58:36.178Z","level":"metric","message":"[proposal_temp_check_fraction=0.25_proposal_fast_track_min_steps=6] Proposal Pass Rate: 0.0829 (std: 0.0296)"}
[2026-01-30T09:58:36.178Z] [METRIC  ] [proposal_temp_check_fraction=0.25_proposal_fast_track_min_steps=6] Proposal Pass Rate: 0.0829 (std: 0.0296)
{"timestamp":"2026-01-30T09:58:36.178Z","level":"metric","message":"[proposal_temp_check_fraction=0.25_proposal_fast_track_min_steps=6] Quorum Reach Rate: 0.3308 (std: 0.0413)"}
[2026-01-30T09:58:36.178Z] [METRIC  ] [proposal_temp_check_fraction=0.25_proposal_fast_track_min_steps=6] Quorum Reach Rate: 0.3308 (std: 0.0413)
{"timestamp":"2026-01-30T09:58:36.178Z","level":"metric","message":"[proposal_temp_check_fraction=0.25_proposal_fast_track_min_steps=6] Avg Time to Decision: 1011.2618 (std: 43.1856)"}
[2026-01-30T09:58:36.178Z] [METRIC  ] [proposal_temp_check_fraction=0.25_proposal_fast_track_min_steps=6] Avg Time to Decision: 1011.2618 (std: 43.1856)
{"timestamp":"2026-01-30T09:58:36.178Z","level":"metric","message":"[proposal_temp_check_fraction=0.25_proposal_fast_track_min_steps=6] Proposal Abandonment Rate: 0.0239 (std: 0.0094)"}
[2026-01-30T09:58:36.178Z] [METRIC  ] [proposal_temp_check_fraction=0.25_proposal_fast_track_min_steps=6] Proposal Abandonment Rate: 0.0239 (std: 0.0094)
{"timestamp":"2026-01-30T09:58:36.178Z","level":"metric","message":"[proposal_temp_check_fraction=0.25_proposal_fast_track_min_steps=6] Proposal Rejection Rate: 0.9171 (std: 0.0296)"}
[2026-01-30T09:58:36.178Z] [METRIC  ] [proposal_temp_check_fraction=0.25_proposal_fast_track_min_steps=6] Proposal Rejection Rate: 0.9171 (std: 0.0296)
{"timestamp":"2026-01-30T09:58:36.178Z","level":"metric","message":"[proposal_temp_check_fraction=0.25_proposal_fast_track_min_steps=6] Governance Overhead: 20.2531 (std: 2.2000)"}
[2026-01-30T09:58:36.178Z] [METRIC  ] [proposal_temp_check_fraction=0.25_proposal_fast_track_min_steps=6] Governance Overhead: 20.2531 (std: 2.2000)
{"timestamp":"2026-01-30T09:58:36.178Z","level":"metric","message":"[proposal_temp_check_fraction=0.25_proposal_fast_track_min_steps=6] Average Turnout: 0.0733 (std: 0.0080)"}
[2026-01-30T09:58:36.178Z] [METRIC  ] [proposal_temp_check_fraction=0.25_proposal_fast_track_min_steps=6] Average Turnout: 0.0733 (std: 0.0080)
{"timestamp":"2026-01-30T09:58:36.178Z","level":"metric","message":"[proposal_temp_check_fraction=0.25_proposal_fast_track_min_steps=6] Avg Margin of Victory: 0.5226 (std: 0.0359)"}
[2026-01-30T09:58:36.178Z] [METRIC  ] [proposal_temp_check_fraction=0.25_proposal_fast_track_min_steps=6] Avg Margin of Victory: 0.5226 (std: 0.0359)
{"timestamp":"2026-01-30T09:58:36.178Z","level":"metric","message":"[proposal_temp_check_fraction=0.25_proposal_fast_track_min_steps=6] Proposal Rate: 10.0783 (std: 0.5199)"}
[2026-01-30T09:58:36.178Z] [METRIC  ] [proposal_temp_check_fraction=0.25_proposal_fast_track_min_steps=6] Proposal Rate: 10.0783 (std: 0.5199)
{"timestamp":"2026-01-30T09:58:36.178Z","level":"metric","message":"[proposal_temp_check_fraction=0.25_proposal_fast_track_min_steps=6] Total Proposals: 201.5667 (std: 10.3979)"}
[2026-01-30T09:58:36.178Z] [METRIC  ] [proposal_temp_check_fraction=0.25_proposal_fast_track_min_steps=6] Total Proposals: 201.5667 (std: 10.3979)
{"timestamp":"2026-01-30T09:58:36.178Z","level":"metric","message":"[proposal_temp_check_fraction=0.25_proposal_fast_track_min_steps=12] Proposal Pass Rate: 0.0512 (std: 0.0212)"}
[2026-01-30T09:58:36.178Z] [METRIC  ] [proposal_temp_check_fraction=0.25_proposal_fast_track_min_steps=12] Proposal Pass Rate: 0.0512 (std: 0.0212)
{"timestamp":"2026-01-30T09:58:36.178Z","level":"metric","message":"[proposal_temp_check_fraction=0.25_proposal_fast_track_min_steps=12] Quorum Reach Rate: 0.2962 (std: 0.0344)"}
[2026-01-30T09:58:36.178Z] [METRIC  ] [proposal_temp_check_fraction=0.25_proposal_fast_track_min_steps=12] Quorum Reach Rate: 0.2962 (std: 0.0344)
{"timestamp":"2026-01-30T09:58:36.178Z","level":"metric","message":"[proposal_temp_check_fraction=0.25_proposal_fast_track_min_steps=12] Avg Time to Decision: 1028.4385 (std: 39.2987)"}
[2026-01-30T09:58:36.178Z] [METRIC  ] [proposal_temp_check_fraction=0.25_proposal_fast_track_min_steps=12] Avg Time to Decision: 1028.4385 (std: 39.2987)
{"timestamp":"2026-01-30T09:58:36.178Z","level":"metric","message":"[proposal_temp_check_fraction=0.25_proposal_fast_track_min_steps=12] Proposal Abandonment Rate: 0.0219 (std: 0.0105)"}
[2026-01-30T09:58:36.178Z] [METRIC  ] [proposal_temp_check_fraction=0.25_proposal_fast_track_min_steps=12] Proposal Abandonment Rate: 0.0219 (std: 0.0105)
{"timestamp":"2026-01-30T09:58:36.178Z","level":"metric","message":"[proposal_temp_check_fraction=0.25_proposal_fast_track_min_steps=12] Proposal Rejection Rate: 0.9488 (std: 0.0212)"}
[2026-01-30T09:58:36.178Z] [METRIC  ] [proposal_temp_check_fraction=0.25_proposal_fast_track_min_steps=12] Proposal Rejection Rate: 0.9488 (std: 0.0212)
{"timestamp":"2026-01-30T09:58:36.178Z","level":"metric","message":"[proposal_temp_check_fraction=0.25_proposal_fast_track_min_steps=12] Governance Overhead: 19.1539 (std: 2.4703)"}
[2026-01-30T09:58:36.178Z] [METRIC  ] [proposal_temp_check_fraction=0.25_proposal_fast_track_min_steps=12] Governance Overhead: 19.1539 (std: 2.4703)
{"timestamp":"2026-01-30T09:58:36.178Z","level":"metric","message":"[proposal_temp_check_fraction=0.25_proposal_fast_track_min_steps=12] Average Turnout: 0.0695 (std: 0.0073)"}
[2026-01-30T09:58:36.178Z] [METRIC  ] [proposal_temp_check_fraction=0.25_proposal_fast_track_min_steps=12] Average Turnout: 0.0695 (std: 0.0073)
{"timestamp":"2026-01-30T09:58:36.178Z","level":"metric","message":"[proposal_temp_check_fraction=0.25_proposal_fast_track_min_steps=12] Avg Margin of Victory: 0.5370 (std: 0.0237)"}
[2026-01-30T09:58:36.178Z] [METRIC  ] [proposal_temp_check_fraction=0.25_proposal_fast_track_min_steps=12] Avg Margin of Victory: 0.5370 (std: 0.0237)
{"timestamp":"2026-01-30T09:58:36.178Z","level":"metric","message":"[proposal_temp_check_fraction=0.25_proposal_fast_track_min_steps=12] Proposal Rate: 10.0567 (std: 0.6629)"}
[2026-01-30T09:58:36.178Z] [METRIC  ] [proposal_temp_check_fraction=0.25_proposal_fast_track_min_steps=12] Proposal Rate: 10.0567 (std: 0.6629)
{"timestamp":"2026-01-30T09:58:36.178Z","level":"metric","message":"[proposal_temp_check_fraction=0.25_proposal_fast_track_min_steps=12] Total Proposals: 201.1333 (std: 13.2580)"}
[2026-01-30T09:58:36.178Z] [METRIC  ] [proposal_temp_check_fraction=0.25_proposal_fast_track_min_steps=12] Total Proposals: 201.1333 (std: 13.2580)
{"timestamp":"2026-01-30T09:58:36.178Z","level":"metric","message":"[proposal_temp_check_fraction=0.5_proposal_fast_track_min_steps=0] Proposal Pass Rate: 0.0071 (std: 0.0067)"}
[2026-01-30T09:58:36.178Z] [METRIC  ] [proposal_temp_check_fraction=0.5_proposal_fast_track_min_steps=0] Proposal Pass Rate: 0.0071 (std: 0.0067)
{"timestamp":"2026-01-30T09:58:36.178Z","level":"metric","message":"[proposal_temp_check_fraction=0.5_proposal_fast_track_min_steps=0] Quorum Reach Rate: 0.2020 (std: 0.0271)"}
[2026-01-30T09:58:36.178Z] [METRIC  ] [proposal_temp_check_fraction=0.5_proposal_fast_track_min_steps=0] Quorum Reach Rate: 0.2020 (std: 0.0271)
{"timestamp":"2026-01-30T09:58:36.178Z","level":"metric","message":"[proposal_temp_check_fraction=0.5_proposal_fast_track_min_steps=0] Avg Time to Decision: 1026.8131 (std: 27.3971)"}
[2026-01-30T09:58:36.178Z] [METRIC  ] [proposal_temp_check_fraction=0.5_proposal_fast_track_min_steps=0] Avg Time to Decision: 1026.8131 (std: 27.3971)
{"timestamp":"2026-01-30T09:58:36.178Z","level":"metric","message":"[proposal_temp_check_fraction=0.5_proposal_fast_track_min_steps=0] Proposal Abandonment Rate: 0.0228 (std: 0.0111)"}
[2026-01-30T09:58:36.178Z] [METRIC  ] [proposal_temp_check_fraction=0.5_proposal_fast_track_min_steps=0] Proposal Abandonment Rate: 0.0228 (std: 0.0111)
{"timestamp":"2026-01-30T09:58:36.178Z","level":"metric","message":"[proposal_temp_check_fraction=0.5_proposal_fast_track_min_steps=0] Proposal Rejection Rate: 0.9929 (std: 0.0067)"}
[2026-01-30T09:58:36.178Z] [METRIC  ] [proposal_temp_check_fraction=0.5_proposal_fast_track_min_steps=0] Proposal Rejection Rate: 0.9929 (std: 0.0067)
{"timestamp":"2026-01-30T09:58:36.178Z","level":"metric","message":"[proposal_temp_check_fraction=0.5_proposal_fast_track_min_steps=0] Governance Overhead: 16.5989 (std: 2.3146)"}
[2026-01-30T09:58:36.178Z] [METRIC  ] [proposal_temp_check_fraction=0.5_proposal_fast_track_min_steps=0] Governance Overhead: 16.5989 (std: 2.3146)
{"timestamp":"2026-01-30T09:58:36.178Z","level":"metric","message":"[proposal_temp_check_fraction=0.5_proposal_fast_track_min_steps=0] Average Turnout: 0.0589 (std: 0.0083)"}
[2026-01-30T09:58:36.178Z] [METRIC  ] [proposal_temp_check_fraction=0.5_proposal_fast_track_min_steps=0] Average Turnout: 0.0589 (std: 0.0083)
{"timestamp":"2026-01-30T09:58:36.178Z","level":"metric","message":"[proposal_temp_check_fraction=0.5_proposal_fast_track_min_steps=0] Avg Margin of Victory: 0.4087 (std: 0.0270)"}
[2026-01-30T09:58:36.178Z] [METRIC  ] [proposal_temp_check_fraction=0.5_proposal_fast_track_min_steps=0] Avg Margin of Victory: 0.4087 (std: 0.0270)
{"timestamp":"2026-01-30T09:58:36.178Z","level":"metric","message":"[proposal_temp_check_fraction=0.5_proposal_fast_track_min_steps=0] Proposal Rate: 10.3900 (std: 0.8021)"}
[2026-01-30T09:58:36.178Z] [METRIC  ] [proposal_temp_check_fraction=0.5_proposal_fast_track_min_steps=0] Proposal Rate: 10.3900 (std: 0.8021)
{"timestamp":"2026-01-30T09:58:36.178Z","level":"metric","message":"[proposal_temp_check_fraction=0.5_proposal_fast_track_min_steps=0] Total Proposals: 207.8000 (std: 16.0418)"}
[2026-01-30T09:58:36.178Z] [METRIC  ] [proposal_temp_check_fraction=0.5_proposal_fast_track_min_steps=0] Total Proposals: 207.8000 (std: 16.0418)
{"timestamp":"2026-01-30T09:58:36.178Z","level":"metric","message":"[proposal_temp_check_fraction=0.5_proposal_fast_track_min_steps=6] Proposal Pass Rate: 0.0967 (std: 0.0377)"}
[2026-01-30T09:58:36.178Z] [METRIC  ] [proposal_temp_check_fraction=0.5_proposal_fast_track_min_steps=6] Proposal Pass Rate: 0.0967 (std: 0.0377)
{"timestamp":"2026-01-30T09:58:36.178Z","level":"metric","message":"[proposal_temp_check_fraction=0.5_proposal_fast_track_min_steps=6] Quorum Reach Rate: 0.3254 (std: 0.0473)"}
[2026-01-30T09:58:36.178Z] [METRIC  ] [proposal_temp_check_fraction=0.5_proposal_fast_track_min_steps=6] Quorum Reach Rate: 0.3254 (std: 0.0473)
{"timestamp":"2026-01-30T09:58:36.178Z","level":"metric","message":"[proposal_temp_check_fraction=0.5_proposal_fast_track_min_steps=6] Avg Time to Decision: 1027.2695 (std: 38.6993)"}
[2026-01-30T09:58:36.178Z] [METRIC  ] [proposal_temp_check_fraction=0.5_proposal_fast_track_min_steps=6] Avg Time to Decision: 1027.2695 (std: 38.6993)
{"timestamp":"2026-01-30T09:58:36.178Z","level":"metric","message":"[proposal_temp_check_fraction=0.5_proposal_fast_track_min_steps=6] Proposal Abandonment Rate: 0.0222 (std: 0.0131)"}
[2026-01-30T09:58:36.178Z] [METRIC  ] [proposal_temp_check_fraction=0.5_proposal_fast_track_min_steps=6] Proposal Abandonment Rate: 0.0222 (std: 0.0131)
{"timestamp":"2026-01-30T09:58:36.178Z","level":"metric","message":"[proposal_temp_check_fraction=0.5_proposal_fast_track_min_steps=6] Proposal Rejection Rate: 0.9033 (std: 0.0377)"}
[2026-01-30T09:58:36.178Z] [METRIC  ] [proposal_temp_check_fraction=0.5_proposal_fast_track_min_steps=6] Proposal Rejection Rate: 0.9033 (std: 0.0377)
{"timestamp":"2026-01-30T09:58:36.178Z","level":"metric","message":"[proposal_temp_check_fraction=0.5_proposal_fast_track_min_steps=6] Governance Overhead: 20.6104 (std: 2.1575)"}
[2026-01-30T09:58:36.178Z] [METRIC  ] [proposal_temp_check_fraction=0.5_proposal_fast_track_min_steps=6] Governance Overhead: 20.6104 (std: 2.1575)
{"timestamp":"2026-01-30T09:58:36.178Z","level":"metric","message":"[proposal_temp_check_fraction=0.5_proposal_fast_track_min_steps=6] Average Turnout: 0.0719 (std: 0.0079)"}
[2026-01-30T09:58:36.178Z] [METRIC  ] [proposal_temp_check_fraction=0.5_proposal_fast_track_min_steps=6] Average Turnout: 0.0719 (std: 0.0079)
{"timestamp":"2026-01-30T09:58:36.178Z","level":"metric","message":"[proposal_temp_check_fraction=0.5_proposal_fast_track_min_steps=6] Avg Margin of Victory: 0.4313 (std: 0.0380)"}
[2026-01-30T09:58:36.178Z] [METRIC  ] [proposal_temp_check_fraction=0.5_proposal_fast_track_min_steps=6] Avg Margin of Victory: 0.4313 (std: 0.0380)
{"timestamp":"2026-01-30T09:58:36.178Z","level":"metric","message":"[proposal_temp_check_fraction=0.5_proposal_fast_track_min_steps=6] Proposal Rate: 10.2333 (std: 0.5851)"}
[2026-01-30T09:58:36.178Z] [METRIC  ] [proposal_temp_check_fraction=0.5_proposal_fast_track_min_steps=6] Proposal Rate: 10.2333 (std: 0.5851)
{"timestamp":"2026-01-30T09:58:36.178Z","level":"metric","message":"[proposal_temp_check_fraction=0.5_proposal_fast_track_min_steps=6] Total Proposals: 204.6667 (std: 11.7013)"}
[2026-01-30T09:58:36.178Z] [METRIC  ] [proposal_temp_check_fraction=0.5_proposal_fast_track_min_steps=6] Total Proposals: 204.6667 (std: 11.7013)
{"timestamp":"2026-01-30T09:58:36.178Z","level":"metric","message":"[proposal_temp_check_fraction=0.5_proposal_fast_track_min_steps=12] Proposal Pass Rate: 0.0907 (std: 0.0252)"}
[2026-01-30T09:58:36.178Z] [METRIC  ] [proposal_temp_check_fraction=0.5_proposal_fast_track_min_steps=12] Proposal Pass Rate: 0.0907 (std: 0.0252)
{"timestamp":"2026-01-30T09:58:36.178Z","level":"metric","message":"[proposal_temp_check_fraction=0.5_proposal_fast_track_min_steps=12] Quorum Reach Rate: 0.3181 (std: 0.0343)"}
[2026-01-30T09:58:36.178Z] [METRIC  ] [proposal_temp_check_fraction=0.5_proposal_fast_track_min_steps=12] Quorum Reach Rate: 0.3181 (std: 0.0343)
{"timestamp":"2026-01-30T09:58:36.178Z","level":"metric","message":"[proposal_temp_check_fraction=0.5_proposal_fast_track_min_steps=12] Avg Time to Decision: 1026.6000 (std: 33.8489)"}
[2026-01-30T09:58:36.178Z] [METRIC  ] [proposal_temp_check_fraction=0.5_proposal_fast_track_min_steps=12] Avg Time to Decision: 1026.6000 (std: 33.8489)
{"timestamp":"2026-01-30T09:58:36.178Z","level":"metric","message":"[proposal_temp_check_fraction=0.5_proposal_fast_track_min_steps=12] Proposal Abandonment Rate: 0.0245 (std: 0.0110)"}
[2026-01-30T09:58:36.178Z] [METRIC  ] [proposal_temp_check_fraction=0.5_proposal_fast_track_min_steps=12] Proposal Abandonment Rate: 0.0245 (std: 0.0110)
{"timestamp":"2026-01-30T09:58:36.178Z","level":"metric","message":"[proposal_temp_check_fraction=0.5_proposal_fast_track_min_steps=12] Proposal Rejection Rate: 0.9093 (std: 0.0252)"}
[2026-01-30T09:58:36.178Z] [METRIC  ] [proposal_temp_check_fraction=0.5_proposal_fast_track_min_steps=12] Proposal Rejection Rate: 0.9093 (std: 0.0252)
{"timestamp":"2026-01-30T09:58:36.178Z","level":"metric","message":"[proposal_temp_check_fraction=0.5_proposal_fast_track_min_steps=12] Governance Overhead: 20.4170 (std: 2.2187)"}
[2026-01-30T09:58:36.178Z] [METRIC  ] [proposal_temp_check_fraction=0.5_proposal_fast_track_min_steps=12] Governance Overhead: 20.4170 (std: 2.2187)
{"timestamp":"2026-01-30T09:58:36.178Z","level":"metric","message":"[proposal_temp_check_fraction=0.5_proposal_fast_track_min_steps=12] Average Turnout: 0.0712 (std: 0.0080)"}
[2026-01-30T09:58:36.178Z] [METRIC  ] [proposal_temp_check_fraction=0.5_proposal_fast_track_min_steps=12] Average Turnout: 0.0712 (std: 0.0080)
{"timestamp":"2026-01-30T09:58:36.178Z","level":"metric","message":"[proposal_temp_check_fraction=0.5_proposal_fast_track_min_steps=12] Avg Margin of Victory: 0.4243 (std: 0.0359)"}
[2026-01-30T09:58:36.178Z] [METRIC  ] [proposal_temp_check_fraction=0.5_proposal_fast_track_min_steps=12] Avg Margin of Victory: 0.4243 (std: 0.0359)
{"timestamp":"2026-01-30T09:58:36.178Z","level":"metric","message":"[proposal_temp_check_fraction=0.5_proposal_fast_track_min_steps=12] Proposal Rate: 10.1800 (std: 0.6858)"}
[2026-01-30T09:58:36.178Z] [METRIC  ] [proposal_temp_check_fraction=0.5_proposal_fast_track_min_steps=12] Proposal Rate: 10.1800 (std: 0.6858)
{"timestamp":"2026-01-30T09:58:36.178Z","level":"metric","message":"[proposal_temp_check_fraction=0.5_proposal_fast_track_min_steps=12] Total Proposals: 203.6000 (std: 13.7153)"}
[2026-01-30T09:58:36.178Z] [METRIC  ] [proposal_temp_check_fraction=0.5_proposal_fast_track_min_steps=12] Total Proposals: 203.6000 (std: 13.7153)
{"timestamp":"2026-01-30T09:58:36.178Z","level":"info","message":"Experiment state changed to: completed"}
[2026-01-30T09:58:36.178Z] [INFO    ] Experiment state changed to: completed
