{"timestamp":"2026-01-30T09:58:36.981Z","level":"info","message":"Starting experiment: Treasury Resilience"}
[2026-01-30T09:58:36.981Z] [INFO    ] Starting experiment: Treasury Resilience
{"timestamp":"2026-01-30T09:58:36.981Z","level":"info","message":"Description: Evaluate treasury stabilization policies under identical governance loads."}
[2026-01-30T09:58:36.981Z] [INFO    ] Description: Evaluate treasury stabilization policies under identical governance loads.
{"timestamp":"2026-01-30T09:58:36.981Z","level":"info","message":"Total runs: 300 (25 per config)"}
[2026-01-30T09:58:36.981Z] [INFO    ] Total runs: 300 (25 per config)
{"timestamp":"2026-01-30T09:58:36.981Z","level":"info","message":"Workers: 4"}
[2026-01-30T09:58:36.981Z] [INFO    ] Workers: 4
{"timestamp":"2026-01-30T09:58:36.981Z","level":"info","message":"Output: results/paper/06-treasury-resilience"}
[2026-01-30T09:58:36.981Z] [INFO    ] Output: results/paper/06-treasury-resilience
{"timestamp":"2026-01-30T09:58:36.981Z","level":"info","message":"Sweep parameter: undefined"}
[2026-01-30T09:58:36.981Z] [INFO    ] Sweep parameter: undefined
{"timestamp":"2026-01-30T09:58:36.982Z","level":"info","message":"Experiment state changed to: running"}
[2026-01-30T09:58:36.982Z] [INFO    ] Experiment state changed to: running
{"timestamp":"2026-01-30T09:58:50.055Z","level":"progress","message":"Progress: 5% (15/300)","data":{"runsPerSecond":"1.15","eta":"4m 8s"}}
[2026-01-30T09:58:50.055Z] [PROGRESS] Progress: 5% (15/300) {"runsPerSecond":"1.15","eta":"4m 8s"}
{"timestamp":"2026-01-30T09:58:50.624Z","level":"progress","message":"Progress: 5% (16/300)","data":{"runsPerSecond":"1.17","eta":"4m 2s"}}
[2026-01-30T09:58:50.624Z] [PROGRESS] Progress: 5% (16/300) {"runsPerSecond":"1.17","eta":"4m 2s"}
{"timestamp":"2026-01-30T09:58:52.796Z","level":"progress","message":"Progress: 5% (17/300)","data":{"runsPerSecond":"1.08","eta":"4m 23s"}}
[2026-01-30T09:58:52.796Z] [PROGRESS] Progress: 5% (17/300) {"runsPerSecond":"1.08","eta":"4m 23s"}
{"timestamp":"2026-01-30T09:59:02.241Z","level":"progress","message":"Progress: 10% (30/300)","data":{"runsPerSecond":"1.19","eta":"3m 47s"}}
[2026-01-30T09:59:02.241Z] [PROGRESS] Progress: 10% (30/300) {"runsPerSecond":"1.19","eta":"3m 47s"}
{"timestamp":"2026-01-30T09:59:02.989Z","level":"progress","message":"Progress: 10% (31/300)","data":{"runsPerSecond":"1.19","eta":"3m 46s"}}
[2026-01-30T09:59:02.989Z] [PROGRESS] Progress: 10% (31/300) {"runsPerSecond":"1.19","eta":"3m 46s"}
{"timestamp":"2026-01-30T09:59:03.413Z","level":"progress","message":"Progress: 10% (32/300)","data":{"runsPerSecond":"1.21","eta":"3m 41s"}}
[2026-01-30T09:59:03.413Z] [PROGRESS] Progress: 10% (32/300) {"runsPerSecond":"1.21","eta":"3m 41s"}
{"timestamp":"2026-01-30T09:59:15.656Z","level":"progress","message":"Progress: 15% (45/300)","data":{"runsPerSecond":"1.16","eta":"3m 39s"}}
[2026-01-30T09:59:15.656Z] [PROGRESS] Progress: 15% (45/300) {"runsPerSecond":"1.16","eta":"3m 39s"}
{"timestamp":"2026-01-30T09:59:15.928Z","level":"progress","message":"Progress: 15% (46/300)","data":{"runsPerSecond":"1.18","eta":"3m 35s"}}
[2026-01-30T09:59:15.928Z] [PROGRESS] Progress: 15% (46/300) {"runsPerSecond":"1.18","eta":"3m 35s"}
{"timestamp":"2026-01-30T09:59:17.107Z","level":"progress","message":"Progress: 15% (47/300)","data":{"runsPerSecond":"1.17","eta":"3m 36s"}}
[2026-01-30T09:59:17.107Z] [PROGRESS] Progress: 15% (47/300) {"runsPerSecond":"1.17","eta":"3m 36s"}
{"timestamp":"2026-01-30T09:59:26.197Z","level":"progress","message":"Progress: 20% (60/300)","data":{"runsPerSecond":"1.22","eta":"3m 17s"}}
[2026-01-30T09:59:26.197Z] [PROGRESS] Progress: 20% (60/300) {"runsPerSecond":"1.22","eta":"3m 17s"}
{"timestamp":"2026-01-30T09:59:27.013Z","level":"progress","message":"Progress: 20% (61/300)","data":{"runsPerSecond":"1.22","eta":"3m 16s"}}
[2026-01-30T09:59:27.013Z] [PROGRESS] Progress: 20% (61/300) {"runsPerSecond":"1.22","eta":"3m 16s"}
{"timestamp":"2026-01-30T09:59:27.629Z","level":"progress","message":"Progress: 20% (62/300)","data":{"runsPerSecond":"1.22","eta":"3m 14s"}}
[2026-01-30T09:59:27.629Z] [PROGRESS] Progress: 20% (62/300) {"runsPerSecond":"1.22","eta":"3m 14s"}
{"timestamp":"2026-01-30T09:59:38.372Z","level":"progress","message":"Progress: 25% (75/300)","data":{"runsPerSecond":"1.22","eta":"3m 4s"}}
[2026-01-30T09:59:38.372Z] [PROGRESS] Progress: 25% (75/300) {"runsPerSecond":"1.22","eta":"3m 4s"}
{"timestamp":"2026-01-30T09:59:38.390Z","level":"progress","message":"Progress: 25% (76/300)","data":{"runsPerSecond":"1.24","eta":"3m 1s"}}
[2026-01-30T09:59:38.390Z] [PROGRESS] Progress: 25% (76/300) {"runsPerSecond":"1.24","eta":"3m 1s"}
{"timestamp":"2026-01-30T09:59:38.899Z","level":"progress","message":"Progress: 25% (77/300)","data":{"runsPerSecond":"1.24","eta":"2m 59s"}}
[2026-01-30T09:59:38.899Z] [PROGRESS] Progress: 25% (77/300) {"runsPerSecond":"1.24","eta":"2m 59s"}
{"timestamp":"2026-01-30T09:59:48.445Z","level":"progress","message":"Progress: 30% (90/300)","data":{"runsPerSecond":"1.26","eta":"2m 47s"}}
[2026-01-30T09:59:48.445Z] [PROGRESS] Progress: 30% (90/300) {"runsPerSecond":"1.26","eta":"2m 47s"}
{"timestamp":"2026-01-30T09:59:50.614Z","level":"progress","message":"Progress: 30% (91/300)","data":{"runsPerSecond":"1.24","eta":"2m 49s"}}
[2026-01-30T09:59:50.614Z] [PROGRESS] Progress: 30% (91/300) {"runsPerSecond":"1.24","eta":"2m 49s"}
{"timestamp":"2026-01-30T09:59:50.658Z","level":"progress","message":"Progress: 30% (92/300)","data":{"runsPerSecond":"1.25","eta":"2m 47s"}}
[2026-01-30T09:59:50.658Z] [PROGRESS] Progress: 30% (92/300) {"runsPerSecond":"1.25","eta":"2m 47s"}
{"timestamp":"2026-01-30T10:00:00.097Z","level":"progress","message":"Progress: 35% (105/300)","data":{"runsPerSecond":"1.26","eta":"2m 34s"}}
[2026-01-30T10:00:00.097Z] [PROGRESS] Progress: 35% (105/300) {"runsPerSecond":"1.26","eta":"2m 34s"}
{"timestamp":"2026-01-30T10:00:01.146Z","level":"progress","message":"Progress: 35% (106/300)","data":{"runsPerSecond":"1.26","eta":"2m 34s"}}
[2026-01-30T10:00:01.146Z] [PROGRESS] Progress: 35% (106/300) {"runsPerSecond":"1.26","eta":"2m 34s"}
{"timestamp":"2026-01-30T10:00:02.820Z","level":"progress","message":"Progress: 35% (107/300)","data":{"runsPerSecond":"1.25","eta":"2m 35s"}}
[2026-01-30T10:00:02.820Z] [PROGRESS] Progress: 35% (107/300) {"runsPerSecond":"1.25","eta":"2m 35s"}
{"timestamp":"2026-01-30T10:00:12.349Z","level":"progress","message":"Progress: 40% (120/300)","data":{"runsPerSecond":"1.26","eta":"2m 23s"}}
[2026-01-30T10:00:12.349Z] [PROGRESS] Progress: 40% (120/300) {"runsPerSecond":"1.26","eta":"2m 23s"}
{"timestamp":"2026-01-30T10:00:12.647Z","level":"progress","message":"Progress: 40% (121/300)","data":{"runsPerSecond":"1.26","eta":"2m 22s"}}
[2026-01-30T10:00:12.647Z] [PROGRESS] Progress: 40% (121/300) {"runsPerSecond":"1.26","eta":"2m 22s"}
{"timestamp":"2026-01-30T10:00:13.100Z","level":"progress","message":"Progress: 40% (122/300)","data":{"runsPerSecond":"1.27","eta":"2m 20s"}}
[2026-01-30T10:00:13.100Z] [PROGRESS] Progress: 40% (122/300) {"runsPerSecond":"1.27","eta":"2m 20s"}
{"timestamp":"2026-01-30T10:00:24.153Z","level":"progress","message":"Progress: 45% (135/300)","data":{"runsPerSecond":"1.26","eta":"2m 11s"}}
[2026-01-30T10:00:24.153Z] [PROGRESS] Progress: 45% (135/300) {"runsPerSecond":"1.26","eta":"2m 11s"}
{"timestamp":"2026-01-30T10:00:24.505Z","level":"progress","message":"Progress: 45% (136/300)","data":{"runsPerSecond":"1.26","eta":"2m 10s"}}
[2026-01-30T10:00:24.505Z] [PROGRESS] Progress: 45% (136/300) {"runsPerSecond":"1.26","eta":"2m 10s"}
{"timestamp":"2026-01-30T10:00:25.145Z","level":"progress","message":"Progress: 45% (137/300)","data":{"runsPerSecond":"1.27","eta":"2m 9s"}}
[2026-01-30T10:00:25.145Z] [PROGRESS] Progress: 45% (137/300) {"runsPerSecond":"1.27","eta":"2m 9s"}
{"timestamp":"2026-01-30T10:00:35.677Z","level":"progress","message":"Progress: 50% (150/300)","data":{"runsPerSecond":"1.26","eta":"1m 59s"}}
[2026-01-30T10:00:35.677Z] [PROGRESS] Progress: 50% (150/300) {"runsPerSecond":"1.26","eta":"1m 59s"}
{"timestamp":"2026-01-30T10:00:36.213Z","level":"progress","message":"Progress: 50% (151/300)","data":{"runsPerSecond":"1.27","eta":"1m 58s"}}
[2026-01-30T10:00:36.213Z] [PROGRESS] Progress: 50% (151/300) {"runsPerSecond":"1.27","eta":"1m 58s"}
{"timestamp":"2026-01-30T10:00:37.049Z","level":"progress","message":"Progress: 50% (152/300)","data":{"runsPerSecond":"1.27","eta":"1m 57s"}}
[2026-01-30T10:00:37.049Z] [PROGRESS] Progress: 50% (152/300) {"runsPerSecond":"1.27","eta":"1m 57s"}
{"timestamp":"2026-01-30T10:00:47.562Z","level":"progress","message":"Progress: 55% (165/300)","data":{"runsPerSecond":"1.26","eta":"1m 47s"}}
[2026-01-30T10:00:47.562Z] [PROGRESS] Progress: 55% (165/300) {"runsPerSecond":"1.26","eta":"1m 47s"}
{"timestamp":"2026-01-30T10:00:48.171Z","level":"progress","message":"Progress: 55% (166/300)","data":{"runsPerSecond":"1.27","eta":"1m 46s"}}
[2026-01-30T10:00:48.171Z] [PROGRESS] Progress: 55% (166/300) {"runsPerSecond":"1.27","eta":"1m 46s"}
{"timestamp":"2026-01-30T10:00:48.499Z","level":"progress","message":"Progress: 55% (167/300)","data":{"runsPerSecond":"1.27","eta":"1m 45s"}}
[2026-01-30T10:00:48.499Z] [PROGRESS] Progress: 55% (167/300) {"runsPerSecond":"1.27","eta":"1m 45s"}
{"timestamp":"2026-01-30T10:00:58.102Z","level":"progress","message":"Progress: 60% (180/300)","data":{"runsPerSecond":"1.28","eta":"1m 34s"}}
[2026-01-30T10:00:58.102Z] [PROGRESS] Progress: 60% (180/300) {"runsPerSecond":"1.28","eta":"1m 34s"}
{"timestamp":"2026-01-30T10:00:59.698Z","level":"progress","message":"Progress: 60% (181/300)","data":{"runsPerSecond":"1.27","eta":"1m 34s"}}
[2026-01-30T10:00:59.698Z] [PROGRESS] Progress: 60% (181/300) {"runsPerSecond":"1.27","eta":"1m 34s"}
{"timestamp":"2026-01-30T10:01:00.019Z","level":"progress","message":"Progress: 60% (182/300)","data":{"runsPerSecond":"1.27","eta":"1m 33s"}}
[2026-01-30T10:01:00.019Z] [PROGRESS] Progress: 60% (182/300) {"runsPerSecond":"1.27","eta":"1m 33s"}
{"timestamp":"2026-01-30T10:01:09.656Z","level":"progress","message":"Progress: 65% (195/300)","data":{"runsPerSecond":"1.28","eta":"1m 22s"}}
[2026-01-30T10:01:09.656Z] [PROGRESS] Progress: 65% (195/300) {"runsPerSecond":"1.28","eta":"1m 22s"}
{"timestamp":"2026-01-30T10:01:10.245Z","level":"progress","message":"Progress: 65% (196/300)","data":{"runsPerSecond":"1.28","eta":"1m 21s"}}
[2026-01-30T10:01:10.245Z] [PROGRESS] Progress: 65% (196/300) {"runsPerSecond":"1.28","eta":"1m 21s"}
{"timestamp":"2026-01-30T10:01:11.285Z","level":"progress","message":"Progress: 65% (197/300)","data":{"runsPerSecond":"1.28","eta":"1m 21s"}}
[2026-01-30T10:01:11.285Z] [PROGRESS] Progress: 65% (197/300) {"runsPerSecond":"1.28","eta":"1m 21s"}
{"timestamp":"2026-01-30T10:01:20.468Z","level":"progress","message":"Progress: 70% (210/300)","data":{"runsPerSecond":"1.28","eta":"1m 10s"}}
[2026-01-30T10:01:20.468Z] [PROGRESS] Progress: 70% (210/300) {"runsPerSecond":"1.28","eta":"1m 10s"}
{"timestamp":"2026-01-30T10:01:21.417Z","level":"progress","message":"Progress: 70% (211/300)","data":{"runsPerSecond":"1.28","eta":"1m 9s"}}
[2026-01-30T10:01:21.417Z] [PROGRESS] Progress: 70% (211/300) {"runsPerSecond":"1.28","eta":"1m 9s"}
{"timestamp":"2026-01-30T10:01:22.617Z","level":"progress","message":"Progress: 70% (212/300)","data":{"runsPerSecond":"1.28","eta":"1m 9s"}}
[2026-01-30T10:01:22.617Z] [PROGRESS] Progress: 70% (212/300) {"runsPerSecond":"1.28","eta":"1m 9s"}
{"timestamp":"2026-01-30T10:01:31.865Z","level":"progress","message":"Progress: 75% (225/300)","data":{"runsPerSecond":"1.29","eta":"58.3s"}}
[2026-01-30T10:01:31.865Z] [PROGRESS] Progress: 75% (225/300) {"runsPerSecond":"1.29","eta":"58.3s"}
{"timestamp":"2026-01-30T10:01:31.974Z","level":"progress","message":"Progress: 75% (226/300)","data":{"runsPerSecond":"1.29","eta":"57.3s"}}
[2026-01-30T10:01:31.974Z] [PROGRESS] Progress: 75% (226/300) {"runsPerSecond":"1.29","eta":"57.3s"}
{"timestamp":"2026-01-30T10:01:33.274Z","level":"progress","message":"Progress: 75% (227/300)","data":{"runsPerSecond":"1.29","eta":"56.7s"}}
[2026-01-30T10:01:33.274Z] [PROGRESS] Progress: 75% (227/300) {"runsPerSecond":"1.29","eta":"56.7s"}
{"timestamp":"2026-01-30T10:01:42.948Z","level":"progress","message":"Progress: 80% (240/300)","data":{"runsPerSecond":"1.29","eta":"46.5s"}}
[2026-01-30T10:01:42.948Z] [PROGRESS] Progress: 80% (240/300) {"runsPerSecond":"1.29","eta":"46.5s"}
{"timestamp":"2026-01-30T10:01:43.374Z","level":"progress","message":"Progress: 80% (241/300)","data":{"runsPerSecond":"1.29","eta":"45.6s"}}
[2026-01-30T10:01:43.374Z] [PROGRESS] Progress: 80% (241/300) {"runsPerSecond":"1.29","eta":"45.6s"}
{"timestamp":"2026-01-30T10:01:43.587Z","level":"progress","message":"Progress: 80% (242/300)","data":{"runsPerSecond":"1.30","eta":"44.7s"}}
[2026-01-30T10:01:43.587Z] [PROGRESS] Progress: 80% (242/300) {"runsPerSecond":"1.30","eta":"44.7s"}
{"timestamp":"2026-01-30T10:01:52.914Z","level":"progress","message":"Progress: 85% (255/300)","data":{"runsPerSecond":"1.30","eta":"34.6s"}}
[2026-01-30T10:01:52.914Z] [PROGRESS] Progress: 85% (255/300) {"runsPerSecond":"1.30","eta":"34.6s"}
{"timestamp":"2026-01-30T10:01:54.153Z","level":"progress","message":"Progress: 85% (256/300)","data":{"runsPerSecond":"1.30","eta":"33.9s"}}
[2026-01-30T10:01:54.153Z] [PROGRESS] Progress: 85% (256/300) {"runsPerSecond":"1.30","eta":"33.9s"}
{"timestamp":"2026-01-30T10:01:54.435Z","level":"progress","message":"Progress: 85% (257/300)","data":{"runsPerSecond":"1.30","eta":"33.0s"}}
[2026-01-30T10:01:54.435Z] [PROGRESS] Progress: 85% (257/300) {"runsPerSecond":"1.30","eta":"33.0s"}
{"timestamp":"2026-01-30T10:02:04.186Z","level":"progress","message":"Progress: 90% (270/300)","data":{"runsPerSecond":"1.30","eta":"23.0s"}}
[2026-01-30T10:02:04.186Z] [PROGRESS] Progress: 90% (270/300) {"runsPerSecond":"1.30","eta":"23.0s"}
{"timestamp":"2026-01-30T10:02:04.817Z","level":"progress","message":"Progress: 90% (271/300)","data":{"runsPerSecond":"1.30","eta":"22.2s"}}
[2026-01-30T10:02:04.817Z] [PROGRESS] Progress: 90% (271/300) {"runsPerSecond":"1.30","eta":"22.2s"}
{"timestamp":"2026-01-30T10:02:05.669Z","level":"progress","message":"Progress: 90% (272/300)","data":{"runsPerSecond":"1.30","eta":"21.5s"}}
[2026-01-30T10:02:05.669Z] [PROGRESS] Progress: 90% (272/300) {"runsPerSecond":"1.30","eta":"21.5s"}
{"timestamp":"2026-01-30T10:02:14.458Z","level":"progress","message":"Progress: 95% (285/300)","data":{"runsPerSecond":"1.31","eta":"11.4s"}}
[2026-01-30T10:02:14.458Z] [PROGRESS] Progress: 95% (285/300) {"runsPerSecond":"1.31","eta":"11.4s"}
{"timestamp":"2026-01-30T10:02:16.000Z","level":"progress","message":"Progress: 95% (286/300)","data":{"runsPerSecond":"1.31","eta":"10.7s"}}
[2026-01-30T10:02:16.000Z] [PROGRESS] Progress: 95% (286/300) {"runsPerSecond":"1.31","eta":"10.7s"}
{"timestamp":"2026-01-30T10:02:16.015Z","level":"progress","message":"Progress: 95% (287/300)","data":{"runsPerSecond":"1.31","eta":"9.9s"}}
[2026-01-30T10:02:16.015Z] [PROGRESS] Progress: 95% (287/300) {"runsPerSecond":"1.31","eta":"9.9s"}
{"timestamp":"2026-01-30T10:02:25.243Z","level":"progress","message":"Progress: 100% (300/300)","data":{"runsPerSecond":"1.31","eta":"unknown"}}
[2026-01-30T10:02:25.243Z] [PROGRESS] Progress: 100% (300/300) {"runsPerSecond":"1.31","eta":"unknown"}
{"timestamp":"2026-01-30T10:02:25.309Z","level":"info","message":"Exporting results..."}
[2026-01-30T10:02:25.309Z] [INFO    ] Exporting results...
{"timestamp":"2026-01-30T10:02:25.514Z","level":"info","message":"Experiment completed in 3m 49s"}
[2026-01-30T10:02:25.514Z] [INFO    ] Experiment completed in 3m 49s
{"timestamp":"2026-01-30T10:02:25.514Z","level":"info","message":"Total runs: 300"}
[2026-01-30T10:02:25.514Z] [INFO    ] Total runs: 300
{"timestamp":"2026-01-30T10:02:25.514Z","level":"info","message":"Successful: 300"}
[2026-01-30T10:02:25.514Z] [INFO    ] Successful: 300
{"timestamp":"2026-01-30T10:02:25.514Z","level":"info","message":"Failed: 0"}
[2026-01-30T10:02:25.514Z] [INFO    ] Failed: 0
{"timestamp":"2026-01-30T10:02:25.514Z","level":"metric","message":"[treasury_stabilization_enabled=true_treasury_buffer_fraction=0_treasury_max_spend_fraction=0.1] Treasury Volatility: 0.1779 (std: 0.0054)"}
[2026-01-30T10:02:25.514Z] [METRIC  ] [treasury_stabilization_enabled=true_treasury_buffer_fraction=0_treasury_max_spend_fraction=0.1] Treasury Volatility: 0.1779 (std: 0.0054)
{"timestamp":"2026-01-30T10:02:25.514Z","level":"metric","message":"[treasury_stabilization_enabled=true_treasury_buffer_fraction=0_treasury_max_spend_fraction=0.1] Treasury Growth Rate: -0.7396 (std: 0.0103)"}
[2026-01-30T10:02:25.514Z] [METRIC  ] [treasury_stabilization_enabled=true_treasury_buffer_fraction=0_treasury_max_spend_fraction=0.1] Treasury Growth Rate: -0.7396 (std: 0.0103)
{"timestamp":"2026-01-30T10:02:25.514Z","level":"metric","message":"[treasury_stabilization_enabled=true_treasury_buffer_fraction=0_treasury_max_spend_fraction=0.1] Final Treasury: 10030.8641 (std: 3.5451)"}
[2026-01-30T10:02:25.514Z] [METRIC  ] [treasury_stabilization_enabled=true_treasury_buffer_fraction=0_treasury_max_spend_fraction=0.1] Final Treasury: 10030.8641 (std: 3.5451)
{"timestamp":"2026-01-30T10:02:25.514Z","level":"metric","message":"[treasury_stabilization_enabled=true_treasury_buffer_fraction=0_treasury_max_spend_fraction=0.1] Treasury Trend: -0.7411 (std: 0.0242)"}
[2026-01-30T10:02:25.514Z] [METRIC  ] [treasury_stabilization_enabled=true_treasury_buffer_fraction=0_treasury_max_spend_fraction=0.1] Treasury Trend: -0.7411 (std: 0.0242)
{"timestamp":"2026-01-30T10:02:25.514Z","level":"metric","message":"[treasury_stabilization_enabled=true_treasury_buffer_fraction=0_treasury_max_spend_fraction=0.1] Final Token Price: 3.6954 (std: 4.7652)"}
[2026-01-30T10:02:25.514Z] [METRIC  ] [treasury_stabilization_enabled=true_treasury_buffer_fraction=0_treasury_max_spend_fraction=0.1] Final Token Price: 3.6954 (std: 4.7652)
{"timestamp":"2026-01-30T10:02:25.514Z","level":"metric","message":"[treasury_stabilization_enabled=true_treasury_buffer_fraction=0_treasury_max_spend_fraction=0.1] Proposal Pass Rate: 0.0841 (std: 0.0308)"}
[2026-01-30T10:02:25.514Z] [METRIC  ] [treasury_stabilization_enabled=true_treasury_buffer_fraction=0_treasury_max_spend_fraction=0.1] Proposal Pass Rate: 0.0841 (std: 0.0308)
{"timestamp":"2026-01-30T10:02:25.514Z","level":"metric","message":"[treasury_stabilization_enabled=true_treasury_buffer_fraction=0_treasury_max_spend_fraction=0.1] Quorum Reach Rate: 0.3274 (std: 0.0395)"}
[2026-01-30T10:02:25.514Z] [METRIC  ] [treasury_stabilization_enabled=true_treasury_buffer_fraction=0_treasury_max_spend_fraction=0.1] Quorum Reach Rate: 0.3274 (std: 0.0395)
{"timestamp":"2026-01-30T10:02:25.514Z","level":"metric","message":"[treasury_stabilization_enabled=true_treasury_buffer_fraction=0_treasury_max_spend_fraction=0.2] Treasury Volatility: 0.1738 (std: 0.0125)"}
[2026-01-30T10:02:25.514Z] [METRIC  ] [treasury_stabilization_enabled=true_treasury_buffer_fraction=0_treasury_max_spend_fraction=0.2] Treasury Volatility: 0.1738 (std: 0.0125)
{"timestamp":"2026-01-30T10:02:25.514Z","level":"metric","message":"[treasury_stabilization_enabled=true_treasury_buffer_fraction=0_treasury_max_spend_fraction=0.2] Treasury Growth Rate: -0.7416 (std: 0.0128)"}
[2026-01-30T10:02:25.514Z] [METRIC  ] [treasury_stabilization_enabled=true_treasury_buffer_fraction=0_treasury_max_spend_fraction=0.2] Treasury Growth Rate: -0.7416 (std: 0.0128)
{"timestamp":"2026-01-30T10:02:25.514Z","level":"metric","message":"[treasury_stabilization_enabled=true_treasury_buffer_fraction=0_treasury_max_spend_fraction=0.2] Final Treasury: 10030.1411 (std: 1.9748)"}
[2026-01-30T10:02:25.514Z] [METRIC  ] [treasury_stabilization_enabled=true_treasury_buffer_fraction=0_treasury_max_spend_fraction=0.2] Final Treasury: 10030.1411 (std: 1.9748)
{"timestamp":"2026-01-30T10:02:25.514Z","level":"metric","message":"[treasury_stabilization_enabled=true_treasury_buffer_fraction=0_treasury_max_spend_fraction=0.2] Treasury Trend: -0.7113 (std: 0.0661)"}
[2026-01-30T10:02:25.514Z] [METRIC  ] [treasury_stabilization_enabled=true_treasury_buffer_fraction=0_treasury_max_spend_fraction=0.2] Treasury Trend: -0.7113 (std: 0.0661)
{"timestamp":"2026-01-30T10:02:25.514Z","level":"metric","message":"[treasury_stabilization_enabled=true_treasury_buffer_fraction=0_treasury_max_spend_fraction=0.2] Final Token Price: 2.1471 (std: 1.3357)"}
[2026-01-30T10:02:25.514Z] [METRIC  ] [treasury_stabilization_enabled=true_treasury_buffer_fraction=0_treasury_max_spend_fraction=0.2] Final Token Price: 2.1471 (std: 1.3357)
{"timestamp":"2026-01-30T10:02:25.514Z","level":"metric","message":"[treasury_stabilization_enabled=true_treasury_buffer_fraction=0_treasury_max_spend_fraction=0.2] Proposal Pass Rate: 0.0737 (std: 0.0255)"}
[2026-01-30T10:02:25.514Z] [METRIC  ] [treasury_stabilization_enabled=true_treasury_buffer_fraction=0_treasury_max_spend_fraction=0.2] Proposal Pass Rate: 0.0737 (std: 0.0255)
{"timestamp":"2026-01-30T10:02:25.514Z","level":"metric","message":"[treasury_stabilization_enabled=true_treasury_buffer_fraction=0_treasury_max_spend_fraction=0.2] Quorum Reach Rate: 0.3135 (std: 0.0383)"}
[2026-01-30T10:02:25.514Z] [METRIC  ] [treasury_stabilization_enabled=true_treasury_buffer_fraction=0_treasury_max_spend_fraction=0.2] Quorum Reach Rate: 0.3135 (std: 0.0383)
{"timestamp":"2026-01-30T10:02:25.514Z","level":"metric","message":"[treasury_stabilization_enabled=true_treasury_buffer_fraction=0.2_treasury_max_spend_fraction=0.1] Treasury Volatility: 0.1884 (std: 0.0197)"}
[2026-01-30T10:02:25.514Z] [METRIC  ] [treasury_stabilization_enabled=true_treasury_buffer_fraction=0.2_treasury_max_spend_fraction=0.1] Treasury Volatility: 0.1884 (std: 0.0197)
{"timestamp":"2026-01-30T10:02:25.514Z","level":"metric","message":"[treasury_stabilization_enabled=true_treasury_buffer_fraction=0.2_treasury_max_spend_fraction=0.1] Treasury Growth Rate: -0.7141 (std: 0.0115)"}
[2026-01-30T10:02:25.514Z] [METRIC  ] [treasury_stabilization_enabled=true_treasury_buffer_fraction=0.2_treasury_max_spend_fraction=0.1] Treasury Growth Rate: -0.7141 (std: 0.0115)
{"timestamp":"2026-01-30T10:02:25.514Z","level":"metric","message":"[treasury_stabilization_enabled=true_treasury_buffer_fraction=0.2_treasury_max_spend_fraction=0.1] Final Treasury: 11981.7107 (std: 125.4415)"}
[2026-01-30T10:02:25.514Z] [METRIC  ] [treasury_stabilization_enabled=true_treasury_buffer_fraction=0.2_treasury_max_spend_fraction=0.1] Final Treasury: 11981.7107 (std: 125.4415)
{"timestamp":"2026-01-30T10:02:25.514Z","level":"metric","message":"[treasury_stabilization_enabled=true_treasury_buffer_fraction=0.2_treasury_max_spend_fraction=0.1] Treasury Trend: -1.0089 (std: 0.2394)"}
[2026-01-30T10:02:25.514Z] [METRIC  ] [treasury_stabilization_enabled=true_treasury_buffer_fraction=0.2_treasury_max_spend_fraction=0.1] Treasury Trend: -1.0089 (std: 0.2394)
{"timestamp":"2026-01-30T10:02:25.514Z","level":"metric","message":"[treasury_stabilization_enabled=true_treasury_buffer_fraction=0.2_treasury_max_spend_fraction=0.1] Final Token Price: 2.8153 (std: 3.2975)"}
[2026-01-30T10:02:25.514Z] [METRIC  ] [treasury_stabilization_enabled=true_treasury_buffer_fraction=0.2_treasury_max_spend_fraction=0.1] Final Token Price: 2.8153 (std: 3.2975)
{"timestamp":"2026-01-30T10:02:25.514Z","level":"metric","message":"[treasury_stabilization_enabled=true_treasury_buffer_fraction=0.2_treasury_max_spend_fraction=0.1] Proposal Pass Rate: 0.0773 (std: 0.0263)"}
[2026-01-30T10:02:25.514Z] [METRIC  ] [treasury_stabilization_enabled=true_treasury_buffer_fraction=0.2_treasury_max_spend_fraction=0.1] Proposal Pass Rate: 0.0773 (std: 0.0263)
{"timestamp":"2026-01-30T10:02:25.514Z","level":"metric","message":"[treasury_stabilization_enabled=true_treasury_buffer_fraction=0.2_treasury_max_spend_fraction=0.1] Quorum Reach Rate: 0.3279 (std: 0.0388)"}
[2026-01-30T10:02:25.514Z] [METRIC  ] [treasury_stabilization_enabled=true_treasury_buffer_fraction=0.2_treasury_max_spend_fraction=0.1] Quorum Reach Rate: 0.3279 (std: 0.0388)
{"timestamp":"2026-01-30T10:02:25.514Z","level":"metric","message":"[treasury_stabilization_enabled=true_treasury_buffer_fraction=0.2_treasury_max_spend_fraction=0.2] Treasury Volatility: 0.1945 (std: 0.0280)"}
[2026-01-30T10:02:25.514Z] [METRIC  ] [treasury_stabilization_enabled=true_treasury_buffer_fraction=0.2_treasury_max_spend_fraction=0.2] Treasury Volatility: 0.1945 (std: 0.0280)
{"timestamp":"2026-01-30T10:02:25.514Z","level":"metric","message":"[treasury_stabilization_enabled=true_treasury_buffer_fraction=0.2_treasury_max_spend_fraction=0.2] Treasury Growth Rate: -0.7118 (std: 0.0162)"}
[2026-01-30T10:02:25.514Z] [METRIC  ] [treasury_stabilization_enabled=true_treasury_buffer_fraction=0.2_treasury_max_spend_fraction=0.2] Treasury Growth Rate: -0.7118 (std: 0.0162)
{"timestamp":"2026-01-30T10:02:25.514Z","level":"metric","message":"[treasury_stabilization_enabled=true_treasury_buffer_fraction=0.2_treasury_max_spend_fraction=0.2] Final Treasury: 11879.8317 (std: 450.7723)"}
[2026-01-30T10:02:25.514Z] [METRIC  ] [treasury_stabilization_enabled=true_treasury_buffer_fraction=0.2_treasury_max_spend_fraction=0.2] Final Treasury: 11879.8317 (std: 450.7723)
{"timestamp":"2026-01-30T10:02:25.514Z","level":"metric","message":"[treasury_stabilization_enabled=true_treasury_buffer_fraction=0.2_treasury_max_spend_fraction=0.2] Treasury Trend: -0.8898 (std: 0.3566)"}
[2026-01-30T10:02:25.514Z] [METRIC  ] [treasury_stabilization_enabled=true_treasury_buffer_fraction=0.2_treasury_max_spend_fraction=0.2] Treasury Trend: -0.8898 (std: 0.3566)
{"timestamp":"2026-01-30T10:02:25.514Z","level":"metric","message":"[treasury_stabilization_enabled=true_treasury_buffer_fraction=0.2_treasury_max_spend_fraction=0.2] Final Token Price: 3.4119 (std: 4.8004)"}
[2026-01-30T10:02:25.514Z] [METRIC  ] [treasury_stabilization_enabled=true_treasury_buffer_fraction=0.2_treasury_max_spend_fraction=0.2] Final Token Price: 3.4119 (std: 4.8004)
{"timestamp":"2026-01-30T10:02:25.514Z","level":"metric","message":"[treasury_stabilization_enabled=true_treasury_buffer_fraction=0.2_treasury_max_spend_fraction=0.2] Proposal Pass Rate: 0.0857 (std: 0.0236)"}
[2026-01-30T10:02:25.514Z] [METRIC  ] [treasury_stabilization_enabled=true_treasury_buffer_fraction=0.2_treasury_max_spend_fraction=0.2] Proposal Pass Rate: 0.0857 (std: 0.0236)
{"timestamp":"2026-01-30T10:02:25.514Z","level":"metric","message":"[treasury_stabilization_enabled=true_treasury_buffer_fraction=0.2_treasury_max_spend_fraction=0.2] Quorum Reach Rate: 0.3276 (std: 0.0441)"}
[2026-01-30T10:02:25.514Z] [METRIC  ] [treasury_stabilization_enabled=true_treasury_buffer_fraction=0.2_treasury_max_spend_fraction=0.2] Quorum Reach Rate: 0.3276 (std: 0.0441)
{"timestamp":"2026-01-30T10:02:25.514Z","level":"metric","message":"[treasury_stabilization_enabled=true_treasury_buffer_fraction=0.4_treasury_max_spend_fraction=0.1] Treasury Volatility: 0.2350 (std: 0.0474)"}
[2026-01-30T10:02:25.514Z] [METRIC  ] [treasury_stabilization_enabled=true_treasury_buffer_fraction=0.4_treasury_max_spend_fraction=0.1] Treasury Volatility: 0.2350 (std: 0.0474)
{"timestamp":"2026-01-30T10:02:25.514Z","level":"metric","message":"[treasury_stabilization_enabled=true_treasury_buffer_fraction=0.4_treasury_max_spend_fraction=0.1] Treasury Growth Rate: -0.6935 (std: 0.0224)"}
[2026-01-30T10:02:25.514Z] [METRIC  ] [treasury_stabilization_enabled=true_treasury_buffer_fraction=0.4_treasury_max_spend_fraction=0.1] Treasury Growth Rate: -0.6935 (std: 0.0224)
{"timestamp":"2026-01-30T10:02:25.514Z","level":"metric","message":"[treasury_stabilization_enabled=true_treasury_buffer_fraction=0.4_treasury_max_spend_fraction=0.1] Final Treasury: 13602.6951 (std: 838.7552)"}
[2026-01-30T10:02:25.514Z] [METRIC  ] [treasury_stabilization_enabled=true_treasury_buffer_fraction=0.4_treasury_max_spend_fraction=0.1] Final Treasury: 13602.6951 (std: 838.7552)
{"timestamp":"2026-01-30T10:02:25.514Z","level":"metric","message":"[treasury_stabilization_enabled=true_treasury_buffer_fraction=0.4_treasury_max_spend_fraction=0.1] Treasury Trend: -1.6070 (std: 0.8179)"}
[2026-01-30T10:02:25.514Z] [METRIC  ] [treasury_stabilization_enabled=true_treasury_buffer_fraction=0.4_treasury_max_spend_fraction=0.1] Treasury Trend: -1.6070 (std: 0.8179)
{"timestamp":"2026-01-30T10:02:25.514Z","level":"metric","message":"[treasury_stabilization_enabled=true_treasury_buffer_fraction=0.4_treasury_max_spend_fraction=0.1] Final Token Price: 2.7506 (std: 2.5917)"}
[2026-01-30T10:02:25.514Z] [METRIC  ] [treasury_stabilization_enabled=true_treasury_buffer_fraction=0.4_treasury_max_spend_fraction=0.1] Final Token Price: 2.7506 (std: 2.5917)
{"timestamp":"2026-01-30T10:02:25.514Z","level":"metric","message":"[treasury_stabilization_enabled=true_treasury_buffer_fraction=0.4_treasury_max_spend_fraction=0.1] Proposal Pass Rate: 0.0862 (std: 0.0288)"}
[2026-01-30T10:02:25.514Z] [METRIC  ] [treasury_stabilization_enabled=true_treasury_buffer_fraction=0.4_treasury_max_spend_fraction=0.1] Proposal Pass Rate: 0.0862 (std: 0.0288)
{"timestamp":"2026-01-30T10:02:25.514Z","level":"metric","message":"[treasury_stabilization_enabled=true_treasury_buffer_fraction=0.4_treasury_max_spend_fraction=0.1] Quorum Reach Rate: 0.3357 (std: 0.0393)"}
[2026-01-30T10:02:25.514Z] [METRIC  ] [treasury_stabilization_enabled=true_treasury_buffer_fraction=0.4_treasury_max_spend_fraction=0.1] Quorum Reach Rate: 0.3357 (std: 0.0393)
{"timestamp":"2026-01-30T10:02:25.514Z","level":"metric","message":"[treasury_stabilization_enabled=true_treasury_buffer_fraction=0.4_treasury_max_spend_fraction=0.2] Treasury Volatility: 0.2392 (std: 0.0450)"}
[2026-01-30T10:02:25.514Z] [METRIC  ] [treasury_stabilization_enabled=true_treasury_buffer_fraction=0.4_treasury_max_spend_fraction=0.2] Treasury Volatility: 0.2392 (std: 0.0450)
{"timestamp":"2026-01-30T10:02:25.514Z","level":"metric","message":"[treasury_stabilization_enabled=true_treasury_buffer_fraction=0.4_treasury_max_spend_fraction=0.2] Treasury Growth Rate: -0.6906 (std: 0.0344)"}
[2026-01-30T10:02:25.514Z] [METRIC  ] [treasury_stabilization_enabled=true_treasury_buffer_fraction=0.4_treasury_max_spend_fraction=0.2] Treasury Growth Rate: -0.6906 (std: 0.0344)
{"timestamp":"2026-01-30T10:02:25.514Z","level":"metric","message":"[treasury_stabilization_enabled=true_treasury_buffer_fraction=0.4_treasury_max_spend_fraction=0.2] Final Treasury: 13392.0408 (std: 1142.4785)"}
[2026-01-30T10:02:25.514Z] [METRIC  ] [treasury_stabilization_enabled=true_treasury_buffer_fraction=0.4_treasury_max_spend_fraction=0.2] Final Treasury: 13392.0408 (std: 1142.4785)
{"timestamp":"2026-01-30T10:02:25.514Z","level":"metric","message":"[treasury_stabilization_enabled=true_treasury_buffer_fraction=0.4_treasury_max_spend_fraction=0.2] Treasury Trend: -1.2161 (std: 0.9712)"}
[2026-01-30T10:02:25.514Z] [METRIC  ] [treasury_stabilization_enabled=true_treasury_buffer_fraction=0.4_treasury_max_spend_fraction=0.2] Treasury Trend: -1.2161 (std: 0.9712)
{"timestamp":"2026-01-30T10:02:25.514Z","level":"metric","message":"[treasury_stabilization_enabled=true_treasury_buffer_fraction=0.4_treasury_max_spend_fraction=0.2] Final Token Price: 2.7256 (std: 2.2152)"}
[2026-01-30T10:02:25.514Z] [METRIC  ] [treasury_stabilization_enabled=true_treasury_buffer_fraction=0.4_treasury_max_spend_fraction=0.2] Final Token Price: 2.7256 (std: 2.2152)
{"timestamp":"2026-01-30T10:02:25.514Z","level":"metric","message":"[treasury_stabilization_enabled=true_treasury_buffer_fraction=0.4_treasury_max_spend_fraction=0.2] Proposal Pass Rate: 0.0814 (std: 0.0299)"}
[2026-01-30T10:02:25.514Z] [METRIC  ] [treasury_stabilization_enabled=true_treasury_buffer_fraction=0.4_treasury_max_spend_fraction=0.2] Proposal Pass Rate: 0.0814 (std: 0.0299)
{"timestamp":"2026-01-30T10:02:25.514Z","level":"metric","message":"[treasury_stabilization_enabled=true_treasury_buffer_fraction=0.4_treasury_max_spend_fraction=0.2] Quorum Reach Rate: 0.3315 (std: 0.0523)"}
[2026-01-30T10:02:25.514Z] [METRIC  ] [treasury_stabilization_enabled=true_treasury_buffer_fraction=0.4_treasury_max_spend_fraction=0.2] Quorum Reach Rate: 0.3315 (std: 0.0523)
{"timestamp":"2026-01-30T10:02:25.514Z","level":"metric","message":"[treasury_stabilization_enabled=false_treasury_buffer_fraction=0_treasury_max_spend_fraction=0.1] Treasury Volatility: 0.4675 (std: 0.0993)"}
[2026-01-30T10:02:25.514Z] [METRIC  ] [treasury_stabilization_enabled=false_treasury_buffer_fraction=0_treasury_max_spend_fraction=0.1] Treasury Volatility: 0.4675 (std: 0.0993)
{"timestamp":"2026-01-30T10:02:25.514Z","level":"metric","message":"[treasury_stabilization_enabled=false_treasury_buffer_fraction=0_treasury_max_spend_fraction=0.1] Treasury Growth Rate: -0.5337 (std: 0.2977)"}
[2026-01-30T10:02:25.514Z] [METRIC  ] [treasury_stabilization_enabled=false_treasury_buffer_fraction=0_treasury_max_spend_fraction=0.1] Treasury Growth Rate: -0.5337 (std: 0.2977)
{"timestamp":"2026-01-30T10:02:25.514Z","level":"metric","message":"[treasury_stabilization_enabled=false_treasury_buffer_fraction=0_treasury_max_spend_fraction=0.1] Final Treasury: 22589.9896 (std: 15029.6064)"}
[2026-01-30T10:02:25.514Z] [METRIC  ] [treasury_stabilization_enabled=false_treasury_buffer_fraction=0_treasury_max_spend_fraction=0.1] Final Treasury: 22589.9896 (std: 15029.6064)
{"timestamp":"2026-01-30T10:02:25.514Z","level":"metric","message":"[treasury_stabilization_enabled=false_treasury_buffer_fraction=0_treasury_max_spend_fraction=0.1] Treasury Trend: 1.7812 (std: 10.6220)"}
[2026-01-30T10:02:25.514Z] [METRIC  ] [treasury_stabilization_enabled=false_treasury_buffer_fraction=0_treasury_max_spend_fraction=0.1] Treasury Trend: 1.7812 (std: 10.6220)
{"timestamp":"2026-01-30T10:02:25.514Z","level":"metric","message":"[treasury_stabilization_enabled=false_treasury_buffer_fraction=0_treasury_max_spend_fraction=0.1] Final Token Price: 2.6451 (std: 2.4318)"}
[2026-01-30T10:02:25.514Z] [METRIC  ] [treasury_stabilization_enabled=false_treasury_buffer_fraction=0_treasury_max_spend_fraction=0.1] Final Token Price: 2.6451 (std: 2.4318)
{"timestamp":"2026-01-30T10:02:25.514Z","level":"metric","message":"[treasury_stabilization_enabled=false_treasury_buffer_fraction=0_treasury_max_spend_fraction=0.1] Proposal Pass Rate: 0.0928 (std: 0.0293)"}
[2026-01-30T10:02:25.514Z] [METRIC  ] [treasury_stabilization_enabled=false_treasury_buffer_fraction=0_treasury_max_spend_fraction=0.1] Proposal Pass Rate: 0.0928 (std: 0.0293)
{"timestamp":"2026-01-30T10:02:25.514Z","level":"metric","message":"[treasury_stabilization_enabled=false_treasury_buffer_fraction=0_treasury_max_spend_fraction=0.1] Quorum Reach Rate: 0.3471 (std: 0.0379)"}
[2026-01-30T10:02:25.514Z] [METRIC  ] [treasury_stabilization_enabled=false_treasury_buffer_fraction=0_treasury_max_spend_fraction=0.1] Quorum Reach Rate: 0.3471 (std: 0.0379)
{"timestamp":"2026-01-30T10:02:25.514Z","level":"metric","message":"[treasury_stabilization_enabled=false_treasury_buffer_fraction=0_treasury_max_spend_fraction=0.2] Treasury Volatility: 0.5076 (std: 0.1116)"}
[2026-01-30T10:02:25.514Z] [METRIC  ] [treasury_stabilization_enabled=false_treasury_buffer_fraction=0_treasury_max_spend_fraction=0.2] Treasury Volatility: 0.5076 (std: 0.1116)
{"timestamp":"2026-01-30T10:02:25.514Z","level":"metric","message":"[treasury_stabilization_enabled=false_treasury_buffer_fraction=0_treasury_max_spend_fraction=0.2] Treasury Growth Rate: -0.4686 (std: 0.3133)"}
[2026-01-30T10:02:25.514Z] [METRIC  ] [treasury_stabilization_enabled=false_treasury_buffer_fraction=0_treasury_max_spend_fraction=0.2] Treasury Growth Rate: -0.4686 (std: 0.3133)
{"timestamp":"2026-01-30T10:02:25.514Z","level":"metric","message":"[treasury_stabilization_enabled=false_treasury_buffer_fraction=0_treasury_max_spend_fraction=0.2] Final Treasury: 25682.8943 (std: 15337.6406)"}
[2026-01-30T10:02:25.514Z] [METRIC  ] [treasury_stabilization_enabled=false_treasury_buffer_fraction=0_treasury_max_spend_fraction=0.2] Final Treasury: 25682.8943 (std: 15337.6406)
{"timestamp":"2026-01-30T10:02:25.514Z","level":"metric","message":"[treasury_stabilization_enabled=false_treasury_buffer_fraction=0_treasury_max_spend_fraction=0.2] Treasury Trend: -2.3041 (std: 16.3226)"}
[2026-01-30T10:02:25.514Z] [METRIC  ] [treasury_stabilization_enabled=false_treasury_buffer_fraction=0_treasury_max_spend_fraction=0.2] Treasury Trend: -2.3041 (std: 16.3226)
{"timestamp":"2026-01-30T10:02:25.514Z","level":"metric","message":"[treasury_stabilization_enabled=false_treasury_buffer_fraction=0_treasury_max_spend_fraction=0.2] Final Token Price: 5.9902 (std: 15.7669)"}
[2026-01-30T10:02:25.514Z] [METRIC  ] [treasury_stabilization_enabled=false_treasury_buffer_fraction=0_treasury_max_spend_fraction=0.2] Final Token Price: 5.9902 (std: 15.7669)
{"timestamp":"2026-01-30T10:02:25.514Z","level":"metric","message":"[treasury_stabilization_enabled=false_treasury_buffer_fraction=0_treasury_max_spend_fraction=0.2] Proposal Pass Rate: 0.0780 (std: 0.0229)"}
[2026-01-30T10:02:25.514Z] [METRIC  ] [treasury_stabilization_enabled=false_treasury_buffer_fraction=0_treasury_max_spend_fraction=0.2] Proposal Pass Rate: 0.0780 (std: 0.0229)
{"timestamp":"2026-01-30T10:02:25.514Z","level":"metric","message":"[treasury_stabilization_enabled=false_treasury_buffer_fraction=0_treasury_max_spend_fraction=0.2] Quorum Reach Rate: 0.3467 (std: 0.0343)"}
[2026-01-30T10:02:25.514Z] [METRIC  ] [treasury_stabilization_enabled=false_treasury_buffer_fraction=0_treasury_max_spend_fraction=0.2] Quorum Reach Rate: 0.3467 (std: 0.0343)
{"timestamp":"2026-01-30T10:02:25.514Z","level":"metric","message":"[treasury_stabilization_enabled=false_treasury_buffer_fraction=0.2_treasury_max_spend_fraction=0.1] Treasury Volatility: 0.4702 (std: 0.1189)"}
[2026-01-30T10:02:25.514Z] [METRIC  ] [treasury_stabilization_enabled=false_treasury_buffer_fraction=0.2_treasury_max_spend_fraction=0.1] Treasury Volatility: 0.4702 (std: 0.1189)
{"timestamp":"2026-01-30T10:02:25.514Z","level":"metric","message":"[treasury_stabilization_enabled=false_treasury_buffer_fraction=0.2_treasury_max_spend_fraction=0.1] Treasury Growth Rate: -0.4751 (std: 0.3343)"}
[2026-01-30T10:02:25.514Z] [METRIC  ] [treasury_stabilization_enabled=false_treasury_buffer_fraction=0.2_treasury_max_spend_fraction=0.1] Treasury Growth Rate: -0.4751 (std: 0.3343)
{"timestamp":"2026-01-30T10:02:25.514Z","level":"metric","message":"[treasury_stabilization_enabled=false_treasury_buffer_fraction=0.2_treasury_max_spend_fraction=0.1] Final Treasury: 25308.1244 (std: 16048.4778)"}
[2026-01-30T10:02:25.514Z] [METRIC  ] [treasury_stabilization_enabled=false_treasury_buffer_fraction=0.2_treasury_max_spend_fraction=0.1] Final Treasury: 25308.1244 (std: 16048.4778)
{"timestamp":"2026-01-30T10:02:25.514Z","level":"metric","message":"[treasury_stabilization_enabled=false_treasury_buffer_fraction=0.2_treasury_max_spend_fraction=0.1] Treasury Trend: 1.0978 (std: 11.2877)"}
[2026-01-30T10:02:25.514Z] [METRIC  ] [treasury_stabilization_enabled=false_treasury_buffer_fraction=0.2_treasury_max_spend_fraction=0.1] Treasury Trend: 1.0978 (std: 11.2877)
{"timestamp":"2026-01-30T10:02:25.514Z","level":"metric","message":"[treasury_stabilization_enabled=false_treasury_buffer_fraction=0.2_treasury_max_spend_fraction=0.1] Final Token Price: 2.8189 (std: 2.8978)"}
[2026-01-30T10:02:25.514Z] [METRIC  ] [treasury_stabilization_enabled=false_treasury_buffer_fraction=0.2_treasury_max_spend_fraction=0.1] Final Token Price: 2.8189 (std: 2.8978)
{"timestamp":"2026-01-30T10:02:25.514Z","level":"metric","message":"[treasury_stabilization_enabled=false_treasury_buffer_fraction=0.2_treasury_max_spend_fraction=0.1] Proposal Pass Rate: 0.0860 (std: 0.0242)"}
[2026-01-30T10:02:25.514Z] [METRIC  ] [treasury_stabilization_enabled=false_treasury_buffer_fraction=0.2_treasury_max_spend_fraction=0.1] Proposal Pass Rate: 0.0860 (std: 0.0242)
{"timestamp":"2026-01-30T10:02:25.514Z","level":"metric","message":"[treasury_stabilization_enabled=false_treasury_buffer_fraction=0.2_treasury_max_spend_fraction=0.1] Quorum Reach Rate: 0.3467 (std: 0.0465)"}
[2026-01-30T10:02:25.514Z] [METRIC  ] [treasury_stabilization_enabled=false_treasury_buffer_fraction=0.2_treasury_max_spend_fraction=0.1] Quorum Reach Rate: 0.3467 (std: 0.0465)
{"timestamp":"2026-01-30T10:02:25.514Z","level":"metric","message":"[treasury_stabilization_enabled=false_treasury_buffer_fraction=0.2_treasury_max_spend_fraction=0.2] Treasury Volatility: 0.4552 (std: 0.0649)"}
[2026-01-30T10:02:25.514Z] [METRIC  ] [treasury_stabilization_enabled=false_treasury_buffer_fraction=0.2_treasury_max_spend_fraction=0.2] Treasury Volatility: 0.4552 (std: 0.0649)
{"timestamp":"2026-01-30T10:02:25.514Z","level":"metric","message":"[treasury_stabilization_enabled=false_treasury_buffer_fraction=0.2_treasury_max_spend_fraction=0.2] Treasury Growth Rate: -0.3826 (std: 0.4260)"}
[2026-01-30T10:02:25.514Z] [METRIC  ] [treasury_stabilization_enabled=false_treasury_buffer_fraction=0.2_treasury_max_spend_fraction=0.2] Treasury Growth Rate: -0.3826 (std: 0.4260)
{"timestamp":"2026-01-30T10:02:25.514Z","level":"metric","message":"[treasury_stabilization_enabled=false_treasury_buffer_fraction=0.2_treasury_max_spend_fraction=0.2] Final Treasury: 29478.7446 (std: 19763.2382)"}
[2026-01-30T10:02:25.514Z] [METRIC  ] [treasury_stabilization_enabled=false_treasury_buffer_fraction=0.2_treasury_max_spend_fraction=0.2] Final Treasury: 29478.7446 (std: 19763.2382)
{"timestamp":"2026-01-30T10:02:25.514Z","level":"metric","message":"[treasury_stabilization_enabled=false_treasury_buffer_fraction=0.2_treasury_max_spend_fraction=0.2] Treasury Trend: 2.9026 (std: 14.6589)"}
[2026-01-30T10:02:25.514Z] [METRIC  ] [treasury_stabilization_enabled=false_treasury_buffer_fraction=0.2_treasury_max_spend_fraction=0.2] Treasury Trend: 2.9026 (std: 14.6589)
{"timestamp":"2026-01-30T10:02:25.514Z","level":"metric","message":"[treasury_stabilization_enabled=false_treasury_buffer_fraction=0.2_treasury_max_spend_fraction=0.2] Final Token Price: 2.9876 (std: 3.4244)"}
[2026-01-30T10:02:25.514Z] [METRIC  ] [treasury_stabilization_enabled=false_treasury_buffer_fraction=0.2_treasury_max_spend_fraction=0.2] Final Token Price: 2.9876 (std: 3.4244)
{"timestamp":"2026-01-30T10:02:25.514Z","level":"metric","message":"[treasury_stabilization_enabled=false_treasury_buffer_fraction=0.2_treasury_max_spend_fraction=0.2] Proposal Pass Rate: 0.0894 (std: 0.0280)"}
[2026-01-30T10:02:25.514Z] [METRIC  ] [treasury_stabilization_enabled=false_treasury_buffer_fraction=0.2_treasury_max_spend_fraction=0.2] Proposal Pass Rate: 0.0894 (std: 0.0280)
{"timestamp":"2026-01-30T10:02:25.514Z","level":"metric","message":"[treasury_stabilization_enabled=false_treasury_buffer_fraction=0.2_treasury_max_spend_fraction=0.2] Quorum Reach Rate: 0.3288 (std: 0.0360)"}
[2026-01-30T10:02:25.514Z] [METRIC  ] [treasury_stabilization_enabled=false_treasury_buffer_fraction=0.2_treasury_max_spend_fraction=0.2] Quorum Reach Rate: 0.3288 (std: 0.0360)
{"timestamp":"2026-01-30T10:02:25.514Z","level":"metric","message":"[treasury_stabilization_enabled=false_treasury_buffer_fraction=0.4_treasury_max_spend_fraction=0.1] Treasury Volatility: 0.4864 (std: 0.1263)"}
[2026-01-30T10:02:25.514Z] [METRIC  ] [treasury_stabilization_enabled=false_treasury_buffer_fraction=0.4_treasury_max_spend_fraction=0.1] Treasury Volatility: 0.4864 (std: 0.1263)
{"timestamp":"2026-01-30T10:02:25.514Z","level":"metric","message":"[treasury_stabilization_enabled=false_treasury_buffer_fraction=0.4_treasury_max_spend_fraction=0.1] Treasury Growth Rate: -0.3566 (std: 0.4555)"}
[2026-01-30T10:02:25.514Z] [METRIC  ] [treasury_stabilization_enabled=false_treasury_buffer_fraction=0.4_treasury_max_spend_fraction=0.1] Treasury Growth Rate: -0.3566 (std: 0.4555)
{"timestamp":"2026-01-30T10:02:25.514Z","level":"metric","message":"[treasury_stabilization_enabled=false_treasury_buffer_fraction=0.4_treasury_max_spend_fraction=0.1] Final Treasury: 31562.8253 (std: 22643.4967)"}
[2026-01-30T10:02:25.514Z] [METRIC  ] [treasury_stabilization_enabled=false_treasury_buffer_fraction=0.4_treasury_max_spend_fraction=0.1] Final Treasury: 31562.8253 (std: 22643.4967)
{"timestamp":"2026-01-30T10:02:25.514Z","level":"metric","message":"[treasury_stabilization_enabled=false_treasury_buffer_fraction=0.4_treasury_max_spend_fraction=0.1] Treasury Trend: 4.8925 (std: 15.1811)"}
[2026-01-30T10:02:25.514Z] [METRIC  ] [treasury_stabilization_enabled=false_treasury_buffer_fraction=0.4_treasury_max_spend_fraction=0.1] Treasury Trend: 4.8925 (std: 15.1811)
{"timestamp":"2026-01-30T10:02:25.514Z","level":"metric","message":"[treasury_stabilization_enabled=false_treasury_buffer_fraction=0.4_treasury_max_spend_fraction=0.1] Final Token Price: 11.5999 (std: 43.0384)"}
[2026-01-30T10:02:25.514Z] [METRIC  ] [treasury_stabilization_enabled=false_treasury_buffer_fraction=0.4_treasury_max_spend_fraction=0.1] Final Token Price: 11.5999 (std: 43.0384)
{"timestamp":"2026-01-30T10:02:25.514Z","level":"metric","message":"[treasury_stabilization_enabled=false_treasury_buffer_fraction=0.4_treasury_max_spend_fraction=0.1] Proposal Pass Rate: 0.0784 (std: 0.0246)"}
[2026-01-30T10:02:25.514Z] [METRIC  ] [treasury_stabilization_enabled=false_treasury_buffer_fraction=0.4_treasury_max_spend_fraction=0.1] Proposal Pass Rate: 0.0784 (std: 0.0246)
{"timestamp":"2026-01-30T10:02:25.514Z","level":"metric","message":"[treasury_stabilization_enabled=false_treasury_buffer_fraction=0.4_treasury_max_spend_fraction=0.1] Quorum Reach Rate: 0.3420 (std: 0.0380)"}
[2026-01-30T10:02:25.514Z] [METRIC  ] [treasury_stabilization_enabled=false_treasury_buffer_fraction=0.4_treasury_max_spend_fraction=0.1] Quorum Reach Rate: 0.3420 (std: 0.0380)
{"timestamp":"2026-01-30T10:02:25.514Z","level":"metric","message":"[treasury_stabilization_enabled=false_treasury_buffer_fraction=0.4_treasury_max_spend_fraction=0.2] Treasury Volatility: 0.4795 (std: 0.0798)"}
[2026-01-30T10:02:25.514Z] [METRIC  ] [treasury_stabilization_enabled=false_treasury_buffer_fraction=0.4_treasury_max_spend_fraction=0.2] Treasury Volatility: 0.4795 (std: 0.0798)
{"timestamp":"2026-01-30T10:02:25.514Z","level":"metric","message":"[treasury_stabilization_enabled=false_treasury_buffer_fraction=0.4_treasury_max_spend_fraction=0.2] Treasury Growth Rate: -0.2265 (std: 0.5101)"}
[2026-01-30T10:02:25.514Z] [METRIC  ] [treasury_stabilization_enabled=false_treasury_buffer_fraction=0.4_treasury_max_spend_fraction=0.2] Treasury Growth Rate: -0.2265 (std: 0.5101)
{"timestamp":"2026-01-30T10:02:25.514Z","level":"metric","message":"[treasury_stabilization_enabled=false_treasury_buffer_fraction=0.4_treasury_max_spend_fraction=0.2] Final Treasury: 37253.6282 (std: 24440.5927)"}
[2026-01-30T10:02:25.514Z] [METRIC  ] [treasury_stabilization_enabled=false_treasury_buffer_fraction=0.4_treasury_max_spend_fraction=0.2] Final Treasury: 37253.6282 (std: 24440.5927)
{"timestamp":"2026-01-30T10:02:25.514Z","level":"metric","message":"[treasury_stabilization_enabled=false_treasury_buffer_fraction=0.4_treasury_max_spend_fraction=0.2] Treasury Trend: 9.4785 (std: 13.9427)"}
[2026-01-30T10:02:25.514Z] [METRIC  ] [treasury_stabilization_enabled=false_treasury_buffer_fraction=0.4_treasury_max_spend_fraction=0.2] Treasury Trend: 9.4785 (std: 13.9427)
{"timestamp":"2026-01-30T10:02:25.514Z","level":"metric","message":"[treasury_stabilization_enabled=false_treasury_buffer_fraction=0.4_treasury_max_spend_fraction=0.2] Final Token Price: 8.3296 (std: 12.8445)"}
[2026-01-30T10:02:25.514Z] [METRIC  ] [treasury_stabilization_enabled=false_treasury_buffer_fraction=0.4_treasury_max_spend_fraction=0.2] Final Token Price: 8.3296 (std: 12.8445)
{"timestamp":"2026-01-30T10:02:25.514Z","level":"metric","message":"[treasury_stabilization_enabled=false_treasury_buffer_fraction=0.4_treasury_max_spend_fraction=0.2] Proposal Pass Rate: 0.0812 (std: 0.0249)"}
[2026-01-30T10:02:25.514Z] [METRIC  ] [treasury_stabilization_enabled=false_treasury_buffer_fraction=0.4_treasury_max_spend_fraction=0.2] Proposal Pass Rate: 0.0812 (std: 0.0249)
{"timestamp":"2026-01-30T10:02:25.514Z","level":"metric","message":"[treasury_stabilization_enabled=false_treasury_buffer_fraction=0.4_treasury_max_spend_fraction=0.2] Quorum Reach Rate: 0.3434 (std: 0.0406)"}
[2026-01-30T10:02:25.514Z] [METRIC  ] [treasury_stabilization_enabled=false_treasury_buffer_fraction=0.4_treasury_max_spend_fraction=0.2] Quorum Reach Rate: 0.3434 (std: 0.0406)
{"timestamp":"2026-01-30T10:02:25.514Z","level":"info","message":"Experiment state changed to: completed"}
[2026-01-30T10:02:25.514Z] [INFO    ] Experiment state changed to: completed
