{"timestamp":"2026-01-30T09:41:33.501Z","level":"info","message":"Starting experiment: Academic Baseline"}
[2026-01-30T09:41:33.501Z] [INFO    ] Starting experiment: Academic Baseline
{"timestamp":"2026-01-30T09:41:33.501Z","level":"info","message":"Description: Canonical baseline configuration for paper reporting."}
[2026-01-30T09:41:33.501Z] [INFO    ] Description: Canonical baseline configuration for paper reporting.
{"timestamp":"2026-01-30T09:41:33.501Z","level":"info","message":"Total runs: 50 (50 per config)"}
[2026-01-30T09:41:33.501Z] [INFO    ] Total runs: 50 (50 per config)
{"timestamp":"2026-01-30T09:41:33.501Z","level":"info","message":"Workers: 4"}
[2026-01-30T09:41:33.501Z] [INFO    ] Workers: 4
{"timestamp":"2026-01-30T09:41:33.501Z","level":"info","message":"Output: results/paper/00-academic-baseline"}
[2026-01-30T09:41:33.501Z] [INFO    ] Output: results/paper/00-academic-baseline
{"timestamp":"2026-01-30T09:41:33.502Z","level":"info","message":"Experiment state changed to: running"}
[2026-01-30T09:41:33.502Z] [INFO    ] Experiment state changed to: running
{"timestamp":"2026-01-30T09:41:40.038Z","level":"progress","message":"Progress: 10% (5/50)","data":{"runsPerSecond":"0.76","eta":"58.8s"}}
[2026-01-30T09:41:40.038Z] [PROGRESS] Progress: 10% (5/50) {"runsPerSecond":"0.76","eta":"58.8s"}
{"timestamp":"2026-01-30T09:41:43.659Z","level":"progress","message":"Progress: 20% (10/50)","data":{"runsPerSecond":"0.98","eta":"40.6s"}}
[2026-01-30T09:41:43.659Z] [PROGRESS] Progress: 20% (10/50) {"runsPerSecond":"0.98","eta":"40.6s"}
{"timestamp":"2026-01-30T09:41:46.877Z","level":"progress","message":"Progress: 30% (15/50)","data":{"runsPerSecond":"1.12","eta":"31.2s"}}
[2026-01-30T09:41:46.877Z] [PROGRESS] Progress: 30% (15/50) {"runsPerSecond":"1.12","eta":"31.2s"}
{"timestamp":"2026-01-30T09:41:51.061Z","level":"progress","message":"Progress: 40% (20/50)","data":{"runsPerSecond":"1.14","eta":"26.3s"}}
[2026-01-30T09:41:51.061Z] [PROGRESS] Progress: 40% (20/50) {"runsPerSecond":"1.14","eta":"26.3s"}
{"timestamp":"2026-01-30T09:41:58.099Z","level":"progress","message":"Progress: 50% (25/50)","data":{"runsPerSecond":"1.02","eta":"24.6s"}}
[2026-01-30T09:41:58.099Z] [PROGRESS] Progress: 50% (25/50) {"runsPerSecond":"1.02","eta":"24.6s"}
{"timestamp":"2026-01-30T09:42:02.419Z","level":"progress","message":"Progress: 60% (30/50)","data":{"runsPerSecond":"1.04","eta":"19.3s"}}
[2026-01-30T09:42:02.419Z] [PROGRESS] Progress: 60% (30/50) {"runsPerSecond":"1.04","eta":"19.3s"}
{"timestamp":"2026-01-30T09:42:07.315Z","level":"progress","message":"Progress: 70% (35/50)","data":{"runsPerSecond":"1.04","eta":"14.5s"}}
[2026-01-30T09:42:07.315Z] [PROGRESS] Progress: 70% (35/50) {"runsPerSecond":"1.04","eta":"14.5s"}
{"timestamp":"2026-01-30T09:42:11.752Z","level":"progress","message":"Progress: 80% (40/50)","data":{"runsPerSecond":"1.05","eta":"9.6s"}}
[2026-01-30T09:42:11.752Z] [PROGRESS] Progress: 80% (40/50) {"runsPerSecond":"1.05","eta":"9.6s"}
{"timestamp":"2026-01-30T09:42:17.578Z","level":"progress","message":"Progress: 90% (45/50)","data":{"runsPerSecond":"1.02","eta":"4.9s"}}
[2026-01-30T09:42:17.578Z] [PROGRESS] Progress: 90% (45/50) {"runsPerSecond":"1.02","eta":"4.9s"}
{"timestamp":"2026-01-30T09:42:20.849Z","level":"progress","message":"Progress: 100% (50/50)","data":{"runsPerSecond":"1.06","eta":"unknown"}}
[2026-01-30T09:42:20.849Z] [PROGRESS] Progress: 100% (50/50) {"runsPerSecond":"1.06","eta":"unknown"}
{"timestamp":"2026-01-30T09:42:20.891Z","level":"info","message":"Exporting results..."}
[2026-01-30T09:42:20.891Z] [INFO    ] Exporting results...
{"timestamp":"2026-01-30T09:42:20.940Z","level":"info","message":"Experiment completed in 47.4s"}
[2026-01-30T09:42:20.940Z] [INFO    ] Experiment completed in 47.4s
{"timestamp":"2026-01-30T09:42:20.940Z","level":"info","message":"Total runs: 50"}
[2026-01-30T09:42:20.940Z] [INFO    ] Total runs: 50
{"timestamp":"2026-01-30T09:42:20.940Z","level":"info","message":"Successful: 50"}
[2026-01-30T09:42:20.940Z] [INFO    ] Successful: 50
{"timestamp":"2026-01-30T09:42:20.940Z","level":"info","message":"Failed: 0"}
[2026-01-30T09:42:20.940Z] [INFO    ] Failed: 0
{"timestamp":"2026-01-30T09:42:20.940Z","level":"metric","message":"Proposal Pass Rate: 0.0855 (std: 0.0282)"}
[2026-01-30T09:42:20.940Z] [METRIC  ] Proposal Pass Rate: 0.0855 (std: 0.0282)
{"timestamp":"2026-01-30T09:42:20.940Z","level":"metric","message":"Average Turnout: 0.0749 (std: 0.0085)"}
[2026-01-30T09:42:20.940Z] [METRIC  ] Average Turnout: 0.0749 (std: 0.0085)
{"timestamp":"2026-01-30T09:42:20.940Z","level":"metric","message":"Final Treasury: 11781.5358 (std: 462.1279)"}
[2026-01-30T09:42:20.940Z] [METRIC  ] Final Treasury: 11781.5358 (std: 462.1279)
{"timestamp":"2026-01-30T09:42:20.940Z","level":"metric","message":"Final Token Price: 2.4832 (std: 3.0537)"}
[2026-01-30T09:42:20.940Z] [METRIC  ] Final Token Price: 2.4832 (std: 3.0537)
{"timestamp":"2026-01-30T09:42:20.940Z","level":"metric","message":"Final Member Count: 210.0000 (std: 0.0000)"}
[2026-01-30T09:42:20.940Z] [METRIC  ] Final Member Count: 210.0000 (std: 0.0000)
{"timestamp":"2026-01-30T09:42:20.940Z","level":"metric","message":"Total Proposals: 204.3600 (std: 14.4402)"}
[2026-01-30T09:42:20.940Z] [METRIC  ] Total Proposals: 204.3600 (std: 14.4402)
{"timestamp":"2026-01-30T09:42:20.940Z","level":"metric","message":"Quorum Reach Rate: 0.3410 (std: 0.0440)"}
[2026-01-30T09:42:20.940Z] [METRIC  ] Quorum Reach Rate: 0.3410 (std: 0.0440)
{"timestamp":"2026-01-30T09:42:20.940Z","level":"metric","message":"Avg Margin of Victory: 0.5192 (std: 0.0289)"}
[2026-01-30T09:42:20.940Z] [METRIC  ] Avg Margin of Victory: 0.5192 (std: 0.0289)
{"timestamp":"2026-01-30T09:42:20.940Z","level":"metric","message":"Avg Time to Decision: 1024.2915 (std: 46.0354)"}
[2026-01-30T09:42:20.940Z] [METRIC  ] Avg Time to Decision: 1024.2915 (std: 46.0354)
{"timestamp":"2026-01-30T09:42:20.940Z","level":"metric","message":"Proposal Abandonment Rate: 0.0228 (std: 0.0096)"}
[2026-01-30T09:42:20.940Z] [METRIC  ] Proposal Abandonment Rate: 0.0228 (std: 0.0096)
{"timestamp":"2026-01-30T09:42:20.940Z","level":"metric","message":"Proposal Rejection Rate: 0.9145 (std: 0.0282)"}
[2026-01-30T09:42:20.940Z] [METRIC  ] Proposal Rejection Rate: 0.9145 (std: 0.0282)
{"timestamp":"2026-01-30T09:42:20.940Z","level":"metric","message":"Governance Overhead: 20.5306 (std: 2.2355)"}
[2026-01-30T09:42:20.940Z] [METRIC  ] Governance Overhead: 20.5306 (std: 2.2355)
{"timestamp":"2026-01-30T09:42:20.940Z","level":"metric","message":"Unique Voter Count: 206.0000 (std: 0.0000)"}
[2026-01-30T09:42:20.940Z] [METRIC  ] Unique Voter Count: 206.0000 (std: 0.0000)
{"timestamp":"2026-01-30T09:42:20.940Z","level":"metric","message":"Voter Participation Rate: 0.0955 (std: 0.0105)"}
[2026-01-30T09:42:20.940Z] [METRIC  ] Voter Participation Rate: 0.0955 (std: 0.0105)
{"timestamp":"2026-01-30T09:42:20.940Z","level":"metric","message":"Voter Concentration Gini: 0.2360 (std: 0.0169)"}
[2026-01-30T09:42:20.940Z] [METRIC  ] Voter Concentration Gini: 0.2360 (std: 0.0169)
{"timestamp":"2026-01-30T09:42:20.940Z","level":"metric","message":"Delegate Concentration: 0.3276 (std: 0.0165)"}
[2026-01-30T09:42:20.940Z] [METRIC  ] Delegate Concentration: 0.3276 (std: 0.0165)
{"timestamp":"2026-01-30T09:42:20.940Z","level":"metric","message":"Avg Votes Per Proposal: 20.0648 (std: 2.2090)"}
[2026-01-30T09:42:20.940Z] [METRIC  ] Avg Votes Per Proposal: 20.0648 (std: 2.2090)
{"timestamp":"2026-01-30T09:42:20.940Z","level":"metric","message":"Voter Retention Rate: 1.0000 (std: 0.0000)"}
[2026-01-30T09:42:20.940Z] [METRIC  ] Voter Retention Rate: 1.0000 (std: 0.0000)
{"timestamp":"2026-01-30T09:42:20.940Z","level":"metric","message":"Voting Power Utilization: 0.0749 (std: 0.0085)"}
[2026-01-30T09:42:20.940Z] [METRIC  ] Voting Power Utilization: 0.0749 (std: 0.0085)
{"timestamp":"2026-01-30T09:42:20.940Z","level":"metric","message":"Treasury Volatility: 0.1943 (std: 0.0204)"}
[2026-01-30T09:42:20.940Z] [METRIC  ] Treasury Volatility: 0.1943 (std: 0.0204)
{"timestamp":"2026-01-30T09:42:20.940Z","level":"metric","message":"Treasury Growth Rate: -0.7129 (std: 0.0177)"}
[2026-01-30T09:42:20.940Z] [METRIC  ] Treasury Growth Rate: -0.7129 (std: 0.0177)
{"timestamp":"2026-01-30T09:42:20.940Z","level":"metric","message":"Staking Participation: 0.1223 (std: 0.0054)"}
[2026-01-30T09:42:20.940Z] [METRIC  ] Staking Participation: 0.1223 (std: 0.0054)
{"timestamp":"2026-01-30T09:42:20.940Z","level":"metric","message":"Token Concentration Gini: 0.5521 (std: 0.0143)"}
[2026-01-30T09:42:20.940Z] [METRIC  ] Token Concentration Gini: 0.5521 (std: 0.0143)
{"timestamp":"2026-01-30T09:42:20.940Z","level":"metric","message":"Avg Member Wealth: 117.7807 (std: 4.9576)"}
[2026-01-30T09:42:20.940Z] [METRIC  ] Avg Member Wealth: 117.7807 (std: 4.9576)
{"timestamp":"2026-01-30T09:42:20.940Z","level":"metric","message":"Wealth Mobility: 0.4479 (std: 0.0143)"}
[2026-01-30T09:42:20.940Z] [METRIC  ] Wealth Mobility: 0.4479 (std: 0.0143)
{"timestamp":"2026-01-30T09:42:20.940Z","level":"metric","message":"Whale Influence: 0.4979 (std: 0.0292)"}
[2026-01-30T09:42:20.940Z] [METRIC  ] Whale Influence: 0.4979 (std: 0.0292)
{"timestamp":"2026-01-30T09:42:20.940Z","level":"metric","message":"Whale Proposal Rate: 0.0971 (std: 0.0236)"}
[2026-01-30T09:42:20.940Z] [METRIC  ] Whale Proposal Rate: 0.0971 (std: 0.0236)
{"timestamp":"2026-01-30T09:42:20.940Z","level":"metric","message":"Governance Capture Risk: 0.3424 (std: 0.0146)"}
[2026-01-30T09:42:20.940Z] [METRIC  ] Governance Capture Risk: 0.3424 (std: 0.0146)
{"timestamp":"2026-01-30T09:42:20.940Z","level":"metric","message":"Vote Buying Vulnerability: 88.4966 (std: 17.4233)"}
[2026-01-30T09:42:20.940Z] [METRIC  ] Vote Buying Vulnerability: 88.4966 (std: 17.4233)
{"timestamp":"2026-01-30T09:42:20.940Z","level":"metric","message":"Single Entity Control: 0.0404 (std: 0.0017)"}
[2026-01-30T09:42:20.940Z] [METRIC  ] Single Entity Control: 0.0404 (std: 0.0017)
{"timestamp":"2026-01-30T09:42:20.940Z","level":"metric","message":"Collusion Threshold: 0.1149 (std: 0.0214)"}
[2026-01-30T09:42:20.940Z] [METRIC  ] Collusion Threshold: 0.1149 (std: 0.0214)
{"timestamp":"2026-01-30T09:42:20.940Z","level":"metric","message":"Participation Trend: -0.0000 (std: 0.0001)"}
[2026-01-30T09:42:20.940Z] [METRIC  ] Participation Trend: -0.0000 (std: 0.0001)
{"timestamp":"2026-01-30T09:42:20.940Z","level":"metric","message":"Treasury Trend: -1.0380 (std: 0.3514)"}
[2026-01-30T09:42:20.940Z] [METRIC  ] Treasury Trend: -1.0380 (std: 0.3514)
{"timestamp":"2026-01-30T09:42:20.940Z","level":"metric","message":"Member Growth Rate: 0.0000 (std: 0.0000)"}
[2026-01-30T09:42:20.940Z] [METRIC  ] Member Growth Rate: 0.0000 (std: 0.0000)
{"timestamp":"2026-01-30T09:42:20.940Z","level":"metric","message":"Proposal Rate: 10.2180 (std: 0.7220)"}
[2026-01-30T09:42:20.940Z] [METRIC  ] Proposal Rate: 10.2180 (std: 0.7220)
{"timestamp":"2026-01-30T09:42:20.940Z","level":"metric","message":"Governance Activity Index: 0.0075 (std: 0.0010)"}
[2026-01-30T09:42:20.940Z] [METRIC  ] Governance Activity Index: 0.0075 (std: 0.0010)
{"timestamp":"2026-01-30T09:42:20.940Z","level":"metric","message":"Final Gini: 0.5521 (std: 0.0143)"}
[2026-01-30T09:42:20.940Z] [METRIC  ] Final Gini: 0.5521 (std: 0.0143)
{"timestamp":"2026-01-30T09:42:20.940Z","level":"metric","message":"Final Reputation Gini: 0.9755 (std: 0.0022)"}
[2026-01-30T09:42:20.940Z] [METRIC  ] Final Reputation Gini: 0.9755 (std: 0.0022)
{"timestamp":"2026-01-30T09:42:20.941Z","level":"info","message":"Experiment state changed to: completed"}
[2026-01-30T09:42:20.941Z] [INFO    ] Experiment state changed to: completed
{"timestamp":"2026-02-18T03:06:06.399Z","level":"info","message":"Starting experiment: Academic Baseline"}
[2026-02-18T03:06:06.399Z] [INFO    ] Starting experiment: Academic Baseline
{"timestamp":"2026-02-18T03:06:06.399Z","level":"info","message":"Description: Canonical baseline configuration for paper reporting."}
[2026-02-18T03:06:06.399Z] [INFO    ] Description: Canonical baseline configuration for paper reporting.
{"timestamp":"2026-02-18T03:06:06.399Z","level":"info","message":"Total runs: 2 (2 per config)"}
[2026-02-18T03:06:06.399Z] [INFO    ] Total runs: 2 (2 per config)
{"timestamp":"2026-02-18T03:06:06.399Z","level":"info","message":"Workers: 4"}
[2026-02-18T03:06:06.399Z] [INFO    ] Workers: 4
{"timestamp":"2026-02-18T03:06:06.399Z","level":"info","message":"Output: results/paper/00-academic-baseline"}
[2026-02-18T03:06:06.399Z] [INFO    ] Output: results/paper/00-academic-baseline
{"timestamp":"2026-02-18T03:06:06.399Z","level":"info","message":"Experiment state changed to: running"}
[2026-02-18T03:06:06.399Z] [INFO    ] Experiment state changed to: running
{"timestamp":"2026-02-18T03:06:16.123Z","level":"progress","message":"Progress: 50% (1/2)","data":{"runsPerSecond":"0.10","eta":"9.7s"}}
[2026-02-18T03:06:16.123Z] [PROGRESS] Progress: 50% (1/2) {"runsPerSecond":"0.10","eta":"9.7s"}
{"timestamp":"2026-02-18T03:06:17.958Z","level":"progress","message":"Progress: 100% (2/2)","data":{"runsPerSecond":"0.17","eta":"unknown"}}
[2026-02-18T03:06:17.958Z] [PROGRESS] Progress: 100% (2/2) {"runsPerSecond":"0.17","eta":"unknown"}
{"timestamp":"2026-02-18T03:06:17.984Z","level":"info","message":"Exporting results..."}
[2026-02-18T03:06:17.984Z] [INFO    ] Exporting results...
{"timestamp":"2026-02-18T03:06:17.996Z","level":"info","message":"Experiment completed in 11.6s"}
[2026-02-18T03:06:17.996Z] [INFO    ] Experiment completed in 11.6s
{"timestamp":"2026-02-18T03:06:17.996Z","level":"info","message":"Total runs: 2"}
[2026-02-18T03:06:17.996Z] [INFO    ] Total runs: 2
{"timestamp":"2026-02-18T03:06:17.996Z","level":"info","message":"Successful: 2"}
[2026-02-18T03:06:17.996Z] [INFO    ] Successful: 2
{"timestamp":"2026-02-18T03:06:17.996Z","level":"info","message":"Failed: 0"}
[2026-02-18T03:06:17.996Z] [INFO    ] Failed: 0
{"timestamp":"2026-02-18T03:06:17.996Z","level":"metric","message":"Proposal Pass Rate: 0.9410 (std: 0.0546)"}
[2026-02-18T03:06:17.996Z] [METRIC  ] Proposal Pass Rate: 0.9410 (std: 0.0546)
{"timestamp":"2026-02-18T03:06:17.996Z","level":"metric","message":"Average Turnout: 0.2283 (std: 0.0141)"}
[2026-02-18T03:06:17.996Z] [METRIC  ] Average Turnout: 0.2283 (std: 0.0141)
{"timestamp":"2026-02-18T03:06:17.996Z","level":"metric","message":"Final Treasury: 12050.7021 (std: 1.5803)"}
[2026-02-18T03:06:17.996Z] [METRIC  ] Final Treasury: 12050.7021 (std: 1.5803)
{"timestamp":"2026-02-18T03:06:17.996Z","level":"metric","message":"Final Token Price: 5.7586 (std: 1.3827)"}
[2026-02-18T03:06:17.996Z] [METRIC  ] Final Token Price: 5.7586 (std: 1.3827)
{"timestamp":"2026-02-18T03:06:17.996Z","level":"metric","message":"Final Member Count: 405.0000 (std: 0.0000)"}
[2026-02-18T03:06:17.996Z] [METRIC  ] Final Member Count: 405.0000 (std: 0.0000)
{"timestamp":"2026-02-18T03:06:17.996Z","level":"metric","message":"Total Proposals: 46.0000 (std: 5.6569)"}
[2026-02-18T03:06:17.996Z] [METRIC  ] Total Proposals: 46.0000 (std: 5.6569)
{"timestamp":"2026-02-18T03:06:17.996Z","level":"metric","message":"Quorum Reach Rate: 1.0000 (std: 0.0000)"}
[2026-02-18T03:06:17.996Z] [METRIC  ] Quorum Reach Rate: 1.0000 (std: 0.0000)
{"timestamp":"2026-02-18T03:06:17.996Z","level":"metric","message":"Avg Margin of Victory: 0.4801 (std: 0.1242)"}
[2026-02-18T03:06:17.996Z] [METRIC  ] Avg Margin of Victory: 0.4801 (std: 0.1242)
{"timestamp":"2026-02-18T03:06:17.996Z","level":"metric","message":"Avg Time to Decision: 961.1381 (std: 31.3658)"}
[2026-02-18T03:06:17.996Z] [METRIC  ] Avg Time to Decision: 961.1381 (std: 31.3658)
{"timestamp":"2026-02-18T03:06:17.996Z","level":"metric","message":"Proposal Abandonment Rate: 0.0000 (std: 0.0000)"}
[2026-02-18T03:06:17.996Z] [METRIC  ] Proposal Abandonment Rate: 0.0000 (std: 0.0000)
{"timestamp":"2026-02-18T03:06:17.996Z","level":"metric","message":"Proposal Rejection Rate: 0.0590 (std: 0.0546)"}
[2026-02-18T03:06:17.996Z] [METRIC  ] Proposal Rejection Rate: 0.0590 (std: 0.0546)
{"timestamp":"2026-02-18T03:06:17.996Z","level":"metric","message":"Governance Overhead: 72.8733 (std: 3.9600)"}
[2026-02-18T03:06:17.996Z] [METRIC  ] Governance Overhead: 72.8733 (std: 3.9600)
{"timestamp":"2026-02-18T03:06:17.996Z","level":"metric","message":"Unique Voter Count: 322.0000 (std: 5.6569)"}
[2026-02-18T03:06:17.996Z] [METRIC  ] Unique Voter Count: 322.0000 (std: 5.6569)
{"timestamp":"2026-02-18T03:06:17.996Z","level":"metric","message":"Voter Participation Rate: 0.2348 (std: 0.0108)"}
[2026-02-18T03:06:17.996Z] [METRIC  ] Voter Participation Rate: 0.2348 (std: 0.0108)
{"timestamp":"2026-02-18T03:06:17.996Z","level":"metric","message":"Voter Concentration Gini: 0.4194 (std: 0.0091)"}
[2026-02-18T03:06:17.996Z] [METRIC  ] Voter Concentration Gini: 0.4194 (std: 0.0091)
{"timestamp":"2026-02-18T03:06:17.996Z","level":"metric","message":"Delegate Concentration: 0.2672 (std: 0.0013)"}
[2026-02-18T03:06:17.996Z] [METRIC  ] Delegate Concentration: 0.2672 (std: 0.0013)
{"timestamp":"2026-02-18T03:06:17.996Z","level":"metric","message":"Avg Votes Per Proposal: 71.2824 (std: 4.0696)"}
[2026-02-18T03:06:17.996Z] [METRIC  ] Avg Votes Per Proposal: 71.2824 (std: 4.0696)
{"timestamp":"2026-02-18T03:06:17.996Z","level":"metric","message":"Voter Retention Rate: 0.9028 (std: 0.0241)"}
[2026-02-18T03:06:17.996Z] [METRIC  ] Voter Retention Rate: 0.9028 (std: 0.0241)
{"timestamp":"2026-02-18T03:06:17.996Z","level":"metric","message":"Voting Power Utilization: 0.1704 (std: 0.0072)"}
[2026-02-18T03:06:17.996Z] [METRIC  ] Voting Power Utilization: 0.1704 (std: 0.0072)
{"timestamp":"2026-02-18T03:06:17.996Z","level":"metric","message":"Treasury Volatility: 0.2197 (std: 0.0175)"}
[2026-02-18T03:06:17.996Z] [METRIC  ] Treasury Volatility: 0.2197 (std: 0.0175)
{"timestamp":"2026-02-18T03:06:17.996Z","level":"metric","message":"Treasury Growth Rate: -0.6890 (std: 0.0000)"}
[2026-02-18T03:06:17.996Z] [METRIC  ] Treasury Growth Rate: -0.6890 (std: 0.0000)
{"timestamp":"2026-02-18T03:06:17.996Z","level":"metric","message":"Staking Participation: 0.0780 (std: 0.0150)"}
[2026-02-18T03:06:17.996Z] [METRIC  ] Staking Participation: 0.0780 (std: 0.0150)
{"timestamp":"2026-02-18T03:06:17.996Z","level":"metric","message":"Token Concentration Gini: 0.4527 (std: 0.0669)"}
[2026-02-18T03:06:17.996Z] [METRIC  ] Token Concentration Gini: 0.4527 (std: 0.0669)
{"timestamp":"2026-02-18T03:06:17.996Z","level":"metric","message":"Avg Member Wealth: 123.0240 (std: 14.7668)"}
[2026-02-18T03:06:17.996Z] [METRIC  ] Avg Member Wealth: 123.0240 (std: 14.7668)
{"timestamp":"2026-02-18T03:06:17.996Z","level":"metric","message":"Wealth Mobility: 0.5473 (std: 0.0669)"}
[2026-02-18T03:06:17.996Z] [METRIC  ] Wealth Mobility: 0.5473 (std: 0.0669)
{"timestamp":"2026-02-18T03:06:17.996Z","level":"metric","message":"Whale Influence: 0.2716 (std: 0.0066)"}
[2026-02-18T03:06:17.996Z] [METRIC  ] Whale Influence: 0.2716 (std: 0.0066)
{"timestamp":"2026-02-18T03:06:17.996Z","level":"metric","message":"Whale Proposal Rate: 0.6652 (std: 0.0357)"}
[2026-02-18T03:06:17.996Z] [METRIC  ] Whale Proposal Rate: 0.6652 (std: 0.0357)
{"timestamp":"2026-02-18T03:06:17.996Z","level":"metric","message":"Governance Capture Risk: 0.2724 (std: 0.0053)"}
[2026-02-18T03:06:17.996Z] [METRIC  ] Governance Capture Risk: 0.2724 (std: 0.0053)
{"timestamp":"2026-02-18T03:06:17.996Z","level":"metric","message":"Vote Buying Vulnerability: 110.3214 (std: 156.0180)"}
[2026-02-18T03:06:17.996Z] [METRIC  ] Vote Buying Vulnerability: 110.3214 (std: 156.0180)
{"timestamp":"2026-02-18T03:06:17.996Z","level":"metric","message":"Single Entity Control: 0.0193 (std: 0.0016)"}
[2026-02-18T03:06:17.996Z] [METRIC  ] Single Entity Control: 0.0193 (std: 0.0016)
{"timestamp":"2026-02-18T03:06:17.996Z","level":"metric","message":"Collusion Threshold: 0.3370 (std: 0.0262)"}
[2026-02-18T03:06:17.996Z] [METRIC  ] Collusion Threshold: 0.3370 (std: 0.0262)
{"timestamp":"2026-02-18T03:06:17.996Z","level":"metric","message":"Participation Trend: 0.0021 (std: 0.0003)"}
[2026-02-18T03:06:17.996Z] [METRIC  ] Participation Trend: 0.0021 (std: 0.0003)
{"timestamp":"2026-02-18T03:06:17.996Z","level":"metric","message":"Treasury Trend: -9.6881 (std: 0.7952)"}
[2026-02-18T03:06:17.996Z] [METRIC  ] Treasury Trend: -9.6881 (std: 0.7952)
{"timestamp":"2026-02-18T03:06:17.996Z","level":"metric","message":"Member Growth Rate: 0.9286 (std: 0.0000)"}
[2026-02-18T03:06:17.996Z] [METRIC  ] Member Growth Rate: 0.9286 (std: 0.0000)
{"timestamp":"2026-02-18T03:06:17.996Z","level":"metric","message":"Proposal Rate: 2.3000 (std: 0.2828)"}
[2026-02-18T03:06:17.996Z] [METRIC  ] Proposal Rate: 2.3000 (std: 0.2828)
{"timestamp":"2026-02-18T03:06:17.996Z","level":"metric","message":"Governance Activity Index: 0.0038 (std: 0.0003)"}
[2026-02-18T03:06:17.996Z] [METRIC  ] Governance Activity Index: 0.0038 (std: 0.0003)
{"timestamp":"2026-02-18T03:06:17.996Z","level":"metric","message":"Final Gini: 0.4526 (std: 0.0670)"}
[2026-02-18T03:06:17.996Z] [METRIC  ] Final Gini: 0.4526 (std: 0.0670)
{"timestamp":"2026-02-18T03:06:17.996Z","level":"metric","message":"Final Reputation Gini: 0.9836 (std: 0.0050)"}
[2026-02-18T03:06:17.996Z] [METRIC  ] Final Reputation Gini: 0.9836 (std: 0.0050)
{"timestamp":"2026-02-18T03:06:17.997Z","level":"info","message":"Experiment state changed to: completed"}
[2026-02-18T03:06:17.997Z] [INFO    ] Experiment state changed to: completed
{"timestamp":"2026-02-18T03:28:41.853Z","level":"info","message":"Starting experiment: Academic Baseline"}
[2026-02-18T03:28:41.853Z] [INFO    ] Starting experiment: Academic Baseline
{"timestamp":"2026-02-18T03:28:41.853Z","level":"info","message":"Description: Canonical baseline configuration for paper reporting."}
[2026-02-18T03:28:41.853Z] [INFO    ] Description: Canonical baseline configuration for paper reporting.
{"timestamp":"2026-02-18T03:28:41.853Z","level":"info","message":"Total runs: 30 (30 per config)"}
[2026-02-18T03:28:41.853Z] [INFO    ] Total runs: 30 (30 per config)
{"timestamp":"2026-02-18T03:28:41.853Z","level":"info","message":"Workers: 4"}
[2026-02-18T03:28:41.853Z] [INFO    ] Workers: 4
{"timestamp":"2026-02-18T03:28:41.853Z","level":"info","message":"Output: results/paper/00-academic-baseline"}
[2026-02-18T03:28:41.853Z] [INFO    ] Output: results/paper/00-academic-baseline
{"timestamp":"2026-02-18T03:28:41.854Z","level":"info","message":"Experiment state changed to: running"}
[2026-02-18T03:28:41.854Z] [INFO    ] Experiment state changed to: running
{"timestamp":"2026-02-18T03:28:53.619Z","level":"progress","message":"Progress: 10% (3/30)","data":{"runsPerSecond":"0.25","eta":"1m 46s"}}
[2026-02-18T03:28:53.619Z] [PROGRESS] Progress: 10% (3/30) {"runsPerSecond":"0.25","eta":"1m 46s"}
{"timestamp":"2026-02-18T03:29:03.432Z","level":"progress","message":"Progress: 20% (6/30)","data":{"runsPerSecond":"0.28","eta":"1m 26s"}}
[2026-02-18T03:29:03.432Z] [PROGRESS] Progress: 20% (6/30) {"runsPerSecond":"0.28","eta":"1m 26s"}
{"timestamp":"2026-02-18T03:29:13.093Z","level":"progress","message":"Progress: 30% (9/30)","data":{"runsPerSecond":"0.29","eta":"1m 13s"}}
[2026-02-18T03:29:13.093Z] [PROGRESS] Progress: 30% (9/30) {"runsPerSecond":"0.29","eta":"1m 13s"}
{"timestamp":"2026-02-18T03:29:20.452Z","level":"progress","message":"Progress: 40% (12/30)","data":{"runsPerSecond":"0.31","eta":"57.9s"}}
[2026-02-18T03:29:20.452Z] [PROGRESS] Progress: 40% (12/30) {"runsPerSecond":"0.31","eta":"57.9s"}
{"timestamp":"2026-02-18T03:29:24.996Z","level":"progress","message":"Progress: 50% (15/30)","data":{"runsPerSecond":"0.35","eta":"43.1s"}}
[2026-02-18T03:29:24.996Z] [PROGRESS] Progress: 50% (15/30) {"runsPerSecond":"0.35","eta":"43.1s"}
{"timestamp":"2026-02-18T03:29:33.649Z","level":"progress","message":"Progress: 60% (18/30)","data":{"runsPerSecond":"0.35","eta":"34.5s"}}
[2026-02-18T03:29:33.649Z] [PROGRESS] Progress: 60% (18/30) {"runsPerSecond":"0.35","eta":"34.5s"}
{"timestamp":"2026-02-18T03:29:43.376Z","level":"progress","message":"Progress: 70% (21/30)","data":{"runsPerSecond":"0.34","eta":"26.4s"}}
[2026-02-18T03:29:43.376Z] [PROGRESS] Progress: 70% (21/30) {"runsPerSecond":"0.34","eta":"26.4s"}
{"timestamp":"2026-02-18T03:29:53.878Z","level":"progress","message":"Progress: 80% (24/30)","data":{"runsPerSecond":"0.33","eta":"18.0s"}}
[2026-02-18T03:29:53.878Z] [PROGRESS] Progress: 80% (24/30) {"runsPerSecond":"0.33","eta":"18.0s"}
{"timestamp":"2026-02-18T03:30:04.237Z","level":"progress","message":"Progress: 90% (27/30)","data":{"runsPerSecond":"0.33","eta":"9.2s"}}
[2026-02-18T03:30:04.237Z] [PROGRESS] Progress: 90% (27/30) {"runsPerSecond":"0.33","eta":"9.2s"}
{"timestamp":"2026-02-18T03:30:08.155Z","level":"progress","message":"Progress: 100% (30/30)","data":{"runsPerSecond":"0.35","eta":"unknown"}}
[2026-02-18T03:30:08.155Z] [PROGRESS] Progress: 100% (30/30) {"runsPerSecond":"0.35","eta":"unknown"}
{"timestamp":"2026-02-18T03:30:08.183Z","level":"info","message":"Exporting results..."}
[2026-02-18T03:30:08.183Z] [INFO    ] Exporting results...
{"timestamp":"2026-02-18T03:30:08.212Z","level":"info","message":"Experiment completed in 1m 26s"}
[2026-02-18T03:30:08.212Z] [INFO    ] Experiment completed in 1m 26s
{"timestamp":"2026-02-18T03:30:08.213Z","level":"info","message":"Total runs: 30"}
[2026-02-18T03:30:08.213Z] [INFO    ] Total runs: 30
{"timestamp":"2026-02-18T03:30:08.213Z","level":"info","message":"Successful: 30"}
[2026-02-18T03:30:08.213Z] [INFO    ] Successful: 30
{"timestamp":"2026-02-18T03:30:08.213Z","level":"info","message":"Failed: 0"}
[2026-02-18T03:30:08.213Z] [INFO    ] Failed: 0
{"timestamp":"2026-02-18T03:30:08.213Z","level":"metric","message":"Proposal Pass Rate: 0.9846 (std: 0.0226)"}
[2026-02-18T03:30:08.213Z] [METRIC  ] Proposal Pass Rate: 0.9846 (std: 0.0226)
{"timestamp":"2026-02-18T03:30:08.213Z","level":"metric","message":"Average Turnout: 0.2266 (std: 0.0094)"}
[2026-02-18T03:30:08.213Z] [METRIC  ] Average Turnout: 0.2266 (std: 0.0094)
{"timestamp":"2026-02-18T03:30:08.213Z","level":"metric","message":"Final Treasury: 11596.7418 (std: 622.0576)"}
[2026-02-18T03:30:08.213Z] [METRIC  ] Final Treasury: 11596.7418 (std: 622.0576)
{"timestamp":"2026-02-18T03:30:08.213Z","level":"metric","message":"Final Token Price: 3.4956 (std: 4.8630)"}
[2026-02-18T03:30:08.213Z] [METRIC  ] Final Token Price: 3.4956 (std: 4.8630)
{"timestamp":"2026-02-18T03:30:08.213Z","level":"metric","message":"Final Member Count: 405.0000 (std: 0.0000)"}
[2026-02-18T03:30:08.213Z] [METRIC  ] Final Member Count: 405.0000 (std: 0.0000)
{"timestamp":"2026-02-18T03:30:08.213Z","level":"metric","message":"Total Proposals: 47.0667 (std: 8.2166)"}
[2026-02-18T03:30:08.213Z] [METRIC  ] Total Proposals: 47.0667 (std: 8.2166)
{"timestamp":"2026-02-18T03:30:08.213Z","level":"metric","message":"Quorum Reach Rate: 0.9993 (std: 0.0036)"}
[2026-02-18T03:30:08.213Z] [METRIC  ] Quorum Reach Rate: 0.9993 (std: 0.0036)
{"timestamp":"2026-02-18T03:30:08.213Z","level":"metric","message":"Avg Margin of Victory: 0.5415 (std: 0.0618)"}
[2026-02-18T03:30:08.213Z] [METRIC  ] Avg Margin of Victory: 0.5415 (std: 0.0618)
{"timestamp":"2026-02-18T03:30:08.213Z","level":"metric","message":"Avg Time to Decision: 883.7799 (std: 80.2941)"}
[2026-02-18T03:30:08.213Z] [METRIC  ] Avg Time to Decision: 883.7799 (std: 80.2941)
{"timestamp":"2026-02-18T03:30:08.213Z","level":"metric","message":"Proposal Abandonment Rate: 0.0000 (std: 0.0000)"}
[2026-02-18T03:30:08.213Z] [METRIC  ] Proposal Abandonment Rate: 0.0000 (std: 0.0000)
{"timestamp":"2026-02-18T03:30:08.213Z","level":"metric","message":"Proposal Rejection Rate: 0.0154 (std: 0.0226)"}
[2026-02-18T03:30:08.213Z] [METRIC  ] Proposal Rejection Rate: 0.0154 (std: 0.0226)
{"timestamp":"2026-02-18T03:30:08.213Z","level":"metric","message":"Governance Overhead: 75.2063 (std: 4.1619)"}
[2026-02-18T03:30:08.213Z] [METRIC  ] Governance Overhead: 75.2063 (std: 4.1619)
{"timestamp":"2026-02-18T03:30:08.213Z","level":"metric","message":"Unique Voter Count: 326.9667 (std: 8.3231)"}
[2026-02-18T03:30:08.213Z] [METRIC  ] Unique Voter Count: 326.9667 (std: 8.3231)
{"timestamp":"2026-02-18T03:30:08.213Z","level":"metric","message":"Voter Participation Rate: 0.2335 (std: 0.0101)"}
[2026-02-18T03:30:08.213Z] [METRIC  ] Voter Participation Rate: 0.2335 (std: 0.0101)
{"timestamp":"2026-02-18T03:30:08.213Z","level":"metric","message":"Voter Concentration Gini: 0.4060 (std: 0.0167)"}
[2026-02-18T03:30:08.213Z] [METRIC  ] Voter Concentration Gini: 0.4060 (std: 0.0167)
{"timestamp":"2026-02-18T03:30:08.213Z","level":"metric","message":"Delegate Concentration: 0.2663 (std: 0.0112)"}
[2026-02-18T03:30:08.213Z] [METRIC  ] Delegate Concentration: 0.2663 (std: 0.0112)
{"timestamp":"2026-02-18T03:30:08.213Z","level":"metric","message":"Avg Votes Per Proposal: 72.5158 (std: 3.9446)"}
[2026-02-18T03:30:08.213Z] [METRIC  ] Avg Votes Per Proposal: 72.5158 (std: 3.9446)
{"timestamp":"2026-02-18T03:30:08.213Z","level":"metric","message":"Voter Retention Rate: 0.9146 (std: 0.0208)"}
[2026-02-18T03:30:08.213Z] [METRIC  ] Voter Retention Rate: 0.9146 (std: 0.0208)
{"timestamp":"2026-02-18T03:30:08.213Z","level":"metric","message":"Voting Power Utilization: 0.1733 (std: 0.0081)"}
[2026-02-18T03:30:08.213Z] [METRIC  ] Voting Power Utilization: 0.1733 (std: 0.0081)
{"timestamp":"2026-02-18T03:30:08.213Z","level":"metric","message":"Treasury Volatility: 0.2338 (std: 0.0184)"}
[2026-02-18T03:30:08.213Z] [METRIC  ] Treasury Volatility: 0.2338 (std: 0.0184)
{"timestamp":"2026-02-18T03:30:08.213Z","level":"metric","message":"Treasury Growth Rate: -0.7146 (std: 0.0209)"}
[2026-02-18T03:30:08.213Z] [METRIC  ] Treasury Growth Rate: -0.7146 (std: 0.0209)
{"timestamp":"2026-02-18T03:30:08.213Z","level":"metric","message":"Staking Participation: 0.0848 (std: 0.0131)"}
[2026-02-18T03:30:08.213Z] [METRIC  ] Staking Participation: 0.0848 (std: 0.0131)
{"timestamp":"2026-02-18T03:30:08.213Z","level":"metric","message":"Token Concentration Gini: 0.4501 (std: 0.0320)"}
[2026-02-18T03:30:08.213Z] [METRIC  ] Token Concentration Gini: 0.4501 (std: 0.0320)
{"timestamp":"2026-02-18T03:30:08.213Z","level":"metric","message":"Avg Member Wealth: 123.1986 (std: 8.9043)"}
[2026-02-18T03:30:08.213Z] [METRIC  ] Avg Member Wealth: 123.1986 (std: 8.9043)
{"timestamp":"2026-02-18T03:30:08.213Z","level":"metric","message":"Wealth Mobility: 0.5499 (std: 0.0320)"}
[2026-02-18T03:30:08.213Z] [METRIC  ] Wealth Mobility: 0.5499 (std: 0.0320)
{"timestamp":"2026-02-18T03:30:08.213Z","level":"metric","message":"Whale Influence: 0.2686 (std: 0.0117)"}
[2026-02-18T03:30:08.213Z] [METRIC  ] Whale Influence: 0.2686 (std: 0.0117)
{"timestamp":"2026-02-18T03:30:08.213Z","level":"metric","message":"Whale Proposal Rate: 0.7394 (std: 0.1433)"}
[2026-02-18T03:30:08.213Z] [METRIC  ] Whale Proposal Rate: 0.7394 (std: 0.1433)
{"timestamp":"2026-02-18T03:30:08.213Z","level":"metric","message":"Governance Capture Risk: 0.2663 (std: 0.0132)"}
[2026-02-18T03:30:08.213Z] [METRIC  ] Governance Capture Risk: 0.2663 (std: 0.0132)
{"timestamp":"2026-02-18T03:30:08.213Z","level":"metric","message":"Vote Buying Vulnerability: 112.1177 (std: 114.7500)"}
[2026-02-18T03:30:08.213Z] [METRIC  ] Vote Buying Vulnerability: 112.1177 (std: 114.7500)
{"timestamp":"2026-02-18T03:30:08.213Z","level":"metric","message":"Single Entity Control: 0.0189 (std: 0.0016)"}
[2026-02-18T03:30:08.213Z] [METRIC  ] Single Entity Control: 0.0189 (std: 0.0016)
{"timestamp":"2026-02-18T03:30:08.213Z","level":"metric","message":"Collusion Threshold: 0.3374 (std: 0.0111)"}
[2026-02-18T03:30:08.213Z] [METRIC  ] Collusion Threshold: 0.3374 (std: 0.0111)
{"timestamp":"2026-02-18T03:30:08.213Z","level":"metric","message":"Participation Trend: 0.0021 (std: 0.0004)"}
[2026-02-18T03:30:08.213Z] [METRIC  ] Participation Trend: 0.0021 (std: 0.0004)
{"timestamp":"2026-02-18T03:30:08.213Z","level":"metric","message":"Treasury Trend: -11.1794 (std: 2.3844)"}
[2026-02-18T03:30:08.213Z] [METRIC  ] Treasury Trend: -11.1794 (std: 2.3844)
{"timestamp":"2026-02-18T03:30:08.213Z","level":"metric","message":"Member Growth Rate: 0.9286 (std: 0.0000)"}
[2026-02-18T03:30:08.213Z] [METRIC  ] Member Growth Rate: 0.9286 (std: 0.0000)
{"timestamp":"2026-02-18T03:30:08.213Z","level":"metric","message":"Proposal Rate: 2.3533 (std: 0.4108)"}
[2026-02-18T03:30:08.213Z] [METRIC  ] Proposal Rate: 2.3533 (std: 0.4108)
{"timestamp":"2026-02-18T03:30:08.213Z","level":"metric","message":"Governance Activity Index: 0.0039 (std: 0.0007)"}
[2026-02-18T03:30:08.213Z] [METRIC  ] Governance Activity Index: 0.0039 (std: 0.0007)
{"timestamp":"2026-02-18T03:30:08.213Z","level":"metric","message":"Final Gini: 0.4501 (std: 0.0320)"}
[2026-02-18T03:30:08.213Z] [METRIC  ] Final Gini: 0.4501 (std: 0.0320)
{"timestamp":"2026-02-18T03:30:08.213Z","level":"metric","message":"Final Reputation Gini: 0.9828 (std: 0.0044)"}
[2026-02-18T03:30:08.213Z] [METRIC  ] Final Reputation Gini: 0.9828 (std: 0.0044)
{"timestamp":"2026-02-18T03:30:08.213Z","level":"info","message":"Experiment state changed to: completed"}
[2026-02-18T03:30:08.213Z] [INFO    ] Experiment state changed to: completed
